"stride=512
0.00049 1.338
0.00098 1.338
0.00195 1.338
0.00293 1.338
0.00391 1.338
0.00586 1.338
0.00781 1.338
0.01172 1.338
0.01562 1.340
0.02344 1.338
0.03125 1.338
0.04688 4.683
0.06250 4.683
0.09375 4.683
0.12500 4.683
0.18750 4.683
0.25000 4.684
0.37500 4.690
0.50000 4.684
0.75000 4.684
1.00000 6.778
1.50000 21.651
2.00000 23.671
3.00000 23.791
4.00000 23.816
6.00000 23.836
8.00000 23.501
12.00000 30.830
16.00000 45.325
24.00000 56.574
32.00000 63.171
48.00000 69.892
64.00000 74.009
96.00000 77.931
128.00000 79.614
192.00000 81.754
256.00000 82.638

"stride=512
0.00049 1.338
0.00098 1.344
0.00195 1.338
0.00293 1.338
0.00391 1.338
0.00586 1.338
0.00781 1.340
0.01172 1.338
0.01562 1.338
0.02344 1.338
0.03125 1.341
0.04688 4.687
0.06250 4.683
0.09375 4.683
0.12500 4.683
0.18750 4.690
0.25000 4.683
0.37500 4.683
0.50000 4.683
0.75000 4.683
1.00000 5.623
1.50000 22.421
2.00000 23.697
3.00000 23.791
4.00000 23.523
6.00000 23.771
8.00000 23.340
12.00000 30.435
16.00000 44.208
24.00000 56.579
32.00000 63.160
48.00000 70.378
64.00000 74.101
96.00000 77.866
128.00000 79.646
192.00000 81.590
256.00000 82.455

"stride=512
0.00049 1.338
0.00098 1.338
0.00195 1.338
0.00293 1.339
0.00391 1.338
0.00586 1.340
0.00781 1.338
0.01172 1.338
0.01562 1.338
0.02344 1.338
0.03125 1.338
0.04688 4.683
0.06250 4.688
0.09375 4.683
0.12500 4.683
0.18750 4.683
0.25000 4.684
0.37500 5.059
0.50000 5.059
0.75000 6.003
1.00000 9.678
1.50000 21.410
2.00000 23.504
3.00000 23.635
4.00000 23.615
6.00000 23.518
8.00000 23.566
12.00000 30.973
16.00000 44.303
24.00000 56.171
32.00000 62.980
48.00000 70.436
64.00000 74.027
96.00000 77.811
128.00000 79.835
192.00000 81.620
256.00000 82.706

"stride=512
0.00049 1.338
0.00098 1.338
0.00195 1.340
0.00293 1.359
0.00391 1.360
0.00586 1.351
0.00781 1.355
0.01172 1.351
0.01562 1.354
0.02344 1.352
0.03125 1.353
0.04688 4.728
0.06250 4.735
0.09375 4.726
0.12500 4.730
0.18750 4.726
0.25000 4.740
0.37500 5.108
0.50000 5.122
0.75000 6.567
1.00000 12.352
1.50000 20.571
2.00000 23.618
3.00000 23.973
4.00000 23.746
6.00000 23.548
8.00000 23.556
12.00000 31.473
16.00000 44.712
24.00000 55.899
32.00000 62.185
48.00000 70.546
64.00000 73.655
96.00000 77.656
128.00000 79.621
192.00000 81.768
256.00000 82.562

"stride=512
0.00049 1.338
0.00098 1.338
0.00195 1.338
0.00293 1.338
0.00391 1.338
0.00586 1.338
0.00781 1.338
0.01172 1.340
0.01562 1.338
0.02344 1.338
0.03125 1.338
0.04688 4.683
0.06250 4.683
0.09375 4.683
0.12500 4.683
0.18750 4.683
0.25000 4.690
0.37500 4.683
0.50000 4.683
0.75000 4.683
1.00000 6.995
1.50000 22.127
2.00000 23.815
3.00000 23.638
4.00000 23.355
6.00000 23.759
8.00000 23.840
12.00000 30.345
16.00000 43.985
24.00000 56.425
32.00000 63.647
48.00000 70.611
64.00000 74.261
96.00000 77.751
128.00000 79.944
192.00000 81.775
256.00000 82.577

