Fri Oct 20 16:15:19 KST 2017
sysbench 0.4.12:  multi-threaded system evaluation benchmark

Running the test with following options:
Number of threads: 1

Doing CPU performance benchmark

Threads started!
Done.

Maximum prime number checked in CPU test: 20000


Test execution summary:
    total time:                          24.9420s
    total number of events:              10000
    total time taken by event execution: 24.9410
    per-request statistics:
         min:                                  2.37ms
         avg:                                  2.49ms
         max:                                  6.30ms
         approx.  95 percentile:               2.50ms

Threads fairness:
    events (avg/stddev):           10000.0000/0.00
    execution time (avg/stddev):   24.9410/0.00

sysbench 0.4.12:  multi-threaded system evaluation benchmark

Running the test with following options:
Number of threads: 1

Doing CPU performance benchmark

Threads started!
Done.

Maximum prime number checked in CPU test: 20000


Test execution summary:
    total time:                          24.9587s
    total number of events:              10000
    total time taken by event execution: 24.9578
    per-request statistics:
         min:                                  2.41ms
         avg:                                  2.50ms
         max:                                  6.62ms
         approx.  95 percentile:               2.50ms

Threads fairness:
    events (avg/stddev):           10000.0000/0.00
    execution time (avg/stddev):   24.9578/0.00

sysbench 0.4.12:  multi-threaded system evaluation benchmark

Running the test with following options:
Number of threads: 1

Doing CPU performance benchmark

Threads started!
Done.

Maximum prime number checked in CPU test: 20000


Test execution summary:
    total time:                          24.9429s
    total number of events:              10000
    total time taken by event execution: 24.9420
    per-request statistics:
         min:                                  2.38ms
         avg:                                  2.49ms
         max:                                  2.85ms
         approx.  95 percentile:               2.50ms

Threads fairness:
    events (avg/stddev):           10000.0000/0.00
    execution time (avg/stddev):   24.9420/0.00

sysbench 0.4.12:  multi-threaded system evaluation benchmark

Running the test with following options:
Number of threads: 1

Doing CPU performance benchmark

Threads started!
Done.

Maximum prime number checked in CPU test: 20000


Test execution summary:
    total time:                          25.3360s
    total number of events:              10000
    total time taken by event execution: 25.3350
    per-request statistics:
         min:                                  2.48ms
         avg:                                  2.53ms
         max:                                  3.11ms
         approx.  95 percentile:               2.77ms

Threads fairness:
    events (avg/stddev):           10000.0000/0.00
    execution time (avg/stddev):   25.3350/0.00

sysbench 0.4.12:  multi-threaded system evaluation benchmark

Running the test with following options:
Number of threads: 1

Doing CPU performance benchmark

Threads started!
Done.

Maximum prime number checked in CPU test: 20000


Test execution summary:
    total time:                          24.9402s
    total number of events:              10000
    total time taken by event execution: 24.9392
    per-request statistics:
         min:                                  2.48ms
         avg:                                  2.49ms
         max:                                  3.19ms
         approx.  95 percentile:               2.50ms

Threads fairness:
    events (avg/stddev):           10000.0000/0.00
    execution time (avg/stddev):   24.9392/0.00

sysbench 0.4.12:  multi-threaded system evaluation benchmark

Running the test with following options:
Number of threads: 2

Doing CPU performance benchmark

Threads started!
Done.

Maximum prime number checked in CPU test: 20000


Test execution summary:
    total time:                          12.4940s
    total number of events:              10000
    total time taken by event execution: 24.9844
    per-request statistics:
         min:                                  2.49ms
         avg:                                  2.50ms
         max:                                  6.67ms
         approx.  95 percentile:               2.50ms

Threads fairness:
    events (avg/stddev):           5000.0000/3.00
    execution time (avg/stddev):   12.4922/0.00

sysbench 0.4.12:  multi-threaded system evaluation benchmark

Running the test with following options:
Number of threads: 2

Doing CPU performance benchmark

Threads started!
Done.

Maximum prime number checked in CPU test: 20000


Test execution summary:
    total time:                          12.7072s
    total number of events:              10000
    total time taken by event execution: 25.4103
    per-request statistics:
         min:                                  2.49ms
         avg:                                  2.54ms
         max:                                  6.57ms
         approx.  95 percentile:               2.77ms

Threads fairness:
    events (avg/stddev):           5000.0000/82.00
    execution time (avg/stddev):   12.7051/0.00

sysbench 0.4.12:  multi-threaded system evaluation benchmark

Running the test with following options:
Number of threads: 2

Doing CPU performance benchmark

Threads started!
Done.

Maximum prime number checked in CPU test: 20000


Test execution summary:
    total time:                          12.5078s
    total number of events:              10000
    total time taken by event execution: 25.0117
    per-request statistics:
         min:                                  2.48ms
         avg:                                  2.50ms
         max:                                  6.52ms
         approx.  95 percentile:               2.50ms

Threads fairness:
    events (avg/stddev):           5000.0000/2.00
    execution time (avg/stddev):   12.5058/0.00

sysbench 0.4.12:  multi-threaded system evaluation benchmark

Running the test with following options:
Number of threads: 2

Doing CPU performance benchmark

Threads started!
Done.

Maximum prime number checked in CPU test: 20000


Test execution summary:
    total time:                          12.5057s
    total number of events:              10000
    total time taken by event execution: 25.0077
    per-request statistics:
         min:                                  2.49ms
         avg:                                  2.50ms
         max:                                  6.47ms
         approx.  95 percentile:               2.50ms

Threads fairness:
    events (avg/stddev):           5000.0000/1.00
    execution time (avg/stddev):   12.5038/0.00

sysbench 0.4.12:  multi-threaded system evaluation benchmark

Running the test with following options:
Number of threads: 2

Doing CPU performance benchmark

Threads started!
Done.

Maximum prime number checked in CPU test: 20000


Test execution summary:
    total time:                          12.5176s
    total number of events:              10000
    total time taken by event execution: 25.0313
    per-request statistics:
         min:                                  2.38ms
         avg:                                  2.50ms
         max:                                  6.31ms
         approx.  95 percentile:               2.50ms

Threads fairness:
    events (avg/stddev):           5000.0000/3.00
    execution time (avg/stddev):   12.5156/0.00

sysbench 0.4.12:  multi-threaded system evaluation benchmark

Running the test with following options:
Number of threads: 4

Doing CPU performance benchmark

Threads started!
Done.

Maximum prime number checked in CPU test: 20000


Test execution summary:
    total time:                          6.5734s
    total number of events:              10000
    total time taken by event execution: 26.2874
    per-request statistics:
         min:                                  2.49ms
         avg:                                  2.63ms
         max:                                  6.32ms
         approx.  95 percentile:               2.78ms

Threads fairness:
    events (avg/stddev):           2500.0000/81.04
    execution time (avg/stddev):   6.5719/0.00

sysbench 0.4.12:  multi-threaded system evaluation benchmark

Running the test with following options:
Number of threads: 4

Doing CPU performance benchmark

Threads started!
Done.

Maximum prime number checked in CPU test: 20000


Test execution summary:
    total time:                          6.5909s
    total number of events:              10000
    total time taken by event execution: 26.3549
    per-request statistics:
         min:                                  2.38ms
         avg:                                  2.64ms
         max:                                  6.48ms
         approx.  95 percentile:               2.78ms

Threads fairness:
    events (avg/stddev):           2500.0000/135.51
    execution time (avg/stddev):   6.5887/0.00

sysbench 0.4.12:  multi-threaded system evaluation benchmark

Running the test with following options:
Number of threads: 4

Doing CPU performance benchmark

Threads started!
Done.

Maximum prime number checked in CPU test: 20000


Test execution summary:
    total time:                          6.6581s
    total number of events:              10000
    total time taken by event execution: 26.6264
    per-request statistics:
         min:                                  2.49ms
         avg:                                  2.66ms
         max:                                  3.57ms
         approx.  95 percentile:               2.78ms

Threads fairness:
    events (avg/stddev):           2500.0000/56.09
    execution time (avg/stddev):   6.6566/0.00

sysbench 0.4.12:  multi-threaded system evaluation benchmark

Running the test with following options:
Number of threads: 4

Doing CPU performance benchmark

Threads started!
Done.

Maximum prime number checked in CPU test: 20000


Test execution summary:
    total time:                          6.6235s
    total number of events:              10000
    total time taken by event execution: 26.4872
    per-request statistics:
         min:                                  2.49ms
         avg:                                  2.65ms
         max:                                  3.24ms
         approx.  95 percentile:               2.78ms

Threads fairness:
    events (avg/stddev):           2500.0000/86.00
    execution time (avg/stddev):   6.6218/0.00

sysbench 0.4.12:  multi-threaded system evaluation benchmark

Running the test with following options:
Number of threads: 4

Doing CPU performance benchmark

Threads started!
Done.

Maximum prime number checked in CPU test: 20000


Test execution summary:
    total time:                          6.5205s
    total number of events:              10000
    total time taken by event execution: 26.0735
    per-request statistics:
         min:                                  2.49ms
         avg:                                  2.61ms
         max:                                  6.35ms
         approx.  95 percentile:               2.78ms

Threads fairness:
    events (avg/stddev):           2500.0000/69.64
    execution time (avg/stddev):   6.5184/0.00

sysbench 0.4.12:  multi-threaded system evaluation benchmark

Running the test with following options:
Number of threads: 6

Doing CPU performance benchmark

Threads started!
Done.

Maximum prime number checked in CPU test: 20000


Test execution summary:
    total time:                          4.6913s
    total number of events:              10000
    total time taken by event execution: 28.1382
    per-request statistics:
         min:                                  2.49ms
         avg:                                  2.81ms
         max:                                  6.75ms
         approx.  95 percentile:               3.13ms

Threads fairness:
    events (avg/stddev):           1666.6667/16.40
    execution time (avg/stddev):   4.6897/0.00

sysbench 0.4.12:  multi-threaded system evaluation benchmark

Running the test with following options:
Number of threads: 6

Doing CPU performance benchmark

Threads started!
Done.

Maximum prime number checked in CPU test: 20000


Test execution summary:
    total time:                          4.6376s
    total number of events:              10000
    total time taken by event execution: 27.8150
    per-request statistics:
         min:                                  2.60ms
         avg:                                  2.78ms
         max:                                  6.61ms
         approx.  95 percentile:               2.78ms

Threads fairness:
    events (avg/stddev):           1666.6667/2.81
    execution time (avg/stddev):   4.6358/0.00

sysbench 0.4.12:  multi-threaded system evaluation benchmark

Running the test with following options:
Number of threads: 6

Doing CPU performance benchmark

Threads started!
Done.

Maximum prime number checked in CPU test: 20000


Test execution summary:
    total time:                          5.0045s
    total number of events:              10000
    total time taken by event execution: 30.0142
    per-request statistics:
         min:                                  2.49ms
         avg:                                  3.00ms
         max:                                  6.54ms
         approx.  95 percentile:               3.57ms

Threads fairness:
    events (avg/stddev):           1666.6667/117.92
    execution time (avg/stddev):   5.0024/0.00

sysbench 0.4.12:  multi-threaded system evaluation benchmark

Running the test with following options:
Number of threads: 6

Doing CPU performance benchmark

Threads started!
Done.

Maximum prime number checked in CPU test: 20000


Test execution summary:
    total time:                          4.6326s
    total number of events:              10000
    total time taken by event execution: 27.7859
    per-request statistics:
         min:                                  2.73ms
         avg:                                  2.78ms
         max:                                  6.29ms
         approx.  95 percentile:               2.78ms

Threads fairness:
    events (avg/stddev):           1666.6667/2.69
    execution time (avg/stddev):   4.6310/0.00

sysbench 0.4.12:  multi-threaded system evaluation benchmark

Running the test with following options:
Number of threads: 6

Doing CPU performance benchmark

Threads started!
Done.

Maximum prime number checked in CPU test: 20000


Test execution summary:
    total time:                          4.6442s
    total number of events:              10000
    total time taken by event execution: 27.8521
    per-request statistics:
         min:                                  2.72ms
         avg:                                  2.79ms
         max:                                  6.58ms
         approx.  95 percentile:               2.78ms

Threads fairness:
    events (avg/stddev):           1666.6667/6.99
    execution time (avg/stddev):   4.6420/0.00

sysbench 0.4.12:  multi-threaded system evaluation benchmark

Running the test with following options:
Number of threads: 8

Doing CPU performance benchmark

Threads started!
Done.

Maximum prime number checked in CPU test: 20000


Test execution summary:
    total time:                          3.8509s
    total number of events:              10000
    total time taken by event execution: 30.7931
    per-request statistics:
         min:                                  2.49ms
         avg:                                  3.08ms
         max:                                  6.36ms
         approx.  95 percentile:               3.57ms

Threads fairness:
    events (avg/stddev):           1250.0000/114.52
    execution time (avg/stddev):   3.8491/0.00

sysbench 0.4.12:  multi-threaded system evaluation benchmark

Running the test with following options:
Number of threads: 8

Doing CPU performance benchmark

Threads started!
Done.

Maximum prime number checked in CPU test: 20000


Test execution summary:
    total time:                          3.5442s
    total number of events:              10000
    total time taken by event execution: 28.3412
    per-request statistics:
         min:                                  2.75ms
         avg:                                  2.83ms
         max:                                  6.69ms
         approx.  95 percentile:               3.25ms

Threads fairness:
    events (avg/stddev):           1250.0000/8.20
    execution time (avg/stddev):   3.5427/0.00

sysbench 0.4.12:  multi-threaded system evaluation benchmark

Running the test with following options:
Number of threads: 8

Doing CPU performance benchmark

Threads started!
Done.

Maximum prime number checked in CPU test: 20000


Test execution summary:
    total time:                          3.8380s
    total number of events:              10000
    total time taken by event execution: 30.6852
    per-request statistics:
         min:                                  2.76ms
         avg:                                  3.07ms
         max:                                  6.49ms
         approx.  95 percentile:               3.57ms

Threads fairness:
    events (avg/stddev):           1250.0000/97.33
    execution time (avg/stddev):   3.8357/0.00

sysbench 0.4.12:  multi-threaded system evaluation benchmark

Running the test with following options:
Number of threads: 8

Doing CPU performance benchmark

Threads started!
Done.

Maximum prime number checked in CPU test: 20000


Test execution summary:
    total time:                          3.8967s
    total number of events:              10000
    total time taken by event execution: 31.1587
    per-request statistics:
         min:                                  2.76ms
         avg:                                  3.12ms
         max:                                  6.24ms
         approx.  95 percentile:               3.57ms

Threads fairness:
    events (avg/stddev):           1250.0000/145.05
    execution time (avg/stddev):   3.8948/0.00

sysbench 0.4.12:  multi-threaded system evaluation benchmark

Running the test with following options:
Number of threads: 8

Doing CPU performance benchmark

Threads started!
Done.

Maximum prime number checked in CPU test: 20000


Test execution summary:
    total time:                          3.7206s
    total number of events:              10000
    total time taken by event execution: 29.7496
    per-request statistics:
         min:                                  2.49ms
         avg:                                  2.97ms
         max:                                  6.37ms
         approx.  95 percentile:               3.56ms

Threads fairness:
    events (avg/stddev):           1250.0000/71.58
    execution time (avg/stddev):   3.7187/0.00

sysbench 0.4.12:  multi-threaded system evaluation benchmark

Running the test with following options:
Number of threads: 10

Doing CPU performance benchmark

Threads started!
Done.

Maximum prime number checked in CPU test: 20000


Test execution summary:
    total time:                          3.5671s
    total number of events:              10000
    total time taken by event execution: 35.6510
    per-request statistics:
         min:                                  3.10ms
         avg:                                  3.57ms
         max:                                  7.06ms
         approx.  95 percentile:               3.57ms

Threads fairness:
    events (avg/stddev):           1000.0000/3.92
    execution time (avg/stddev):   3.5651/0.00

sysbench 0.4.12:  multi-threaded system evaluation benchmark

Running the test with following options:
Number of threads: 10

Doing CPU performance benchmark

Threads started!
Done.

Maximum prime number checked in CPU test: 20000


Test execution summary:
    total time:                          3.5590s
    total number of events:              10000
    total time taken by event execution: 35.5711
    per-request statistics:
         min:                                  2.76ms
         avg:                                  3.56ms
         max:                                  6.56ms
         approx.  95 percentile:               3.57ms

Threads fairness:
    events (avg/stddev):           1000.0000/5.37
    execution time (avg/stddev):   3.5571/0.00

sysbench 0.4.12:  multi-threaded system evaluation benchmark

Running the test with following options:
Number of threads: 10

Doing CPU performance benchmark

Threads started!
Done.

Maximum prime number checked in CPU test: 20000


Test execution summary:
    total time:                          3.5359s
    total number of events:              10000
    total time taken by event execution: 35.3362
    per-request statistics:
         min:                                  2.49ms
         avg:                                  3.53ms
         max:                                 16.01ms
         approx.  95 percentile:               3.58ms

Threads fairness:
    events (avg/stddev):           1000.0000/21.84
    execution time (avg/stddev):   3.5336/0.00

sysbench 0.4.12:  multi-threaded system evaluation benchmark

Running the test with following options:
Number of threads: 10

Doing CPU performance benchmark

Threads started!
Done.

Maximum prime number checked in CPU test: 20000


Test execution summary:
    total time:                          3.5600s
    total number of events:              10000
    total time taken by event execution: 35.5768
    per-request statistics:
         min:                                  2.77ms
         avg:                                  3.56ms
         max:                                  6.31ms
         approx.  95 percentile:               3.57ms

Threads fairness:
    events (avg/stddev):           1000.0000/6.39
    execution time (avg/stddev):   3.5577/0.00

sysbench 0.4.12:  multi-threaded system evaluation benchmark

Running the test with following options:
Number of threads: 10

Doing CPU performance benchmark

Threads started!
Done.

Maximum prime number checked in CPU test: 20000


Test execution summary:
    total time:                          3.5281s
    total number of events:              10000
    total time taken by event execution: 35.2546
    per-request statistics:
         min:                                  2.49ms
         avg:                                  3.53ms
         max:                                  6.46ms
         approx.  95 percentile:               3.57ms

Threads fairness:
    events (avg/stddev):           1000.0000/20.38
    execution time (avg/stddev):   3.5255/0.00

sysbench 0.4.12:  multi-threaded system evaluation benchmark

Running the test with following options:
Number of threads: 12

Doing CPU performance benchmark

Threads started!
Done.

Maximum prime number checked in CPU test: 20000


Test execution summary:
    total time:                          2.9807s
    total number of events:              10000
    total time taken by event execution: 35.7401
    per-request statistics:
         min:                                  3.43ms
         avg:                                  3.57ms
         max:                                  7.94ms
         approx.  95 percentile:               3.57ms

Threads fairness:
    events (avg/stddev):           833.3333/2.17
    execution time (avg/stddev):   2.9783/0.00

sysbench 0.4.12:  multi-threaded system evaluation benchmark

Running the test with following options:
Number of threads: 12

Doing CPU performance benchmark

Threads started!
Done.

Maximum prime number checked in CPU test: 20000


Test execution summary:
    total time:                          2.9751s
    total number of events:              10000
    total time taken by event execution: 35.6810
    per-request statistics:
         min:                                  3.45ms
         avg:                                  3.57ms
         max:                                  6.26ms
         approx.  95 percentile:               3.57ms

Threads fairness:
    events (avg/stddev):           833.3333/3.04
    execution time (avg/stddev):   2.9734/0.00

sysbench 0.4.12:  multi-threaded system evaluation benchmark

Running the test with following options:
Number of threads: 12

Doing CPU performance benchmark

Threads started!
Done.

Maximum prime number checked in CPU test: 20000


Test execution summary:
    total time:                          2.9570s
    total number of events:              10000
    total time taken by event execution: 35.4585
    per-request statistics:
         min:                                  2.76ms
         avg:                                  3.55ms
         max:                                  6.44ms
         approx.  95 percentile:               3.57ms

Threads fairness:
    events (avg/stddev):           833.3333/11.28
    execution time (avg/stddev):   2.9549/0.00

sysbench 0.4.12:  multi-threaded system evaluation benchmark

Running the test with following options:
Number of threads: 12

Doing CPU performance benchmark

Threads started!
Done.

Maximum prime number checked in CPU test: 20000


Test execution summary:
    total time:                          2.9793s
    total number of events:              10000
    total time taken by event execution: 35.7238
    per-request statistics:
         min:                                  3.32ms
         avg:                                  3.57ms
         max:                                  7.11ms
         approx.  95 percentile:               3.57ms

Threads fairness:
    events (avg/stddev):           833.3333/2.01
    execution time (avg/stddev):   2.9770/0.00

sysbench 0.4.12:  multi-threaded system evaluation benchmark

Running the test with following options:
Number of threads: 12

Doing CPU performance benchmark

Threads started!
Done.

Maximum prime number checked in CPU test: 20000


Test execution summary:
    total time:                          2.9604s
    total number of events:              10000
    total time taken by event execution: 35.4901
    per-request statistics:
         min:                                  2.48ms
         avg:                                  3.55ms
         max:                                 16.47ms
         approx.  95 percentile:               3.78ms

Threads fairness:
    events (avg/stddev):           833.3333/16.32
    execution time (avg/stddev):   2.9575/0.00

sysbench 0.4.12:  multi-threaded system evaluation benchmark

Running the test with following options:
Number of threads: 14

Doing CPU performance benchmark

Threads started!
Done.

Maximum prime number checked in CPU test: 20000


Test execution summary:
    total time:                          2.5530s
    total number of events:              10000
    total time taken by event execution: 35.7055
    per-request statistics:
         min:                                  3.49ms
         avg:                                  3.57ms
         max:                                  6.29ms
         approx.  95 percentile:               3.57ms

Threads fairness:
    events (avg/stddev):           714.2857/1.75
    execution time (avg/stddev):   2.5504/0.00

sysbench 0.4.12:  multi-threaded system evaluation benchmark

Running the test with following options:
Number of threads: 14

Doing CPU performance benchmark

Threads started!
Done.

Maximum prime number checked in CPU test: 20000


Test execution summary:
    total time:                          2.5553s
    total number of events:              10000
    total time taken by event execution: 35.7420
    per-request statistics:
         min:                                  2.77ms
         avg:                                  3.57ms
         max:                                  6.90ms
         approx.  95 percentile:               3.58ms

Threads fairness:
    events (avg/stddev):           714.2857/5.90
    execution time (avg/stddev):   2.5530/0.00

sysbench 0.4.12:  multi-threaded system evaluation benchmark

Running the test with following options:
Number of threads: 14

Doing CPU performance benchmark

Threads started!
Done.

Maximum prime number checked in CPU test: 20000


Test execution summary:
    total time:                          2.5499s
    total number of events:              10000
    total time taken by event execution: 35.6701
    per-request statistics:
         min:                                  3.43ms
         avg:                                  3.57ms
         max:                                  6.31ms
         approx.  95 percentile:               3.57ms

Threads fairness:
    events (avg/stddev):           714.2857/0.96
    execution time (avg/stddev):   2.5479/0.00

sysbench 0.4.12:  multi-threaded system evaluation benchmark

Running the test with following options:
Number of threads: 14

Doing CPU performance benchmark

Threads started!
Done.

Maximum prime number checked in CPU test: 20000


Test execution summary:
    total time:                          2.5548s
    total number of events:              10000
    total time taken by event execution: 35.7327
    per-request statistics:
         min:                                  2.76ms
         avg:                                  3.57ms
         max:                                 17.37ms
         approx.  95 percentile:               3.58ms

Threads fairness:
    events (avg/stddev):           714.2857/5.55
    execution time (avg/stddev):   2.5523/0.00

sysbench 0.4.12:  multi-threaded system evaluation benchmark

Running the test with following options:
Number of threads: 14

Doing CPU performance benchmark

Threads started!
Done.

Maximum prime number checked in CPU test: 20000


Test execution summary:
    total time:                          2.5595s
    total number of events:              10000
    total time taken by event execution: 35.7960
    per-request statistics:
         min:                                  3.44ms
         avg:                                  3.58ms
         max:                                  7.15ms
         approx.  95 percentile:               3.57ms

Threads fairness:
    events (avg/stddev):           714.2857/2.52
    execution time (avg/stddev):   2.5569/0.00

sysbench 0.4.12:  multi-threaded system evaluation benchmark

Running the test with following options:
Number of threads: 16

Doing CPU performance benchmark

Threads started!
Done.

Maximum prime number checked in CPU test: 20000


Test execution summary:
    total time:                          2.2523s
    total number of events:              10000
    total time taken by event execution: 35.9935
    per-request statistics:
         min:                                  3.43ms
         avg:                                  3.60ms
         max:                                  9.79ms
         approx.  95 percentile:               3.90ms

Threads fairness:
    events (avg/stddev):           625.0000/3.39
    execution time (avg/stddev):   2.2496/0.00

sysbench 0.4.12:  multi-threaded system evaluation benchmark

Running the test with following options:
Number of threads: 16

Doing CPU performance benchmark

Threads started!
Done.

Maximum prime number checked in CPU test: 20000


Test execution summary:
    total time:                          2.2345s
    total number of events:              10000
    total time taken by event execution: 35.7158
    per-request statistics:
         min:                                  3.44ms
         avg:                                  3.57ms
         max:                                  6.02ms
         approx.  95 percentile:               3.57ms

Threads fairness:
    events (avg/stddev):           625.0000/1.06
    execution time (avg/stddev):   2.2322/0.00

sysbench 0.4.12:  multi-threaded system evaluation benchmark

Running the test with following options:
Number of threads: 16

Doing CPU performance benchmark

Threads started!
Done.

Maximum prime number checked in CPU test: 20000


Test execution summary:
    total time:                          2.2377s
    total number of events:              10000
    total time taken by event execution: 35.7662
    per-request statistics:
         min:                                  3.51ms
         avg:                                  3.58ms
         max:                                  6.91ms
         approx.  95 percentile:               3.58ms

Threads fairness:
    events (avg/stddev):           625.0000/1.62
    execution time (avg/stddev):   2.2354/0.00

sysbench 0.4.12:  multi-threaded system evaluation benchmark

Running the test with following options:
Number of threads: 16

Doing CPU performance benchmark

Threads started!
Done.

Maximum prime number checked in CPU test: 20000


Test execution summary:
    total time:                          2.2556s
    total number of events:              10000
    total time taken by event execution: 36.0318
    per-request statistics:
         min:                                  2.77ms
         avg:                                  3.60ms
         max:                                 16.89ms
         approx.  95 percentile:               3.90ms

Threads fairness:
    events (avg/stddev):           625.0000/3.87
    execution time (avg/stddev):   2.2520/0.00

sysbench 0.4.12:  multi-threaded system evaluation benchmark

Running the test with following options:
Number of threads: 16

Doing CPU performance benchmark

Threads started!
Done.

Maximum prime number checked in CPU test: 20000


Test execution summary:
    total time:                          2.2354s
    total number of events:              10000
    total time taken by event execution: 35.7295
    per-request statistics:
         min:                                  3.44ms
         avg:                                  3.57ms
         max:                                  7.04ms
         approx.  95 percentile:               3.57ms

Threads fairness:
    events (avg/stddev):           625.0000/0.79
    execution time (avg/stddev):   2.2331/0.00

sysbench 0.4.12:  multi-threaded system evaluation benchmark

Running the test with following options:
Number of threads: 18

Doing CPU performance benchmark

Threads started!
Done.

Maximum prime number checked in CPU test: 20000


Test execution summary:
    total time:                          2.0351s
    total number of events:              10000
    total time taken by event execution: 36.5936
    per-request statistics:
         min:                                  3.46ms
         avg:                                  3.66ms
         max:                                  6.26ms
         approx.  95 percentile:               3.91ms

Threads fairness:
    events (avg/stddev):           555.5556/9.69
    execution time (avg/stddev):   2.0330/0.00

sysbench 0.4.12:  multi-threaded system evaluation benchmark

Running the test with following options:
Number of threads: 18

Doing CPU performance benchmark

Threads started!
Done.

Maximum prime number checked in CPU test: 20000


Test execution summary:
    total time:                          2.0440s
    total number of events:              10000
    total time taken by event execution: 36.7515
    per-request statistics:
         min:                                  3.43ms
         avg:                                  3.68ms
         max:                                  6.27ms
         approx.  95 percentile:               3.91ms

Threads fairness:
    events (avg/stddev):           555.5556/3.92
    execution time (avg/stddev):   2.0418/0.00

sysbench 0.4.12:  multi-threaded system evaluation benchmark

Running the test with following options:
Number of threads: 18

Doing CPU performance benchmark

Threads started!
Done.

Maximum prime number checked in CPU test: 20000


Test execution summary:
    total time:                          2.0294s
    total number of events:              10000
    total time taken by event execution: 36.4877
    per-request statistics:
         min:                                  3.42ms
         avg:                                  3.65ms
         max:                                  6.26ms
         approx.  95 percentile:               3.91ms

Threads fairness:
    events (avg/stddev):           555.5556/11.18
    execution time (avg/stddev):   2.0271/0.00

sysbench 0.4.12:  multi-threaded system evaluation benchmark

Running the test with following options:
Number of threads: 18

Doing CPU performance benchmark

Threads started!
Done.

Maximum prime number checked in CPU test: 20000


Test execution summary:
    total time:                          2.0373s
    total number of events:              10000
    total time taken by event execution: 36.6314
    per-request statistics:
         min:                                  3.43ms
         avg:                                  3.66ms
         max:                                  6.45ms
         approx.  95 percentile:               3.91ms

Threads fairness:
    events (avg/stddev):           555.5556/6.69
    execution time (avg/stddev):   2.0351/0.00

sysbench 0.4.12:  multi-threaded system evaluation benchmark

Running the test with following options:
Number of threads: 18

Doing CPU performance benchmark

Threads started!
Done.

Maximum prime number checked in CPU test: 20000


Test execution summary:
    total time:                          2.0514s
    total number of events:              10000
    total time taken by event execution: 36.8876
    per-request statistics:
         min:                                  3.43ms
         avg:                                  3.69ms
         max:                                  7.06ms
         approx.  95 percentile:               3.92ms

Threads fairness:
    events (avg/stddev):           555.5556/7.23
    execution time (avg/stddev):   2.0493/0.00

sysbench 0.4.12:  multi-threaded system evaluation benchmark

Running the test with following options:
Number of threads: 20

Doing CPU performance benchmark

Threads started!
Done.

Maximum prime number checked in CPU test: 20000


Test execution summary:
    total time:                          1.8613s
    total number of events:              10000
    total time taken by event execution: 37.1785
    per-request statistics:
         min:                                  3.44ms
         avg:                                  3.72ms
         max:                                  7.42ms
         approx.  95 percentile:               3.91ms

Threads fairness:
    events (avg/stddev):           500.0000/5.80
    execution time (avg/stddev):   1.8589/0.00

sysbench 0.4.12:  multi-threaded system evaluation benchmark

Running the test with following options:
Number of threads: 20

Doing CPU performance benchmark

Threads started!
Done.

Maximum prime number checked in CPU test: 20000


Test execution summary:
    total time:                          1.8604s
    total number of events:              10000
    total time taken by event execution: 37.1543
    per-request statistics:
         min:                                  3.44ms
         avg:                                  3.72ms
         max:                                  7.66ms
         approx.  95 percentile:               3.91ms

Threads fairness:
    events (avg/stddev):           500.0000/12.15
    execution time (avg/stddev):   1.8577/0.00

sysbench 0.4.12:  multi-threaded system evaluation benchmark

Running the test with following options:
Number of threads: 20

Doing CPU performance benchmark

Threads started!
Done.

Maximum prime number checked in CPU test: 20000


Test execution summary:
    total time:                          1.8653s
    total number of events:              10000
    total time taken by event execution: 37.2614
    per-request statistics:
         min:                                  3.44ms
         avg:                                  3.73ms
         max:                                  6.26ms
         approx.  95 percentile:               3.91ms

Threads fairness:
    events (avg/stddev):           500.0000/8.17
    execution time (avg/stddev):   1.8631/0.00

sysbench 0.4.12:  multi-threaded system evaluation benchmark

Running the test with following options:
Number of threads: 20

Doing CPU performance benchmark

Threads started!
Done.

Maximum prime number checked in CPU test: 20000


Test execution summary:
    total time:                          1.8679s
    total number of events:              10000
    total time taken by event execution: 37.3010
    per-request statistics:
         min:                                  3.45ms
         avg:                                  3.73ms
         max:                                 18.09ms
         approx.  95 percentile:               3.92ms

Threads fairness:
    events (avg/stddev):           500.0000/10.57
    execution time (avg/stddev):   1.8651/0.00

sysbench 0.4.12:  multi-threaded system evaluation benchmark

Running the test with following options:
Number of threads: 20

Doing CPU performance benchmark

Threads started!
Done.

Maximum prime number checked in CPU test: 20000


Test execution summary:
    total time:                          1.8649s
    total number of events:              10000
    total time taken by event execution: 37.2524
    per-request statistics:
         min:                                  3.45ms
         avg:                                  3.73ms
         max:                                 10.32ms
         approx.  95 percentile:               3.92ms

Threads fairness:
    events (avg/stddev):           500.0000/7.42
    execution time (avg/stddev):   1.8626/0.00

sysbench 0.4.12:  multi-threaded system evaluation benchmark

Running the test with following options:
Number of threads: 22

Doing CPU performance benchmark

Threads started!
Done.

Maximum prime number checked in CPU test: 20000


Test execution summary:
    total time:                          1.7173s
    total number of events:              10000
    total time taken by event execution: 37.6793
    per-request statistics:
         min:                                  3.46ms
         avg:                                  3.77ms
         max:                                 17.95ms
         approx.  95 percentile:               3.91ms

Threads fairness:
    events (avg/stddev):           454.5455/7.40
    execution time (avg/stddev):   1.7127/0.01

sysbench 0.4.12:  multi-threaded system evaluation benchmark

Running the test with following options:
Number of threads: 22

Doing CPU performance benchmark

Threads started!
Done.

Maximum prime number checked in CPU test: 20000


Test execution summary:
    total time:                          1.7151s
    total number of events:              10000
    total time taken by event execution: 37.6730
    per-request statistics:
         min:                                  3.44ms
         avg:                                  3.77ms
         max:                                  7.95ms
         approx.  95 percentile:               3.92ms

Threads fairness:
    events (avg/stddev):           454.5455/7.32
    execution time (avg/stddev):   1.7124/0.00

sysbench 0.4.12:  multi-threaded system evaluation benchmark

Running the test with following options:
Number of threads: 22

Doing CPU performance benchmark

Threads started!
Done.

Maximum prime number checked in CPU test: 20000


Test execution summary:
    total time:                          1.7131s
    total number of events:              10000
    total time taken by event execution: 37.6190
    per-request statistics:
         min:                                  3.47ms
         avg:                                  3.76ms
         max:                                 16.94ms
         approx.  95 percentile:               3.92ms

Threads fairness:
    events (avg/stddev):           454.5455/6.83
    execution time (avg/stddev):   1.7100/0.00

sysbench 0.4.12:  multi-threaded system evaluation benchmark

Running the test with following options:
Number of threads: 22

Doing CPU performance benchmark

Threads started!
Done.

Maximum prime number checked in CPU test: 20000


Test execution summary:
    total time:                          1.7135s
    total number of events:              10000
    total time taken by event execution: 37.6407
    per-request statistics:
         min:                                  3.44ms
         avg:                                  3.76ms
         max:                                 17.44ms
         approx.  95 percentile:               3.92ms

Threads fairness:
    events (avg/stddev):           454.5455/10.82
    execution time (avg/stddev):   1.7109/0.00

sysbench 0.4.12:  multi-threaded system evaluation benchmark

Running the test with following options:
Number of threads: 22

Doing CPU performance benchmark

Threads started!
Done.

Maximum prime number checked in CPU test: 20000


Test execution summary:
    total time:                          1.7169s
    total number of events:              10000
    total time taken by event execution: 37.7196
    per-request statistics:
         min:                                  3.44ms
         avg:                                  3.77ms
         max:                                 16.96ms
         approx.  95 percentile:               3.92ms

Threads fairness:
    events (avg/stddev):           454.5455/4.51
    execution time (avg/stddev):   1.7145/0.00

sysbench 0.4.12:  multi-threaded system evaluation benchmark

Running the test with following options:
Number of threads: 24

Doing CPU performance benchmark

Threads started!
Done.

Maximum prime number checked in CPU test: 20000


Test execution summary:
    total time:                          1.5930s
    total number of events:              10000
    total time taken by event execution: 38.1156
    per-request statistics:
         min:                                  3.45ms
         avg:                                  3.81ms
         max:                                 30.03ms
         approx.  95 percentile:               3.92ms

Threads fairness:
    events (avg/stddev):           416.6667/7.27
    execution time (avg/stddev):   1.5882/0.01

sysbench 0.4.12:  multi-threaded system evaluation benchmark

Running the test with following options:
Number of threads: 24

Doing CPU performance benchmark

Threads started!
Done.

Maximum prime number checked in CPU test: 20000


Test execution summary:
    total time:                          1.5885s
    total number of events:              10000
    total time taken by event execution: 38.0413
    per-request statistics:
         min:                                  3.49ms
         avg:                                  3.80ms
         max:                                 30.57ms
         approx.  95 percentile:               3.94ms

Threads fairness:
    events (avg/stddev):           416.6667/7.01
    execution time (avg/stddev):   1.5851/0.00

sysbench 0.4.12:  multi-threaded system evaluation benchmark

Running the test with following options:
Number of threads: 24

Doing CPU performance benchmark

Threads started!
Done.

Maximum prime number checked in CPU test: 20000


Test execution summary:
    total time:                          1.5901s
    total number of events:              10000
    total time taken by event execution: 38.0431
    per-request statistics:
         min:                                  3.43ms
         avg:                                  3.80ms
         max:                                 22.16ms
         approx.  95 percentile:               3.92ms

Threads fairness:
    events (avg/stddev):           416.6667/6.90
    execution time (avg/stddev):   1.5851/0.01

sysbench 0.4.12:  multi-threaded system evaluation benchmark

Running the test with following options:
Number of threads: 24

Doing CPU performance benchmark

Threads started!
Done.

Maximum prime number checked in CPU test: 20000


Test execution summary:
    total time:                          1.5868s
    total number of events:              10000
    total time taken by event execution: 37.9674
    per-request statistics:
         min:                                  3.47ms
         avg:                                  3.80ms
         max:                                 12.90ms
         approx.  95 percentile:               3.91ms

Threads fairness:
    events (avg/stddev):           416.6667/10.93
    execution time (avg/stddev):   1.5820/0.01

sysbench 0.4.12:  multi-threaded system evaluation benchmark

Running the test with following options:
Number of threads: 24

Doing CPU performance benchmark

Threads started!
Done.

Maximum prime number checked in CPU test: 20000


Test execution summary:
    total time:                          1.5906s
    total number of events:              10000
    total time taken by event execution: 38.0806
    per-request statistics:
         min:                                  3.44ms
         avg:                                  3.81ms
         max:                                 16.93ms
         approx.  95 percentile:               3.92ms

Threads fairness:
    events (avg/stddev):           416.6667/5.14
    execution time (avg/stddev):   1.5867/0.00

sysbench 0.4.12:  multi-threaded system evaluation benchmark

Running the test with following options:
Number of threads: 26

Doing CPU performance benchmark

Threads started!
Done.

Maximum prime number checked in CPU test: 20000


Test execution summary:
    total time:                          1.4818s
    total number of events:              10000
    total time taken by event execution: 38.3739
    per-request statistics:
         min:                                  3.49ms
         avg:                                  3.84ms
         max:                                 17.55ms
         approx.  95 percentile:               3.94ms

Threads fairness:
    events (avg/stddev):           384.6154/7.32
    execution time (avg/stddev):   1.4759/0.01

sysbench 0.4.12:  multi-threaded system evaluation benchmark

Running the test with following options:
Number of threads: 26

Doing CPU performance benchmark

Threads started!
Done.

Maximum prime number checked in CPU test: 20000


Test execution summary:
    total time:                          1.4785s
    total number of events:              10000
    total time taken by event execution: 38.3043
    per-request statistics:
         min:                                  3.45ms
         avg:                                  3.83ms
         max:                                 22.96ms
         approx.  95 percentile:               3.95ms

Threads fairness:
    events (avg/stddev):           384.6154/5.68
    execution time (avg/stddev):   1.4732/0.00

sysbench 0.4.12:  multi-threaded system evaluation benchmark

Running the test with following options:
Number of threads: 26

Doing CPU performance benchmark

Threads started!
Done.

Maximum prime number checked in CPU test: 20000


Test execution summary:
    total time:                          1.4803s
    total number of events:              10000
    total time taken by event execution: 38.2957
    per-request statistics:
         min:                                  3.46ms
         avg:                                  3.83ms
         max:                                 18.79ms
         approx.  95 percentile:               3.92ms

Threads fairness:
    events (avg/stddev):           384.6154/5.07
    execution time (avg/stddev):   1.4729/0.01

sysbench 0.4.12:  multi-threaded system evaluation benchmark

Running the test with following options:
Number of threads: 26

Doing CPU performance benchmark

Threads started!
Done.

Maximum prime number checked in CPU test: 20000


Test execution summary:
    total time:                          1.4829s
    total number of events:              10000
    total time taken by event execution: 38.4005
    per-request statistics:
         min:                                  3.44ms
         avg:                                  3.84ms
         max:                                 17.25ms
         approx.  95 percentile:               3.95ms

Threads fairness:
    events (avg/stddev):           384.6154/7.01
    execution time (avg/stddev):   1.4769/0.01

sysbench 0.4.12:  multi-threaded system evaluation benchmark

Running the test with following options:
Number of threads: 26

Doing CPU performance benchmark

Threads started!
Done.

Maximum prime number checked in CPU test: 20000


Test execution summary:
    total time:                          1.4802s
    total number of events:              10000
    total time taken by event execution: 38.3715
    per-request statistics:
         min:                                  3.49ms
         avg:                                  3.84ms
         max:                                 17.40ms
         approx.  95 percentile:               3.95ms

Threads fairness:
    events (avg/stddev):           384.6154/4.38
    execution time (avg/stddev):   1.4758/0.00

sysbench 0.4.12:  multi-threaded system evaluation benchmark

Running the test with following options:
Number of threads: 28

Doing CPU performance benchmark

Threads started!
Done.

Maximum prime number checked in CPU test: 20000


Test execution summary:
    total time:                          1.3868s
    total number of events:              10000
    total time taken by event execution: 38.6328
    per-request statistics:
         min:                                  3.43ms
         avg:                                  3.86ms
         max:                                 21.91ms
         approx.  95 percentile:               3.95ms

Threads fairness:
    events (avg/stddev):           357.1429/4.57
    execution time (avg/stddev):   1.3797/0.01

sysbench 0.4.12:  multi-threaded system evaluation benchmark

Running the test with following options:
Number of threads: 28

Doing CPU performance benchmark

Threads started!
Done.

Maximum prime number checked in CPU test: 20000


Test execution summary:
    total time:                          1.3898s
    total number of events:              10000
    total time taken by event execution: 38.7524
    per-request statistics:
         min:                                  3.45ms
         avg:                                  3.88ms
         max:                                 23.73ms
         approx.  95 percentile:               3.96ms

Threads fairness:
    events (avg/stddev):           357.1429/8.01
    execution time (avg/stddev):   1.3840/0.01

sysbench 0.4.12:  multi-threaded system evaluation benchmark

Running the test with following options:
Number of threads: 28

Doing CPU performance benchmark

Threads started!
Done.

Maximum prime number checked in CPU test: 20000


Test execution summary:
    total time:                          1.3865s
    total number of events:              10000
    total time taken by event execution: 38.6715
    per-request statistics:
         min:                                  3.49ms
         avg:                                  3.87ms
         max:                                 32.89ms
         approx.  95 percentile:               3.95ms

Threads fairness:
    events (avg/stddev):           357.1429/2.76
    execution time (avg/stddev):   1.3811/0.01

sysbench 0.4.12:  multi-threaded system evaluation benchmark

Running the test with following options:
Number of threads: 28

Doing CPU performance benchmark

Threads started!
Done.

Maximum prime number checked in CPU test: 20000


Test execution summary:
    total time:                          1.3847s
    total number of events:              10000
    total time taken by event execution: 38.6043
    per-request statistics:
         min:                                  3.45ms
         avg:                                  3.86ms
         max:                                 16.95ms
         approx.  95 percentile:               3.94ms

Threads fairness:
    events (avg/stddev):           357.1429/3.12
    execution time (avg/stddev):   1.3787/0.00

sysbench 0.4.12:  multi-threaded system evaluation benchmark

Running the test with following options:
Number of threads: 28

Doing CPU performance benchmark

Threads started!
Done.

Maximum prime number checked in CPU test: 20000


Test execution summary:
    total time:                          1.3915s
    total number of events:              10000
    total time taken by event execution: 38.7560
    per-request statistics:
         min:                                  3.49ms
         avg:                                  3.88ms
         max:                                 17.05ms
         approx.  95 percentile:               3.96ms

Threads fairness:
    events (avg/stddev):           357.1429/4.77
    execution time (avg/stddev):   1.3841/0.01

sysbench 0.4.12:  multi-threaded system evaluation benchmark

Running the test with following options:
Number of threads: 30

Doing CPU performance benchmark

Threads started!
Done.

Maximum prime number checked in CPU test: 20000


Test execution summary:
    total time:                          1.3074s
    total number of events:              10000
    total time taken by event execution: 38.9202
    per-request statistics:
         min:                                  3.46ms
         avg:                                  3.89ms
         max:                                 18.95ms
         approx.  95 percentile:               3.95ms

Threads fairness:
    events (avg/stddev):           333.3333/4.11
    execution time (avg/stddev):   1.2973/0.01

sysbench 0.4.12:  multi-threaded system evaluation benchmark

Running the test with following options:
Number of threads: 30

Doing CPU performance benchmark

Threads started!
Done.

Maximum prime number checked in CPU test: 20000


Test execution summary:
    total time:                          1.3075s
    total number of events:              10000
    total time taken by event execution: 38.9341
    per-request statistics:
         min:                                  3.50ms
         avg:                                  3.89ms
         max:                                 20.98ms
         approx.  95 percentile:               3.95ms

Threads fairness:
    events (avg/stddev):           333.3333/4.78
    execution time (avg/stddev):   1.2978/0.01

sysbench 0.4.12:  multi-threaded system evaluation benchmark

Running the test with following options:
Number of threads: 30

Doing CPU performance benchmark

Threads started!
Done.

Maximum prime number checked in CPU test: 20000


Test execution summary:
    total time:                          1.3085s
    total number of events:              10000
    total time taken by event execution: 39.1062
    per-request statistics:
         min:                                  3.52ms
         avg:                                  3.91ms
         max:                                 33.78ms
         approx.  95 percentile:               3.95ms

Threads fairness:
    events (avg/stddev):           333.3333/4.14
    execution time (avg/stddev):   1.3035/0.00

sysbench 0.4.12:  multi-threaded system evaluation benchmark

Running the test with following options:
Number of threads: 30

Doing CPU performance benchmark

Threads started!
Done.

Maximum prime number checked in CPU test: 20000


Test execution summary:
    total time:                          1.3075s
    total number of events:              10000
    total time taken by event execution: 39.0868
    per-request statistics:
         min:                                  3.49ms
         avg:                                  3.91ms
         max:                                 23.20ms
         approx.  95 percentile:               3.96ms

Threads fairness:
    events (avg/stddev):           333.3333/3.23
    execution time (avg/stddev):   1.3029/0.00

sysbench 0.4.12:  multi-threaded system evaluation benchmark

Running the test with following options:
Number of threads: 30

Doing CPU performance benchmark

Threads started!
Done.

Maximum prime number checked in CPU test: 20000


Test execution summary:
    total time:                          1.3164s
    total number of events:              10000
    total time taken by event execution: 39.0546
    per-request statistics:
         min:                                  3.45ms
         avg:                                  3.91ms
         max:                                 29.89ms
         approx.  95 percentile:               3.96ms

Threads fairness:
    events (avg/stddev):           333.3333/5.59
    execution time (avg/stddev):   1.3018/0.01

sysbench 0.4.12:  multi-threaded system evaluation benchmark

Running the test with following options:
Number of threads: 32

Doing CPU performance benchmark

Threads started!
Done.

Maximum prime number checked in CPU test: 20000


Test execution summary:
    total time:                          1.2478s
    total number of events:              10000
    total time taken by event execution: 39.4347
    per-request statistics:
         min:                                  3.53ms
         avg:                                  3.94ms
         max:                                 20.92ms
         approx.  95 percentile:               3.96ms

Threads fairness:
    events (avg/stddev):           312.5000/5.73
    execution time (avg/stddev):   1.2323/0.02

sysbench 0.4.12:  multi-threaded system evaluation benchmark

Running the test with following options:
Number of threads: 32

Doing CPU performance benchmark

Threads started!
Done.

Maximum prime number checked in CPU test: 20000


Test execution summary:
    total time:                          1.2369s
    total number of events:              10000
    total time taken by event execution: 39.2741
    per-request statistics:
         min:                                  3.50ms
         avg:                                  3.93ms
         max:                                 19.04ms
         approx.  95 percentile:               3.95ms

Threads fairness:
    events (avg/stddev):           312.5000/3.41
    execution time (avg/stddev):   1.2273/0.01

sysbench 0.4.12:  multi-threaded system evaluation benchmark

Running the test with following options:
Number of threads: 32

Doing CPU performance benchmark

Threads started!
Done.

Maximum prime number checked in CPU test: 20000


Test execution summary:
    total time:                          1.2391s
    total number of events:              10000
    total time taken by event execution: 39.3014
    per-request statistics:
         min:                                  3.53ms
         avg:                                  3.93ms
         max:                                 30.69ms
         approx.  95 percentile:               3.96ms

Threads fairness:
    events (avg/stddev):           312.5000/3.50
    execution time (avg/stddev):   1.2282/0.01

sysbench 0.4.12:  multi-threaded system evaluation benchmark

Running the test with following options:
Number of threads: 32

Doing CPU performance benchmark

Threads started!
Done.

Maximum prime number checked in CPU test: 20000


Test execution summary:
    total time:                          1.2405s
    total number of events:              10000
    total time taken by event execution: 39.2596
    per-request statistics:
         min:                                  3.52ms
         avg:                                  3.93ms
         max:                                 40.91ms
         approx.  95 percentile:               3.96ms

Threads fairness:
    events (avg/stddev):           312.5000/5.62
    execution time (avg/stddev):   1.2269/0.02

sysbench 0.4.12:  multi-threaded system evaluation benchmark

Running the test with following options:
Number of threads: 32

Doing CPU performance benchmark

Threads started!
Done.

Maximum prime number checked in CPU test: 20000


Test execution summary:
    total time:                          1.2385s
    total number of events:              10000
    total time taken by event execution: 39.2226
    per-request statistics:
         min:                                  3.54ms
         avg:                                  3.92ms
         max:                                 28.89ms
         approx.  95 percentile:               3.95ms

Threads fairness:
    events (avg/stddev):           312.5000/5.21
    execution time (avg/stddev):   1.2257/0.02

sysbench 0.4.12:  multi-threaded system evaluation benchmark

Running the test with following options:
Number of threads: 34

Doing CPU performance benchmark

Threads started!
Done.

Maximum prime number checked in CPU test: 20000


Test execution summary:
    total time:                          1.2365s
    total number of events:              10000
    total time taken by event execution: 41.5591
    per-request statistics:
         min:                                  3.54ms
         avg:                                  4.16ms
         max:                                 29.90ms
         approx.  95 percentile:               3.95ms

Threads fairness:
    events (avg/stddev):           294.1176/26.44
    execution time (avg/stddev):   1.2223/0.02

sysbench 0.4.12:  multi-threaded system evaluation benchmark

Running the test with following options:
Number of threads: 34

Doing CPU performance benchmark

Threads started!
Done.

Maximum prime number checked in CPU test: 20000


Test execution summary:
    total time:                          1.2366s
    total number of events:              10000
    total time taken by event execution: 41.4352
    per-request statistics:
         min:                                  3.52ms
         avg:                                  4.14ms
         max:                                 39.90ms
         approx.  95 percentile:               3.95ms

Threads fairness:
    events (avg/stddev):           294.1176/33.29
    execution time (avg/stddev):   1.2187/0.02

sysbench 0.4.12:  multi-threaded system evaluation benchmark

Running the test with following options:
Number of threads: 34

Doing CPU performance benchmark

Threads started!
Done.

Maximum prime number checked in CPU test: 20000


Test execution summary:
    total time:                          1.2360s
    total number of events:              10000
    total time taken by event execution: 41.5764
    per-request statistics:
         min:                                  3.55ms
         avg:                                  4.16ms
         max:                                 39.88ms
         approx.  95 percentile:               3.96ms

Threads fairness:
    events (avg/stddev):           294.1176/36.74
    execution time (avg/stddev):   1.2228/0.02

sysbench 0.4.12:  multi-threaded system evaluation benchmark

Running the test with following options:
Number of threads: 34

Doing CPU performance benchmark

Threads started!
Done.

Maximum prime number checked in CPU test: 20000


Test execution summary:
    total time:                          1.2402s
    total number of events:              10000
    total time taken by event execution: 41.5900
    per-request statistics:
         min:                                  3.53ms
         avg:                                  4.16ms
         max:                                 47.90ms
         approx.  95 percentile:               3.96ms

Threads fairness:
    events (avg/stddev):           294.1176/29.31
    execution time (avg/stddev):   1.2232/0.02

sysbench 0.4.12:  multi-threaded system evaluation benchmark

Running the test with following options:
Number of threads: 34

Doing CPU performance benchmark

Threads started!
Done.

Maximum prime number checked in CPU test: 20000


Test execution summary:
    total time:                          1.2374s
    total number of events:              10000
    total time taken by event execution: 41.5531
    per-request statistics:
         min:                                  3.49ms
         avg:                                  4.16ms
         max:                                 26.90ms
         approx.  95 percentile:               3.96ms

Threads fairness:
    events (avg/stddev):           294.1176/23.57
    execution time (avg/stddev):   1.2222/0.02

Fri Oct 20 16:21:48 KST 2017
