-------------------------------------------------------------
STREAM version $Revision: 5.9 $
-------------------------------------------------------------
This system uses 8 bytes per DOUBLE PRECISION word.
-------------------------------------------------------------
Array size = 32000000, Offset = 0
Total memory required = 732.4 MB.
Each test is run 10 times, but only
the *best* time for each is used.
-------------------------------------------------------------
Number of Threads requested = 8
-------------------------------------------------------------
Printing one line per active thread....
Printing one line per active thread....
Printing one line per active thread....
Printing one line per active thread....
Printing one line per active thread....
Printing one line per active thread....
Printing one line per active thread....
Printing one line per active thread....
-------------------------------------------------------------
Your clock granularity/precision appears to be 1 microseconds.
Each test below will take on the order of 24430 microseconds.
   (= 24430 clock ticks)
Increase the size of the arrays if this shows that
you are not getting at least 20 clock ticks per test.
-------------------------------------------------------------
WARNING -- The above is only a rough guideline.
For best results, please be sure you know the
precision of your system timer.
-------------------------------------------------------------
Function      Rate (MB/s)   Avg time     Min time     Max time
Copy:       28801.3150       0.0178       0.0178       0.0178
Scale:      30396.5187       0.0169       0.0168       0.0169
Add:        41219.0236       0.0187       0.0186       0.0187
Triad:      42775.7184       0.0180       0.0180       0.0180
-------------------------------------------------------------
Solution Validates
-------------------------------------------------------------
-------------------------------------------------------------
STREAM version $Revision: 5.9 $
-------------------------------------------------------------
This system uses 8 bytes per DOUBLE PRECISION word.
-------------------------------------------------------------
Array size = 32000000, Offset = 0
Total memory required = 732.4 MB.
Each test is run 10 times, but only
the *best* time for each is used.
-------------------------------------------------------------
Number of Threads requested = 8
-------------------------------------------------------------
Printing one line per active thread....
Printing one line per active thread....
Printing one line per active thread....
Printing one line per active thread....
Printing one line per active thread....
Printing one line per active thread....
Printing one line per active thread....
Printing one line per active thread....
-------------------------------------------------------------
Your clock granularity/precision appears to be 1 microseconds.
Each test below will take on the order of 24644 microseconds.
   (= 24644 clock ticks)
Increase the size of the arrays if this shows that
you are not getting at least 20 clock ticks per test.
-------------------------------------------------------------
WARNING -- The above is only a rough guideline.
For best results, please be sure you know the
precision of your system timer.
-------------------------------------------------------------
Function      Rate (MB/s)   Avg time     Min time     Max time
Copy:       28786.6441       0.0178       0.0178       0.0178
Scale:      30292.3270       0.0169       0.0169       0.0169
Add:        41102.2632       0.0187       0.0187       0.0187
Triad:      42569.3864       0.0181       0.0180       0.0181
-------------------------------------------------------------
Solution Validates
-------------------------------------------------------------
-------------------------------------------------------------
STREAM version $Revision: 5.9 $
-------------------------------------------------------------
This system uses 8 bytes per DOUBLE PRECISION word.
-------------------------------------------------------------
Array size = 32000000, Offset = 0
Total memory required = 732.4 MB.
Each test is run 10 times, but only
the *best* time for each is used.
-------------------------------------------------------------
Number of Threads requested = 8
-------------------------------------------------------------
Printing one line per active thread....
Printing one line per active thread....
Printing one line per active thread....
Printing one line per active thread....
Printing one line per active thread....
Printing one line per active thread....
Printing one line per active thread....
Printing one line per active thread....
-------------------------------------------------------------
Your clock granularity/precision appears to be 1 microseconds.
Each test below will take on the order of 24173 microseconds.
   (= 24173 clock ticks)
Increase the size of the arrays if this shows that
you are not getting at least 20 clock ticks per test.
-------------------------------------------------------------
WARNING -- The above is only a rough guideline.
For best results, please be sure you know the
precision of your system timer.
-------------------------------------------------------------
Function      Rate (MB/s)   Avg time     Min time     Max time
Copy:       28812.5213       0.0178       0.0178       0.0178
Scale:      30353.1258       0.0169       0.0169       0.0169
Add:        41216.9139       0.0186       0.0186       0.0187
Triad:      42642.6459       0.0180       0.0180       0.0181
-------------------------------------------------------------
Solution Validates
-------------------------------------------------------------
-------------------------------------------------------------
STREAM version $Revision: 5.9 $
-------------------------------------------------------------
This system uses 8 bytes per DOUBLE PRECISION word.
-------------------------------------------------------------
Array size = 32000000, Offset = 0
Total memory required = 732.4 MB.
Each test is run 10 times, but only
the *best* time for each is used.
-------------------------------------------------------------
Number of Threads requested = 8
-------------------------------------------------------------
Printing one line per active thread....
Printing one line per active thread....
Printing one line per active thread....
Printing one line per active thread....
Printing one line per active thread....
Printing one line per active thread....
Printing one line per active thread....
Printing one line per active thread....
-------------------------------------------------------------
Your clock granularity/precision appears to be 1 microseconds.
Each test below will take on the order of 22822 microseconds.
   (= 22822 clock ticks)
Increase the size of the arrays if this shows that
you are not getting at least 20 clock ticks per test.
-------------------------------------------------------------
WARNING -- The above is only a rough guideline.
For best results, please be sure you know the
precision of your system timer.
-------------------------------------------------------------
Function      Rate (MB/s)   Avg time     Min time     Max time
Copy:       28801.3150       0.0178       0.0178       0.0178
Scale:      30387.4862       0.0169       0.0168       0.0169
Add:        41131.1287       0.0187       0.0187       0.0187
Triad:      42655.0686       0.0180       0.0180       0.0180
-------------------------------------------------------------
Solution Validates
-------------------------------------------------------------
-------------------------------------------------------------
STREAM version $Revision: 5.9 $
-------------------------------------------------------------
This system uses 8 bytes per DOUBLE PRECISION word.
-------------------------------------------------------------
Array size = 32000000, Offset = 0
Total memory required = 732.4 MB.
Each test is run 10 times, but only
the *best* time for each is used.
-------------------------------------------------------------
Number of Threads requested = 8
-------------------------------------------------------------
Printing one line per active thread....
Printing one line per active thread....
Printing one line per active thread....
Printing one line per active thread....
Printing one line per active thread....
Printing one line per active thread....
Printing one line per active thread....
Printing one line per active thread....
-------------------------------------------------------------
Your clock granularity/precision appears to be 1 microseconds.
Each test below will take on the order of 24595 microseconds.
   (= 24595 clock ticks)
Increase the size of the arrays if this shows that
you are not getting at least 20 clock ticks per test.
-------------------------------------------------------------
WARNING -- The above is only a rough guideline.
For best results, please be sure you know the
precision of your system timer.
-------------------------------------------------------------
Function      Rate (MB/s)   Avg time     Min time     Max time
Copy:       28804.7919       0.0178       0.0178       0.0178
Scale:      30399.9610       0.0169       0.0168       0.0169
Add:        41106.9839       0.0187       0.0187       0.0187
Triad:      42638.1304       0.0180       0.0180       0.0180
-------------------------------------------------------------
Solution Validates
-------------------------------------------------------------
