"stride=512
0.00049 1.253
0.00098 1.273
0.00195 1.276
0.00293 1.272
0.00391 1.267
0.00586 1.269
0.00781 1.265
0.01172 1.264
0.01562 1.264
0.02344 1.264
0.03125 1.254
0.04688 3.761
0.06250 3.771
0.09375 3.772
0.12500 3.771
0.18750 3.776
0.25000 6.832
0.37500 14.331
0.50000 14.314
0.75000 14.298
1.00000 14.265
1.50000 14.204
2.00000 14.139
3.00000 14.100
4.00000 14.048
6.00000 13.982
8.00000 13.970
12.00000 13.990
16.00000 14.039
24.00000 55.103
32.00000 90.013
48.00000 103.691
64.00000 103.669
96.00000 103.651
128.00000 103.620
192.00000 103.421
256.00000 103.750

"stride=512
0.00049 1.257
0.00098 1.257
0.00195 1.257
0.00293 1.253
0.00391 1.258
0.00586 1.257
0.00781 1.257
0.01172 1.257
0.01562 1.258
0.02344 1.258
0.03125 1.257
0.04688 3.771
0.06250 3.760
0.09375 3.772
0.12500 3.773
0.18750 6.361
0.25000 8.899
0.37500 14.303
0.50000 14.302
0.75000 14.297
1.00000 14.301
1.50000 14.210
2.00000 14.158
3.00000 14.086
4.00000 14.055
6.00000 14.031
8.00000 14.028
12.00000 14.000
16.00000 13.991
24.00000 54.993
32.00000 89.960
48.00000 103.732
64.00000 103.644
96.00000 103.693
128.00000 103.656
192.00000 103.644
256.00000 103.802

"stride=512
0.00049 1.257
0.00098 1.257
0.00195 1.253
0.00293 1.258
0.00391 1.257
0.00586 1.257
0.00781 1.257
0.01172 1.257
0.01562 1.258
0.02344 1.257
0.03125 1.258
0.04688 3.761
0.06250 3.762
0.09375 7.619
0.12500 6.976
0.18750 6.564
0.25000 9.198
0.37500 13.550
0.50000 13.672
0.75000 14.302
1.00000 14.308
1.50000 14.189
2.00000 14.155
3.00000 14.095
4.00000 14.061
6.00000 14.042
8.00000 14.014
12.00000 13.996
16.00000 14.001
24.00000 54.687
32.00000 89.624
48.00000 103.716
64.00000 103.672
96.00000 103.906
128.00000 103.665
192.00000 103.659
256.00000 103.597

"stride=512
0.00049 1.257
0.00098 1.253
0.00195 1.257
0.00293 1.257
0.00391 1.257
0.00586 1.257
0.00781 1.258
0.01172 1.257
0.01562 1.257
0.02344 1.258
0.03125 1.253
0.04688 3.772
0.06250 3.772
0.09375 3.785
0.12500 3.774
0.18750 5.702
0.25000 8.903
0.37500 11.967
0.50000 14.288
0.75000 14.301
1.00000 14.217
1.50000 14.161
2.00000 14.111
3.00000 14.063
4.00000 14.039
6.00000 14.014
8.00000 13.994
12.00000 13.988
16.00000 13.983
24.00000 54.806
32.00000 90.353
48.00000 103.798
64.00000 103.693
96.00000 103.695
128.00000 103.618
192.00000 103.642
256.00000 103.572

"stride=512
0.00049 1.257
0.00098 1.254
0.00195 1.258
0.00293 1.257
0.00391 1.257
0.00586 1.257
0.00781 1.257
0.01172 1.257
0.01562 1.257
0.02344 1.257
0.03125 1.259
0.04688 3.760
0.06250 3.772
0.09375 3.771
0.12500 3.772
0.18750 9.114
0.25000 9.843
0.37500 13.456
0.50000 14.289
0.75000 14.315
1.00000 14.173
1.50000 14.129
2.00000 14.087
3.00000 14.052
4.00000 14.026
6.00000 14.002
8.00000 13.995
12.00000 13.989
16.00000 13.994
24.00000 55.100
32.00000 89.506
48.00000 103.660
64.00000 103.658
96.00000 103.654
128.00000 103.610
192.00000 103.666
256.00000 103.578