"stride=512
0.00049 1.338
0.00098 1.341
0.00195 1.338
0.00293 1.338
0.00391 1.338
0.00586 1.338
0.00781 1.338
0.01172 1.338
0.01562 1.338
0.02344 1.338
0.03125 1.340
0.04688 4.683
0.06250 4.683
0.09375 4.683
0.12500 4.683
0.18750 4.683
0.25000 4.684
0.37500 5.059
0.50000 5.059
0.75000 5.026
1.00000 8.095
1.50000 21.259
2.00000 23.396
3.00000 23.308
4.00000 23.837
6.00000 23.493
8.00000 23.359
12.00000 30.313
16.00000 44.320
24.00000 56.714
32.00000 63.413
48.00000 70.354
64.00000 74.266
96.00000 77.558
128.00000 79.969
192.00000 81.703
256.00000 82.593

"stride=512
0.00049 1.338
0.00098 1.340
0.00195 1.341
0.00293 1.338
0.00391 1.338
0.00586 1.338
0.00781 1.338
0.01172 1.338
0.01562 1.338
0.02344 1.338
0.03125 1.340
0.04688 4.700
0.06250 4.683
0.09375 4.683
0.12500 4.683
0.18750 4.683
0.25000 4.684
0.37500 5.060
0.50000 5.064
0.75000 5.067
1.00000 7.520
1.50000 21.913
2.00000 23.776
3.00000 23.385
4.00000 23.360
6.00000 23.295
8.00000 23.310
12.00000 31.304
16.00000 43.672
24.00000 56.499
32.00000 63.249
48.00000 69.956
64.00000 74.043
96.00000 77.295
128.00000 79.647
192.00000 81.687
256.00000 82.592

"stride=512
0.00049 1.338
0.00098 1.338
0.00195 1.338
0.00293 1.338
0.00391 1.340
0.00586 1.338
0.00781 1.338
0.01172 1.338
0.01562 1.338
0.02344 1.338
0.03125 1.338
0.04688 4.683
0.06250 4.683
0.09375 4.689
0.12500 4.683
0.18750 4.683
0.25000 4.684
0.37500 5.070
0.50000 5.059
0.75000 5.381
1.00000 8.133
1.50000 21.680
2.00000 23.652
3.00000 23.403
4.00000 23.852
6.00000 23.538
8.00000 23.758
12.00000 30.403
16.00000 43.761
24.00000 56.391
32.00000 63.333
48.00000 70.372
64.00000 73.858
96.00000 77.737
128.00000 79.904
192.00000 81.721
256.00000 82.492

"stride=512
0.00049 1.345
0.00098 1.359
0.00195 1.366
0.00293 1.356
0.00391 1.351
0.00586 1.354
0.00781 1.352
0.01172 1.355
0.01562 1.351
0.02344 1.352
0.03125 1.352
0.04688 4.729
0.06250 4.735
0.09375 4.738
0.12500 4.728
0.18750 4.736
0.25000 4.729
0.37500 5.024
0.50000 4.959
0.75000 4.875
1.00000 6.873
1.50000 21.575
2.00000 23.675
3.00000 23.316
4.00000 23.930
6.00000 23.307
8.00000 23.319
12.00000 30.805
16.00000 43.817
24.00000 56.784
32.00000 63.576
48.00000 70.577
64.00000 74.279
96.00000 78.095
128.00000 79.633
192.00000 81.738
256.00000 82.670

"stride=512
0.00049 1.338
0.00098 1.338
0.00195 1.343
0.00293 1.338
0.00391 1.338
0.00586 1.338
0.00781 1.338
0.01172 1.338
0.01562 1.338
0.02344 1.338
0.03125 1.341
0.04688 4.696
0.06250 4.683
0.09375 4.683
0.12500 4.683
0.18750 4.683
0.25000 4.684
0.37500 4.832
0.50000 4.814
0.75000 4.753
1.00000 8.715
1.50000 20.951
2.00000 23.755
3.00000 23.635
4.00000 23.674
6.00000 23.809
8.00000 23.801
12.00000 30.072
16.00000 44.440
24.00000 56.654
32.00000 63.569
48.00000 70.839
64.00000 74.338
96.00000 77.915
128.00000 80.024
192.00000 81.716
256.00000 82.594

