"stride=512
0.00049 1.254
0.00098 1.256
0.00195 1.255
0.00293 1.255
0.00391 1.256
0.00586 1.254
0.00781 1.257
0.01172 1.254
0.01562 1.254
0.02344 1.260
0.03125 1.259
0.04688 4.413
0.06250 4.392
0.09375 4.390
0.12500 4.393
0.18750 4.390
0.25000 4.390
0.37500 4.742
0.50000 4.742
0.75000 5.077
1.00000 8.825
1.50000 20.554
2.00000 22.610
3.00000 22.624
4.00000 22.420
6.00000 22.866
8.00000 22.374
12.00000 22.887
16.00000 22.955
24.00000 37.853
32.00000 45.451
48.00000 53.654
64.00000 58.073
96.00000 62.363
128.00000 64.365
192.00000 66.450
256.00000 67.333

"stride=512
0.00049 1.256
0.00098 1.257
0.00195 1.254
0.00293 1.255
0.00391 1.254
0.00586 1.254
0.00781 1.254
0.01172 1.256
0.01562 1.256
0.02344 1.254
0.03125 1.255
0.04688 4.390
0.06250 4.396
0.09375 4.390
0.12500 4.390
0.18750 4.390
0.25000 4.394
0.37500 4.749
0.50000 4.743
0.75000 6.186
1.00000 10.293
1.50000 19.978
2.00000 22.436
3.00000 22.456
4.00000 22.909
6.00000 22.694
8.00000 22.809
12.00000 22.690
16.00000 22.961
24.00000 37.517
32.00000 45.396
48.00000 54.132
64.00000 58.313
96.00000 62.751
128.00000 64.576
192.00000 66.443
256.00000 67.369

"stride=512
0.00049 1.254
0.00098 1.254
0.00195 1.254
0.00293 1.256
0.00391 1.254
0.00586 1.256
0.00781 1.255
0.01172 1.255
0.01562 1.254
0.02344 1.254
0.03125 1.256
0.04688 4.395
0.06250 4.391
0.09375 4.390
0.12500 4.396
0.18750 4.390
0.25000 4.396
0.37500 4.743
0.50000 4.743
0.75000 7.492
1.00000 10.604
1.50000 20.372
2.00000 22.359
3.00000 22.685
4.00000 22.759
6.00000 22.428
8.00000 22.661
12.00000 22.618
16.00000 23.212
24.00000 37.902
32.00000 46.130
48.00000 54.277
64.00000 58.427
96.00000 62.475
128.00000 64.559
192.00000 66.521
256.00000 67.477

"stride=512
0.00049 1.254
0.00098 1.254
0.00195 1.254
0.00293 1.257
0.00391 1.255
0.00586 1.254
0.00781 1.254
0.01172 1.255
0.01562 1.254
0.02344 1.254
0.03125 1.255
0.04688 4.408
0.06250 4.400
0.09375 4.408
0.12500 4.390
0.18750 4.390
0.25000 4.393
0.37500 4.390
0.50000 4.390
0.75000 4.390
1.00000 7.249
1.50000 20.991
2.00000 22.469
3.00000 22.545
4.00000 22.785
6.00000 22.761
8.00000 22.828
12.00000 22.363
16.00000 22.790
24.00000 36.220
32.00000 44.953
48.00000 53.336
64.00000 57.793
96.00000 62.114
128.00000 64.277
192.00000 66.482
256.00000 67.298

"stride=512
0.00049 1.257
0.00098 1.257
0.00195 1.257
0.00293 1.256
0.00391 1.256
0.00586 1.255
0.00781 1.255
0.01172 1.254
0.01562 1.254
0.02344 1.254
0.03125 1.256
0.04688 4.390
0.06250 4.390
0.09375 4.390
0.12500 4.390
0.18750 4.390
0.25000 4.391
0.37500 4.743
0.50000 4.743
0.75000 5.868
1.00000 9.676
1.50000 20.368
2.00000 22.737
3.00000 22.415
4.00000 22.757
6.00000 22.419
8.00000 22.850
12.00000 22.412
16.00000 23.124
24.00000 37.443
32.00000 45.522
48.00000 53.370
64.00000 57.810
96.00000 62.249
128.00000 64.644
192.00000 66.494
256.00000 67.409

