"stride=512
0.00049 1.266
0.00098 1.269
0.00195 1.270
0.00293 1.267
0.00391 1.262
0.00586 1.269
0.00781 1.270
0.01172 1.269
0.01562 1.270
0.02344 1.266
0.03125 1.269
0.04688 3.798
0.06250 3.796
0.09375 3.794
0.12500 3.796
0.18750 5.750
0.25000 9.062
0.37500 13.517
0.50000 14.351
0.75000 14.404
1.00000 14.382
1.50000 14.348
2.00000 14.317
3.00000 14.182
4.00000 14.204
6.00000 14.127
8.00000 14.084
12.00000 14.087
16.00000 14.177
24.00000 54.864
32.00000 89.519
48.00000 103.331
64.00000 103.355
96.00000 103.538
128.00000 103.314
192.00000 103.309
256.00000 103.310

"stride=512
0.00049 1.256
0.00098 1.262
0.00195 1.268
0.00293 1.264
0.00391 1.261
0.00586 1.268
0.00781 1.264
0.01172 1.265
0.01562 1.263
0.02344 1.266
0.03125 1.267
0.04688 3.777
0.06250 3.799
0.09375 3.789
0.12500 3.805
0.18750 5.733
0.25000 9.565
0.37500 12.740
0.50000 14.363
0.75000 14.361
1.00000 14.234
1.50000 14.144
2.00000 14.145
3.00000 14.114
4.00000 14.098
6.00000 14.075
8.00000 14.109
12.00000 14.045
16.00000 14.040
24.00000 55.056
32.00000 89.076
48.00000 103.601
64.00000 103.332
96.00000 103.306
128.00000 103.301
192.00000 103.332
256.00000 103.255

"stride=512
0.00049 1.259
0.00098 1.266
0.00195 1.262
0.00293 1.266
0.00391 1.266
0.00586 1.259
0.00781 1.261
0.01172 1.266
0.01562 1.266
0.02344 1.260
0.03125 1.269
0.04688 3.798
0.06250 3.799
0.09375 3.791
0.12500 3.803
0.18750 7.882
0.25000 10.358
0.37500 13.838
0.50000 14.377
0.75000 14.372
1.00000 14.339
1.50000 14.308
2.00000 14.234
3.00000 14.143
4.00000 14.139
6.00000 14.105
8.00000 14.043
12.00000 14.050
16.00000 14.561
24.00000 54.709
32.00000 89.494
48.00000 103.389
64.00000 103.496
96.00000 103.314
128.00000 103.359
192.00000 103.334
256.00000 103.474

"stride=512
0.00049 1.258
0.00098 1.265
0.00195 1.266
0.00293 1.258
0.00391 1.266
0.00586 1.266
0.00781 1.261
0.01172 1.266
0.01562 1.264
0.02344 1.266
0.03125 1.261
0.04688 3.792
0.06250 3.795
0.09375 3.782
0.12500 3.790
0.18750 5.767
0.25000 10.198
0.37500 13.630
0.50000 14.340
0.75000 14.370
1.00000 14.292
1.50000 14.173
2.00000 14.154
3.00000 14.107
4.00000 14.053
6.00000 14.078
8.00000 14.041
12.00000 14.027
16.00000 14.051
24.00000 54.791
32.00000 89.160
48.00000 103.683
64.00000 103.382
96.00000 103.365
128.00000 103.306
192.00000 103.368
256.00000 103.299

"stride=512
0.00049 1.259
0.00098 1.266
0.00195 1.266
0.00293 1.268
0.00391 1.267
0.00586 1.262
0.00781 1.264
0.01172 1.263
0.01562 1.266
0.02344 1.265
0.03125 1.264
0.04688 3.799
0.06250 3.794
0.09375 3.784
0.12500 3.775
0.18750 3.798
0.25000 6.699
0.37500 14.054
0.50000 14.041
0.75000 14.046
1.00000 14.039
1.50000 14.023
2.00000 14.037
3.00000 14.054
4.00000 13.989
6.00000 13.998
8.00000 14.036
12.00000 14.031
16.00000 14.030
24.00000 54.575
32.00000 89.354
48.00000 103.363
64.00000 103.359
96.00000 103.307
128.00000 103.326
192.00000 103.327
256.00000 103.452