Thu Oct 26 10:43:34 KST 2017
sysbench 0.4.12:  multi-threaded system evaluation benchmark

Running the test with following options:
Number of threads: 1

Doing CPU performance benchmark

Threads started!
Done.

Maximum prime number checked in CPU test: 20000


Test execution summary:
    total time:                          27.4920s
    total number of events:              10000
    total time taken by event execution: 27.4911
    per-request statistics:
         min:                                  2.55ms
         avg:                                  2.75ms
         max:                                  3.17ms
         approx.  95 percentile:               2.87ms

Threads fairness:
    events (avg/stddev):           10000.0000/0.00
    execution time (avg/stddev):   27.4911/0.00

sysbench 0.4.12:  multi-threaded system evaluation benchmark

Running the test with following options:
Number of threads: 1

Doing CPU performance benchmark

Threads started!
Done.

Maximum prime number checked in CPU test: 20000


Test execution summary:
    total time:                          27.8403s
    total number of events:              10000
    total time taken by event execution: 27.8394
    per-request statistics:
         min:                                  2.46ms
         avg:                                  2.78ms
         max:                                  3.15ms
         approx.  95 percentile:               2.96ms

Threads fairness:
    events (avg/stddev):           10000.0000/0.00
    execution time (avg/stddev):   27.8394/0.00

sysbench 0.4.12:  multi-threaded system evaluation benchmark

Running the test with following options:
Number of threads: 1

Doing CPU performance benchmark

Threads started!
Done.

Maximum prime number checked in CPU test: 20000


Test execution summary:
    total time:                          27.9245s
    total number of events:              10000
    total time taken by event execution: 27.9236
    per-request statistics:
         min:                                  2.55ms
         avg:                                  2.79ms
         max:                                  3.16ms
         approx.  95 percentile:               3.09ms

Threads fairness:
    events (avg/stddev):           10000.0000/0.00
    execution time (avg/stddev):   27.9236/0.00

sysbench 0.4.12:  multi-threaded system evaluation benchmark

Running the test with following options:
Number of threads: 1

Doing CPU performance benchmark

Threads started!
Done.

Maximum prime number checked in CPU test: 20000


Test execution summary:
    total time:                          27.9097s
    total number of events:              10000
    total time taken by event execution: 27.9088
    per-request statistics:
         min:                                  2.60ms
         avg:                                  2.79ms
         max:                                  3.17ms
         approx.  95 percentile:               2.97ms

Threads fairness:
    events (avg/stddev):           10000.0000/0.00
    execution time (avg/stddev):   27.9088/0.00

sysbench 0.4.12:  multi-threaded system evaluation benchmark

Running the test with following options:
Number of threads: 1

Doing CPU performance benchmark

Threads started!
Done.

Maximum prime number checked in CPU test: 20000


Test execution summary:
    total time:                          28.1087s
    total number of events:              10000
    total time taken by event execution: 28.1078
    per-request statistics:
         min:                                  2.56ms
         avg:                                  2.81ms
         max:                                  3.19ms
         approx.  95 percentile:               2.96ms

Threads fairness:
    events (avg/stddev):           10000.0000/0.00
    execution time (avg/stddev):   28.1078/0.00

sysbench 0.4.12:  multi-threaded system evaluation benchmark

Running the test with following options:
Number of threads: 2

Doing CPU performance benchmark

Threads started!
Done.

Maximum prime number checked in CPU test: 20000


Test execution summary:
    total time:                          13.5317s
    total number of events:              10000
    total time taken by event execution: 27.0609
    per-request statistics:
         min:                                  2.45ms
         avg:                                  2.71ms
         max:                                  3.68ms
         approx.  95 percentile:               2.88ms

Threads fairness:
    events (avg/stddev):           5000.0000/45.00
    execution time (avg/stddev):   13.5305/0.00

sysbench 0.4.12:  multi-threaded system evaluation benchmark

Running the test with following options:
Number of threads: 2

Doing CPU performance benchmark

Threads started!
Done.

Maximum prime number checked in CPU test: 20000


Test execution summary:
    total time:                          13.9354s
    total number of events:              10000
    total time taken by event execution: 27.8670
    per-request statistics:
         min:                                  2.45ms
         avg:                                  2.79ms
         max:                                  3.24ms
         approx.  95 percentile:               2.99ms

Threads fairness:
    events (avg/stddev):           5000.0000/116.00
    execution time (avg/stddev):   13.9335/0.00

sysbench 0.4.12:  multi-threaded system evaluation benchmark

Running the test with following options:
Number of threads: 2

Doing CPU performance benchmark

Threads started!
Done.

Maximum prime number checked in CPU test: 20000


Test execution summary:
    total time:                          13.8331s
    total number of events:              10000
    total time taken by event execution: 27.6616
    per-request statistics:
         min:                                  2.45ms
         avg:                                  2.77ms
         max:                                  3.19ms
         approx.  95 percentile:               2.97ms

Threads fairness:
    events (avg/stddev):           5000.0000/197.00
    execution time (avg/stddev):   13.8308/0.00

sysbench 0.4.12:  multi-threaded system evaluation benchmark

Running the test with following options:
Number of threads: 2

Doing CPU performance benchmark

Threads started!
Done.

Maximum prime number checked in CPU test: 20000


Test execution summary:
    total time:                          13.7600s
    total number of events:              10000
    total time taken by event execution: 27.5160
    per-request statistics:
         min:                                  2.44ms
         avg:                                  2.75ms
         max:                                  3.25ms
         approx.  95 percentile:               3.01ms

Threads fairness:
    events (avg/stddev):           5000.0000/225.00
    execution time (avg/stddev):   13.7580/0.00

sysbench 0.4.12:  multi-threaded system evaluation benchmark

Running the test with following options:
Number of threads: 2

Doing CPU performance benchmark

Threads started!
Done.

Maximum prime number checked in CPU test: 20000


Test execution summary:
    total time:                          13.6417s
    total number of events:              10000
    total time taken by event execution: 27.2811
    per-request statistics:
         min:                                  2.45ms
         avg:                                  2.73ms
         max:                                  3.39ms
         approx.  95 percentile:               2.95ms

Threads fairness:
    events (avg/stddev):           5000.0000/129.00
    execution time (avg/stddev):   13.6405/0.00

sysbench 0.4.12:  multi-threaded system evaluation benchmark

Running the test with following options:
Number of threads: 4

Doing CPU performance benchmark

Threads started!
Done.

Maximum prime number checked in CPU test: 20000


Test execution summary:
    total time:                          7.0512s
    total number of events:              10000
    total time taken by event execution: 28.2003
    per-request statistics:
         min:                                  2.62ms
         avg:                                  2.82ms
         max:                                  3.28ms
         approx.  95 percentile:               2.99ms

Threads fairness:
    events (avg/stddev):           2500.0000/65.51
    execution time (avg/stddev):   7.0501/0.00

sysbench 0.4.12:  multi-threaded system evaluation benchmark

Running the test with following options:
Number of threads: 4

Doing CPU performance benchmark

Threads started!
Done.

Maximum prime number checked in CPU test: 20000


Test execution summary:
    total time:                          7.0344s
    total number of events:              10000
    total time taken by event execution: 28.1282
    per-request statistics:
         min:                                  2.62ms
         avg:                                  2.81ms
         max:                                  3.29ms
         approx.  95 percentile:               3.03ms

Threads fairness:
    events (avg/stddev):           2500.0000/93.89
    execution time (avg/stddev):   7.0320/0.00

sysbench 0.4.12:  multi-threaded system evaluation benchmark

Running the test with following options:
Number of threads: 4

Doing CPU performance benchmark

Threads started!
Done.

Maximum prime number checked in CPU test: 20000


Test execution summary:
    total time:                          7.0188s
    total number of events:              10000
    total time taken by event execution: 28.0692
    per-request statistics:
         min:                                  2.46ms
         avg:                                  2.81ms
         max:                                  3.33ms
         approx.  95 percentile:               3.10ms

Threads fairness:
    events (avg/stddev):           2500.0000/122.53
    execution time (avg/stddev):   7.0173/0.00

sysbench 0.4.12:  multi-threaded system evaluation benchmark

Running the test with following options:
Number of threads: 4

Doing CPU performance benchmark

Threads started!
Done.

Maximum prime number checked in CPU test: 20000


Test execution summary:
    total time:                          7.0545s
    total number of events:              10000
    total time taken by event execution: 28.2074
    per-request statistics:
         min:                                  2.62ms
         avg:                                  2.82ms
         max:                                  3.29ms
         approx.  95 percentile:               3.00ms

Threads fairness:
    events (avg/stddev):           2500.0000/68.60
    execution time (avg/stddev):   7.0518/0.00

sysbench 0.4.12:  multi-threaded system evaluation benchmark

Running the test with following options:
Number of threads: 4

Doing CPU performance benchmark

Threads started!
Done.

Maximum prime number checked in CPU test: 20000


Test execution summary:
    total time:                          7.0659s
    total number of events:              10000
    total time taken by event execution: 28.2569
    per-request statistics:
         min:                                  2.45ms
         avg:                                  2.83ms
         max:                                  3.26ms
         approx.  95 percentile:               2.99ms

Threads fairness:
    events (avg/stddev):           2500.0000/76.59
    execution time (avg/stddev):   7.0642/0.00

sysbench 0.4.12:  multi-threaded system evaluation benchmark

Running the test with following options:
Number of threads: 6

Doing CPU performance benchmark

Threads started!
Done.

Maximum prime number checked in CPU test: 20000


Test execution summary:
    total time:                          4.7664s
    total number of events:              10000
    total time taken by event execution: 28.5882
    per-request statistics:
         min:                                  2.64ms
         avg:                                  2.86ms
         max:                                  3.54ms
         approx.  95 percentile:               2.99ms

Threads fairness:
    events (avg/stddev):           1666.6667/19.24
    execution time (avg/stddev):   4.7647/0.00

sysbench 0.4.12:  multi-threaded system evaluation benchmark

Running the test with following options:
Number of threads: 6

Doing CPU performance benchmark

Threads started!
Done.

Maximum prime number checked in CPU test: 20000


Test execution summary:
    total time:                          4.9494s
    total number of events:              10000
    total time taken by event execution: 29.6841
    per-request statistics:
         min:                                  2.45ms
         avg:                                  2.97ms
         max:                                  3.73ms
         approx.  95 percentile:               3.25ms

Threads fairness:
    events (avg/stddev):           1666.6667/136.01
    execution time (avg/stddev):   4.9473/0.00

sysbench 0.4.12:  multi-threaded system evaluation benchmark

Running the test with following options:
Number of threads: 6

Doing CPU performance benchmark

Threads started!
Done.

Maximum prime number checked in CPU test: 20000


Test execution summary:
    total time:                          4.9538s
    total number of events:              10000
    total time taken by event execution: 29.7124
    per-request statistics:
         min:                                  2.46ms
         avg:                                  2.97ms
         max:                                  3.82ms
         approx.  95 percentile:               3.23ms

Threads fairness:
    events (avg/stddev):           1666.6667/71.68
    execution time (avg/stddev):   4.9521/0.00

sysbench 0.4.12:  multi-threaded system evaluation benchmark

Running the test with following options:
Number of threads: 6

Doing CPU performance benchmark

Threads started!
Done.

Maximum prime number checked in CPU test: 20000


Test execution summary:
    total time:                          4.8910s
    total number of events:              10000
    total time taken by event execution: 29.3354
    per-request statistics:
         min:                                  2.45ms
         avg:                                  2.93ms
         max:                                  3.68ms
         approx.  95 percentile:               3.12ms

Threads fairness:
    events (avg/stddev):           1666.6667/71.05
    execution time (avg/stddev):   4.8892/0.00

sysbench 0.4.12:  multi-threaded system evaluation benchmark

Running the test with following options:
Number of threads: 6

Doing CPU performance benchmark

Threads started!
Done.

Maximum prime number checked in CPU test: 20000


Test execution summary:
    total time:                          4.8110s
    total number of events:              10000
    total time taken by event execution: 28.8593
    per-request statistics:
         min:                                  2.51ms
         avg:                                  2.89ms
         max:                                  3.56ms
         approx.  95 percentile:               3.10ms

Threads fairness:
    events (avg/stddev):           1666.6667/30.87
    execution time (avg/stddev):   4.8099/0.00

sysbench 0.4.12:  multi-threaded system evaluation benchmark

Running the test with following options:
Number of threads: 8

Doing CPU performance benchmark

Threads started!
Done.

Maximum prime number checked in CPU test: 20000


Test execution summary:
    total time:                          3.6974s
    total number of events:              10000
    total time taken by event execution: 29.5618
    per-request statistics:
         min:                                  2.73ms
         avg:                                  2.96ms
         max:                                  3.85ms
         approx.  95 percentile:               3.13ms

Threads fairness:
    events (avg/stddev):           1250.0000/42.45
    execution time (avg/stddev):   3.6952/0.00

sysbench 0.4.12:  multi-threaded system evaluation benchmark

Running the test with following options:
Number of threads: 8

Doing CPU performance benchmark

Threads started!
Done.

Maximum prime number checked in CPU test: 20000


Test execution summary:
    total time:                          3.6009s
    total number of events:              10000
    total time taken by event execution: 28.7926
    per-request statistics:
         min:                                  2.81ms
         avg:                                  2.88ms
         max:                                  3.30ms
         approx.  95 percentile:               2.97ms

Threads fairness:
    events (avg/stddev):           1250.0000/2.06
    execution time (avg/stddev):   3.5991/0.00

sysbench 0.4.12:  multi-threaded system evaluation benchmark

Running the test with following options:
Number of threads: 8

Doing CPU performance benchmark

Threads started!
Done.

Maximum prime number checked in CPU test: 20000


Test execution summary:
    total time:                          3.6788s
    total number of events:              10000
    total time taken by event execution: 29.4141
    per-request statistics:
         min:                                  2.72ms
         avg:                                  2.94ms
         max:                                  3.48ms
         approx.  95 percentile:               3.13ms

Threads fairness:
    events (avg/stddev):           1250.0000/36.86
    execution time (avg/stddev):   3.6768/0.00

sysbench 0.4.12:  multi-threaded system evaluation benchmark

Running the test with following options:
Number of threads: 8

Doing CPU performance benchmark

Threads started!
Done.

Maximum prime number checked in CPU test: 20000


Test execution summary:
    total time:                          3.6566s
    total number of events:              10000
    total time taken by event execution: 29.2385
    per-request statistics:
         min:                                  2.72ms
         avg:                                  2.92ms
         max:                                  3.92ms
         approx.  95 percentile:               3.11ms

Threads fairness:
    events (avg/stddev):           1250.0000/63.81
    execution time (avg/stddev):   3.6548/0.00

sysbench 0.4.12:  multi-threaded system evaluation benchmark

Running the test with following options:
Number of threads: 8

Doing CPU performance benchmark

Threads started!
Done.

Maximum prime number checked in CPU test: 20000


Test execution summary:
    total time:                          3.7805s
    total number of events:              10000
    total time taken by event execution: 30.2275
    per-request statistics:
         min:                                  2.63ms
         avg:                                  3.02ms
         max:                                  4.00ms
         approx.  95 percentile:               3.25ms

Threads fairness:
    events (avg/stddev):           1250.0000/78.28
    execution time (avg/stddev):   3.7784/0.00

sysbench 0.4.12:  multi-threaded system evaluation benchmark

Running the test with following options:
Number of threads: 10

Doing CPU performance benchmark

Threads started!
Done.

Maximum prime number checked in CPU test: 20000


Test execution summary:
    total time:                          3.0388s
    total number of events:              10000
    total time taken by event execution: 30.3654
    per-request statistics:
         min:                                  2.73ms
         avg:                                  3.04ms
         max:                                  4.09ms
         approx.  95 percentile:               3.26ms

Threads fairness:
    events (avg/stddev):           1000.0000/58.76
    execution time (avg/stddev):   3.0365/0.00

sysbench 0.4.12:  multi-threaded system evaluation benchmark

Running the test with following options:
Number of threads: 10

Doing CPU performance benchmark

Threads started!
Done.

Maximum prime number checked in CPU test: 20000


Test execution summary:
    total time:                          2.9409s
    total number of events:              10000
    total time taken by event execution: 29.3901
    per-request statistics:
         min:                                  2.82ms
         avg:                                  2.94ms
         max:                                  3.93ms
         approx.  95 percentile:               3.10ms

Threads fairness:
    events (avg/stddev):           1000.0000/23.44
    execution time (avg/stddev):   2.9390/0.00

sysbench 0.4.12:  multi-threaded system evaluation benchmark

Running the test with following options:
Number of threads: 10

Doing CPU performance benchmark

Threads started!
Done.

Maximum prime number checked in CPU test: 20000


Test execution summary:
    total time:                          2.9265s
    total number of events:              10000
    total time taken by event execution: 29.2448
    per-request statistics:
         min:                                  2.82ms
         avg:                                  2.92ms
         max:                                  3.87ms
         approx.  95 percentile:               3.02ms

Threads fairness:
    events (avg/stddev):           1000.0000/18.06
    execution time (avg/stddev):   2.9245/0.00

sysbench 0.4.12:  multi-threaded system evaluation benchmark

Running the test with following options:
Number of threads: 10

Doing CPU performance benchmark

Threads started!
Done.

Maximum prime number checked in CPU test: 20000


Test execution summary:
    total time:                          3.0008s
    total number of events:              10000
    total time taken by event execution: 29.9913
    per-request statistics:
         min:                                  2.81ms
         avg:                                  3.00ms
         max:                                  3.35ms
         approx.  95 percentile:               3.12ms

Threads fairness:
    events (avg/stddev):           1000.0000/11.82
    execution time (avg/stddev):   2.9991/0.00

sysbench 0.4.12:  multi-threaded system evaluation benchmark

Running the test with following options:
Number of threads: 10

Doing CPU performance benchmark

Threads started!
Done.

Maximum prime number checked in CPU test: 20000


Test execution summary:
    total time:                          2.9838s
    total number of events:              10000
    total time taken by event execution: 29.8188
    per-request statistics:
         min:                                  2.83ms
         avg:                                  2.98ms
         max:                                  3.81ms
         approx.  95 percentile:               3.13ms

Threads fairness:
    events (avg/stddev):           1000.0000/28.73
    execution time (avg/stddev):   2.9819/0.00

sysbench 0.4.12:  multi-threaded system evaluation benchmark

Running the test with following options:
Number of threads: 12

Doing CPU performance benchmark

Threads started!
Done.

Maximum prime number checked in CPU test: 20000


Test execution summary:
    total time:                          2.5230s
    total number of events:              10000
    total time taken by event execution: 30.2563
    per-request statistics:
         min:                                  2.64ms
         avg:                                  3.03ms
         max:                                  3.96ms
         approx.  95 percentile:               3.24ms

Threads fairness:
    events (avg/stddev):           833.3333/40.17
    execution time (avg/stddev):   2.5214/0.00

sysbench 0.4.12:  multi-threaded system evaluation benchmark

Running the test with following options:
Number of threads: 12

Doing CPU performance benchmark

Threads started!
Done.

Maximum prime number checked in CPU test: 20000


Test execution summary:
    total time:                          2.5668s
    total number of events:              10000
    total time taken by event execution: 30.7777
    per-request statistics:
         min:                                  2.83ms
         avg:                                  3.08ms
         max:                                  3.42ms
         approx.  95 percentile:               3.23ms

Threads fairness:
    events (avg/stddev):           833.3333/35.72
    execution time (avg/stddev):   2.5648/0.00

sysbench 0.4.12:  multi-threaded system evaluation benchmark

Running the test with following options:
Number of threads: 12

Doing CPU performance benchmark

Threads started!
Done.

Maximum prime number checked in CPU test: 20000


Test execution summary:
    total time:                          2.5852s
    total number of events:              10000
    total time taken by event execution: 30.9944
    per-request statistics:
         min:                                  2.64ms
         avg:                                  3.10ms
         max:                                  4.95ms
         approx.  95 percentile:               3.86ms

Threads fairness:
    events (avg/stddev):           833.3333/59.42
    execution time (avg/stddev):   2.5829/0.00

sysbench 0.4.12:  multi-threaded system evaluation benchmark

Running the test with following options:
Number of threads: 12

Doing CPU performance benchmark

Threads started!
Done.

Maximum prime number checked in CPU test: 20000


Test execution summary:
    total time:                          2.6198s
    total number of events:              10000
    total time taken by event execution: 31.4138
    per-request statistics:
         min:                                  2.93ms
         avg:                                  3.14ms
         max:                                  3.94ms
         approx.  95 percentile:               3.24ms

Threads fairness:
    events (avg/stddev):           833.3333/15.28
    execution time (avg/stddev):   2.6178/0.00

sysbench 0.4.12:  multi-threaded system evaluation benchmark

Running the test with following options:
Number of threads: 12

Doing CPU performance benchmark

Threads started!
Done.

Maximum prime number checked in CPU test: 20000


Test execution summary:
    total time:                          2.5670s
    total number of events:              10000
    total time taken by event execution: 30.7844
    per-request statistics:
         min:                                  2.93ms
         avg:                                  3.08ms
         max:                                  3.87ms
         approx.  95 percentile:               3.24ms

Threads fairness:
    events (avg/stddev):           833.3333/25.36
    execution time (avg/stddev):   2.5654/0.00

sysbench 0.4.12:  multi-threaded system evaluation benchmark

Running the test with following options:
Number of threads: 14

Doing CPU performance benchmark

Threads started!
Done.

Maximum prime number checked in CPU test: 20000


Test execution summary:
    total time:                          2.2564s
    total number of events:              10000
    total time taken by event execution: 31.5654
    per-request statistics:
         min:                                  2.84ms
         avg:                                  3.16ms
         max:                                  4.01ms
         approx.  95 percentile:               3.25ms

Threads fairness:
    events (avg/stddev):           714.2857/18.34
    execution time (avg/stddev):   2.2547/0.00

sysbench 0.4.12:  multi-threaded system evaluation benchmark

Running the test with following options:
Number of threads: 14

Doing CPU performance benchmark

Threads started!
Done.

Maximum prime number checked in CPU test: 20000


Test execution summary:
    total time:                          2.2619s
    total number of events:              10000
    total time taken by event execution: 31.6406
    per-request statistics:
         min:                                  2.95ms
         avg:                                  3.16ms
         max:                                  4.05ms
         approx.  95 percentile:               3.24ms

Threads fairness:
    events (avg/stddev):           714.2857/11.84
    execution time (avg/stddev):   2.2600/0.00

sysbench 0.4.12:  multi-threaded system evaluation benchmark

Running the test with following options:
Number of threads: 14

Doing CPU performance benchmark

Threads started!
Done.

Maximum prime number checked in CPU test: 20000


Test execution summary:
    total time:                          2.2634s
    total number of events:              10000
    total time taken by event execution: 31.6570
    per-request statistics:
         min:                                  2.97ms
         avg:                                  3.17ms
         max:                                  4.20ms
         approx.  95 percentile:               3.33ms

Threads fairness:
    events (avg/stddev):           714.2857/12.19
    execution time (avg/stddev):   2.2612/0.00

sysbench 0.4.12:  multi-threaded system evaluation benchmark

Running the test with following options:
Number of threads: 14

Doing CPU performance benchmark

Threads started!
Done.

Maximum prime number checked in CPU test: 20000


Test execution summary:
    total time:                          2.3069s
    total number of events:              10000
    total time taken by event execution: 32.2708
    per-request statistics:
         min:                                  2.99ms
         avg:                                  3.23ms
         max:                                  5.15ms
         approx.  95 percentile:               3.26ms

Threads fairness:
    events (avg/stddev):           714.2857/1.44
    execution time (avg/stddev):   2.3051/0.00

sysbench 0.4.12:  multi-threaded system evaluation benchmark

Running the test with following options:
Number of threads: 14

Doing CPU performance benchmark

Threads started!
Done.

Maximum prime number checked in CPU test: 20000


Test execution summary:
    total time:                          2.2711s
    total number of events:              10000
    total time taken by event execution: 31.7677
    per-request statistics:
         min:                                  3.00ms
         avg:                                  3.18ms
         max:                                  5.13ms
         approx.  95 percentile:               3.25ms

Threads fairness:
    events (avg/stddev):           714.2857/15.52
    execution time (avg/stddev):   2.2691/0.00

sysbench 0.4.12:  multi-threaded system evaluation benchmark

Running the test with following options:
Number of threads: 16

Doing CPU performance benchmark

Threads started!
Done.

Maximum prime number checked in CPU test: 20000


Test execution summary:
    total time:                          2.0362s
    total number of events:              10000
    total time taken by event execution: 32.5509
    per-request statistics:
         min:                                  2.77ms
         avg:                                  3.26ms
         max:                                  5.52ms
         approx.  95 percentile:               3.61ms

Threads fairness:
    events (avg/stddev):           625.0000/27.87
    execution time (avg/stddev):   2.0344/0.00

sysbench 0.4.12:  multi-threaded system evaluation benchmark

Running the test with following options:
Number of threads: 16

Doing CPU performance benchmark

Threads started!
Done.

Maximum prime number checked in CPU test: 20000


Test execution summary:
    total time:                          2.0505s
    total number of events:              10000
    total time taken by event execution: 32.7782
    per-request statistics:
         min:                                  3.06ms
         avg:                                  3.28ms
         max:                                 11.59ms
         approx.  95 percentile:               3.87ms

Threads fairness:
    events (avg/stddev):           625.0000/13.44
    execution time (avg/stddev):   2.0486/0.00

sysbench 0.4.12:  multi-threaded system evaluation benchmark

Running the test with following options:
Number of threads: 16

Doing CPU performance benchmark

Threads started!
Done.

Maximum prime number checked in CPU test: 20000


Test execution summary:
    total time:                          2.0861s
    total number of events:              10000
    total time taken by event execution: 33.3327
    per-request statistics:
         min:                                  2.84ms
         avg:                                  3.33ms
         max:                                 12.61ms
         approx.  95 percentile:               3.88ms

Threads fairness:
    events (avg/stddev):           625.0000/37.44
    execution time (avg/stddev):   2.0833/0.00

sysbench 0.4.12:  multi-threaded system evaluation benchmark

Running the test with following options:
Number of threads: 16

Doing CPU performance benchmark

Threads started!
Done.

Maximum prime number checked in CPU test: 20000


Test execution summary:
    total time:                          2.1076s
    total number of events:              10000
    total time taken by event execution: 33.6844
    per-request statistics:
         min:                                  3.07ms
         avg:                                  3.37ms
         max:                                  5.65ms
         approx.  95 percentile:               3.91ms

Threads fairness:
    events (avg/stddev):           625.0000/36.93
    execution time (avg/stddev):   2.1053/0.00

sysbench 0.4.12:  multi-threaded system evaluation benchmark

Running the test with following options:
Number of threads: 16

Doing CPU performance benchmark

Threads started!
Done.

Maximum prime number checked in CPU test: 20000


Test execution summary:
    total time:                          2.0963s
    total number of events:              10000
    total time taken by event execution: 33.4984
    per-request statistics:
         min:                                  2.66ms
         avg:                                  3.35ms
         max:                                 12.68ms
         approx.  95 percentile:               3.89ms

Threads fairness:
    events (avg/stddev):           625.0000/26.70
    execution time (avg/stddev):   2.0937/0.00

sysbench 0.4.12:  multi-threaded system evaluation benchmark

Running the test with following options:
Number of threads: 18

Doing CPU performance benchmark

Threads started!
Done.

Maximum prime number checked in CPU test: 20000


Test execution summary:
    total time:                          1.8917s
    total number of events:              10000
    total time taken by event execution: 34.0149
    per-request statistics:
         min:                                  3.08ms
         avg:                                  3.40ms
         max:                                  4.89ms
         approx.  95 percentile:               3.92ms

Threads fairness:
    events (avg/stddev):           555.5556/34.94
    execution time (avg/stddev):   1.8897/0.00

sysbench 0.4.12:  multi-threaded system evaluation benchmark

Running the test with following options:
Number of threads: 18

Doing CPU performance benchmark

Threads started!
Done.

Maximum prime number checked in CPU test: 20000


Test execution summary:
    total time:                          1.8694s
    total number of events:              10000
    total time taken by event execution: 33.6111
    per-request statistics:
         min:                                  3.18ms
         avg:                                  3.36ms
         max:                                  4.75ms
         approx.  95 percentile:               3.87ms

Threads fairness:
    events (avg/stddev):           555.5556/36.42
    execution time (avg/stddev):   1.8673/0.00

sysbench 0.4.12:  multi-threaded system evaluation benchmark

Running the test with following options:
Number of threads: 18

Doing CPU performance benchmark

Threads started!
Done.

Maximum prime number checked in CPU test: 20000


Test execution summary:
    total time:                          1.8710s
    total number of events:              10000
    total time taken by event execution: 33.6364
    per-request statistics:
         min:                                  3.06ms
         avg:                                  3.36ms
         max:                                  4.94ms
         approx.  95 percentile:               3.88ms

Threads fairness:
    events (avg/stddev):           555.5556/36.40
    execution time (avg/stddev):   1.8687/0.00

sysbench 0.4.12:  multi-threaded system evaluation benchmark

Running the test with following options:
Number of threads: 18

Doing CPU performance benchmark

Threads started!
Done.

Maximum prime number checked in CPU test: 20000


Test execution summary:
    total time:                          1.8673s
    total number of events:              10000
    total time taken by event execution: 33.5681
    per-request statistics:
         min:                                  3.18ms
         avg:                                  3.36ms
         max:                                  6.06ms
         approx.  95 percentile:               3.87ms

Threads fairness:
    events (avg/stddev):           555.5556/37.94
    execution time (avg/stddev):   1.8649/0.00

sysbench 0.4.12:  multi-threaded system evaluation benchmark

Running the test with following options:
Number of threads: 18

Doing CPU performance benchmark

Threads started!
Done.

Maximum prime number checked in CPU test: 20000


Test execution summary:
    total time:                          1.8710s
    total number of events:              10000
    total time taken by event execution: 33.6424
    per-request statistics:
         min:                                  2.97ms
         avg:                                  3.36ms
         max:                                  4.73ms
         approx.  95 percentile:               3.88ms

Threads fairness:
    events (avg/stddev):           555.5556/37.16
    execution time (avg/stddev):   1.8690/0.00

sysbench 0.4.12:  multi-threaded system evaluation benchmark

Running the test with following options:
Number of threads: 20

Doing CPU performance benchmark

Threads started!
Done.

Maximum prime number checked in CPU test: 20000


Test execution summary:
    total time:                          1.7565s
    total number of events:              10000
    total time taken by event execution: 35.0611
    per-request statistics:
         min:                                  2.99ms
         avg:                                  3.51ms
         max:                                  5.98ms
         approx.  95 percentile:               3.90ms

Threads fairness:
    events (avg/stddev):           500.0000/38.25
    execution time (avg/stddev):   1.7531/0.00

sysbench 0.4.12:  multi-threaded system evaluation benchmark

Running the test with following options:
Number of threads: 20

Doing CPU performance benchmark

Threads started!
Done.

Maximum prime number checked in CPU test: 20000


Test execution summary:
    total time:                          1.7388s
    total number of events:              10000
    total time taken by event execution: 34.7334
    per-request statistics:
         min:                                  3.07ms
         avg:                                  3.47ms
         max:                                  5.73ms
         approx.  95 percentile:               3.90ms

Threads fairness:
    events (avg/stddev):           500.0000/40.59
    execution time (avg/stddev):   1.7367/0.00

sysbench 0.4.12:  multi-threaded system evaluation benchmark

Running the test with following options:
Number of threads: 20

Doing CPU performance benchmark

Threads started!
Done.

Maximum prime number checked in CPU test: 20000


Test execution summary:
    total time:                          1.7361s
    total number of events:              10000
    total time taken by event execution: 34.6657
    per-request statistics:
         min:                                  3.18ms
         avg:                                  3.47ms
         max:                                  4.78ms
         approx.  95 percentile:               3.90ms

Threads fairness:
    events (avg/stddev):           500.0000/43.49
    execution time (avg/stddev):   1.7333/0.00

sysbench 0.4.12:  multi-threaded system evaluation benchmark

Running the test with following options:
Number of threads: 20

Doing CPU performance benchmark

Threads started!
Done.

Maximum prime number checked in CPU test: 20000


Test execution summary:
    total time:                          1.7555s
    total number of events:              10000
    total time taken by event execution: 35.0481
    per-request statistics:
         min:                                  3.07ms
         avg:                                  3.50ms
         max:                                  5.41ms
         approx.  95 percentile:               3.90ms

Threads fairness:
    events (avg/stddev):           500.0000/33.55
    execution time (avg/stddev):   1.7524/0.00

sysbench 0.4.12:  multi-threaded system evaluation benchmark

Running the test with following options:
Number of threads: 20

Doing CPU performance benchmark

Threads started!
Done.

Maximum prime number checked in CPU test: 20000


Test execution summary:
    total time:                          1.7360s
    total number of events:              10000
    total time taken by event execution: 34.6725
    per-request statistics:
         min:                                  3.15ms
         avg:                                  3.47ms
         max:                                  4.79ms
         approx.  95 percentile:               3.90ms

Threads fairness:
    events (avg/stddev):           500.0000/43.59
    execution time (avg/stddev):   1.7336/0.00

sysbench 0.4.12:  multi-threaded system evaluation benchmark

Running the test with following options:
Number of threads: 22

Doing CPU performance benchmark

Threads started!
Done.

Maximum prime number checked in CPU test: 20000


Test execution summary:
    total time:                          1.6200s
    total number of events:              10000
    total time taken by event execution: 35.5752
    per-request statistics:
         min:                                  3.19ms
         avg:                                  3.56ms
         max:                                  5.82ms
         approx.  95 percentile:               3.90ms

Threads fairness:
    events (avg/stddev):           454.5455/41.41
    execution time (avg/stddev):   1.6171/0.00

sysbench 0.4.12:  multi-threaded system evaluation benchmark

Running the test with following options:
Number of threads: 22

Doing CPU performance benchmark

Threads started!
Done.

Maximum prime number checked in CPU test: 20000


Test execution summary:
    total time:                          1.6203s
    total number of events:              10000
    total time taken by event execution: 35.5873
    per-request statistics:
         min:                                  3.19ms
         avg:                                  3.56ms
         max:                                  5.71ms
         approx.  95 percentile:               3.90ms

Threads fairness:
    events (avg/stddev):           454.5455/41.32
    execution time (avg/stddev):   1.6176/0.00

sysbench 0.4.12:  multi-threaded system evaluation benchmark

Running the test with following options:
Number of threads: 22

Doing CPU performance benchmark

Threads started!
Done.

Maximum prime number checked in CPU test: 20000


Test execution summary:
    total time:                          1.6196s
    total number of events:              10000
    total time taken by event execution: 35.5895
    per-request statistics:
         min:                                  3.18ms
         avg:                                  3.56ms
         max:                                  7.17ms
         approx.  95 percentile:               3.90ms

Threads fairness:
    events (avg/stddev):           454.5455/34.69
    execution time (avg/stddev):   1.6177/0.00

sysbench 0.4.12:  multi-threaded system evaluation benchmark

Running the test with following options:
Number of threads: 22

Doing CPU performance benchmark

Threads started!
Done.

Maximum prime number checked in CPU test: 20000


Test execution summary:
    total time:                          1.6200s
    total number of events:              10000
    total time taken by event execution: 35.5859
    per-request statistics:
         min:                                  3.12ms
         avg:                                  3.56ms
         max:                                  5.07ms
         approx.  95 percentile:               3.90ms

Threads fairness:
    events (avg/stddev):           454.5455/39.74
    execution time (avg/stddev):   1.6175/0.00

sysbench 0.4.12:  multi-threaded system evaluation benchmark

Running the test with following options:
Number of threads: 22

Doing CPU performance benchmark

Threads started!
Done.

Maximum prime number checked in CPU test: 20000


Test execution summary:
    total time:                          1.6209s
    total number of events:              10000
    total time taken by event execution: 35.5520
    per-request statistics:
         min:                                  2.84ms
         avg:                                  3.56ms
         max:                                  4.94ms
         approx.  95 percentile:               3.90ms

Threads fairness:
    events (avg/stddev):           454.5455/41.09
    execution time (avg/stddev):   1.6160/0.00

sysbench 0.4.12:  multi-threaded system evaluation benchmark

Running the test with following options:
Number of threads: 24

Doing CPU performance benchmark

Threads started!
Done.

Maximum prime number checked in CPU test: 20000


Test execution summary:
    total time:                          1.5202s
    total number of events:              10000
    total time taken by event execution: 36.4122
    per-request statistics:
         min:                                  3.14ms
         avg:                                  3.64ms
         max:                                  8.30ms
         approx.  95 percentile:               3.90ms

Threads fairness:
    events (avg/stddev):           416.6667/36.86
    execution time (avg/stddev):   1.5172/0.00

sysbench 0.4.12:  multi-threaded system evaluation benchmark

Running the test with following options:
Number of threads: 24

Doing CPU performance benchmark

Threads started!
Done.

Maximum prime number checked in CPU test: 20000


Test execution summary:
    total time:                          1.5208s
    total number of events:              10000
    total time taken by event execution: 36.3992
    per-request statistics:
         min:                                  3.19ms
         avg:                                  3.64ms
         max:                                  4.93ms
         approx.  95 percentile:               3.90ms

Threads fairness:
    events (avg/stddev):           416.6667/32.78
    execution time (avg/stddev):   1.5166/0.00

sysbench 0.4.12:  multi-threaded system evaluation benchmark

Running the test with following options:
Number of threads: 24

Doing CPU performance benchmark

Threads started!
Done.

Maximum prime number checked in CPU test: 20000


Test execution summary:
    total time:                          1.5187s
    total number of events:              10000
    total time taken by event execution: 36.3772
    per-request statistics:
         min:                                  3.19ms
         avg:                                  3.64ms
         max:                                  4.87ms
         approx.  95 percentile:               3.90ms

Threads fairness:
    events (avg/stddev):           416.6667/36.40
    execution time (avg/stddev):   1.5157/0.00

sysbench 0.4.12:  multi-threaded system evaluation benchmark

Running the test with following options:
Number of threads: 24

Doing CPU performance benchmark

Threads started!
Done.

Maximum prime number checked in CPU test: 20000


Test execution summary:
    total time:                          1.5203s
    total number of events:              10000
    total time taken by event execution: 36.3912
    per-request statistics:
         min:                                  3.19ms
         avg:                                  3.64ms
         max:                                  8.89ms
         approx.  95 percentile:               3.90ms

Threads fairness:
    events (avg/stddev):           416.6667/35.13
    execution time (avg/stddev):   1.5163/0.00

sysbench 0.4.12:  multi-threaded system evaluation benchmark

Running the test with following options:
Number of threads: 24

Doing CPU performance benchmark

Threads started!
Done.

Maximum prime number checked in CPU test: 20000


Test execution summary:
    total time:                          1.5198s
    total number of events:              10000
    total time taken by event execution: 36.4146
    per-request statistics:
         min:                                  3.18ms
         avg:                                  3.64ms
         max:                                  8.55ms
         approx.  95 percentile:               3.90ms

Threads fairness:
    events (avg/stddev):           416.6667/35.50
    execution time (avg/stddev):   1.5173/0.00

sysbench 0.4.12:  multi-threaded system evaluation benchmark

Running the test with following options:
Number of threads: 26

Doing CPU performance benchmark

Threads started!
Done.

Maximum prime number checked in CPU test: 20000


Test execution summary:
    total time:                          1.4309s
    total number of events:              10000
    total time taken by event execution: 37.1126
    per-request statistics:
         min:                                  3.19ms
         avg:                                  3.71ms
         max:                                  9.28ms
         approx.  95 percentile:               3.90ms

Threads fairness:
    events (avg/stddev):           384.6154/30.56
    execution time (avg/stddev):   1.4274/0.00

sysbench 0.4.12:  multi-threaded system evaluation benchmark

Running the test with following options:
Number of threads: 26

Doing CPU performance benchmark

Threads started!
Done.

Maximum prime number checked in CPU test: 20000


Test execution summary:
    total time:                          1.4302s
    total number of events:              10000
    total time taken by event execution: 37.1009
    per-request statistics:
         min:                                  3.14ms
         avg:                                  3.71ms
         max:                                  6.85ms
         approx.  95 percentile:               3.90ms

Threads fairness:
    events (avg/stddev):           384.6154/30.28
    execution time (avg/stddev):   1.4270/0.00

sysbench 0.4.12:  multi-threaded system evaluation benchmark

Running the test with following options:
Number of threads: 26

Doing CPU performance benchmark

Threads started!
Done.

Maximum prime number checked in CPU test: 20000


Test execution summary:
    total time:                          1.4322s
    total number of events:              10000
    total time taken by event execution: 37.1247
    per-request statistics:
         min:                                  3.08ms
         avg:                                  3.71ms
         max:                                  6.76ms
         approx.  95 percentile:               3.90ms

Threads fairness:
    events (avg/stddev):           384.6154/30.51
    execution time (avg/stddev):   1.4279/0.00

sysbench 0.4.12:  multi-threaded system evaluation benchmark

Running the test with following options:
Number of threads: 26

Doing CPU performance benchmark

Threads started!
Done.

Maximum prime number checked in CPU test: 20000


Test execution summary:
    total time:                          1.4312s
    total number of events:              10000
    total time taken by event execution: 37.1252
    per-request statistics:
         min:                                  3.19ms
         avg:                                  3.71ms
         max:                                  7.95ms
         approx.  95 percentile:               3.90ms

Threads fairness:
    events (avg/stddev):           384.6154/28.41
    execution time (avg/stddev):   1.4279/0.00

sysbench 0.4.12:  multi-threaded system evaluation benchmark

Running the test with following options:
Number of threads: 26

Doing CPU performance benchmark

Threads started!
Done.

Maximum prime number checked in CPU test: 20000


Test execution summary:
    total time:                          1.4323s
    total number of events:              10000
    total time taken by event execution: 37.1379
    per-request statistics:
         min:                                  3.20ms
         avg:                                  3.71ms
         max:                                  9.14ms
         approx.  95 percentile:               3.90ms

Threads fairness:
    events (avg/stddev):           384.6154/31.27
    execution time (avg/stddev):   1.4284/0.00

sysbench 0.4.12:  multi-threaded system evaluation benchmark

Running the test with following options:
Number of threads: 28

Doing CPU performance benchmark

Threads started!
Done.

Maximum prime number checked in CPU test: 20000


Test execution summary:
    total time:                          1.3517s
    total number of events:              10000
    total time taken by event execution: 37.7459
    per-request statistics:
         min:                                  3.20ms
         avg:                                  3.77ms
         max:                                  6.12ms
         approx.  95 percentile:               3.90ms

Threads fairness:
    events (avg/stddev):           357.1429/24.26
    execution time (avg/stddev):   1.3481/0.00

sysbench 0.4.12:  multi-threaded system evaluation benchmark

Running the test with following options:
Number of threads: 28

Doing CPU performance benchmark

Threads started!
Done.

Maximum prime number checked in CPU test: 20000


Test execution summary:
    total time:                          1.3525s
    total number of events:              10000
    total time taken by event execution: 37.7519
    per-request statistics:
         min:                                  3.19ms
         avg:                                  3.78ms
         max:                                 19.36ms
         approx.  95 percentile:               3.90ms

Threads fairness:
    events (avg/stddev):           357.1429/23.07
    execution time (avg/stddev):   1.3483/0.00

sysbench 0.4.12:  multi-threaded system evaluation benchmark

Running the test with following options:
Number of threads: 28

Doing CPU performance benchmark

Threads started!
Done.

Maximum prime number checked in CPU test: 20000


Test execution summary:
    total time:                          1.3539s
    total number of events:              10000
    total time taken by event execution: 37.7461
    per-request statistics:
         min:                                  3.16ms
         avg:                                  3.77ms
         max:                                 16.86ms
         approx.  95 percentile:               3.90ms

Threads fairness:
    events (avg/stddev):           357.1429/22.18
    execution time (avg/stddev):   1.3481/0.01

sysbench 0.4.12:  multi-threaded system evaluation benchmark

Running the test with following options:
Number of threads: 28

Doing CPU performance benchmark

Threads started!
Done.

Maximum prime number checked in CPU test: 20000


Test execution summary:
    total time:                          1.3539s
    total number of events:              10000
    total time taken by event execution: 37.7519
    per-request statistics:
         min:                                  3.19ms
         avg:                                  3.78ms
         max:                                 20.89ms
         approx.  95 percentile:               3.90ms

Threads fairness:
    events (avg/stddev):           357.1429/24.65
    execution time (avg/stddev):   1.3483/0.01

sysbench 0.4.12:  multi-threaded system evaluation benchmark

Running the test with following options:
Number of threads: 28

Doing CPU performance benchmark

Threads started!
Done.

Maximum prime number checked in CPU test: 20000


Test execution summary:
    total time:                          1.3550s
    total number of events:              10000
    total time taken by event execution: 37.7511
    per-request statistics:
         min:                                  3.16ms
         avg:                                  3.78ms
         max:                                 17.89ms
         approx.  95 percentile:               3.90ms

Threads fairness:
    events (avg/stddev):           357.1429/23.89
    execution time (avg/stddev):   1.3483/0.01

sysbench 0.4.12:  multi-threaded system evaluation benchmark

Running the test with following options:
Number of threads: 30

Doing CPU performance benchmark

Threads started!
Done.

Maximum prime number checked in CPU test: 20000


Test execution summary:
    total time:                          1.2815s
    total number of events:              10000
    total time taken by event execution: 38.2930
    per-request statistics:
         min:                                  3.20ms
         avg:                                  3.83ms
         max:                                 11.86ms
         approx.  95 percentile:               3.90ms

Threads fairness:
    events (avg/stddev):           333.3333/14.46
    execution time (avg/stddev):   1.2764/0.00

sysbench 0.4.12:  multi-threaded system evaluation benchmark

Running the test with following options:
Number of threads: 30

Doing CPU performance benchmark

Threads started!
Done.

Maximum prime number checked in CPU test: 20000


Test execution summary:
    total time:                          1.2840s
    total number of events:              10000
    total time taken by event execution: 38.3316
    per-request statistics:
         min:                                  3.20ms
         avg:                                  3.83ms
         max:                                 35.76ms
         approx.  95 percentile:               3.90ms

Threads fairness:
    events (avg/stddev):           333.3333/14.35
    execution time (avg/stddev):   1.2777/0.01

sysbench 0.4.12:  multi-threaded system evaluation benchmark

Running the test with following options:
Number of threads: 30

Doing CPU performance benchmark

Threads started!
Done.

Maximum prime number checked in CPU test: 20000


Test execution summary:
    total time:                          1.2815s
    total number of events:              10000
    total time taken by event execution: 38.3150
    per-request statistics:
         min:                                  3.20ms
         avg:                                  3.83ms
         max:                                 11.86ms
         approx.  95 percentile:               3.90ms

Threads fairness:
    events (avg/stddev):           333.3333/16.52
    execution time (avg/stddev):   1.2772/0.00

sysbench 0.4.12:  multi-threaded system evaluation benchmark

Running the test with following options:
Number of threads: 30

Doing CPU performance benchmark

Threads started!
Done.

Maximum prime number checked in CPU test: 20000


Test execution summary:
    total time:                          1.2839s
    total number of events:              10000
    total time taken by event execution: 38.3643
    per-request statistics:
         min:                                  3.19ms
         avg:                                  3.84ms
         max:                                 18.90ms
         approx.  95 percentile:               3.90ms

Threads fairness:
    events (avg/stddev):           333.3333/13.42
    execution time (avg/stddev):   1.2788/0.00

sysbench 0.4.12:  multi-threaded system evaluation benchmark

Running the test with following options:
Number of threads: 30

Doing CPU performance benchmark

Threads started!
Done.

Maximum prime number checked in CPU test: 20000


Test execution summary:
    total time:                          1.2822s
    total number of events:              10000
    total time taken by event execution: 38.2962
    per-request statistics:
         min:                                  3.21ms
         avg:                                  3.83ms
         max:                                 16.78ms
         approx.  95 percentile:               3.90ms

Threads fairness:
    events (avg/stddev):           333.3333/13.25
    execution time (avg/stddev):   1.2765/0.01

sysbench 0.4.12:  multi-threaded system evaluation benchmark

Running the test with following options:
Number of threads: 32

Doing CPU performance benchmark

Threads started!
Done.

Maximum prime number checked in CPU test: 20000


Test execution summary:
    total time:                          1.2231s
    total number of events:              10000
    total time taken by event execution: 38.9162
    per-request statistics:
         min:                                  3.21ms
         avg:                                  3.89ms
         max:                                 16.86ms
         approx.  95 percentile:               3.90ms

Threads fairness:
    events (avg/stddev):           312.5000/5.06
    execution time (avg/stddev):   1.2161/0.01

sysbench 0.4.12:  multi-threaded system evaluation benchmark

Running the test with following options:
Number of threads: 32

Doing CPU performance benchmark

Threads started!
Done.

Maximum prime number checked in CPU test: 20000


Test execution summary:
    total time:                          1.2201s
    total number of events:              10000
    total time taken by event execution: 38.8482
    per-request statistics:
         min:                                  3.21ms
         avg:                                  3.88ms
         max:                                 25.80ms
         approx.  95 percentile:               3.90ms

Threads fairness:
    events (avg/stddev):           312.5000/2.02
    execution time (avg/stddev):   1.2140/0.01

sysbench 0.4.12:  multi-threaded system evaluation benchmark

Running the test with following options:
Number of threads: 32

Doing CPU performance benchmark

Threads started!
Done.

Maximum prime number checked in CPU test: 20000


Test execution summary:
    total time:                          1.2190s
    total number of events:              10000
    total time taken by event execution: 38.7898
    per-request statistics:
         min:                                  3.20ms
         avg:                                  3.88ms
         max:                                 10.16ms
         approx.  95 percentile:               3.90ms

Threads fairness:
    events (avg/stddev):           312.5000/1.77
    execution time (avg/stddev):   1.2122/0.01

sysbench 0.4.12:  multi-threaded system evaluation benchmark

Running the test with following options:
Number of threads: 32

Doing CPU performance benchmark

Threads started!
Done.

Maximum prime number checked in CPU test: 20000


Test execution summary:
    total time:                          1.2183s
    total number of events:              10000
    total time taken by event execution: 38.7812
    per-request statistics:
         min:                                  3.21ms
         avg:                                  3.88ms
         max:                                 10.89ms
         approx.  95 percentile:               3.90ms

Threads fairness:
    events (avg/stddev):           312.5000/1.87
    execution time (avg/stddev):   1.2119/0.01

sysbench 0.4.12:  multi-threaded system evaluation benchmark

Running the test with following options:
Number of threads: 32

Doing CPU performance benchmark

Threads started!
Done.

Maximum prime number checked in CPU test: 20000


Test execution summary:
    total time:                          1.2214s
    total number of events:              10000
    total time taken by event execution: 38.7795
    per-request statistics:
         min:                                  3.19ms
         avg:                                  3.88ms
         max:                                 18.82ms
         approx.  95 percentile:               3.90ms

Threads fairness:
    events (avg/stddev):           312.5000/3.23
    execution time (avg/stddev):   1.2119/0.01

sysbench 0.4.12:  multi-threaded system evaluation benchmark

Running the test with following options:
Number of threads: 34

Doing CPU performance benchmark

Threads started!
Done.

Maximum prime number checked in CPU test: 20000


Test execution summary:
    total time:                          1.2188s
    total number of events:              10000
    total time taken by event execution: 41.1500
    per-request statistics:
         min:                                  3.20ms
         avg:                                  4.12ms
         max:                                 27.88ms
         approx.  95 percentile:               3.90ms

Threads fairness:
    events (avg/stddev):           294.1176/29.65
    execution time (avg/stddev):   1.2103/0.01

sysbench 0.4.12:  multi-threaded system evaluation benchmark

Running the test with following options:
Number of threads: 34

Doing CPU performance benchmark

Threads started!
Done.

Maximum prime number checked in CPU test: 20000


Test execution summary:
    total time:                          1.2189s
    total number of events:              10000
    total time taken by event execution: 41.1370
    per-request statistics:
         min:                                  3.21ms
         avg:                                  4.11ms
         max:                                 48.87ms
         approx.  95 percentile:               3.90ms

Threads fairness:
    events (avg/stddev):           294.1176/25.18
    execution time (avg/stddev):   1.2099/0.01

sysbench 0.4.12:  multi-threaded system evaluation benchmark

Running the test with following options:
Number of threads: 34

Doing CPU performance benchmark

Threads started!
Done.

Maximum prime number checked in CPU test: 20000


Test execution summary:
    total time:                          1.2192s
    total number of events:              10000
    total time taken by event execution: 41.2019
    per-request statistics:
         min:                                  3.20ms
         avg:                                  4.12ms
         max:                                 35.78ms
         approx.  95 percentile:               3.90ms

Threads fairness:
    events (avg/stddev):           294.1176/33.29
    execution time (avg/stddev):   1.2118/0.01

sysbench 0.4.12:  multi-threaded system evaluation benchmark

Running the test with following options:
Number of threads: 34

Doing CPU performance benchmark

Threads started!
Done.

Maximum prime number checked in CPU test: 20000


Test execution summary:
    total time:                          1.2213s
    total number of events:              10000
    total time taken by event execution: 41.1715
    per-request statistics:
         min:                                  3.20ms
         avg:                                  4.12ms
         max:                                 34.85ms
         approx.  95 percentile:               3.90ms

Threads fairness:
    events (avg/stddev):           294.1176/20.06
    execution time (avg/stddev):   1.2109/0.01

sysbench 0.4.12:  multi-threaded system evaluation benchmark

Running the test with following options:
Number of threads: 34

Doing CPU performance benchmark

Threads started!
Done.

Maximum prime number checked in CPU test: 20000


Test execution summary:
    total time:                          1.2230s
    total number of events:              10000
    total time taken by event execution: 41.1683
    per-request statistics:
         min:                                  2.94ms
         avg:                                  4.12ms
         max:                                 48.88ms
         approx.  95 percentile:               3.90ms

Threads fairness:
    events (avg/stddev):           294.1176/24.53
    execution time (avg/stddev):   1.2108/0.02

Thu Oct 26 10:50:16 KST 2017
