Tue Oct 24 15:52:51 KST 2017
sysbench 0.4.12:  multi-threaded system evaluation benchmark

Running the test with following options:
Number of threads: 1

Doing CPU performance benchmark

Threads started!
Done.

Maximum prime number checked in CPU test: 20000


Test execution summary:
    total time:                          24.9416s
    total number of events:              10000
    total time taken by event execution: 24.9407
    per-request statistics:
         min:                                  2.49ms
         avg:                                  2.49ms
         max:                                  6.52ms
         approx.  95 percentile:               2.49ms

Threads fairness:
    events (avg/stddev):           10000.0000/0.00
    execution time (avg/stddev):   24.9407/0.00

sysbench 0.4.12:  multi-threaded system evaluation benchmark

Running the test with following options:
Number of threads: 1

Doing CPU performance benchmark

Threads started!
Done.

Maximum prime number checked in CPU test: 20000


Test execution summary:
    total time:                          24.9713s
    total number of events:              10000
    total time taken by event execution: 24.9705
    per-request statistics:
         min:                                  2.38ms
         avg:                                  2.50ms
         max:                                  6.39ms
         approx.  95 percentile:               2.50ms

Threads fairness:
    events (avg/stddev):           10000.0000/0.00
    execution time (avg/stddev):   24.9705/0.00

sysbench 0.4.12:  multi-threaded system evaluation benchmark

Running the test with following options:
Number of threads: 1

Doing CPU performance benchmark

Threads started!
Done.

Maximum prime number checked in CPU test: 20000


Test execution summary:
    total time:                          24.9530s
    total number of events:              10000
    total time taken by event execution: 24.9520
    per-request statistics:
         min:                                  2.37ms
         avg:                                  2.50ms
         max:                                  3.22ms
         approx.  95 percentile:               2.50ms

Threads fairness:
    events (avg/stddev):           10000.0000/0.00
    execution time (avg/stddev):   24.9520/0.00

sysbench 0.4.12:  multi-threaded system evaluation benchmark

Running the test with following options:
Number of threads: 1

Doing CPU performance benchmark

Threads started!
Done.

Maximum prime number checked in CPU test: 20000


Test execution summary:
    total time:                          25.1363s
    total number of events:              10000
    total time taken by event execution: 25.1354
    per-request statistics:
         min:                                  2.38ms
         avg:                                  2.51ms
         max:                                  2.84ms
         approx.  95 percentile:               2.61ms

Threads fairness:
    events (avg/stddev):           10000.0000/0.00
    execution time (avg/stddev):   25.1354/0.00

sysbench 0.4.12:  multi-threaded system evaluation benchmark

Running the test with following options:
Number of threads: 1

Doing CPU performance benchmark

Threads started!
Done.

Maximum prime number checked in CPU test: 20000


Test execution summary:
    total time:                          25.0439s
    total number of events:              10000
    total time taken by event execution: 25.0431
    per-request statistics:
         min:                                  2.48ms
         avg:                                  2.50ms
         max:                                  3.05ms
         approx.  95 percentile:               2.55ms

Threads fairness:
    events (avg/stddev):           10000.0000/0.00
    execution time (avg/stddev):   25.0431/0.00

sysbench 0.4.12:  multi-threaded system evaluation benchmark

Running the test with following options:
Number of threads: 2

Doing CPU performance benchmark

Threads started!
Done.

Maximum prime number checked in CPU test: 20000


Test execution summary:
    total time:                          12.5212s
    total number of events:              10000
    total time taken by event execution: 25.0373
    per-request statistics:
         min:                                  2.49ms
         avg:                                  2.50ms
         max:                                  7.02ms
         approx.  95 percentile:               2.50ms

Threads fairness:
    events (avg/stddev):           5000.0000/9.00
    execution time (avg/stddev):   12.5187/0.00

sysbench 0.4.12:  multi-threaded system evaluation benchmark

Running the test with following options:
Number of threads: 2

Doing CPU performance benchmark

Threads started!
Done.

Maximum prime number checked in CPU test: 20000


Test execution summary:
    total time:                          12.5294s
    total number of events:              10000
    total time taken by event execution: 25.0537
    per-request statistics:
         min:                                  2.49ms
         avg:                                  2.51ms
         max:                                  6.32ms
         approx.  95 percentile:               2.61ms

Threads fairness:
    events (avg/stddev):           5000.0000/3.00
    execution time (avg/stddev):   12.5268/0.00

sysbench 0.4.12:  multi-threaded system evaluation benchmark

Running the test with following options:
Number of threads: 2

Doing CPU performance benchmark

Threads started!
Done.

Maximum prime number checked in CPU test: 20000


Test execution summary:
    total time:                          12.5138s
    total number of events:              10000
    total time taken by event execution: 25.0239
    per-request statistics:
         min:                                  2.37ms
         avg:                                  2.50ms
         max:                                  6.34ms
         approx.  95 percentile:               2.50ms

Threads fairness:
    events (avg/stddev):           5000.0000/8.00
    execution time (avg/stddev):   12.5120/0.00

sysbench 0.4.12:  multi-threaded system evaluation benchmark

Running the test with following options:
Number of threads: 2

Doing CPU performance benchmark

Threads started!
Done.

Maximum prime number checked in CPU test: 20000


Test execution summary:
    total time:                          12.5036s
    total number of events:              10000
    total time taken by event execution: 25.0042
    per-request statistics:
         min:                                  2.38ms
         avg:                                  2.50ms
         max:                                  6.28ms
         approx.  95 percentile:               2.50ms

Threads fairness:
    events (avg/stddev):           5000.0000/3.00
    execution time (avg/stddev):   12.5021/0.00

sysbench 0.4.12:  multi-threaded system evaluation benchmark

Running the test with following options:
Number of threads: 2

Doing CPU performance benchmark

Threads started!
Done.

Maximum prime number checked in CPU test: 20000


Test execution summary:
    total time:                          12.4962s
    total number of events:              10000
    total time taken by event execution: 24.9884
    per-request statistics:
         min:                                  2.49ms
         avg:                                  2.50ms
         max:                                  6.26ms
         approx.  95 percentile:               2.50ms

Threads fairness:
    events (avg/stddev):           5000.0000/3.00
    execution time (avg/stddev):   12.4942/0.00

sysbench 0.4.12:  multi-threaded system evaluation benchmark

Running the test with following options:
Number of threads: 4

Doing CPU performance benchmark

Threads started!
Done.

Maximum prime number checked in CPU test: 20000


Test execution summary:
    total time:                          6.5843s
    total number of events:              10000
    total time taken by event execution: 26.3294
    per-request statistics:
         min:                                  2.49ms
         avg:                                  2.63ms
         max:                                  7.46ms
         approx.  95 percentile:               2.78ms

Threads fairness:
    events (avg/stddev):           2500.0000/92.36
    execution time (avg/stddev):   6.5824/0.00

sysbench 0.4.12:  multi-threaded system evaluation benchmark

Running the test with following options:
Number of threads: 4

Doing CPU performance benchmark

Threads started!
Done.

Maximum prime number checked in CPU test: 20000


Test execution summary:
    total time:                          6.7637s
    total number of events:              10000
    total time taken by event execution: 27.0473
    per-request statistics:
         min:                                  2.49ms
         avg:                                  2.70ms
         max:                                  6.80ms
         approx.  95 percentile:               2.78ms

Threads fairness:
    events (avg/stddev):           2500.0000/63.04
    execution time (avg/stddev):   6.7618/0.00

sysbench 0.4.12:  multi-threaded system evaluation benchmark

Running the test with following options:
Number of threads: 4

Doing CPU performance benchmark

Threads started!
Done.

Maximum prime number checked in CPU test: 20000


Test execution summary:
    total time:                          6.5658s
    total number of events:              10000
    total time taken by event execution: 26.2554
    per-request statistics:
         min:                                  2.49ms
         avg:                                  2.63ms
         max:                                  6.39ms
         approx.  95 percentile:               2.77ms

Threads fairness:
    events (avg/stddev):           2500.0000/76.41
    execution time (avg/stddev):   6.5638/0.00

sysbench 0.4.12:  multi-threaded system evaluation benchmark

Running the test with following options:
Number of threads: 4

Doing CPU performance benchmark

Threads started!
Done.

Maximum prime number checked in CPU test: 20000


Test execution summary:
    total time:                          6.5597s
    total number of events:              10000
    total time taken by event execution: 26.2326
    per-request statistics:
         min:                                  2.49ms
         avg:                                  2.62ms
         max:                                  7.56ms
         approx.  95 percentile:               2.77ms

Threads fairness:
    events (avg/stddev):           2500.0000/108.00
    execution time (avg/stddev):   6.5582/0.00

sysbench 0.4.12:  multi-threaded system evaluation benchmark

Running the test with following options:
Number of threads: 4

Doing CPU performance benchmark

Threads started!
Done.

Maximum prime number checked in CPU test: 20000


Test execution summary:
    total time:                          6.5625s
    total number of events:              10000
    total time taken by event execution: 26.2430
    per-request statistics:
         min:                                  2.49ms
         avg:                                  2.62ms
         max:                                  6.32ms
         approx.  95 percentile:               2.78ms

Threads fairness:
    events (avg/stddev):           2500.0000/77.79
    execution time (avg/stddev):   6.5608/0.00

sysbench 0.4.12:  multi-threaded system evaluation benchmark

Running the test with following options:
Number of threads: 6

Doing CPU performance benchmark

Threads started!
Done.

Maximum prime number checked in CPU test: 20000


Test execution summary:
    total time:                          4.6557s
    total number of events:              10000
    total time taken by event execution: 27.9206
    per-request statistics:
         min:                                  2.68ms
         avg:                                  2.79ms
         max:                                  6.47ms
         approx.  95 percentile:               2.78ms

Threads fairness:
    events (avg/stddev):           1666.6667/6.47
    execution time (avg/stddev):   4.6534/0.00

sysbench 0.4.12:  multi-threaded system evaluation benchmark

Running the test with following options:
Number of threads: 6

Doing CPU performance benchmark

Threads started!
Done.

Maximum prime number checked in CPU test: 20000


Test execution summary:
    total time:                          4.6757s
    total number of events:              10000
    total time taken by event execution: 28.0415
    per-request statistics:
         min:                                  2.68ms
         avg:                                  2.80ms
         max:                                  6.51ms
         approx.  95 percentile:               2.90ms

Threads fairness:
    events (avg/stddev):           1666.6667/3.14
    execution time (avg/stddev):   4.6736/0.00

sysbench 0.4.12:  multi-threaded system evaluation benchmark

Running the test with following options:
Number of threads: 6

Doing CPU performance benchmark

Threads started!
Done.

Maximum prime number checked in CPU test: 20000


Test execution summary:
    total time:                          4.6454s
    total number of events:              10000
    total time taken by event execution: 27.8584
    per-request statistics:
         min:                                  2.49ms
         avg:                                  2.79ms
         max:                                  7.75ms
         approx.  95 percentile:               2.78ms

Threads fairness:
    events (avg/stddev):           1666.6667/6.07
    execution time (avg/stddev):   4.6431/0.00

sysbench 0.4.12:  multi-threaded system evaluation benchmark

Running the test with following options:
Number of threads: 6

Doing CPU performance benchmark

Threads started!
Done.

Maximum prime number checked in CPU test: 20000


Test execution summary:
    total time:                          4.6381s
    total number of events:              10000
    total time taken by event execution: 27.8140
    per-request statistics:
         min:                                  2.63ms
         avg:                                  2.78ms
         max:                                  6.31ms
         approx.  95 percentile:               2.78ms

Threads fairness:
    events (avg/stddev):           1666.6667/3.30
    execution time (avg/stddev):   4.6357/0.00

sysbench 0.4.12:  multi-threaded system evaluation benchmark

Running the test with following options:
Number of threads: 6

Doing CPU performance benchmark

Threads started!
Done.

Maximum prime number checked in CPU test: 20000


Test execution summary:
    total time:                          4.6490s
    total number of events:              10000
    total time taken by event execution: 27.8837
    per-request statistics:
         min:                                  2.49ms
         avg:                                  2.79ms
         max:                                  6.35ms
         approx.  95 percentile:               2.78ms

Threads fairness:
    events (avg/stddev):           1666.6667/4.57
    execution time (avg/stddev):   4.6473/0.00

sysbench 0.4.12:  multi-threaded system evaluation benchmark

Running the test with following options:
Number of threads: 8

Doing CPU performance benchmark

Threads started!
Done.

Maximum prime number checked in CPU test: 20000


Test execution summary:
    total time:                          3.8996s
    total number of events:              10000
    total time taken by event execution: 31.1799
    per-request statistics:
         min:                                  2.50ms
         avg:                                  3.12ms
         max:                                  6.45ms
         approx.  95 percentile:               3.57ms

Threads fairness:
    events (avg/stddev):           1250.0000/133.06
    execution time (avg/stddev):   3.8975/0.00

sysbench 0.4.12:  multi-threaded system evaluation benchmark

Running the test with following options:
Number of threads: 8

Doing CPU performance benchmark

Threads started!
Done.

Maximum prime number checked in CPU test: 20000


Test execution summary:
    total time:                          3.8733s
    total number of events:              10000
    total time taken by event execution: 30.9721
    per-request statistics:
         min:                                  2.66ms
         avg:                                  3.10ms
         max:                                  6.53ms
         approx.  95 percentile:               3.57ms

Threads fairness:
    events (avg/stddev):           1250.0000/114.14
    execution time (avg/stddev):   3.8715/0.00

sysbench 0.4.12:  multi-threaded system evaluation benchmark

Running the test with following options:
Number of threads: 8

Doing CPU performance benchmark

Threads started!
Done.

Maximum prime number checked in CPU test: 20000


Test execution summary:
    total time:                          3.5482s
    total number of events:              10000
    total time taken by event execution: 28.3722
    per-request statistics:
         min:                                  2.67ms
         avg:                                  2.84ms
         max:                                  6.37ms
         approx.  95 percentile:               3.56ms

Threads fairness:
    events (avg/stddev):           1250.0000/16.74
    execution time (avg/stddev):   3.5465/0.00

sysbench 0.4.12:  multi-threaded system evaluation benchmark

Running the test with following options:
Number of threads: 8

Doing CPU performance benchmark

Threads started!
Done.

Maximum prime number checked in CPU test: 20000


Test execution summary:
    total time:                          3.9265s
    total number of events:              10000
    total time taken by event execution: 31.3975
    per-request statistics:
         min:                                  2.49ms
         avg:                                  3.14ms
         max:                                  7.05ms
         approx.  95 percentile:               3.57ms

Threads fairness:
    events (avg/stddev):           1250.0000/128.66
    execution time (avg/stddev):   3.9247/0.00

sysbench 0.4.12:  multi-threaded system evaluation benchmark

Running the test with following options:
Number of threads: 8

Doing CPU performance benchmark

Threads started!
Done.

Maximum prime number checked in CPU test: 20000


Test execution summary:
    total time:                          3.8606s
    total number of events:              10000
    total time taken by event execution: 30.8646
    per-request statistics:
         min:                                  2.66ms
         avg:                                  3.09ms
         max:                                  6.29ms
         approx.  95 percentile:               3.57ms

Threads fairness:
    events (avg/stddev):           1250.0000/109.87
    execution time (avg/stddev):   3.8581/0.00

sysbench 0.4.12:  multi-threaded system evaluation benchmark

Running the test with following options:
Number of threads: 10

Doing CPU performance benchmark

Threads started!
Done.

Maximum prime number checked in CPU test: 20000


Test execution summary:
    total time:                          3.5235s
    total number of events:              10000
    total time taken by event execution: 35.2141
    per-request statistics:
         min:                                  2.72ms
         avg:                                  3.52ms
         max:                                  8.03ms
         approx.  95 percentile:               3.57ms

Threads fairness:
    events (avg/stddev):           1000.0000/18.83
    execution time (avg/stddev):   3.5214/0.00

sysbench 0.4.12:  multi-threaded system evaluation benchmark

Running the test with following options:
Number of threads: 10

Doing CPU performance benchmark

Threads started!
Done.

Maximum prime number checked in CPU test: 20000


Test execution summary:
    total time:                          3.5700s
    total number of events:              10000
    total time taken by event execution: 35.6782
    per-request statistics:
         min:                                  2.77ms
         avg:                                  3.57ms
         max:                                  6.34ms
         approx.  95 percentile:               3.57ms

Threads fairness:
    events (avg/stddev):           1000.0000/1.95
    execution time (avg/stddev):   3.5678/0.00

sysbench 0.4.12:  multi-threaded system evaluation benchmark

Running the test with following options:
Number of threads: 10

Doing CPU performance benchmark

Threads started!
Done.

Maximum prime number checked in CPU test: 20000


Test execution summary:
    total time:                          3.5610s
    total number of events:              10000
    total time taken by event execution: 35.5861
    per-request statistics:
         min:                                  2.76ms
         avg:                                  3.56ms
         max:                                  6.65ms
         approx.  95 percentile:               3.57ms

Threads fairness:
    events (avg/stddev):           1000.0000/7.46
    execution time (avg/stddev):   3.5586/0.00

sysbench 0.4.12:  multi-threaded system evaluation benchmark

Running the test with following options:
Number of threads: 10

Doing CPU performance benchmark

Threads started!
Done.

Maximum prime number checked in CPU test: 20000


Test execution summary:
    total time:                          3.5383s
    total number of events:              10000
    total time taken by event execution: 35.3603
    per-request statistics:
         min:                                  2.48ms
         avg:                                  3.54ms
         max:                                  6.31ms
         approx.  95 percentile:               3.57ms

Threads fairness:
    events (avg/stddev):           1000.0000/16.86
    execution time (avg/stddev):   3.5360/0.00

sysbench 0.4.12:  multi-threaded system evaluation benchmark

Running the test with following options:
Number of threads: 10

Doing CPU performance benchmark

Threads started!
Done.

Maximum prime number checked in CPU test: 20000


Test execution summary:
    total time:                          3.5737s
    total number of events:              10000
    total time taken by event execution: 35.7149
    per-request statistics:
         min:                                  3.43ms
         avg:                                  3.57ms
         max:                                  6.32ms
         approx.  95 percentile:               3.57ms

Threads fairness:
    events (avg/stddev):           1000.0000/1.34
    execution time (avg/stddev):   3.5715/0.00

sysbench 0.4.12:  multi-threaded system evaluation benchmark

Running the test with following options:
Number of threads: 12

Doing CPU performance benchmark

Threads started!
Done.

Maximum prime number checked in CPU test: 20000


Test execution summary:
    total time:                          2.9724s
    total number of events:              10000
    total time taken by event execution: 35.6404
    per-request statistics:
         min:                                  2.74ms
         avg:                                  3.56ms
         max:                                  6.32ms
         approx.  95 percentile:               3.57ms

Threads fairness:
    events (avg/stddev):           833.3333/6.86
    execution time (avg/stddev):   2.9700/0.00

sysbench 0.4.12:  multi-threaded system evaluation benchmark

Running the test with following options:
Number of threads: 12

Doing CPU performance benchmark

Threads started!
Done.

Maximum prime number checked in CPU test: 20000


Test execution summary:
    total time:                          2.9759s
    total number of events:              10000
    total time taken by event execution: 35.6890
    per-request statistics:
         min:                                  3.44ms
         avg:                                  3.57ms
         max:                                  6.47ms
         approx.  95 percentile:               3.57ms

Threads fairness:
    events (avg/stddev):           833.3333/1.75
    execution time (avg/stddev):   2.9741/0.00

sysbench 0.4.12:  multi-threaded system evaluation benchmark

Running the test with following options:
Number of threads: 12

Doing CPU performance benchmark

Threads started!
Done.

Maximum prime number checked in CPU test: 20000


Test execution summary:
    total time:                          2.9769s
    total number of events:              10000
    total time taken by event execution: 35.7001
    per-request statistics:
         min:                                  2.79ms
         avg:                                  3.57ms
         max:                                  6.36ms
         approx.  95 percentile:               3.57ms

Threads fairness:
    events (avg/stddev):           833.3333/1.93
    execution time (avg/stddev):   2.9750/0.00

sysbench 0.4.12:  multi-threaded system evaluation benchmark

Running the test with following options:
Number of threads: 12

Doing CPU performance benchmark

Threads started!
Done.

Maximum prime number checked in CPU test: 20000


Test execution summary:
    total time:                          2.9601s
    total number of events:              10000
    total time taken by event execution: 35.4965
    per-request statistics:
         min:                                  2.75ms
         avg:                                  3.55ms
         max:                                  7.12ms
         approx.  95 percentile:               3.57ms

Threads fairness:
    events (avg/stddev):           833.3333/7.17
    execution time (avg/stddev):   2.9580/0.00

sysbench 0.4.12:  multi-threaded system evaluation benchmark

Running the test with following options:
Number of threads: 12

Doing CPU performance benchmark

Threads started!
Done.

Maximum prime number checked in CPU test: 20000


Test execution summary:
    total time:                          2.9742s
    total number of events:              10000
    total time taken by event execution: 35.6598
    per-request statistics:
         min:                                  2.76ms
         avg:                                  3.57ms
         max:                                  6.32ms
         approx.  95 percentile:               3.57ms

Threads fairness:
    events (avg/stddev):           833.3333/5.01
    execution time (avg/stddev):   2.9716/0.00

sysbench 0.4.12:  multi-threaded system evaluation benchmark

Running the test with following options:
Number of threads: 14

Doing CPU performance benchmark

Threads started!
Done.

Maximum prime number checked in CPU test: 20000


Test execution summary:
    total time:                          2.5605s
    total number of events:              10000
    total time taken by event execution: 35.8148
    per-request statistics:
         min:                                  3.32ms
         avg:                                  3.58ms
         max:                                  9.44ms
         approx.  95 percentile:               3.57ms

Threads fairness:
    events (avg/stddev):           714.2857/2.52
    execution time (avg/stddev):   2.5582/0.00

sysbench 0.4.12:  multi-threaded system evaluation benchmark

Running the test with following options:
Number of threads: 14

Doing CPU performance benchmark

Threads started!
Done.

Maximum prime number checked in CPU test: 20000


Test execution summary:
    total time:                          2.5598s
    total number of events:              10000
    total time taken by event execution: 35.8052
    per-request statistics:
         min:                                  2.75ms
         avg:                                  3.58ms
         max:                                  8.14ms
         approx.  95 percentile:               3.90ms

Threads fairness:
    events (avg/stddev):           714.2857/8.22
    execution time (avg/stddev):   2.5575/0.00

sysbench 0.4.12:  multi-threaded system evaluation benchmark

Running the test with following options:
Number of threads: 14

Doing CPU performance benchmark

Threads started!
Done.

Maximum prime number checked in CPU test: 20000


Test execution summary:
    total time:                          2.5565s
    total number of events:              10000
    total time taken by event execution: 35.7620
    per-request statistics:
         min:                                  3.44ms
         avg:                                  3.58ms
         max:                                  6.94ms
         approx.  95 percentile:               3.57ms

Threads fairness:
    events (avg/stddev):           714.2857/1.79
    execution time (avg/stddev):   2.5544/0.00

sysbench 0.4.12:  multi-threaded system evaluation benchmark

Running the test with following options:
Number of threads: 14

Doing CPU performance benchmark

Threads started!
Done.

Maximum prime number checked in CPU test: 20000


Test execution summary:
    total time:                          2.5650s
    total number of events:              10000
    total time taken by event execution: 35.8649
    per-request statistics:
         min:                                  2.57ms
         avg:                                  3.59ms
         max:                                  6.86ms
         approx.  95 percentile:               3.90ms

Threads fairness:
    events (avg/stddev):           714.2857/16.39
    execution time (avg/stddev):   2.5618/0.00

sysbench 0.4.12:  multi-threaded system evaluation benchmark

Running the test with following options:
Number of threads: 14

Doing CPU performance benchmark

Threads started!
Done.

Maximum prime number checked in CPU test: 20000


Test execution summary:
    total time:                          2.5645s
    total number of events:              10000
    total time taken by event execution: 35.8636
    per-request statistics:
         min:                                  3.43ms
         avg:                                  3.59ms
         max:                                  9.47ms
         approx.  95 percentile:               3.58ms

Threads fairness:
    events (avg/stddev):           714.2857/2.89
    execution time (avg/stddev):   2.5617/0.00

sysbench 0.4.12:  multi-threaded system evaluation benchmark

Running the test with following options:
Number of threads: 16

Doing CPU performance benchmark

Threads started!
Done.

Maximum prime number checked in CPU test: 20000


Test execution summary:
    total time:                          2.2364s
    total number of events:              10000
    total time taken by event execution: 35.7523
    per-request statistics:
         min:                                  3.44ms
         avg:                                  3.58ms
         max:                                  6.33ms
         approx.  95 percentile:               3.58ms

Threads fairness:
    events (avg/stddev):           625.0000/1.06
    execution time (avg/stddev):   2.2345/0.00

sysbench 0.4.12:  multi-threaded system evaluation benchmark

Running the test with following options:
Number of threads: 16

Doing CPU performance benchmark

Threads started!
Done.

Maximum prime number checked in CPU test: 20000


Test execution summary:
    total time:                          2.2364s
    total number of events:              10000
    total time taken by event execution: 35.7461
    per-request statistics:
         min:                                  3.43ms
         avg:                                  3.57ms
         max:                                  6.25ms
         approx.  95 percentile:               3.57ms

Threads fairness:
    events (avg/stddev):           625.0000/2.00
    execution time (avg/stddev):   2.2341/0.00

sysbench 0.4.12:  multi-threaded system evaluation benchmark

Running the test with following options:
Number of threads: 16

Doing CPU performance benchmark

Threads started!
Done.

Maximum prime number checked in CPU test: 20000


Test execution summary:
    total time:                          2.2339s
    total number of events:              10000
    total time taken by event execution: 35.7026
    per-request statistics:
         min:                                  3.43ms
         avg:                                  3.57ms
         max:                                  6.51ms
         approx.  95 percentile:               3.57ms

Threads fairness:
    events (avg/stddev):           625.0000/0.61
    execution time (avg/stddev):   2.2314/0.00

sysbench 0.4.12:  multi-threaded system evaluation benchmark

Running the test with following options:
Number of threads: 16

Doing CPU performance benchmark

Threads started!
Done.

Maximum prime number checked in CPU test: 20000


Test execution summary:
    total time:                          2.2400s
    total number of events:              10000
    total time taken by event execution: 35.8031
    per-request statistics:
         min:                                  3.44ms
         avg:                                  3.58ms
         max:                                  6.26ms
         approx.  95 percentile:               3.58ms

Threads fairness:
    events (avg/stddev):           625.0000/2.18
    execution time (avg/stddev):   2.2377/0.00

sysbench 0.4.12:  multi-threaded system evaluation benchmark

Running the test with following options:
Number of threads: 16

Doing CPU performance benchmark

Threads started!
Done.

Maximum prime number checked in CPU test: 20000


Test execution summary:
    total time:                          2.2424s
    total number of events:              10000
    total time taken by event execution: 35.8344
    per-request statistics:
         min:                                  3.46ms
         avg:                                  3.58ms
         max:                                  7.05ms
         approx.  95 percentile:               3.58ms

Threads fairness:
    events (avg/stddev):           625.0000/1.94
    execution time (avg/stddev):   2.2396/0.00

sysbench 0.4.12:  multi-threaded system evaluation benchmark

Running the test with following options:
Number of threads: 18

Doing CPU performance benchmark

Threads started!
Done.

Maximum prime number checked in CPU test: 20000


Test execution summary:
    total time:                          2.0266s
    total number of events:              10000
    total time taken by event execution: 36.4410
    per-request statistics:
         min:                                  3.46ms
         avg:                                  3.64ms
         max:                                  6.25ms
         approx.  95 percentile:               3.91ms

Threads fairness:
    events (avg/stddev):           555.5556/13.00
    execution time (avg/stddev):   2.0245/0.00

sysbench 0.4.12:  multi-threaded system evaluation benchmark

Running the test with following options:
Number of threads: 18

Doing CPU performance benchmark

Threads started!
Done.

Maximum prime number checked in CPU test: 20000


Test execution summary:
    total time:                          2.0406s
    total number of events:              10000
    total time taken by event execution: 36.6854
    per-request statistics:
         min:                                  3.44ms
         avg:                                  3.67ms
         max:                                  7.12ms
         approx.  95 percentile:               3.91ms

Threads fairness:
    events (avg/stddev):           555.5556/6.43
    execution time (avg/stddev):   2.0381/0.00

sysbench 0.4.12:  multi-threaded system evaluation benchmark

Running the test with following options:
Number of threads: 18

Doing CPU performance benchmark

Threads started!
Done.

Maximum prime number checked in CPU test: 20000


Test execution summary:
    total time:                          2.0395s
    total number of events:              10000
    total time taken by event execution: 36.6734
    per-request statistics:
         min:                                  3.46ms
         avg:                                  3.67ms
         max:                                  7.02ms
         approx.  95 percentile:               3.91ms

Threads fairness:
    events (avg/stddev):           555.5556/7.26
    execution time (avg/stddev):   2.0374/0.00

sysbench 0.4.12:  multi-threaded system evaluation benchmark

Running the test with following options:
Number of threads: 18

Doing CPU performance benchmark

Threads started!
Done.

Maximum prime number checked in CPU test: 20000


Test execution summary:
    total time:                          2.0368s
    total number of events:              10000
    total time taken by event execution: 36.6189
    per-request statistics:
         min:                                  3.43ms
         avg:                                  3.66ms
         max:                                  6.56ms
         approx.  95 percentile:               3.91ms

Threads fairness:
    events (avg/stddev):           555.5556/5.44
    execution time (avg/stddev):   2.0344/0.00

sysbench 0.4.12:  multi-threaded system evaluation benchmark

Running the test with following options:
Number of threads: 18

Doing CPU performance benchmark

Threads started!
Done.

Maximum prime number checked in CPU test: 20000


Test execution summary:
    total time:                          2.0395s
    total number of events:              10000
    total time taken by event execution: 36.6739
    per-request statistics:
         min:                                  3.45ms
         avg:                                  3.67ms
         max:                                  6.27ms
         approx.  95 percentile:               3.92ms

Threads fairness:
    events (avg/stddev):           555.5556/7.93
    execution time (avg/stddev):   2.0374/0.00

sysbench 0.4.12:  multi-threaded system evaluation benchmark

Running the test with following options:
Number of threads: 20

Doing CPU performance benchmark

Threads started!
Done.

Maximum prime number checked in CPU test: 20000


Test execution summary:
    total time:                          1.8700s
    total number of events:              10000
    total time taken by event execution: 37.3434
    per-request statistics:
         min:                                  3.44ms
         avg:                                  3.73ms
         max:                                 11.56ms
         approx.  95 percentile:               3.92ms

Threads fairness:
    events (avg/stddev):           500.0000/5.57
    execution time (avg/stddev):   1.8672/0.00

sysbench 0.4.12:  multi-threaded system evaluation benchmark

Running the test with following options:
Number of threads: 20

Doing CPU performance benchmark

Threads started!
Done.

Maximum prime number checked in CPU test: 20000


Test execution summary:
    total time:                          1.8680s
    total number of events:              10000
    total time taken by event execution: 37.2482
    per-request statistics:
         min:                                  3.45ms
         avg:                                  3.72ms
         max:                                 15.76ms
         approx.  95 percentile:               3.91ms

Threads fairness:
    events (avg/stddev):           500.0000/10.73
    execution time (avg/stddev):   1.8624/0.01

sysbench 0.4.12:  multi-threaded system evaluation benchmark

Running the test with following options:
Number of threads: 20

Doing CPU performance benchmark

Threads started!
Done.

Maximum prime number checked in CPU test: 20000


Test execution summary:
    total time:                          1.8595s
    total number of events:              10000
    total time taken by event execution: 37.1421
    per-request statistics:
         min:                                  3.47ms
         avg:                                  3.71ms
         max:                                 16.80ms
         approx.  95 percentile:               3.92ms

Threads fairness:
    events (avg/stddev):           500.0000/8.48
    execution time (avg/stddev):   1.8571/0.00

sysbench 0.4.12:  multi-threaded system evaluation benchmark

Running the test with following options:
Number of threads: 20

Doing CPU performance benchmark

Threads started!
Done.

Maximum prime number checked in CPU test: 20000


Test execution summary:
    total time:                          1.8615s
    total number of events:              10000
    total time taken by event execution: 37.1865
    per-request statistics:
         min:                                  3.44ms
         avg:                                  3.72ms
         max:                                  6.26ms
         approx.  95 percentile:               3.91ms

Threads fairness:
    events (avg/stddev):           500.0000/10.11
    execution time (avg/stddev):   1.8593/0.00

sysbench 0.4.12:  multi-threaded system evaluation benchmark

Running the test with following options:
Number of threads: 20

Doing CPU performance benchmark

Threads started!
Done.

Maximum prime number checked in CPU test: 20000


Test execution summary:
    total time:                          1.8647s
    total number of events:              10000
    total time taken by event execution: 37.2492
    per-request statistics:
         min:                                  3.45ms
         avg:                                  3.72ms
         max:                                  7.77ms
         approx.  95 percentile:               3.91ms

Threads fairness:
    events (avg/stddev):           500.0000/9.61
    execution time (avg/stddev):   1.8625/0.00

sysbench 0.4.12:  multi-threaded system evaluation benchmark

Running the test with following options:
Number of threads: 22

Doing CPU performance benchmark

Threads started!
Done.

Maximum prime number checked in CPU test: 20000


Test execution summary:
    total time:                          1.7145s
    total number of events:              10000
    total time taken by event execution: 37.6599
    per-request statistics:
         min:                                  3.45ms
         avg:                                  3.77ms
         max:                                 16.60ms
         approx.  95 percentile:               3.91ms

Threads fairness:
    events (avg/stddev):           454.5455/8.74
    execution time (avg/stddev):   1.7118/0.00

sysbench 0.4.12:  multi-threaded system evaluation benchmark

Running the test with following options:
Number of threads: 22

Doing CPU performance benchmark

Threads started!
Done.

Maximum prime number checked in CPU test: 20000


Test execution summary:
    total time:                          1.7156s
    total number of events:              10000
    total time taken by event execution: 37.6818
    per-request statistics:
         min:                                  3.44ms
         avg:                                  3.77ms
         max:                                 30.23ms
         approx.  95 percentile:               3.95ms

Threads fairness:
    events (avg/stddev):           454.5455/9.82
    execution time (avg/stddev):   1.7128/0.00

sysbench 0.4.12:  multi-threaded system evaluation benchmark

Running the test with following options:
Number of threads: 22

Doing CPU performance benchmark

Threads started!
Done.

Maximum prime number checked in CPU test: 20000


Test execution summary:
    total time:                          1.7104s
    total number of events:              10000
    total time taken by event execution: 37.5713
    per-request statistics:
         min:                                  3.44ms
         avg:                                  3.76ms
         max:                                  6.26ms
         approx.  95 percentile:               3.91ms

Threads fairness:
    events (avg/stddev):           454.5455/7.27
    execution time (avg/stddev):   1.7078/0.00

sysbench 0.4.12:  multi-threaded system evaluation benchmark

Running the test with following options:
Number of threads: 22

Doing CPU performance benchmark

Threads started!
Done.

Maximum prime number checked in CPU test: 20000


Test execution summary:
    total time:                          1.7091s
    total number of events:              10000
    total time taken by event execution: 37.5495
    per-request statistics:
         min:                                  3.44ms
         avg:                                  3.75ms
         max:                                  6.26ms
         approx.  95 percentile:               3.91ms

Threads fairness:
    events (avg/stddev):           454.5455/12.18
    execution time (avg/stddev):   1.7068/0.00

sysbench 0.4.12:  multi-threaded system evaluation benchmark

Running the test with following options:
Number of threads: 22

Doing CPU performance benchmark

Threads started!
Done.

Maximum prime number checked in CPU test: 20000


Test execution summary:
    total time:                          1.7148s
    total number of events:              10000
    total time taken by event execution: 37.6385
    per-request statistics:
         min:                                  3.45ms
         avg:                                  3.76ms
         max:                                  9.89ms
         approx.  95 percentile:               3.92ms

Threads fairness:
    events (avg/stddev):           454.5455/7.11
    execution time (avg/stddev):   1.7108/0.00

sysbench 0.4.12:  multi-threaded system evaluation benchmark

Running the test with following options:
Number of threads: 24

Doing CPU performance benchmark

Threads started!
Done.

Maximum prime number checked in CPU test: 20000


Test execution summary:
    total time:                          1.5892s
    total number of events:              10000
    total time taken by event execution: 38.0361
    per-request statistics:
         min:                                  3.44ms
         avg:                                  3.80ms
         max:                                 16.93ms
         approx.  95 percentile:               3.91ms

Threads fairness:
    events (avg/stddev):           416.6667/8.52
    execution time (avg/stddev):   1.5848/0.00

sysbench 0.4.12:  multi-threaded system evaluation benchmark

Running the test with following options:
Number of threads: 24

Doing CPU performance benchmark

Threads started!
Done.

Maximum prime number checked in CPU test: 20000


Test execution summary:
    total time:                          1.5900s
    total number of events:              10000
    total time taken by event execution: 38.0161
    per-request statistics:
         min:                                  3.46ms
         avg:                                  3.80ms
         max:                                 17.11ms
         approx.  95 percentile:               3.92ms

Threads fairness:
    events (avg/stddev):           416.6667/6.45
    execution time (avg/stddev):   1.5840/0.00

sysbench 0.4.12:  multi-threaded system evaluation benchmark

Running the test with following options:
Number of threads: 24

Doing CPU performance benchmark

Threads started!
Done.

Maximum prime number checked in CPU test: 20000


Test execution summary:
    total time:                          1.5878s
    total number of events:              10000
    total time taken by event execution: 37.9618
    per-request statistics:
         min:                                  3.49ms
         avg:                                  3.80ms
         max:                                 22.89ms
         approx.  95 percentile:               3.91ms

Threads fairness:
    events (avg/stddev):           416.6667/8.26
    execution time (avg/stddev):   1.5817/0.01

sysbench 0.4.12:  multi-threaded system evaluation benchmark

Running the test with following options:
Number of threads: 24

Doing CPU performance benchmark

Threads started!
Done.

Maximum prime number checked in CPU test: 20000


Test execution summary:
    total time:                          1.5848s
    total number of events:              10000
    total time taken by event execution: 37.9553
    per-request statistics:
         min:                                  3.43ms
         avg:                                  3.80ms
         max:                                  7.60ms
         approx.  95 percentile:               3.92ms

Threads fairness:
    events (avg/stddev):           416.6667/10.76
    execution time (avg/stddev):   1.5815/0.00

sysbench 0.4.12:  multi-threaded system evaluation benchmark

Running the test with following options:
Number of threads: 24

Doing CPU performance benchmark

Threads started!
Done.

Maximum prime number checked in CPU test: 20000


Test execution summary:
    total time:                          1.5849s
    total number of events:              10000
    total time taken by event execution: 37.9555
    per-request statistics:
         min:                                  3.44ms
         avg:                                  3.80ms
         max:                                 16.95ms
         approx.  95 percentile:               3.94ms

Threads fairness:
    events (avg/stddev):           416.6667/6.32
    execution time (avg/stddev):   1.5815/0.00

sysbench 0.4.12:  multi-threaded system evaluation benchmark

Running the test with following options:
Number of threads: 26

Doing CPU performance benchmark

Threads started!
Done.

Maximum prime number checked in CPU test: 20000


Test execution summary:
    total time:                          1.4837s
    total number of events:              10000
    total time taken by event execution: 38.4263
    per-request statistics:
         min:                                  3.44ms
         avg:                                  3.84ms
         max:                                 31.67ms
         approx.  95 percentile:               3.92ms

Threads fairness:
    events (avg/stddev):           384.6154/5.01
    execution time (avg/stddev):   1.4779/0.01

sysbench 0.4.12:  multi-threaded system evaluation benchmark

Running the test with following options:
Number of threads: 26

Doing CPU performance benchmark

Threads started!
Done.

Maximum prime number checked in CPU test: 20000


Test execution summary:
    total time:                          1.4789s
    total number of events:              10000
    total time taken by event execution: 38.3130
    per-request statistics:
         min:                                  3.42ms
         avg:                                  3.83ms
         max:                                 12.91ms
         approx.  95 percentile:               3.93ms

Threads fairness:
    events (avg/stddev):           384.6154/6.80
    execution time (avg/stddev):   1.4736/0.01

sysbench 0.4.12:  multi-threaded system evaluation benchmark

Running the test with following options:
Number of threads: 26

Doing CPU performance benchmark

Threads started!
Done.

Maximum prime number checked in CPU test: 20000


Test execution summary:
    total time:                          1.4902s
    total number of events:              10000
    total time taken by event execution: 38.4969
    per-request statistics:
         min:                                  3.49ms
         avg:                                  3.85ms
         max:                                 19.42ms
         approx.  95 percentile:               3.96ms

Threads fairness:
    events (avg/stddev):           384.6154/5.96
    execution time (avg/stddev):   1.4806/0.01

sysbench 0.4.12:  multi-threaded system evaluation benchmark

Running the test with following options:
Number of threads: 26

Doing CPU performance benchmark

Threads started!
Done.

Maximum prime number checked in CPU test: 20000


Test execution summary:
    total time:                          1.4825s
    total number of events:              10000
    total time taken by event execution: 38.3296
    per-request statistics:
         min:                                  3.46ms
         avg:                                  3.83ms
         max:                                 18.92ms
         approx.  95 percentile:               3.94ms

Threads fairness:
    events (avg/stddev):           384.6154/7.82
    execution time (avg/stddev):   1.4742/0.01

sysbench 0.4.12:  multi-threaded system evaluation benchmark

Running the test with following options:
Number of threads: 26

Doing CPU performance benchmark

Threads started!
Done.

Maximum prime number checked in CPU test: 20000


Test execution summary:
    total time:                          1.4845s
    total number of events:              10000
    total time taken by event execution: 38.4176
    per-request statistics:
         min:                                  3.46ms
         avg:                                  3.84ms
         max:                                 17.44ms
         approx.  95 percentile:               3.93ms

Threads fairness:
    events (avg/stddev):           384.6154/5.13
    execution time (avg/stddev):   1.4776/0.01

sysbench 0.4.12:  multi-threaded system evaluation benchmark

Running the test with following options:
Number of threads: 28

Doing CPU performance benchmark

Threads started!
Done.

Maximum prime number checked in CPU test: 20000


Test execution summary:
    total time:                          1.4011s
    total number of events:              10000
    total time taken by event execution: 38.7343
    per-request statistics:
         min:                                  2.77ms
         avg:                                  3.87ms
         max:                                 40.24ms
         approx.  95 percentile:               3.95ms

Threads fairness:
    events (avg/stddev):           357.1429/5.32
    execution time (avg/stddev):   1.3834/0.02

sysbench 0.4.12:  multi-threaded system evaluation benchmark

Running the test with following options:
Number of threads: 28

Doing CPU performance benchmark

Threads started!
Done.

Maximum prime number checked in CPU test: 20000


Test execution summary:
    total time:                          1.3847s
    total number of events:              10000
    total time taken by event execution: 38.5880
    per-request statistics:
         min:                                  3.48ms
         avg:                                  3.86ms
         max:                                 21.92ms
         approx.  95 percentile:               3.93ms

Threads fairness:
    events (avg/stddev):           357.1429/5.94
    execution time (avg/stddev):   1.3781/0.01

sysbench 0.4.12:  multi-threaded system evaluation benchmark

Running the test with following options:
Number of threads: 28

Doing CPU performance benchmark

Threads started!
Done.

Maximum prime number checked in CPU test: 20000


Test execution summary:
    total time:                          1.3854s
    total number of events:              10000
    total time taken by event execution: 38.6270
    per-request statistics:
         min:                                  3.52ms
         avg:                                  3.86ms
         max:                                 25.93ms
         approx.  95 percentile:               3.93ms

Threads fairness:
    events (avg/stddev):           357.1429/3.20
    execution time (avg/stddev):   1.3795/0.01

sysbench 0.4.12:  multi-threaded system evaluation benchmark

Running the test with following options:
Number of threads: 28

Doing CPU performance benchmark

Threads started!
Done.

Maximum prime number checked in CPU test: 20000


Test execution summary:
    total time:                          1.3887s
    total number of events:              10000
    total time taken by event execution: 38.7175
    per-request statistics:
         min:                                  3.50ms
         avg:                                  3.87ms
         max:                                 28.45ms
         approx.  95 percentile:               3.95ms

Threads fairness:
    events (avg/stddev):           357.1429/5.24
    execution time (avg/stddev):   1.3828/0.01

sysbench 0.4.12:  multi-threaded system evaluation benchmark

Running the test with following options:
Number of threads: 28

Doing CPU performance benchmark

Threads started!
Done.

Maximum prime number checked in CPU test: 20000


Test execution summary:
    total time:                          1.3894s
    total number of events:              10000
    total time taken by event execution: 38.6457
    per-request statistics:
         min:                                  3.49ms
         avg:                                  3.86ms
         max:                                 18.95ms
         approx.  95 percentile:               3.95ms

Threads fairness:
    events (avg/stddev):           357.1429/5.92
    execution time (avg/stddev):   1.3802/0.01

sysbench 0.4.12:  multi-threaded system evaluation benchmark

Running the test with following options:
Number of threads: 30

Doing CPU performance benchmark

Threads started!
Done.

Maximum prime number checked in CPU test: 20000


Test execution summary:
    total time:                          1.3121s
    total number of events:              10000
    total time taken by event execution: 39.0330
    per-request statistics:
         min:                                  3.52ms
         avg:                                  3.90ms
         max:                                 17.25ms
         approx.  95 percentile:               3.96ms

Threads fairness:
    events (avg/stddev):           333.3333/5.22
    execution time (avg/stddev):   1.3011/0.01

sysbench 0.4.12:  multi-threaded system evaluation benchmark

Running the test with following options:
Number of threads: 30

Doing CPU performance benchmark

Threads started!
Done.

Maximum prime number checked in CPU test: 20000


Test execution summary:
    total time:                          1.3061s
    total number of events:              10000
    total time taken by event execution: 38.9026
    per-request statistics:
         min:                                  3.49ms
         avg:                                  3.89ms
         max:                                 22.94ms
         approx.  95 percentile:               3.95ms

Threads fairness:
    events (avg/stddev):           333.3333/4.47
    execution time (avg/stddev):   1.2968/0.01

sysbench 0.4.12:  multi-threaded system evaluation benchmark

Running the test with following options:
Number of threads: 30

Doing CPU performance benchmark

Threads started!
Done.

Maximum prime number checked in CPU test: 20000


Test execution summary:
    total time:                          1.3107s
    total number of events:              10000
    total time taken by event execution: 39.0337
    per-request statistics:
         min:                                  3.53ms
         avg:                                  3.90ms
         max:                                 16.91ms
         approx.  95 percentile:               3.96ms

Threads fairness:
    events (avg/stddev):           333.3333/7.05
    execution time (avg/stddev):   1.3011/0.01

sysbench 0.4.12:  multi-threaded system evaluation benchmark

Running the test with following options:
Number of threads: 30

Doing CPU performance benchmark

Threads started!
Done.

Maximum prime number checked in CPU test: 20000


Test execution summary:
    total time:                          1.3085s
    total number of events:              10000
    total time taken by event execution: 38.8795
    per-request statistics:
         min:                                  3.53ms
         avg:                                  3.89ms
         max:                                 20.91ms
         approx.  95 percentile:               3.94ms

Threads fairness:
    events (avg/stddev):           333.3333/4.62
    execution time (avg/stddev):   1.2960/0.01

sysbench 0.4.12:  multi-threaded system evaluation benchmark

Running the test with following options:
Number of threads: 30

Doing CPU performance benchmark

Threads started!
Done.

Maximum prime number checked in CPU test: 20000


Test execution summary:
    total time:                          1.3093s
    total number of events:              10000
    total time taken by event execution: 39.0251
    per-request statistics:
         min:                                  3.48ms
         avg:                                  3.90ms
         max:                                 24.34ms
         approx.  95 percentile:               3.96ms

Threads fairness:
    events (avg/stddev):           333.3333/5.59
    execution time (avg/stddev):   1.3008/0.01

sysbench 0.4.12:  multi-threaded system evaluation benchmark

Running the test with following options:
Number of threads: 32

Doing CPU performance benchmark

Threads started!
Done.

Maximum prime number checked in CPU test: 20000


Test execution summary:
    total time:                          1.2421s
    total number of events:              10000
    total time taken by event execution: 39.3562
    per-request statistics:
         min:                                  3.53ms
         avg:                                  3.94ms
         max:                                 34.89ms
         approx.  95 percentile:               3.96ms

Threads fairness:
    events (avg/stddev):           312.5000/6.17
    execution time (avg/stddev):   1.2299/0.02

sysbench 0.4.12:  multi-threaded system evaluation benchmark

Running the test with following options:
Number of threads: 32

Doing CPU performance benchmark

Threads started!
Done.

Maximum prime number checked in CPU test: 20000


Test execution summary:
    total time:                          1.2350s
    total number of events:              10000
    total time taken by event execution: 39.3057
    per-request statistics:
         min:                                  3.54ms
         avg:                                  3.93ms
         max:                                 28.72ms
         approx.  95 percentile:               3.96ms

Threads fairness:
    events (avg/stddev):           312.5000/2.42
    execution time (avg/stddev):   1.2283/0.01

sysbench 0.4.12:  multi-threaded system evaluation benchmark

Running the test with following options:
Number of threads: 32

Doing CPU performance benchmark

Threads started!
Done.

Maximum prime number checked in CPU test: 20000


Test execution summary:
    total time:                          1.2399s
    total number of events:              10000
    total time taken by event execution: 39.3239
    per-request statistics:
         min:                                  3.55ms
         avg:                                  3.93ms
         max:                                 31.82ms
         approx.  95 percentile:               3.95ms

Threads fairness:
    events (avg/stddev):           312.5000/4.64
    execution time (avg/stddev):   1.2289/0.01

sysbench 0.4.12:  multi-threaded system evaluation benchmark

Running the test with following options:
Number of threads: 32

Doing CPU performance benchmark

Threads started!
Done.

Maximum prime number checked in CPU test: 20000


Test execution summary:
    total time:                          1.2428s
    total number of events:              10000
    total time taken by event execution: 39.3023
    per-request statistics:
         min:                                  3.54ms
         avg:                                  3.93ms
         max:                                 37.91ms
         approx.  95 percentile:               3.96ms

Threads fairness:
    events (avg/stddev):           312.5000/6.61
    execution time (avg/stddev):   1.2282/0.02

sysbench 0.4.12:  multi-threaded system evaluation benchmark

Running the test with following options:
Number of threads: 32

Doing CPU performance benchmark

Threads started!
Done.

Maximum prime number checked in CPU test: 20000


Test execution summary:
    total time:                          1.2607s
    total number of events:              10000
    total time taken by event execution: 39.9278
    per-request statistics:
         min:                                  3.51ms
         avg:                                  3.99ms
         max:                                 36.93ms
         approx.  95 percentile:               3.96ms

Threads fairness:
    events (avg/stddev):           312.5000/16.39
    execution time (avg/stddev):   1.2477/0.02

sysbench 0.4.12:  multi-threaded system evaluation benchmark

Running the test with following options:
Number of threads: 34

Doing CPU performance benchmark

Threads started!
Done.

Maximum prime number checked in CPU test: 20000


Test execution summary:
    total time:                          1.2333s
    total number of events:              10000
    total time taken by event execution: 41.5469
    per-request statistics:
         min:                                  3.46ms
         avg:                                  4.15ms
         max:                                 26.92ms
         approx.  95 percentile:               3.96ms

Threads fairness:
    events (avg/stddev):           294.1176/23.75
    execution time (avg/stddev):   1.2220/0.01

sysbench 0.4.12:  multi-threaded system evaluation benchmark

Running the test with following options:
Number of threads: 34

Doing CPU performance benchmark

Threads started!
Done.

Maximum prime number checked in CPU test: 20000


Test execution summary:
    total time:                          1.2392s
    total number of events:              10000
    total time taken by event execution: 41.5454
    per-request statistics:
         min:                                  3.51ms
         avg:                                  4.15ms
         max:                                 32.89ms
         approx.  95 percentile:               3.96ms

Threads fairness:
    events (avg/stddev):           294.1176/24.93
    execution time (avg/stddev):   1.2219/0.02

sysbench 0.4.12:  multi-threaded system evaluation benchmark

Running the test with following options:
Number of threads: 34

Doing CPU performance benchmark

Threads started!
Done.

Maximum prime number checked in CPU test: 20000


Test execution summary:
    total time:                          1.2370s
    total number of events:              10000
    total time taken by event execution: 41.5719
    per-request statistics:
         min:                                  3.51ms
         avg:                                  4.16ms
         max:                                 22.92ms
         approx.  95 percentile:               3.96ms

Threads fairness:
    events (avg/stddev):           294.1176/32.95
    execution time (avg/stddev):   1.2227/0.02

sysbench 0.4.12:  multi-threaded system evaluation benchmark

Running the test with following options:
Number of threads: 34

Doing CPU performance benchmark

Threads started!
Done.

Maximum prime number checked in CPU test: 20000


Test execution summary:
    total time:                          1.2520s
    total number of events:              10000
    total time taken by event execution: 41.9634
    per-request statistics:
         min:                                  3.49ms
         avg:                                  4.20ms
         max:                                 95.92ms
         approx.  95 percentile:               3.96ms

Threads fairness:
    events (avg/stddev):           294.1176/30.78
    execution time (avg/stddev):   1.2342/0.02

sysbench 0.4.12:  multi-threaded system evaluation benchmark

Running the test with following options:
Number of threads: 34

Doing CPU performance benchmark

Threads started!
Done.

Maximum prime number checked in CPU test: 20000


Test execution summary:
    total time:                          1.2354s
    total number of events:              10000
    total time taken by event execution: 41.5427
    per-request statistics:
         min:                                  3.50ms
         avg:                                  4.15ms
         max:                                 32.93ms
         approx.  95 percentile:               3.95ms

Threads fairness:
    events (avg/stddev):           294.1176/26.97
    execution time (avg/stddev):   1.2218/0.02

Tue Oct 24 15:59:20 KST 2017
