Mon Jan  8 22:28:57 KST 2018
sysbench 0.4.12:  multi-threaded system evaluation benchmark

Running the test with following options:
Number of threads: 1

Doing CPU performance benchmark

Threads started!
Done.

Maximum prime number checked in CPU test: 20000


Test execution summary:
    total time:                          24.9714s
    total number of events:              10000
    total time taken by event execution: 24.9706
    per-request statistics:
         min:                                  2.48ms
         avg:                                  2.50ms
         max:                                  3.64ms
         approx.  95 percentile:               2.49ms

Threads fairness:
    events (avg/stddev):           10000.0000/0.00
    execution time (avg/stddev):   24.9706/0.00

sysbench 0.4.12:  multi-threaded system evaluation benchmark

Running the test with following options:
Number of threads: 1

Doing CPU performance benchmark

Threads started!
Done.

Maximum prime number checked in CPU test: 20000


Test execution summary:
    total time:                          24.9655s
    total number of events:              10000
    total time taken by event execution: 24.9647
    per-request statistics:
         min:                                  2.48ms
         avg:                                  2.50ms
         max:                                  3.04ms
         approx.  95 percentile:               2.49ms

Threads fairness:
    events (avg/stddev):           10000.0000/0.00
    execution time (avg/stddev):   24.9647/0.00

sysbench 0.4.12:  multi-threaded system evaluation benchmark

Running the test with following options:
Number of threads: 1

Doing CPU performance benchmark

Threads started!
Done.

Maximum prime number checked in CPU test: 20000


Test execution summary:
    total time:                          24.9657s
    total number of events:              10000
    total time taken by event execution: 24.9649
    per-request statistics:
         min:                                  2.48ms
         avg:                                  2.50ms
         max:                                  2.96ms
         approx.  95 percentile:               2.49ms

Threads fairness:
    events (avg/stddev):           10000.0000/0.00
    execution time (avg/stddev):   24.9649/0.00

sysbench 0.4.12:  multi-threaded system evaluation benchmark

Running the test with following options:
Number of threads: 1

Doing CPU performance benchmark

Threads started!
Done.

Maximum prime number checked in CPU test: 20000


Test execution summary:
    total time:                          24.9653s
    total number of events:              10000
    total time taken by event execution: 24.9646
    per-request statistics:
         min:                                  2.48ms
         avg:                                  2.50ms
         max:                                  3.19ms
         approx.  95 percentile:               2.49ms

Threads fairness:
    events (avg/stddev):           10000.0000/0.00
    execution time (avg/stddev):   24.9646/0.00

sysbench 0.4.12:  multi-threaded system evaluation benchmark

Running the test with following options:
Number of threads: 1

Doing CPU performance benchmark

Threads started!
Done.

Maximum prime number checked in CPU test: 20000


Test execution summary:
    total time:                          24.9657s
    total number of events:              10000
    total time taken by event execution: 24.9649
    per-request statistics:
         min:                                  2.49ms
         avg:                                  2.50ms
         max:                                  2.92ms
         approx.  95 percentile:               2.49ms

Threads fairness:
    events (avg/stddev):           10000.0000/0.00
    execution time (avg/stddev):   24.9649/0.00

sysbench 0.4.12:  multi-threaded system evaluation benchmark

Running the test with following options:
Number of threads: 2

Doing CPU performance benchmark

Threads started!
Done.

Maximum prime number checked in CPU test: 20000


Test execution summary:
    total time:                          12.4999s
    total number of events:              10000
    total time taken by event execution: 24.9973
    per-request statistics:
         min:                                  2.49ms
         avg:                                  2.50ms
         max:                                  2.91ms
         approx.  95 percentile:               2.53ms

Threads fairness:
    events (avg/stddev):           5000.0000/2.00
    execution time (avg/stddev):   12.4986/0.00

sysbench 0.4.12:  multi-threaded system evaluation benchmark

Running the test with following options:
Number of threads: 2

Doing CPU performance benchmark

Threads started!
Done.

Maximum prime number checked in CPU test: 20000


Test execution summary:
    total time:                          12.4981s
    total number of events:              10000
    total time taken by event execution: 24.9934
    per-request statistics:
         min:                                  2.49ms
         avg:                                  2.50ms
         max:                                  2.92ms
         approx.  95 percentile:               2.53ms

Threads fairness:
    events (avg/stddev):           5000.0000/2.00
    execution time (avg/stddev):   12.4967/0.00

sysbench 0.4.12:  multi-threaded system evaluation benchmark

Running the test with following options:
Number of threads: 2

Doing CPU performance benchmark

Threads started!
Done.

Maximum prime number checked in CPU test: 20000


Test execution summary:
    total time:                          12.4988s
    total number of events:              10000
    total time taken by event execution: 24.9948
    per-request statistics:
         min:                                  2.49ms
         avg:                                  2.50ms
         max:                                  2.88ms
         approx.  95 percentile:               2.53ms

Threads fairness:
    events (avg/stddev):           5000.0000/3.00
    execution time (avg/stddev):   12.4974/0.00

sysbench 0.4.12:  multi-threaded system evaluation benchmark

Running the test with following options:
Number of threads: 2

Doing CPU performance benchmark

Threads started!
Done.

Maximum prime number checked in CPU test: 20000


Test execution summary:
    total time:                          12.4993s
    total number of events:              10000
    total time taken by event execution: 24.9944
    per-request statistics:
         min:                                  2.49ms
         avg:                                  2.50ms
         max:                                  3.03ms
         approx.  95 percentile:               2.53ms

Threads fairness:
    events (avg/stddev):           5000.0000/2.00
    execution time (avg/stddev):   12.4972/0.00

sysbench 0.4.12:  multi-threaded system evaluation benchmark

Running the test with following options:
Number of threads: 2

Doing CPU performance benchmark

Threads started!
Done.

Maximum prime number checked in CPU test: 20000


Test execution summary:
    total time:                          12.8468s
    total number of events:              10000
    total time taken by event execution: 25.6913
    per-request statistics:
         min:                                  2.49ms
         avg:                                  2.57ms
         max:                                  3.51ms
         approx.  95 percentile:               3.02ms

Threads fairness:
    events (avg/stddev):           5000.0000/9.00
    execution time (avg/stddev):   12.8456/0.00

sysbench 0.4.12:  multi-threaded system evaluation benchmark

Running the test with following options:
Number of threads: 4

Doing CPU performance benchmark

Threads started!
Done.

Maximum prime number checked in CPU test: 20000


Test execution summary:
    total time:                          7.0273s
    total number of events:              10000
    total time taken by event execution: 28.1010
    per-request statistics:
         min:                                  2.49ms
         avg:                                  2.81ms
         max:                                  3.91ms
         approx.  95 percentile:               3.17ms

Threads fairness:
    events (avg/stddev):           2500.0000/57.59
    execution time (avg/stddev):   7.0253/0.00

sysbench 0.4.12:  multi-threaded system evaluation benchmark

Running the test with following options:
Number of threads: 4

Doing CPU performance benchmark

Threads started!
Done.

Maximum prime number checked in CPU test: 20000


Test execution summary:
    total time:                          6.4321s
    total number of events:              10000
    total time taken by event execution: 25.7238
    per-request statistics:
         min:                                  2.49ms
         avg:                                  2.57ms
         max:                                  3.61ms
         approx.  95 percentile:               2.76ms

Threads fairness:
    events (avg/stddev):           2500.0000/31.00
    execution time (avg/stddev):   6.4309/0.00

sysbench 0.4.12:  multi-threaded system evaluation benchmark

Running the test with following options:
Number of threads: 4

Doing CPU performance benchmark

Threads started!
Done.

Maximum prime number checked in CPU test: 20000


Test execution summary:
    total time:                          6.3726s
    total number of events:              10000
    total time taken by event execution: 25.4858
    per-request statistics:
         min:                                  2.49ms
         avg:                                  2.55ms
         max:                                  3.18ms
         approx.  95 percentile:               2.61ms

Threads fairness:
    events (avg/stddev):           2500.0000/43.00
    execution time (avg/stddev):   6.3715/0.00

sysbench 0.4.12:  multi-threaded system evaluation benchmark

Running the test with following options:
Number of threads: 4

Doing CPU performance benchmark

Threads started!
Done.

Maximum prime number checked in CPU test: 20000


Test execution summary:
    total time:                          6.3549s
    total number of events:              10000
    total time taken by event execution: 25.4118
    per-request statistics:
         min:                                  2.49ms
         avg:                                  2.54ms
         max:                                  2.99ms
         approx.  95 percentile:               2.61ms

Threads fairness:
    events (avg/stddev):           2500.0000/36.00
    execution time (avg/stddev):   6.3530/0.00

sysbench 0.4.12:  multi-threaded system evaluation benchmark

Running the test with following options:
Number of threads: 4

Doing CPU performance benchmark

Threads started!
Done.

Maximum prime number checked in CPU test: 20000


Test execution summary:
    total time:                          6.3669s
    total number of events:              10000
    total time taken by event execution: 25.4629
    per-request statistics:
         min:                                  2.49ms
         avg:                                  2.55ms
         max:                                  2.97ms
         approx.  95 percentile:               2.61ms

Threads fairness:
    events (avg/stddev):           2500.0000/41.00
    execution time (avg/stddev):   6.3657/0.00

sysbench 0.4.12:  multi-threaded system evaluation benchmark

Running the test with following options:
Number of threads: 6

Doing CPU performance benchmark

Threads started!
Done.

Maximum prime number checked in CPU test: 20000


Test execution summary:
    total time:                          4.5254s
    total number of events:              10000
    total time taken by event execution: 27.1445
    per-request statistics:
         min:                                  2.49ms
         avg:                                  2.71ms
         max:                                  3.43ms
         approx.  95 percentile:               2.77ms

Threads fairness:
    events (avg/stddev):           1666.6667/20.16
    execution time (avg/stddev):   4.5241/0.00

sysbench 0.4.12:  multi-threaded system evaluation benchmark

Running the test with following options:
Number of threads: 6

Doing CPU performance benchmark

Threads started!
Done.

Maximum prime number checked in CPU test: 20000


Test execution summary:
    total time:                          4.5295s
    total number of events:              10000
    total time taken by event execution: 27.1681
    per-request statistics:
         min:                                  2.49ms
         avg:                                  2.72ms
         max:                                  3.36ms
         approx.  95 percentile:               2.80ms

Threads fairness:
    events (avg/stddev):           1666.6667/19.52
    execution time (avg/stddev):   4.5280/0.00

sysbench 0.4.12:  multi-threaded system evaluation benchmark

Running the test with following options:
Number of threads: 6

Doing CPU performance benchmark

Threads started!
Done.

Maximum prime number checked in CPU test: 20000


Test execution summary:
    total time:                          4.5232s
    total number of events:              10000
    total time taken by event execution: 27.1319
    per-request statistics:
         min:                                  2.49ms
         avg:                                  2.71ms
         max:                                  3.40ms
         approx.  95 percentile:               2.78ms

Threads fairness:
    events (avg/stddev):           1666.6667/19.11
    execution time (avg/stddev):   4.5220/0.00

sysbench 0.4.12:  multi-threaded system evaluation benchmark

Running the test with following options:
Number of threads: 6

Doing CPU performance benchmark

Threads started!
Done.

Maximum prime number checked in CPU test: 20000


Test execution summary:
    total time:                          4.5259s
    total number of events:              10000
    total time taken by event execution: 27.1470
    per-request statistics:
         min:                                  2.49ms
         avg:                                  2.71ms
         max:                                  3.30ms
         approx.  95 percentile:               2.78ms

Threads fairness:
    events (avg/stddev):           1666.6667/24.01
    execution time (avg/stddev):   4.5245/0.00

sysbench 0.4.12:  multi-threaded system evaluation benchmark

Running the test with following options:
Number of threads: 6

Doing CPU performance benchmark

Threads started!
Done.

Maximum prime number checked in CPU test: 20000


Test execution summary:
    total time:                          4.5183s
    total number of events:              10000
    total time taken by event execution: 27.1035
    per-request statistics:
         min:                                  2.49ms
         avg:                                  2.71ms
         max:                                  3.17ms
         approx.  95 percentile:               2.76ms

Threads fairness:
    events (avg/stddev):           1666.6667/19.08
    execution time (avg/stddev):   4.5172/0.00

sysbench 0.4.12:  multi-threaded system evaluation benchmark

Running the test with following options:
Number of threads: 8

Doing CPU performance benchmark

Threads started!
Done.

Maximum prime number checked in CPU test: 20000


Test execution summary:
    total time:                          3.4660s
    total number of events:              10000
    total time taken by event execution: 27.7130
    per-request statistics:
         min:                                  2.67ms
         avg:                                  2.77ms
         max:                                  3.67ms
         approx.  95 percentile:               2.93ms

Threads fairness:
    events (avg/stddev):           1250.0000/3.04
    execution time (avg/stddev):   3.4641/0.00

sysbench 0.4.12:  multi-threaded system evaluation benchmark

Running the test with following options:
Number of threads: 8

Doing CPU performance benchmark

Threads started!
Done.

Maximum prime number checked in CPU test: 20000


Test execution summary:
    total time:                          3.5182s
    total number of events:              10000
    total time taken by event execution: 28.1277
    per-request statistics:
         min:                                  2.69ms
         avg:                                  2.81ms
         max:                                  3.70ms
         approx.  95 percentile:               2.97ms

Threads fairness:
    events (avg/stddev):           1250.0000/17.01
    execution time (avg/stddev):   3.5160/0.00

sysbench 0.4.12:  multi-threaded system evaluation benchmark

Running the test with following options:
Number of threads: 8

Doing CPU performance benchmark

Threads started!
Done.

Maximum prime number checked in CPU test: 20000


Test execution summary:
    total time:                          3.5180s
    total number of events:              10000
    total time taken by event execution: 28.1313
    per-request statistics:
         min:                                  2.65ms
         avg:                                  2.81ms
         max:                                  3.85ms
         approx.  95 percentile:               3.02ms

Threads fairness:
    events (avg/stddev):           1250.0000/15.54
    execution time (avg/stddev):   3.5164/0.00

sysbench 0.4.12:  multi-threaded system evaluation benchmark

Running the test with following options:
Number of threads: 8

Doing CPU performance benchmark

Threads started!
Done.

Maximum prime number checked in CPU test: 20000


Test execution summary:
    total time:                          3.5062s
    total number of events:              10000
    total time taken by event execution: 28.0384
    per-request statistics:
         min:                                  2.69ms
         avg:                                  2.80ms
         max:                                  3.60ms
         approx.  95 percentile:               2.88ms

Threads fairness:
    events (avg/stddev):           1250.0000/14.78
    execution time (avg/stddev):   3.5048/0.00

sysbench 0.4.12:  multi-threaded system evaluation benchmark

Running the test with following options:
Number of threads: 8

Doing CPU performance benchmark

Threads started!
Done.

Maximum prime number checked in CPU test: 20000


Test execution summary:
    total time:                          3.5234s
    total number of events:              10000
    total time taken by event execution: 28.1758
    per-request statistics:
         min:                                  2.49ms
         avg:                                  2.82ms
         max:                                  4.01ms
         approx.  95 percentile:               3.05ms

Threads fairness:
    events (avg/stddev):           1250.0000/16.90
    execution time (avg/stddev):   3.5220/0.00

sysbench 0.4.12:  multi-threaded system evaluation benchmark

Running the test with following options:
Number of threads: 10

Doing CPU performance benchmark

Threads started!
Done.

Maximum prime number checked in CPU test: 20000


Test execution summary:
    total time:                          2.8779s
    total number of events:              10000
    total time taken by event execution: 28.7630
    per-request statistics:
         min:                                  2.76ms
         avg:                                  2.88ms
         max:                                  4.37ms
         approx.  95 percentile:               3.09ms

Threads fairness:
    events (avg/stddev):           1000.0000/0.89
    execution time (avg/stddev):   2.8763/0.00

sysbench 0.4.12:  multi-threaded system evaluation benchmark

Running the test with following options:
Number of threads: 10

Doing CPU performance benchmark

Threads started!
Done.

Maximum prime number checked in CPU test: 20000


Test execution summary:
    total time:                          2.9293s
    total number of events:              10000
    total time taken by event execution: 29.2772
    per-request statistics:
         min:                                  2.49ms
         avg:                                  2.93ms
         max:                                  4.15ms
         approx.  95 percentile:               3.14ms

Threads fairness:
    events (avg/stddev):           1000.0000/19.24
    execution time (avg/stddev):   2.9277/0.00

sysbench 0.4.12:  multi-threaded system evaluation benchmark

Running the test with following options:
Number of threads: 10

Doing CPU performance benchmark

Threads started!
Done.

Maximum prime number checked in CPU test: 20000


Test execution summary:
    total time:                          2.9123s
    total number of events:              10000
    total time taken by event execution: 29.1027
    per-request statistics:
         min:                                  2.65ms
         avg:                                  2.91ms
         max:                                  4.46ms
         approx.  95 percentile:               3.06ms

Threads fairness:
    events (avg/stddev):           1000.0000/15.59
    execution time (avg/stddev):   2.9103/0.00

sysbench 0.4.12:  multi-threaded system evaluation benchmark

Running the test with following options:
Number of threads: 10

Doing CPU performance benchmark

Threads started!
Done.

Maximum prime number checked in CPU test: 20000


Test execution summary:
    total time:                          2.9108s
    total number of events:              10000
    total time taken by event execution: 29.0912
    per-request statistics:
         min:                                  2.74ms
         avg:                                  2.91ms
         max:                                  3.86ms
         approx.  95 percentile:               3.06ms

Threads fairness:
    events (avg/stddev):           1000.0000/15.07
    execution time (avg/stddev):   2.9091/0.00

sysbench 0.4.12:  multi-threaded system evaluation benchmark

Running the test with following options:
Number of threads: 10

Doing CPU performance benchmark

Threads started!
Done.

Maximum prime number checked in CPU test: 20000


Test execution summary:
    total time:                          2.8984s
    total number of events:              10000
    total time taken by event execution: 28.9697
    per-request statistics:
         min:                                  2.75ms
         avg:                                  2.90ms
         max:                                  3.99ms
         approx.  95 percentile:               3.04ms

Threads fairness:
    events (avg/stddev):           1000.0000/11.26
    execution time (avg/stddev):   2.8970/0.00

sysbench 0.4.12:  multi-threaded system evaluation benchmark

Running the test with following options:
Number of threads: 12

Doing CPU performance benchmark

Threads started!
Done.

Maximum prime number checked in CPU test: 20000


Test execution summary:
    total time:                          2.5128s
    total number of events:              10000
    total time taken by event execution: 30.1321
    per-request statistics:
         min:                                  2.86ms
         avg:                                  3.01ms
         max:                                  4.44ms
         approx.  95 percentile:               3.19ms

Threads fairness:
    events (avg/stddev):           833.3333/9.71
    execution time (avg/stddev):   2.5110/0.00

sysbench 0.4.12:  multi-threaded system evaluation benchmark

Running the test with following options:
Number of threads: 12

Doing CPU performance benchmark

Threads started!
Done.

Maximum prime number checked in CPU test: 20000


Test execution summary:
    total time:                          2.5347s
    total number of events:              10000
    total time taken by event execution: 30.3915
    per-request statistics:
         min:                                  2.49ms
         avg:                                  3.04ms
         max:                                 16.44ms
         approx.  95 percentile:               3.41ms

Threads fairness:
    events (avg/stddev):           833.3333/17.24
    execution time (avg/stddev):   2.5326/0.00

sysbench 0.4.12:  multi-threaded system evaluation benchmark

Running the test with following options:
Number of threads: 12

Doing CPU performance benchmark

Threads started!
Done.

Maximum prime number checked in CPU test: 20000


Test execution summary:
    total time:                          2.4872s
    total number of events:              10000
    total time taken by event execution: 29.8249
    per-request statistics:
         min:                                  2.82ms
         avg:                                  2.98ms
         max:                                  4.65ms
         approx.  95 percentile:               3.19ms

Threads fairness:
    events (avg/stddev):           833.3333/1.84
    execution time (avg/stddev):   2.4854/0.00

sysbench 0.4.12:  multi-threaded system evaluation benchmark

Running the test with following options:
Number of threads: 12

Doing CPU performance benchmark

Threads started!
Done.

Maximum prime number checked in CPU test: 20000


Test execution summary:
    total time:                          2.5217s
    total number of events:              10000
    total time taken by event execution: 30.2376
    per-request statistics:
         min:                                  2.65ms
         avg:                                  3.02ms
         max:                                  3.85ms
         approx.  95 percentile:               3.25ms

Threads fairness:
    events (avg/stddev):           833.3333/15.41
    execution time (avg/stddev):   2.5198/0.00

sysbench 0.4.12:  multi-threaded system evaluation benchmark

Running the test with following options:
Number of threads: 12

Doing CPU performance benchmark

Threads started!
Done.

Maximum prime number checked in CPU test: 20000


Test execution summary:
    total time:                          2.5139s
    total number of events:              10000
    total time taken by event execution: 30.1428
    per-request statistics:
         min:                                  2.84ms
         avg:                                  3.01ms
         max:                                  3.79ms
         approx.  95 percentile:               3.19ms

Threads fairness:
    events (avg/stddev):           833.3333/13.46
    execution time (avg/stddev):   2.5119/0.00

sysbench 0.4.12:  multi-threaded system evaluation benchmark

Running the test with following options:
Number of threads: 14

Doing CPU performance benchmark

Threads started!
Done.

Maximum prime number checked in CPU test: 20000


Test execution summary:
    total time:                          2.2095s
    total number of events:              10000
    total time taken by event execution: 30.9056
    per-request statistics:
         min:                                  2.84ms
         avg:                                  3.09ms
         max:                                  4.14ms
         approx.  95 percentile:               3.29ms

Threads fairness:
    events (avg/stddev):           714.2857/3.06
    execution time (avg/stddev):   2.2075/0.00

sysbench 0.4.12:  multi-threaded system evaluation benchmark

Running the test with following options:
Number of threads: 14

Doing CPU performance benchmark

Threads started!
Done.

Maximum prime number checked in CPU test: 20000


Test execution summary:
    total time:                          2.2167s
    total number of events:              10000
    total time taken by event execution: 31.0104
    per-request statistics:
         min:                                  2.75ms
         avg:                                  3.10ms
         max:                                  4.83ms
         approx.  95 percentile:               3.41ms

Threads fairness:
    events (avg/stddev):           714.2857/7.52
    execution time (avg/stddev):   2.2150/0.00

sysbench 0.4.12:  multi-threaded system evaluation benchmark

Running the test with following options:
Number of threads: 14

Doing CPU performance benchmark

Threads started!
Done.

Maximum prime number checked in CPU test: 20000


Test execution summary:
    total time:                          2.2076s
    total number of events:              10000
    total time taken by event execution: 30.8843
    per-request statistics:
         min:                                  2.75ms
         avg:                                  3.09ms
         max:                                 17.49ms
         approx.  95 percentile:               3.29ms

Threads fairness:
    events (avg/stddev):           714.2857/6.74
    execution time (avg/stddev):   2.2060/0.00

sysbench 0.4.12:  multi-threaded system evaluation benchmark

Running the test with following options:
Number of threads: 14

Doing CPU performance benchmark

Threads started!
Done.

Maximum prime number checked in CPU test: 20000


Test execution summary:
    total time:                          2.2272s
    total number of events:              10000
    total time taken by event execution: 31.1379
    per-request statistics:
         min:                                  2.65ms
         avg:                                  3.11ms
         max:                                  4.62ms
         approx.  95 percentile:               3.44ms

Threads fairness:
    events (avg/stddev):           714.2857/9.90
    execution time (avg/stddev):   2.2241/0.00

sysbench 0.4.12:  multi-threaded system evaluation benchmark

Running the test with following options:
Number of threads: 14

Doing CPU performance benchmark

Threads started!
Done.

Maximum prime number checked in CPU test: 20000


Test execution summary:
    total time:                          2.2014s
    total number of events:              10000
    total time taken by event execution: 30.7931
    per-request statistics:
         min:                                  2.90ms
         avg:                                  3.08ms
         max:                                  3.71ms
         approx.  95 percentile:               3.24ms

Threads fairness:
    events (avg/stddev):           714.2857/1.75
    execution time (avg/stddev):   2.1995/0.00

sysbench 0.4.12:  multi-threaded system evaluation benchmark

Running the test with following options:
Number of threads: 16

Doing CPU performance benchmark

Threads started!
Done.

Maximum prime number checked in CPU test: 20000


Test execution summary:
    total time:                          1.9637s
    total number of events:              10000
    total time taken by event execution: 31.3631
    per-request statistics:
         min:                                  2.49ms
         avg:                                  3.14ms
         max:                                 21.09ms
         approx.  95 percentile:               3.48ms

Threads fairness:
    events (avg/stddev):           625.0000/10.41
    execution time (avg/stddev):   1.9602/0.00

sysbench 0.4.12:  multi-threaded system evaluation benchmark

Running the test with following options:
Number of threads: 16

Doing CPU performance benchmark

Threads started!
Done.

Maximum prime number checked in CPU test: 20000


Test execution summary:
    total time:                          1.9402s
    total number of events:              10000
    total time taken by event execution: 31.0103
    per-request statistics:
         min:                                  2.93ms
         avg:                                  3.10ms
         max:                                  4.29ms
         approx.  95 percentile:               3.28ms

Threads fairness:
    events (avg/stddev):           625.0000/1.70
    execution time (avg/stddev):   1.9381/0.00

sysbench 0.4.12:  multi-threaded system evaluation benchmark

Running the test with following options:
Number of threads: 16

Doing CPU performance benchmark

Threads started!
Done.

Maximum prime number checked in CPU test: 20000


Test execution summary:
    total time:                          1.9428s
    total number of events:              10000
    total time taken by event execution: 31.0515
    per-request statistics:
         min:                                  3.01ms
         avg:                                  3.11ms
         max:                                  4.64ms
         approx.  95 percentile:               3.28ms

Threads fairness:
    events (avg/stddev):           625.0000/1.37
    execution time (avg/stddev):   1.9407/0.00

sysbench 0.4.12:  multi-threaded system evaluation benchmark

Running the test with following options:
Number of threads: 16

Doing CPU performance benchmark

Threads started!
Done.

Maximum prime number checked in CPU test: 20000


Test execution summary:
    total time:                          1.9382s
    total number of events:              10000
    total time taken by event execution: 30.9698
    per-request statistics:
         min:                                  2.81ms
         avg:                                  3.10ms
         max:                                  4.82ms
         approx.  95 percentile:               3.28ms

Threads fairness:
    events (avg/stddev):           625.0000/2.26
    execution time (avg/stddev):   1.9356/0.00

sysbench 0.4.12:  multi-threaded system evaluation benchmark

Running the test with following options:
Number of threads: 16

Doing CPU performance benchmark

Threads started!
Done.

Maximum prime number checked in CPU test: 20000


Test execution summary:
    total time:                          1.9516s
    total number of events:              10000
    total time taken by event execution: 31.1880
    per-request statistics:
         min:                                  2.84ms
         avg:                                  3.12ms
         max:                                  4.27ms
         approx.  95 percentile:               3.44ms

Threads fairness:
    events (avg/stddev):           625.0000/5.41
    execution time (avg/stddev):   1.9493/0.00

sysbench 0.4.12:  multi-threaded system evaluation benchmark

Running the test with following options:
Number of threads: 18

Doing CPU performance benchmark

Threads started!
Done.

Maximum prime number checked in CPU test: 20000


Test execution summary:
    total time:                          1.8400s
    total number of events:              10000
    total time taken by event execution: 33.0598
    per-request statistics:
         min:                                  2.65ms
         avg:                                  3.31ms
         max:                                 14.83ms
         approx.  95 percentile:               3.87ms

Threads fairness:
    events (avg/stddev):           555.5556/11.20
    execution time (avg/stddev):   1.8367/0.00

sysbench 0.4.12:  multi-threaded system evaluation benchmark

Running the test with following options:
Number of threads: 18

Doing CPU performance benchmark

Threads started!
Done.

Maximum prime number checked in CPU test: 20000


Test execution summary:
    total time:                          1.8369s
    total number of events:              10000
    total time taken by event execution: 33.0171
    per-request statistics:
         min:                                  2.97ms
         avg:                                  3.30ms
         max:                                  6.83ms
         approx.  95 percentile:               3.80ms

Threads fairness:
    events (avg/stddev):           555.5556/10.43
    execution time (avg/stddev):   1.8343/0.00

sysbench 0.4.12:  multi-threaded system evaluation benchmark

Running the test with following options:
Number of threads: 18

Doing CPU performance benchmark

Threads started!
Done.

Maximum prime number checked in CPU test: 20000


Test execution summary:
    total time:                          1.8602s
    total number of events:              10000
    total time taken by event execution: 33.4424
    per-request statistics:
         min:                                  2.95ms
         avg:                                  3.34ms
         max:                                 11.84ms
         approx.  95 percentile:               4.03ms

Threads fairness:
    events (avg/stddev):           555.5556/4.76
    execution time (avg/stddev):   1.8579/0.00

sysbench 0.4.12:  multi-threaded system evaluation benchmark

Running the test with following options:
Number of threads: 18

Doing CPU performance benchmark

Threads started!
Done.

Maximum prime number checked in CPU test: 20000


Test execution summary:
    total time:                          1.8466s
    total number of events:              10000
    total time taken by event execution: 33.1978
    per-request statistics:
         min:                                  3.01ms
         avg:                                  3.32ms
         max:                                  6.52ms
         approx.  95 percentile:               3.89ms

Threads fairness:
    events (avg/stddev):           555.5556/7.97
    execution time (avg/stddev):   1.8443/0.00

sysbench 0.4.12:  multi-threaded system evaluation benchmark

Running the test with following options:
Number of threads: 18

Doing CPU performance benchmark

Threads started!
Done.

Maximum prime number checked in CPU test: 20000


Test execution summary:
    total time:                          1.8636s
    total number of events:              10000
    total time taken by event execution: 33.5082
    per-request statistics:
         min:                                  2.95ms
         avg:                                  3.35ms
         max:                                  5.46ms
         approx.  95 percentile:               4.09ms

Threads fairness:
    events (avg/stddev):           555.5556/5.95
    execution time (avg/stddev):   1.8616/0.00

sysbench 0.4.12:  multi-threaded system evaluation benchmark

Running the test with following options:
Number of threads: 20

Doing CPU performance benchmark

Threads started!
Done.

Maximum prime number checked in CPU test: 20000


Test execution summary:
    total time:                          1.6848s
    total number of events:              10000
    total time taken by event execution: 33.6526
    per-request statistics:
         min:                                  2.95ms
         avg:                                  3.37ms
         max:                                 11.61ms
         approx.  95 percentile:               3.92ms

Threads fairness:
    events (avg/stddev):           500.0000/13.79
    execution time (avg/stddev):   1.6826/0.00

sysbench 0.4.12:  multi-threaded system evaluation benchmark

Running the test with following options:
Number of threads: 20

Doing CPU performance benchmark

Threads started!
Done.

Maximum prime number checked in CPU test: 20000


Test execution summary:
    total time:                          1.6884s
    total number of events:              10000
    total time taken by event execution: 33.7094
    per-request statistics:
         min:                                  3.06ms
         avg:                                  3.37ms
         max:                                 16.55ms
         approx.  95 percentile:               4.02ms

Threads fairness:
    events (avg/stddev):           500.0000/11.77
    execution time (avg/stddev):   1.6855/0.00

sysbench 0.4.12:  multi-threaded system evaluation benchmark

Running the test with following options:
Number of threads: 20

Doing CPU performance benchmark

Threads started!
Done.

Maximum prime number checked in CPU test: 20000


Test execution summary:
    total time:                          1.6987s
    total number of events:              10000
    total time taken by event execution: 33.9161
    per-request statistics:
         min:                                  2.95ms
         avg:                                  3.39ms
         max:                                  5.71ms
         approx.  95 percentile:               4.08ms

Threads fairness:
    events (avg/stddev):           500.0000/10.42
    execution time (avg/stddev):   1.6958/0.00

sysbench 0.4.12:  multi-threaded system evaluation benchmark

Running the test with following options:
Number of threads: 20

Doing CPU performance benchmark

Threads started!
Done.

Maximum prime number checked in CPU test: 20000


Test execution summary:
    total time:                          1.7003s
    total number of events:              10000
    total time taken by event execution: 33.9357
    per-request statistics:
         min:                                  2.95ms
         avg:                                  3.39ms
         max:                                  7.25ms
         approx.  95 percentile:               4.04ms

Threads fairness:
    events (avg/stddev):           500.0000/11.54
    execution time (avg/stddev):   1.6968/0.00

sysbench 0.4.12:  multi-threaded system evaluation benchmark

Running the test with following options:
Number of threads: 20

Doing CPU performance benchmark

Threads started!
Done.

Maximum prime number checked in CPU test: 20000


Test execution summary:
    total time:                          1.6929s
    total number of events:              10000
    total time taken by event execution: 33.8071
    per-request statistics:
         min:                                  2.99ms
         avg:                                  3.38ms
         max:                                  9.23ms
         approx.  95 percentile:               4.07ms

Threads fairness:
    events (avg/stddev):           500.0000/11.04
    execution time (avg/stddev):   1.6904/0.00

sysbench 0.4.12:  multi-threaded system evaluation benchmark

Running the test with following options:
Number of threads: 22

Doing CPU performance benchmark

Threads started!
Done.

Maximum prime number checked in CPU test: 20000


Test execution summary:
    total time:                          1.5569s
    total number of events:              10000
    total time taken by event execution: 34.1470
    per-request statistics:
         min:                                  3.06ms
         avg:                                  3.41ms
         max:                                  6.47ms
         approx.  95 percentile:               3.97ms

Threads fairness:
    events (avg/stddev):           454.5455/10.63
    execution time (avg/stddev):   1.5521/0.00

sysbench 0.4.12:  multi-threaded system evaluation benchmark

Running the test with following options:
Number of threads: 22

Doing CPU performance benchmark

Threads started!
Done.

Maximum prime number checked in CPU test: 20000


Test execution summary:
    total time:                          1.5646s
    total number of events:              10000
    total time taken by event execution: 34.3678
    per-request statistics:
         min:                                  3.06ms
         avg:                                  3.44ms
         max:                                  5.45ms
         approx.  95 percentile:               4.08ms

Threads fairness:
    events (avg/stddev):           454.5455/9.13
    execution time (avg/stddev):   1.5622/0.00

sysbench 0.4.12:  multi-threaded system evaluation benchmark

Running the test with following options:
Number of threads: 22

Doing CPU performance benchmark

Threads started!
Done.

Maximum prime number checked in CPU test: 20000


Test execution summary:
    total time:                          1.5543s
    total number of events:              10000
    total time taken by event execution: 34.1324
    per-request statistics:
         min:                                  3.06ms
         avg:                                  3.41ms
         max:                                 12.52ms
         approx.  95 percentile:               3.97ms

Threads fairness:
    events (avg/stddev):           454.5455/7.55
    execution time (avg/stddev):   1.5515/0.00

sysbench 0.4.12:  multi-threaded system evaluation benchmark

Running the test with following options:
Number of threads: 22

Doing CPU performance benchmark

Threads started!
Done.

Maximum prime number checked in CPU test: 20000


Test execution summary:
    total time:                          1.5549s
    total number of events:              10000
    total time taken by event execution: 34.1080
    per-request statistics:
         min:                                  2.95ms
         avg:                                  3.41ms
         max:                                  9.92ms
         approx.  95 percentile:               3.93ms

Threads fairness:
    events (avg/stddev):           454.5455/15.01
    execution time (avg/stddev):   1.5504/0.00

sysbench 0.4.12:  multi-threaded system evaluation benchmark

Running the test with following options:
Number of threads: 22

Doing CPU performance benchmark

Threads started!
Done.

Maximum prime number checked in CPU test: 20000


Test execution summary:
    total time:                          1.5581s
    total number of events:              10000
    total time taken by event execution: 34.1495
    per-request statistics:
         min:                                  2.84ms
         avg:                                  3.41ms
         max:                                  6.54ms
         approx.  95 percentile:               4.05ms

Threads fairness:
    events (avg/stddev):           454.5455/11.30
    execution time (avg/stddev):   1.5522/0.00

sysbench 0.4.12:  multi-threaded system evaluation benchmark

Running the test with following options:
Number of threads: 24

Doing CPU performance benchmark

Threads started!
Done.

Maximum prime number checked in CPU test: 20000


Test execution summary:
    total time:                          1.4330s
    total number of events:              10000
    total time taken by event execution: 34.2894
    per-request statistics:
         min:                                  2.99ms
         avg:                                  3.43ms
         max:                                  7.86ms
         approx.  95 percentile:               3.94ms

Threads fairness:
    events (avg/stddev):           416.6667/7.32
    execution time (avg/stddev):   1.4287/0.00

sysbench 0.4.12:  multi-threaded system evaluation benchmark

Running the test with following options:
Number of threads: 24

Doing CPU performance benchmark

Threads started!
Done.

Maximum prime number checked in CPU test: 20000


Test execution summary:
    total time:                          1.4366s
    total number of events:              10000
    total time taken by event execution: 34.3557
    per-request statistics:
         min:                                  3.05ms
         avg:                                  3.44ms
         max:                                  4.61ms
         approx.  95 percentile:               3.96ms

Threads fairness:
    events (avg/stddev):           416.6667/9.86
    execution time (avg/stddev):   1.4315/0.00

sysbench 0.4.12:  multi-threaded system evaluation benchmark

Running the test with following options:
Number of threads: 24

Doing CPU performance benchmark

Threads started!
Done.

Maximum prime number checked in CPU test: 20000


Test execution summary:
    total time:                          1.4329s
    total number of events:              10000
    total time taken by event execution: 34.2453
    per-request statistics:
         min:                                  3.04ms
         avg:                                  3.42ms
         max:                                  7.43ms
         approx.  95 percentile:               3.94ms

Threads fairness:
    events (avg/stddev):           416.6667/5.93
    execution time (avg/stddev):   1.4269/0.01

sysbench 0.4.12:  multi-threaded system evaluation benchmark

Running the test with following options:
Number of threads: 24

Doing CPU performance benchmark

Threads started!
Done.

Maximum prime number checked in CPU test: 20000


Test execution summary:
    total time:                          1.4275s
    total number of events:              10000
    total time taken by event execution: 34.1526
    per-request statistics:
         min:                                  3.02ms
         avg:                                  3.42ms
         max:                                 10.23ms
         approx.  95 percentile:               3.92ms

Threads fairness:
    events (avg/stddev):           416.6667/7.10
    execution time (avg/stddev):   1.4230/0.00

sysbench 0.4.12:  multi-threaded system evaluation benchmark

Running the test with following options:
Number of threads: 24

Doing CPU performance benchmark

Threads started!
Done.

Maximum prime number checked in CPU test: 20000


Test execution summary:
    total time:                          1.4278s
    total number of events:              10000
    total time taken by event execution: 34.1767
    per-request statistics:
         min:                                  2.98ms
         avg:                                  3.42ms
         max:                                  9.91ms
         approx.  95 percentile:               3.92ms

Threads fairness:
    events (avg/stddev):           416.6667/7.88
    execution time (avg/stddev):   1.4240/0.00

sysbench 0.4.12:  multi-threaded system evaluation benchmark

Running the test with following options:
Number of threads: 26

Doing CPU performance benchmark

Threads started!
Done.

Maximum prime number checked in CPU test: 20000


Test execution summary:
    total time:                          1.3276s
    total number of events:              10000
    total time taken by event execution: 34.4063
    per-request statistics:
         min:                                  2.99ms
         avg:                                  3.44ms
         max:                                 17.25ms
         approx.  95 percentile:               3.92ms

Threads fairness:
    events (avg/stddev):           384.6154/4.37
    execution time (avg/stddev):   1.3233/0.00

sysbench 0.4.12:  multi-threaded system evaluation benchmark

Running the test with following options:
Number of threads: 26

Doing CPU performance benchmark

Threads started!
Done.

Maximum prime number checked in CPU test: 20000


Test execution summary:
    total time:                          1.3230s
    total number of events:              10000
    total time taken by event execution: 34.2626
    per-request statistics:
         min:                                  3.06ms
         avg:                                  3.43ms
         max:                                  6.46ms
         approx.  95 percentile:               3.78ms

Threads fairness:
    events (avg/stddev):           384.6154/9.44
    execution time (avg/stddev):   1.3178/0.01

sysbench 0.4.12:  multi-threaded system evaluation benchmark

Running the test with following options:
Number of threads: 26

Doing CPU performance benchmark

Threads started!
Done.

Maximum prime number checked in CPU test: 20000


Test execution summary:
    total time:                          1.3293s
    total number of events:              10000
    total time taken by event execution: 34.4625
    per-request statistics:
         min:                                  3.06ms
         avg:                                  3.45ms
         max:                                  8.71ms
         approx.  95 percentile:               3.93ms

Threads fairness:
    events (avg/stddev):           384.6154/7.41
    execution time (avg/stddev):   1.3255/0.00

sysbench 0.4.12:  multi-threaded system evaluation benchmark

Running the test with following options:
Number of threads: 26

Doing CPU performance benchmark

Threads started!
Done.

Maximum prime number checked in CPU test: 20000


Test execution summary:
    total time:                          1.3361s
    total number of events:              10000
    total time taken by event execution: 34.5128
    per-request statistics:
         min:                                  2.88ms
         avg:                                  3.45ms
         max:                                 31.52ms
         approx.  95 percentile:               3.92ms

Threads fairness:
    events (avg/stddev):           384.6154/8.06
    execution time (avg/stddev):   1.3274/0.01

sysbench 0.4.12:  multi-threaded system evaluation benchmark

Running the test with following options:
Number of threads: 26

Doing CPU performance benchmark

Threads started!
Done.

Maximum prime number checked in CPU test: 20000


Test execution summary:
    total time:                          1.3337s
    total number of events:              10000
    total time taken by event execution: 34.4504
    per-request statistics:
         min:                                  2.78ms
         avg:                                  3.45ms
         max:                                 13.45ms
         approx.  95 percentile:               3.81ms

Threads fairness:
    events (avg/stddev):           384.6154/8.14
    execution time (avg/stddev):   1.3250/0.01

sysbench 0.4.12:  multi-threaded system evaluation benchmark

Running the test with following options:
Number of threads: 28

Doing CPU performance benchmark

Threads started!
Done.

Maximum prime number checked in CPU test: 20000


Test execution summary:
    total time:                          1.2459s
    total number of events:              10000
    total time taken by event execution: 34.4737
    per-request statistics:
         min:                                  2.73ms
         avg:                                  3.45ms
         max:                                 44.63ms
         approx.  95 percentile:               3.76ms

Threads fairness:
    events (avg/stddev):           357.1429/8.16
    execution time (avg/stddev):   1.2312/0.01

sysbench 0.4.12:  multi-threaded system evaluation benchmark

Running the test with following options:
Number of threads: 28

Doing CPU performance benchmark

Threads started!
Done.

Maximum prime number checked in CPU test: 20000


Test execution summary:
    total time:                          1.2283s
    total number of events:              10000
    total time taken by event execution: 34.2725
    per-request statistics:
         min:                                  3.06ms
         avg:                                  3.43ms
         max:                                 15.46ms
         approx.  95 percentile:               3.65ms

Threads fairness:
    events (avg/stddev):           357.1429/5.57
    execution time (avg/stddev):   1.2240/0.00

sysbench 0.4.12:  multi-threaded system evaluation benchmark

Running the test with following options:
Number of threads: 28

Doing CPU performance benchmark

Threads started!
Done.

Maximum prime number checked in CPU test: 20000


Test execution summary:
    total time:                          1.2291s
    total number of events:              10000
    total time taken by event execution: 34.2844
    per-request statistics:
         min:                                  3.06ms
         avg:                                  3.43ms
         max:                                 11.49ms
         approx.  95 percentile:               3.69ms

Threads fairness:
    events (avg/stddev):           357.1429/5.76
    execution time (avg/stddev):   1.2244/0.00

sysbench 0.4.12:  multi-threaded system evaluation benchmark

Running the test with following options:
Number of threads: 28

Doing CPU performance benchmark

Threads started!
Done.

Maximum prime number checked in CPU test: 20000


Test execution summary:
    total time:                          1.2307s
    total number of events:              10000
    total time taken by event execution: 34.2385
    per-request statistics:
         min:                                  3.05ms
         avg:                                  3.42ms
         max:                                  6.46ms
         approx.  95 percentile:               3.64ms

Threads fairness:
    events (avg/stddev):           357.1429/6.74
    execution time (avg/stddev):   1.2228/0.01

sysbench 0.4.12:  multi-threaded system evaluation benchmark

Running the test with following options:
Number of threads: 28

Doing CPU performance benchmark

Threads started!
Done.

Maximum prime number checked in CPU test: 20000


Test execution summary:
    total time:                          1.2320s
    total number of events:              10000
    total time taken by event execution: 34.3304
    per-request statistics:
         min:                                  3.06ms
         avg:                                  3.43ms
         max:                                  6.14ms
         approx.  95 percentile:               3.76ms

Threads fairness:
    events (avg/stddev):           357.1429/5.05
    execution time (avg/stddev):   1.2261/0.01

sysbench 0.4.12:  multi-threaded system evaluation benchmark

Running the test with following options:
Number of threads: 30

Doing CPU performance benchmark

Threads started!
Done.

Maximum prime number checked in CPU test: 20000


Test execution summary:
    total time:                          1.1581s
    total number of events:              10000
    total time taken by event execution: 34.4694
    per-request statistics:
         min:                                  2.98ms
         avg:                                  3.45ms
         max:                                 22.43ms
         approx.  95 percentile:               3.64ms

Threads fairness:
    events (avg/stddev):           333.3333/5.56
    execution time (avg/stddev):   1.1490/0.01

sysbench 0.4.12:  multi-threaded system evaluation benchmark

Running the test with following options:
Number of threads: 30

Doing CPU performance benchmark

Threads started!
Done.

Maximum prime number checked in CPU test: 20000


Test execution summary:
    total time:                          1.1600s
    total number of events:              10000
    total time taken by event execution: 34.3734
    per-request statistics:
         min:                                  2.79ms
         avg:                                  3.44ms
         max:                                 25.45ms
         approx.  95 percentile:               3.61ms

Threads fairness:
    events (avg/stddev):           333.3333/4.51
    execution time (avg/stddev):   1.1458/0.01

sysbench 0.4.12:  multi-threaded system evaluation benchmark

Running the test with following options:
Number of threads: 30

Doing CPU performance benchmark

Threads started!
Done.

Maximum prime number checked in CPU test: 20000


Test execution summary:
    total time:                          1.1610s
    total number of events:              10000
    total time taken by event execution: 34.4875
    per-request statistics:
         min:                                  2.82ms
         avg:                                  3.45ms
         max:                                 16.66ms
         approx.  95 percentile:               3.61ms

Threads fairness:
    events (avg/stddev):           333.3333/4.85
    execution time (avg/stddev):   1.1496/0.01

sysbench 0.4.12:  multi-threaded system evaluation benchmark

Running the test with following options:
Number of threads: 30

Doing CPU performance benchmark

Threads started!
Done.

Maximum prime number checked in CPU test: 20000


Test execution summary:
    total time:                          1.1546s
    total number of events:              10000
    total time taken by event execution: 34.5026
    per-request statistics:
         min:                                  3.06ms
         avg:                                  3.45ms
         max:                                 16.41ms
         approx.  95 percentile:               3.64ms

Threads fairness:
    events (avg/stddev):           333.3333/4.43
    execution time (avg/stddev):   1.1501/0.00

sysbench 0.4.12:  multi-threaded system evaluation benchmark

Running the test with following options:
Number of threads: 30

Doing CPU performance benchmark

Threads started!
Done.

Maximum prime number checked in CPU test: 20000


Test execution summary:
    total time:                          1.1601s
    total number of events:              10000
    total time taken by event execution: 34.5403
    per-request statistics:
         min:                                  3.05ms
         avg:                                  3.45ms
         max:                                 23.44ms
         approx.  95 percentile:               3.64ms

Threads fairness:
    events (avg/stddev):           333.3333/7.75
    execution time (avg/stddev):   1.1513/0.01

sysbench 0.4.12:  multi-threaded system evaluation benchmark

Running the test with following options:
Number of threads: 32

Doing CPU performance benchmark

Threads started!
Done.

Maximum prime number checked in CPU test: 20000


Test execution summary:
    total time:                          1.0881s
    total number of events:              10000
    total time taken by event execution: 34.5982
    per-request statistics:
         min:                                  3.07ms
         avg:                                  3.46ms
         max:                                 23.69ms
         approx.  95 percentile:               3.49ms

Threads fairness:
    events (avg/stddev):           312.5000/3.53
    execution time (avg/stddev):   1.0812/0.01

sysbench 0.4.12:  multi-threaded system evaluation benchmark

Running the test with following options:
Number of threads: 32

Doing CPU performance benchmark

Threads started!
Done.

Maximum prime number checked in CPU test: 20000


Test execution summary:
    total time:                          1.0920s
    total number of events:              10000
    total time taken by event execution: 34.6158
    per-request statistics:
         min:                                  2.95ms
         avg:                                  3.46ms
         max:                                 16.57ms
         approx.  95 percentile:               3.49ms

Threads fairness:
    events (avg/stddev):           312.5000/3.09
    execution time (avg/stddev):   1.0817/0.01

sysbench 0.4.12:  multi-threaded system evaluation benchmark

Running the test with following options:
Number of threads: 32

Doing CPU performance benchmark

Threads started!
Done.

Maximum prime number checked in CPU test: 20000


Test execution summary:
    total time:                          1.0910s
    total number of events:              10000
    total time taken by event execution: 34.6118
    per-request statistics:
         min:                                  3.06ms
         avg:                                  3.46ms
         max:                                 30.45ms
         approx.  95 percentile:               3.48ms

Threads fairness:
    events (avg/stddev):           312.5000/4.94
    execution time (avg/stddev):   1.0816/0.01

sysbench 0.4.12:  multi-threaded system evaluation benchmark

Running the test with following options:
Number of threads: 32

Doing CPU performance benchmark

Threads started!
Done.

Maximum prime number checked in CPU test: 20000


Test execution summary:
    total time:                          1.0950s
    total number of events:              10000
    total time taken by event execution: 34.6656
    per-request statistics:
         min:                                  2.94ms
         avg:                                  3.47ms
         max:                                 34.44ms
         approx.  95 percentile:               3.50ms

Threads fairness:
    events (avg/stddev):           312.5000/6.21
    execution time (avg/stddev):   1.0833/0.01

sysbench 0.4.12:  multi-threaded system evaluation benchmark

Running the test with following options:
Number of threads: 32

Doing CPU performance benchmark

Threads started!
Done.

Maximum prime number checked in CPU test: 20000


Test execution summary:
    total time:                          1.1064s
    total number of events:              10000
    total time taken by event execution: 34.8159
    per-request statistics:
         min:                                  2.81ms
         avg:                                  3.48ms
         max:                                 22.63ms
         approx.  95 percentile:               3.60ms

Threads fairness:
    events (avg/stddev):           312.5000/5.34
    execution time (avg/stddev):   1.0880/0.02

sysbench 0.4.12:  multi-threaded system evaluation benchmark

Running the test with following options:
Number of threads: 34

Doing CPU performance benchmark

Threads started!
Done.

Maximum prime number checked in CPU test: 20000


Test execution summary:
    total time:                          1.0875s
    total number of events:              10000
    total time taken by event execution: 36.6238
    per-request statistics:
         min:                                  3.06ms
         avg:                                  3.66ms
         max:                                 23.66ms
         approx.  95 percentile:               3.49ms

Threads fairness:
    events (avg/stddev):           294.1176/26.59
    execution time (avg/stddev):   1.0772/0.01

sysbench 0.4.12:  multi-threaded system evaluation benchmark

Running the test with following options:
Number of threads: 34

Doing CPU performance benchmark

Threads started!
Done.

Maximum prime number checked in CPU test: 20000


Test execution summary:
    total time:                          1.0975s
    total number of events:              10000
    total time taken by event execution: 36.7726
    per-request statistics:
         min:                                  3.06ms
         avg:                                  3.68ms
         max:                                 37.43ms
         approx.  95 percentile:               3.59ms

Threads fairness:
    events (avg/stddev):           294.1176/24.14
    execution time (avg/stddev):   1.0815/0.02

sysbench 0.4.12:  multi-threaded system evaluation benchmark

Running the test with following options:
Number of threads: 34

Doing CPU performance benchmark

Threads started!
Done.

Maximum prime number checked in CPU test: 20000


Test execution summary:
    total time:                          1.0891s
    total number of events:              10000
    total time taken by event execution: 36.6245
    per-request statistics:
         min:                                  3.07ms
         avg:                                  3.66ms
         max:                                 30.78ms
         approx.  95 percentile:               3.49ms

Threads fairness:
    events (avg/stddev):           294.1176/29.63
    execution time (avg/stddev):   1.0772/0.01

sysbench 0.4.12:  multi-threaded system evaluation benchmark

Running the test with following options:
Number of threads: 34

Doing CPU performance benchmark

Threads started!
Done.

Maximum prime number checked in CPU test: 20000


Test execution summary:
    total time:                          1.0944s
    total number of events:              10000
    total time taken by event execution: 36.6706
    per-request statistics:
         min:                                  2.86ms
         avg:                                  3.67ms
         max:                                 36.44ms
         approx.  95 percentile:               3.55ms

Threads fairness:
    events (avg/stddev):           294.1176/41.29
    execution time (avg/stddev):   1.0785/0.02

sysbench 0.4.12:  multi-threaded system evaluation benchmark

Running the test with following options:
Number of threads: 34

Doing CPU performance benchmark

Threads started!
Done.

Maximum prime number checked in CPU test: 20000


Test execution summary:
    total time:                          1.0967s
    total number of events:              10000
    total time taken by event execution: 36.7597
    per-request statistics:
         min:                                  3.06ms
         avg:                                  3.68ms
         max:                                 37.46ms
         approx.  95 percentile:               3.60ms

Threads fairness:
    events (avg/stddev):           294.1176/33.22
    execution time (avg/stddev):   1.0812/0.02

Mon Jan  8 22:35:08 KST 2018