Mon Jan  8 22:25:10 KST 2018
sysbench 0.4.12:  multi-threaded system evaluation benchmark

Running the test with following options:
Number of threads: 1

Doing CPU performance benchmark

Threads started!
Done.

Maximum prime number checked in CPU test: 20000


Test execution summary:
    total time:                          24.9642s
    total number of events:              10000
    total time taken by event execution: 24.9634
    per-request statistics:
         min:                                  2.48ms
         avg:                                  2.50ms
         max:                                  3.12ms
         approx.  95 percentile:               2.49ms

Threads fairness:
    events (avg/stddev):           10000.0000/0.00
    execution time (avg/stddev):   24.9634/0.00

sysbench 0.4.12:  multi-threaded system evaluation benchmark

Running the test with following options:
Number of threads: 1

Doing CPU performance benchmark

Threads started!
Done.

Maximum prime number checked in CPU test: 20000


Test execution summary:
    total time:                          24.9682s
    total number of events:              10000
    total time taken by event execution: 24.9674
    per-request statistics:
         min:                                  2.49ms
         avg:                                  2.50ms
         max:                                  3.64ms
         approx.  95 percentile:               2.49ms

Threads fairness:
    events (avg/stddev):           10000.0000/0.00
    execution time (avg/stddev):   24.9674/0.00

sysbench 0.4.12:  multi-threaded system evaluation benchmark

Running the test with following options:
Number of threads: 1

Doing CPU performance benchmark

Threads started!
Done.

Maximum prime number checked in CPU test: 20000


Test execution summary:
    total time:                          24.9604s
    total number of events:              10000
    total time taken by event execution: 24.9596
    per-request statistics:
         min:                                  2.48ms
         avg:                                  2.50ms
         max:                                  2.90ms
         approx.  95 percentile:               2.49ms

Threads fairness:
    events (avg/stddev):           10000.0000/0.00
    execution time (avg/stddev):   24.9596/0.00

sysbench 0.4.12:  multi-threaded system evaluation benchmark

Running the test with following options:
Number of threads: 1

Doing CPU performance benchmark

Threads started!
Done.

Maximum prime number checked in CPU test: 20000


Test execution summary:
    total time:                          24.9605s
    total number of events:              10000
    total time taken by event execution: 24.9597
    per-request statistics:
         min:                                  2.48ms
         avg:                                  2.50ms
         max:                                  2.87ms
         approx.  95 percentile:               2.49ms

Threads fairness:
    events (avg/stddev):           10000.0000/0.00
    execution time (avg/stddev):   24.9597/0.00

sysbench 0.4.12:  multi-threaded system evaluation benchmark

Running the test with following options:
Number of threads: 1

Doing CPU performance benchmark

Threads started!
Done.

Maximum prime number checked in CPU test: 20000


Test execution summary:
    total time:                          24.9615s
    total number of events:              10000
    total time taken by event execution: 24.9606
    per-request statistics:
         min:                                  2.48ms
         avg:                                  2.50ms
         max:                                  2.93ms
         approx.  95 percentile:               2.49ms

Threads fairness:
    events (avg/stddev):           10000.0000/0.00
    execution time (avg/stddev):   24.9606/0.00

sysbench 0.4.12:  multi-threaded system evaluation benchmark

Running the test with following options:
Number of threads: 2

Doing CPU performance benchmark

Threads started!
Done.

Maximum prime number checked in CPU test: 20000


Test execution summary:
    total time:                          12.5006s
    total number of events:              10000
    total time taken by event execution: 24.9986
    per-request statistics:
         min:                                  2.49ms
         avg:                                  2.50ms
         max:                                  2.83ms
         approx.  95 percentile:               2.53ms

Threads fairness:
    events (avg/stddev):           5000.0000/3.00
    execution time (avg/stddev):   12.4993/0.00

sysbench 0.4.12:  multi-threaded system evaluation benchmark

Running the test with following options:
Number of threads: 2

Doing CPU performance benchmark

Threads started!
Done.

Maximum prime number checked in CPU test: 20000


Test execution summary:
    total time:                          12.4983s
    total number of events:              10000
    total time taken by event execution: 24.9936
    per-request statistics:
         min:                                  2.49ms
         avg:                                  2.50ms
         max:                                  2.82ms
         approx.  95 percentile:               2.53ms

Threads fairness:
    events (avg/stddev):           5000.0000/3.00
    execution time (avg/stddev):   12.4968/0.00

sysbench 0.4.12:  multi-threaded system evaluation benchmark

Running the test with following options:
Number of threads: 2

Doing CPU performance benchmark

Threads started!
Done.

Maximum prime number checked in CPU test: 20000


Test execution summary:
    total time:                          12.4981s
    total number of events:              10000
    total time taken by event execution: 24.9929
    per-request statistics:
         min:                                  2.49ms
         avg:                                  2.50ms
         max:                                  2.90ms
         approx.  95 percentile:               2.53ms

Threads fairness:
    events (avg/stddev):           5000.0000/3.00
    execution time (avg/stddev):   12.4964/0.00

sysbench 0.4.12:  multi-threaded system evaluation benchmark

Running the test with following options:
Number of threads: 2

Doing CPU performance benchmark

Threads started!
Done.

Maximum prime number checked in CPU test: 20000


Test execution summary:
    total time:                          12.4987s
    total number of events:              10000
    total time taken by event execution: 24.9937
    per-request statistics:
         min:                                  2.49ms
         avg:                                  2.50ms
         max:                                  2.87ms
         approx.  95 percentile:               2.53ms

Threads fairness:
    events (avg/stddev):           5000.0000/3.00
    execution time (avg/stddev):   12.4969/0.00

sysbench 0.4.12:  multi-threaded system evaluation benchmark

Running the test with following options:
Number of threads: 2

Doing CPU performance benchmark

Threads started!
Done.

Maximum prime number checked in CPU test: 20000


Test execution summary:
    total time:                          12.5015s
    total number of events:              10000
    total time taken by event execution: 24.9988
    per-request statistics:
         min:                                  2.49ms
         avg:                                  2.50ms
         max:                                  2.84ms
         approx.  95 percentile:               2.53ms

Threads fairness:
    events (avg/stddev):           5000.0000/4.00
    execution time (avg/stddev):   12.4994/0.00

sysbench 0.4.12:  multi-threaded system evaluation benchmark

Running the test with following options:
Number of threads: 4

Doing CPU performance benchmark

Threads started!
Done.

Maximum prime number checked in CPU test: 20000


Test execution summary:
    total time:                          6.3724s
    total number of events:              10000
    total time taken by event execution: 25.4808
    per-request statistics:
         min:                                  2.49ms
         avg:                                  2.55ms
         max:                                  3.06ms
         approx.  95 percentile:               2.62ms

Threads fairness:
    events (avg/stddev):           2500.0000/29.30
    execution time (avg/stddev):   6.3702/0.00

sysbench 0.4.12:  multi-threaded system evaluation benchmark

Running the test with following options:
Number of threads: 4

Doing CPU performance benchmark

Threads started!
Done.

Maximum prime number checked in CPU test: 20000


Test execution summary:
    total time:                          6.3593s
    total number of events:              10000
    total time taken by event execution: 25.4301
    per-request statistics:
         min:                                  2.49ms
         avg:                                  2.54ms
         max:                                  2.90ms
         approx.  95 percentile:               2.61ms

Threads fairness:
    events (avg/stddev):           2500.0000/25.47
    execution time (avg/stddev):   6.3575/0.00

sysbench 0.4.12:  multi-threaded system evaluation benchmark

Running the test with following options:
Number of threads: 4

Doing CPU performance benchmark

Threads started!
Done.

Maximum prime number checked in CPU test: 20000


Test execution summary:
    total time:                          6.3479s
    total number of events:              10000
    total time taken by event execution: 25.3843
    per-request statistics:
         min:                                  2.49ms
         avg:                                  2.54ms
         max:                                  2.95ms
         approx.  95 percentile:               2.61ms

Threads fairness:
    events (avg/stddev):           2500.0000/23.21
    execution time (avg/stddev):   6.3461/0.00

sysbench 0.4.12:  multi-threaded system evaluation benchmark

Running the test with following options:
Number of threads: 4

Doing CPU performance benchmark

Threads started!
Done.

Maximum prime number checked in CPU test: 20000


Test execution summary:
    total time:                          6.3563s
    total number of events:              10000
    total time taken by event execution: 25.4192
    per-request statistics:
         min:                                  2.49ms
         avg:                                  2.54ms
         max:                                  3.20ms
         approx.  95 percentile:               2.61ms

Threads fairness:
    events (avg/stddev):           2500.0000/35.50
    execution time (avg/stddev):   6.3548/0.00

sysbench 0.4.12:  multi-threaded system evaluation benchmark

Running the test with following options:
Number of threads: 4

Doing CPU performance benchmark

Threads started!
Done.

Maximum prime number checked in CPU test: 20000


Test execution summary:
    total time:                          6.3748s
    total number of events:              10000
    total time taken by event execution: 25.4933
    per-request statistics:
         min:                                  2.49ms
         avg:                                  2.55ms
         max:                                  2.96ms
         approx.  95 percentile:               2.62ms

Threads fairness:
    events (avg/stddev):           2500.0000/43.01
    execution time (avg/stddev):   6.3733/0.00

sysbench 0.4.12:  multi-threaded system evaluation benchmark

Running the test with following options:
Number of threads: 6

Doing CPU performance benchmark

Threads started!
Done.

Maximum prime number checked in CPU test: 20000


Test execution summary:
    total time:                          4.5234s
    total number of events:              10000
    total time taken by event execution: 27.1328
    per-request statistics:
         min:                                  2.54ms
         avg:                                  2.71ms
         max:                                  3.31ms
         approx.  95 percentile:               2.79ms

Threads fairness:
    events (avg/stddev):           1666.6667/24.01
    execution time (avg/stddev):   4.5221/0.00

sysbench 0.4.12:  multi-threaded system evaluation benchmark

Running the test with following options:
Number of threads: 6

Doing CPU performance benchmark

Threads started!
Done.

Maximum prime number checked in CPU test: 20000


Test execution summary:
    total time:                          4.5157s
    total number of events:              10000
    total time taken by event execution: 27.0834
    per-request statistics:
         min:                                  2.49ms
         avg:                                  2.71ms
         max:                                  3.54ms
         approx.  95 percentile:               2.78ms

Threads fairness:
    events (avg/stddev):           1666.6667/17.81
    execution time (avg/stddev):   4.5139/0.00

sysbench 0.4.12:  multi-threaded system evaluation benchmark

Running the test with following options:
Number of threads: 6

Doing CPU performance benchmark

Threads started!
Done.

Maximum prime number checked in CPU test: 20000


Test execution summary:
    total time:                          4.5064s
    total number of events:              10000
    total time taken by event execution: 27.0271
    per-request statistics:
         min:                                  2.49ms
         avg:                                  2.70ms
         max:                                  3.26ms
         approx.  95 percentile:               2.77ms

Threads fairness:
    events (avg/stddev):           1666.6667/15.53
    execution time (avg/stddev):   4.5045/0.00

sysbench 0.4.12:  multi-threaded system evaluation benchmark

Running the test with following options:
Number of threads: 6

Doing CPU performance benchmark

Threads started!
Done.

Maximum prime number checked in CPU test: 20000


Test execution summary:
    total time:                          4.5187s
    total number of events:              10000
    total time taken by event execution: 27.1047
    per-request statistics:
         min:                                  2.49ms
         avg:                                  2.71ms
         max:                                  3.55ms
         approx.  95 percentile:               2.83ms

Threads fairness:
    events (avg/stddev):           1666.6667/14.94
    execution time (avg/stddev):   4.5175/0.00

sysbench 0.4.12:  multi-threaded system evaluation benchmark

Running the test with following options:
Number of threads: 6

Doing CPU performance benchmark

Threads started!
Done.

Maximum prime number checked in CPU test: 20000


Test execution summary:
    total time:                          4.5086s
    total number of events:              10000
    total time taken by event execution: 27.0430
    per-request statistics:
         min:                                  2.49ms
         avg:                                  2.70ms
         max:                                  3.48ms
         approx.  95 percentile:               2.78ms

Threads fairness:
    events (avg/stddev):           1666.6667/19.54
    execution time (avg/stddev):   4.5072/0.00

sysbench 0.4.12:  multi-threaded system evaluation benchmark

Running the test with following options:
Number of threads: 8

Doing CPU performance benchmark

Threads started!
Done.

Maximum prime number checked in CPU test: 20000


Test execution summary:
    total time:                          3.5189s
    total number of events:              10000
    total time taken by event execution: 28.1393
    per-request statistics:
         min:                                  2.49ms
         avg:                                  2.81ms
         max:                                  3.72ms
         approx.  95 percentile:               3.05ms

Threads fairness:
    events (avg/stddev):           1250.0000/18.10
    execution time (avg/stddev):   3.5174/0.00

sysbench 0.4.12:  multi-threaded system evaluation benchmark

Running the test with following options:
Number of threads: 8

Doing CPU performance benchmark

Threads started!
Done.

Maximum prime number checked in CPU test: 20000


Test execution summary:
    total time:                          3.5058s
    total number of events:              10000
    total time taken by event execution: 28.0380
    per-request statistics:
         min:                                  2.65ms
         avg:                                  2.80ms
         max:                                  3.65ms
         approx.  95 percentile:               2.94ms

Threads fairness:
    events (avg/stddev):           1250.0000/12.73
    execution time (avg/stddev):   3.5047/0.00

sysbench 0.4.12:  multi-threaded system evaluation benchmark

Running the test with following options:
Number of threads: 8

Doing CPU performance benchmark

Threads started!
Done.

Maximum prime number checked in CPU test: 20000


Test execution summary:
    total time:                          3.5228s
    total number of events:              10000
    total time taken by event execution: 28.1697
    per-request statistics:
         min:                                  2.49ms
         avg:                                  2.82ms
         max:                                  3.73ms
         approx.  95 percentile:               3.03ms

Threads fairness:
    events (avg/stddev):           1250.0000/21.44
    execution time (avg/stddev):   3.5212/0.00

sysbench 0.4.12:  multi-threaded system evaluation benchmark

Running the test with following options:
Number of threads: 8

Doing CPU performance benchmark

Threads started!
Done.

Maximum prime number checked in CPU test: 20000


Test execution summary:
    total time:                          3.5127s
    total number of events:              10000
    total time taken by event execution: 28.0831
    per-request statistics:
         min:                                  2.65ms
         avg:                                  2.81ms
         max:                                  3.55ms
         approx.  95 percentile:               2.94ms

Threads fairness:
    events (avg/stddev):           1250.0000/19.56
    execution time (avg/stddev):   3.5104/0.00

sysbench 0.4.12:  multi-threaded system evaluation benchmark

Running the test with following options:
Number of threads: 8

Doing CPU performance benchmark

Threads started!
Done.

Maximum prime number checked in CPU test: 20000


Test execution summary:
    total time:                          3.4699s
    total number of events:              10000
    total time taken by event execution: 27.7462
    per-request statistics:
         min:                                  2.68ms
         avg:                                  2.77ms
         max:                                  3.72ms
         approx.  95 percentile:               2.98ms

Threads fairness:
    events (avg/stddev):           1250.0000/1.87
    execution time (avg/stddev):   3.4683/0.00

sysbench 0.4.12:  multi-threaded system evaluation benchmark

Running the test with following options:
Number of threads: 10

Doing CPU performance benchmark

Threads started!
Done.

Maximum prime number checked in CPU test: 20000


Test execution summary:
    total time:                          2.9064s
    total number of events:              10000
    total time taken by event execution: 29.0478
    per-request statistics:
         min:                                  2.80ms
         avg:                                  2.90ms
         max:                                  3.79ms
         approx.  95 percentile:               3.01ms

Threads fairness:
    events (avg/stddev):           1000.0000/12.82
    execution time (avg/stddev):   2.9048/0.00

sysbench 0.4.12:  multi-threaded system evaluation benchmark

Running the test with following options:
Number of threads: 10

Doing CPU performance benchmark

Threads started!
Done.

Maximum prime number checked in CPU test: 20000


Test execution summary:
    total time:                          2.9046s
    total number of events:              10000
    total time taken by event execution: 29.0311
    per-request statistics:
         min:                                  2.80ms
         avg:                                  2.90ms
         max:                                  3.80ms
         approx.  95 percentile:               3.04ms

Threads fairness:
    events (avg/stddev):           1000.0000/11.64
    execution time (avg/stddev):   2.9031/0.00

sysbench 0.4.12:  multi-threaded system evaluation benchmark

Running the test with following options:
Number of threads: 10

Doing CPU performance benchmark

Threads started!
Done.

Maximum prime number checked in CPU test: 20000


Test execution summary:
    total time:                          2.9136s
    total number of events:              10000
    total time taken by event execution: 29.1185
    per-request statistics:
         min:                                  2.65ms
         avg:                                  2.91ms
         max:                                  3.99ms
         approx.  95 percentile:               3.11ms

Threads fairness:
    events (avg/stddev):           1000.0000/16.26
    execution time (avg/stddev):   2.9119/0.00

sysbench 0.4.12:  multi-threaded system evaluation benchmark

Running the test with following options:
Number of threads: 10

Doing CPU performance benchmark

Threads started!
Done.

Maximum prime number checked in CPU test: 20000


Test execution summary:
    total time:                          2.9086s
    total number of events:              10000
    total time taken by event execution: 29.0652
    per-request statistics:
         min:                                  2.66ms
         avg:                                  2.91ms
         max:                                  4.04ms
         approx.  95 percentile:               3.07ms

Threads fairness:
    events (avg/stddev):           1000.0000/13.91
    execution time (avg/stddev):   2.9065/0.00

sysbench 0.4.12:  multi-threaded system evaluation benchmark

Running the test with following options:
Number of threads: 10

Doing CPU performance benchmark

Threads started!
Done.

Maximum prime number checked in CPU test: 20000


Test execution summary:
    total time:                          2.9171s
    total number of events:              10000
    total time taken by event execution: 29.1552
    per-request statistics:
         min:                                  2.65ms
         avg:                                  2.92ms
         max:                                  3.62ms
         approx.  95 percentile:               3.11ms

Threads fairness:
    events (avg/stddev):           1000.0000/17.70
    execution time (avg/stddev):   2.9155/0.00

sysbench 0.4.12:  multi-threaded system evaluation benchmark

Running the test with following options:
Number of threads: 12

Doing CPU performance benchmark

Threads started!
Done.

Maximum prime number checked in CPU test: 20000


Test execution summary:
    total time:                          2.5192s
    total number of events:              10000
    total time taken by event execution: 30.2086
    per-request statistics:
         min:                                  2.95ms
         avg:                                  3.02ms
         max:                                  4.02ms
         approx.  95 percentile:               3.19ms

Threads fairness:
    events (avg/stddev):           833.3333/12.34
    execution time (avg/stddev):   2.5174/0.00

sysbench 0.4.12:  multi-threaded system evaluation benchmark

Running the test with following options:
Number of threads: 12

Doing CPU performance benchmark

Threads started!
Done.

Maximum prime number checked in CPU test: 20000


Test execution summary:
    total time:                          2.5256s
    total number of events:              10000
    total time taken by event execution: 30.2929
    per-request statistics:
         min:                                  2.65ms
         avg:                                  3.03ms
         max:                                  4.43ms
         approx.  95 percentile:               3.24ms

Threads fairness:
    events (avg/stddev):           833.3333/16.27
    execution time (avg/stddev):   2.5244/0.00

sysbench 0.4.12:  multi-threaded system evaluation benchmark

Running the test with following options:
Number of threads: 12

Doing CPU performance benchmark

Threads started!
Done.

Maximum prime number checked in CPU test: 20000


Test execution summary:
    total time:                          2.5026s
    total number of events:              10000
    total time taken by event execution: 30.0060
    per-request statistics:
         min:                                  2.84ms
         avg:                                  3.00ms
         max:                                  3.94ms
         approx.  95 percentile:               3.18ms

Threads fairness:
    events (avg/stddev):           833.3333/10.62
    execution time (avg/stddev):   2.5005/0.00

sysbench 0.4.12:  multi-threaded system evaluation benchmark

Running the test with following options:
Number of threads: 12

Doing CPU performance benchmark

Threads started!
Done.

Maximum prime number checked in CPU test: 20000


Test execution summary:
    total time:                          2.5078s
    total number of events:              10000
    total time taken by event execution: 30.0628
    per-request statistics:
         min:                                  2.75ms
         avg:                                  3.01ms
         max:                                  3.80ms
         approx.  95 percentile:               3.21ms

Threads fairness:
    events (avg/stddev):           833.3333/16.39
    execution time (avg/stddev):   2.5052/0.00

sysbench 0.4.12:  multi-threaded system evaluation benchmark

Running the test with following options:
Number of threads: 12

Doing CPU performance benchmark

Threads started!
Done.

Maximum prime number checked in CPU test: 20000


Test execution summary:
    total time:                          2.5208s
    total number of events:              10000
    total time taken by event execution: 30.2237
    per-request statistics:
         min:                                  2.65ms
         avg:                                  3.02ms
         max:                                  4.48ms
         approx.  95 percentile:               3.24ms

Threads fairness:
    events (avg/stddev):           833.3333/14.69
    execution time (avg/stddev):   2.5186/0.00

sysbench 0.4.12:  multi-threaded system evaluation benchmark

Running the test with following options:
Number of threads: 14

Doing CPU performance benchmark

Threads started!
Done.

Maximum prime number checked in CPU test: 20000


Test execution summary:
    total time:                          2.2166s
    total number of events:              10000
    total time taken by event execution: 30.9894
    per-request statistics:
         min:                                  2.65ms
         avg:                                  3.10ms
         max:                                  6.28ms
         approx.  95 percentile:               3.43ms

Threads fairness:
    events (avg/stddev):           714.2857/10.36
    execution time (avg/stddev):   2.2135/0.00

sysbench 0.4.12:  multi-threaded system evaluation benchmark

Running the test with following options:
Number of threads: 14

Doing CPU performance benchmark

Threads started!
Done.

Maximum prime number checked in CPU test: 20000


Test execution summary:
    total time:                          2.2042s
    total number of events:              10000
    total time taken by event execution: 30.8270
    per-request statistics:
         min:                                  2.89ms
         avg:                                  3.08ms
         max:                                  4.13ms
         approx.  95 percentile:               3.23ms

Threads fairness:
    events (avg/stddev):           714.2857/1.16
    execution time (avg/stddev):   2.2019/0.00

sysbench 0.4.12:  multi-threaded system evaluation benchmark

Running the test with following options:
Number of threads: 14

Doing CPU performance benchmark

Threads started!
Done.

Maximum prime number checked in CPU test: 20000


Test execution summary:
    total time:                          2.2184s
    total number of events:              10000
    total time taken by event execution: 31.0330
    per-request statistics:
         min:                                  2.75ms
         avg:                                  3.10ms
         max:                                  4.65ms
         approx.  95 percentile:               3.43ms

Threads fairness:
    events (avg/stddev):           714.2857/6.92
    execution time (avg/stddev):   2.2166/0.00

sysbench 0.4.12:  multi-threaded system evaluation benchmark

Running the test with following options:
Number of threads: 14

Doing CPU performance benchmark

Threads started!
Done.

Maximum prime number checked in CPU test: 20000


Test execution summary:
    total time:                          2.2220s
    total number of events:              10000
    total time taken by event execution: 31.0833
    per-request statistics:
         min:                                  2.65ms
         avg:                                  3.11ms
         max:                                  7.17ms
         approx.  95 percentile:               3.44ms

Threads fairness:
    events (avg/stddev):           714.2857/9.35
    execution time (avg/stddev):   2.2202/0.00

sysbench 0.4.12:  multi-threaded system evaluation benchmark

Running the test with following options:
Number of threads: 14

Doing CPU performance benchmark

Threads started!
Done.

Maximum prime number checked in CPU test: 20000


Test execution summary:
    total time:                          2.2037s
    total number of events:              10000
    total time taken by event execution: 30.8213
    per-request statistics:
         min:                                  3.02ms
         avg:                                  3.08ms
         max:                                  3.59ms
         approx.  95 percentile:               3.24ms

Threads fairness:
    events (avg/stddev):           714.2857/0.45
    execution time (avg/stddev):   2.2015/0.00

sysbench 0.4.12:  multi-threaded system evaluation benchmark

Running the test with following options:
Number of threads: 16

Doing CPU performance benchmark

Threads started!
Done.

Maximum prime number checked in CPU test: 20000


Test execution summary:
    total time:                          1.9340s
    total number of events:              10000
    total time taken by event execution: 30.9098
    per-request statistics:
         min:                                  2.94ms
         avg:                                  3.09ms
         max:                                  4.09ms
         approx.  95 percentile:               3.27ms

Threads fairness:
    events (avg/stddev):           625.0000/1.32
    execution time (avg/stddev):   1.9319/0.00

sysbench 0.4.12:  multi-threaded system evaluation benchmark

Running the test with following options:
Number of threads: 16

Doing CPU performance benchmark

Threads started!
Done.

Maximum prime number checked in CPU test: 20000


Test execution summary:
    total time:                          1.9527s
    total number of events:              10000
    total time taken by event execution: 31.2032
    per-request statistics:
         min:                                  2.84ms
         avg:                                  3.12ms
         max:                                  4.93ms
         approx.  95 percentile:               3.44ms

Threads fairness:
    events (avg/stddev):           625.0000/4.94
    execution time (avg/stddev):   1.9502/0.00

sysbench 0.4.12:  multi-threaded system evaluation benchmark

Running the test with following options:
Number of threads: 16

Doing CPU performance benchmark

Threads started!
Done.

Maximum prime number checked in CPU test: 20000


Test execution summary:
    total time:                          1.9510s
    total number of events:              10000
    total time taken by event execution: 31.1847
    per-request statistics:
         min:                                  2.84ms
         avg:                                  3.12ms
         max:                                 18.40ms
         approx.  95 percentile:               3.44ms

Threads fairness:
    events (avg/stddev):           625.0000/5.84
    execution time (avg/stddev):   1.9490/0.00

sysbench 0.4.12:  multi-threaded system evaluation benchmark

Running the test with following options:
Number of threads: 16

Doing CPU performance benchmark

Threads started!
Done.

Maximum prime number checked in CPU test: 20000


Test execution summary:
    total time:                          1.9266s
    total number of events:              10000
    total time taken by event execution: 30.7894
    per-request statistics:
         min:                                  2.87ms
         avg:                                  3.08ms
         max:                                  4.12ms
         approx.  95 percentile:               3.22ms

Threads fairness:
    events (avg/stddev):           625.0000/0.00
    execution time (avg/stddev):   1.9243/0.00

sysbench 0.4.12:  multi-threaded system evaluation benchmark

Running the test with following options:
Number of threads: 16

Doing CPU performance benchmark

Threads started!
Done.

Maximum prime number checked in CPU test: 20000


Test execution summary:
    total time:                          1.9289s
    total number of events:              10000
    total time taken by event execution: 30.8262
    per-request statistics:
         min:                                  3.02ms
         avg:                                  3.08ms
         max:                                  3.97ms
         approx.  95 percentile:               3.23ms

Threads fairness:
    events (avg/stddev):           625.0000/0.87
    execution time (avg/stddev):   1.9266/0.00

sysbench 0.4.12:  multi-threaded system evaluation benchmark

Running the test with following options:
Number of threads: 18

Doing CPU performance benchmark

Threads started!
Done.

Maximum prime number checked in CPU test: 20000


Test execution summary:
    total time:                          1.8593s
    total number of events:              10000
    total time taken by event execution: 33.4206
    per-request statistics:
         min:                                  2.87ms
         avg:                                  3.34ms
         max:                                  4.77ms
         approx.  95 percentile:               4.00ms

Threads fairness:
    events (avg/stddev):           555.5556/5.94
    execution time (avg/stddev):   1.8567/0.00

sysbench 0.4.12:  multi-threaded system evaluation benchmark

Running the test with following options:
Number of threads: 18

Doing CPU performance benchmark

Threads started!
Done.

Maximum prime number checked in CPU test: 20000


Test execution summary:
    total time:                          1.8429s
    total number of events:              10000
    total time taken by event execution: 33.1377
    per-request statistics:
         min:                                  2.95ms
         avg:                                  3.31ms
         max:                                  4.97ms
         approx.  95 percentile:               3.86ms

Threads fairness:
    events (avg/stddev):           555.5556/5.99
    execution time (avg/stddev):   1.8410/0.00

sysbench 0.4.12:  multi-threaded system evaluation benchmark

Running the test with following options:
Number of threads: 18

Doing CPU performance benchmark

Threads started!
Done.

Maximum prime number checked in CPU test: 20000


Test execution summary:
    total time:                          1.8350s
    total number of events:              10000
    total time taken by event execution: 32.9872
    per-request statistics:
         min:                                  2.95ms
         avg:                                  3.30ms
         max:                                  4.76ms
         approx.  95 percentile:               3.91ms

Threads fairness:
    events (avg/stddev):           555.5556/9.77
    execution time (avg/stddev):   1.8326/0.00

sysbench 0.4.12:  multi-threaded system evaluation benchmark

Running the test with following options:
Number of threads: 18

Doing CPU performance benchmark

Threads started!
Done.

Maximum prime number checked in CPU test: 20000


Test execution summary:
    total time:                          1.8235s
    total number of events:              10000
    total time taken by event execution: 32.7865
    per-request statistics:
         min:                                  2.98ms
         avg:                                  3.28ms
         max:                                  7.05ms
         approx.  95 percentile:               3.75ms

Threads fairness:
    events (avg/stddev):           555.5556/9.18
    execution time (avg/stddev):   1.8215/0.00

sysbench 0.4.12:  multi-threaded system evaluation benchmark

Running the test with following options:
Number of threads: 18

Doing CPU performance benchmark

Threads started!
Done.

Maximum prime number checked in CPU test: 20000


Test execution summary:
    total time:                          1.8520s
    total number of events:              10000
    total time taken by event execution: 33.2869
    per-request statistics:
         min:                                  3.05ms
         avg:                                  3.33ms
         max:                                  5.40ms
         approx.  95 percentile:               3.97ms

Threads fairness:
    events (avg/stddev):           555.5556/7.10
    execution time (avg/stddev):   1.8493/0.00

sysbench 0.4.12:  multi-threaded system evaluation benchmark

Running the test with following options:
Number of threads: 20

Doing CPU performance benchmark

Threads started!
Done.

Maximum prime number checked in CPU test: 20000


Test execution summary:
    total time:                          1.7023s
    total number of events:              10000
    total time taken by event execution: 34.0012
    per-request statistics:
         min:                                  2.95ms
         avg:                                  3.40ms
         max:                                  9.51ms
         approx.  95 percentile:               4.09ms

Threads fairness:
    events (avg/stddev):           500.0000/10.31
    execution time (avg/stddev):   1.7001/0.00

sysbench 0.4.12:  multi-threaded system evaluation benchmark

Running the test with following options:
Number of threads: 20

Doing CPU performance benchmark

Threads started!
Done.

Maximum prime number checked in CPU test: 20000


Test execution summary:
    total time:                          1.7011s
    total number of events:              10000
    total time taken by event execution: 33.9782
    per-request statistics:
         min:                                  3.02ms
         avg:                                  3.40ms
         max:                                 12.25ms
         approx.  95 percentile:               4.05ms

Threads fairness:
    events (avg/stddev):           500.0000/13.89
    execution time (avg/stddev):   1.6989/0.00

sysbench 0.4.12:  multi-threaded system evaluation benchmark

Running the test with following options:
Number of threads: 20

Doing CPU performance benchmark

Threads started!
Done.

Maximum prime number checked in CPU test: 20000


Test execution summary:
    total time:                          1.6892s
    total number of events:              10000
    total time taken by event execution: 33.7337
    per-request statistics:
         min:                                  3.06ms
         avg:                                  3.37ms
         max:                                  9.41ms
         approx.  95 percentile:               3.93ms

Threads fairness:
    events (avg/stddev):           500.0000/11.82
    execution time (avg/stddev):   1.6867/0.00

sysbench 0.4.12:  multi-threaded system evaluation benchmark

Running the test with following options:
Number of threads: 20

Doing CPU performance benchmark

Threads started!
Done.

Maximum prime number checked in CPU test: 20000


Test execution summary:
    total time:                          1.7061s
    total number of events:              10000
    total time taken by event execution: 34.0811
    per-request statistics:
         min:                                  2.97ms
         avg:                                  3.41ms
         max:                                  4.71ms
         approx.  95 percentile:               4.08ms

Threads fairness:
    events (avg/stddev):           500.0000/12.08
    execution time (avg/stddev):   1.7041/0.00

sysbench 0.4.12:  multi-threaded system evaluation benchmark

Running the test with following options:
Number of threads: 20

Doing CPU performance benchmark

Threads started!
Done.

Maximum prime number checked in CPU test: 20000


Test execution summary:
    total time:                          1.7107s
    total number of events:              10000
    total time taken by event execution: 34.1686
    per-request statistics:
         min:                                  3.06ms
         avg:                                  3.42ms
         max:                                  9.54ms
         approx.  95 percentile:               4.17ms

Threads fairness:
    events (avg/stddev):           500.0000/7.14
    execution time (avg/stddev):   1.7084/0.00

sysbench 0.4.12:  multi-threaded system evaluation benchmark

Running the test with following options:
Number of threads: 22

Doing CPU performance benchmark

Threads started!
Done.

Maximum prime number checked in CPU test: 20000


Test execution summary:
    total time:                          1.5692s
    total number of events:              10000
    total time taken by event execution: 34.4758
    per-request statistics:
         min:                                  2.95ms
         avg:                                  3.45ms
         max:                                  7.44ms
         approx.  95 percentile:               4.22ms

Threads fairness:
    events (avg/stddev):           454.5455/6.71
    execution time (avg/stddev):   1.5671/0.00

sysbench 0.4.12:  multi-threaded system evaluation benchmark

Running the test with following options:
Number of threads: 22

Doing CPU performance benchmark

Threads started!
Done.

Maximum prime number checked in CPU test: 20000


Test execution summary:
    total time:                          1.5616s
    total number of events:              10000
    total time taken by event execution: 34.3072
    per-request statistics:
         min:                                  2.95ms
         avg:                                  3.43ms
         max:                                 17.55ms
         approx.  95 percentile:               4.07ms

Threads fairness:
    events (avg/stddev):           454.5455/11.21
    execution time (avg/stddev):   1.5594/0.00

sysbench 0.4.12:  multi-threaded system evaluation benchmark

Running the test with following options:
Number of threads: 22

Doing CPU performance benchmark

Threads started!
Done.

Maximum prime number checked in CPU test: 20000


Test execution summary:
    total time:                          1.5584s
    total number of events:              10000
    total time taken by event execution: 34.0920
    per-request statistics:
         min:                                  2.56ms
         avg:                                  3.41ms
         max:                                 23.78ms
         approx.  95 percentile:               3.95ms

Threads fairness:
    events (avg/stddev):           454.5455/11.03
    execution time (avg/stddev):   1.5496/0.01

sysbench 0.4.12:  multi-threaded system evaluation benchmark

Running the test with following options:
Number of threads: 22

Doing CPU performance benchmark

Threads started!
Done.

Maximum prime number checked in CPU test: 20000


Test execution summary:
    total time:                          1.5564s
    total number of events:              10000
    total time taken by event execution: 34.1896
    per-request statistics:
         min:                                  3.06ms
         avg:                                  3.42ms
         max:                                  4.78ms
         approx.  95 percentile:               4.03ms

Threads fairness:
    events (avg/stddev):           454.5455/10.54
    execution time (avg/stddev):   1.5541/0.00

sysbench 0.4.12:  multi-threaded system evaluation benchmark

Running the test with following options:
Number of threads: 22

Doing CPU performance benchmark

Threads started!
Done.

Maximum prime number checked in CPU test: 20000


Test execution summary:
    total time:                          1.5602s
    total number of events:              10000
    total time taken by event execution: 34.2611
    per-request statistics:
         min:                                  3.06ms
         avg:                                  3.43ms
         max:                                  6.54ms
         approx.  95 percentile:               4.06ms

Threads fairness:
    events (avg/stddev):           454.5455/9.69
    execution time (avg/stddev):   1.5573/0.00

sysbench 0.4.12:  multi-threaded system evaluation benchmark

Running the test with following options:
Number of threads: 24

Doing CPU performance benchmark

Threads started!
Done.

Maximum prime number checked in CPU test: 20000


Test execution summary:
    total time:                          1.4339s
    total number of events:              10000
    total time taken by event execution: 34.3211
    per-request statistics:
         min:                                  3.06ms
         avg:                                  3.43ms
         max:                                  5.06ms
         approx.  95 percentile:               3.93ms

Threads fairness:
    events (avg/stddev):           416.6667/11.32
    execution time (avg/stddev):   1.4300/0.00

sysbench 0.4.12:  multi-threaded system evaluation benchmark

Running the test with following options:
Number of threads: 24

Doing CPU performance benchmark

Threads started!
Done.

Maximum prime number checked in CPU test: 20000


Test execution summary:
    total time:                          1.4369s
    total number of events:              10000
    total time taken by event execution: 34.4169
    per-request statistics:
         min:                                  3.05ms
         avg:                                  3.44ms
         max:                                 14.29ms
         approx.  95 percentile:               3.92ms

Threads fairness:
    events (avg/stddev):           416.6667/14.51
    execution time (avg/stddev):   1.4340/0.00

sysbench 0.4.12:  multi-threaded system evaluation benchmark

Running the test with following options:
Number of threads: 24

Doing CPU performance benchmark

Threads started!
Done.

Maximum prime number checked in CPU test: 20000


Test execution summary:
    total time:                          1.4366s
    total number of events:              10000
    total time taken by event execution: 34.4090
    per-request statistics:
         min:                                  3.04ms
         avg:                                  3.44ms
         max:                                 14.74ms
         approx.  95 percentile:               3.96ms

Threads fairness:
    events (avg/stddev):           416.6667/6.22
    execution time (avg/stddev):   1.4337/0.00

sysbench 0.4.12:  multi-threaded system evaluation benchmark

Running the test with following options:
Number of threads: 24

Doing CPU performance benchmark

Threads started!
Done.

Maximum prime number checked in CPU test: 20000


Test execution summary:
    total time:                          1.4319s
    total number of events:              10000
    total time taken by event execution: 34.1565
    per-request statistics:
         min:                                  2.92ms
         avg:                                  3.42ms
         max:                                 23.45ms
         approx.  95 percentile:               3.92ms

Threads fairness:
    events (avg/stddev):           416.6667/10.19
    execution time (avg/stddev):   1.4232/0.01

sysbench 0.4.12:  multi-threaded system evaluation benchmark

Running the test with following options:
Number of threads: 24

Doing CPU performance benchmark

Threads started!
Done.

Maximum prime number checked in CPU test: 20000


Test execution summary:
    total time:                          1.4397s
    total number of events:              10000
    total time taken by event execution: 34.3798
    per-request statistics:
         min:                                  2.90ms
         avg:                                  3.44ms
         max:                                 14.72ms
         approx.  95 percentile:               3.93ms

Threads fairness:
    events (avg/stddev):           416.6667/10.40
    execution time (avg/stddev):   1.4325/0.01

sysbench 0.4.12:  multi-threaded system evaluation benchmark

Running the test with following options:
Number of threads: 26

Doing CPU performance benchmark

Threads started!
Done.

Maximum prime number checked in CPU test: 20000


Test execution summary:
    total time:                          1.3319s
    total number of events:              10000
    total time taken by event execution: 34.4480
    per-request statistics:
         min:                                  3.06ms
         avg:                                  3.44ms
         max:                                  8.42ms
         approx.  95 percentile:               3.84ms

Threads fairness:
    events (avg/stddev):           384.6154/6.70
    execution time (avg/stddev):   1.3249/0.01

sysbench 0.4.12:  multi-threaded system evaluation benchmark

Running the test with following options:
Number of threads: 26

Doing CPU performance benchmark

Threads started!
Done.

Maximum prime number checked in CPU test: 20000


Test execution summary:
    total time:                          1.3283s
    total number of events:              10000
    total time taken by event execution: 34.3507
    per-request statistics:
         min:                                  2.82ms
         avg:                                  3.44ms
         max:                                  5.65ms
         approx.  95 percentile:               3.81ms

Threads fairness:
    events (avg/stddev):           384.6154/7.08
    execution time (avg/stddev):   1.3212/0.01

sysbench 0.4.12:  multi-threaded system evaluation benchmark

Running the test with following options:
Number of threads: 26

Doing CPU performance benchmark

Threads started!
Done.

Maximum prime number checked in CPU test: 20000


Test execution summary:
    total time:                          1.3299s
    total number of events:              10000
    total time taken by event execution: 34.4805
    per-request statistics:
         min:                                  3.06ms
         avg:                                  3.45ms
         max:                                 10.45ms
         approx.  95 percentile:               3.92ms

Threads fairness:
    events (avg/stddev):           384.6154/10.00
    execution time (avg/stddev):   1.3262/0.00

sysbench 0.4.12:  multi-threaded system evaluation benchmark

Running the test with following options:
Number of threads: 26

Doing CPU performance benchmark

Threads started!
Done.

Maximum prime number checked in CPU test: 20000


Test execution summary:
    total time:                          1.3167s
    total number of events:              10000
    total time taken by event execution: 34.0638
    per-request statistics:
         min:                                  3.06ms
         avg:                                  3.41ms
         max:                                 24.22ms
         approx.  95 percentile:               3.75ms

Threads fairness:
    events (avg/stddev):           384.6154/7.14
    execution time (avg/stddev):   1.3101/0.01

sysbench 0.4.12:  multi-threaded system evaluation benchmark

Running the test with following options:
Number of threads: 26

Doing CPU performance benchmark

Threads started!
Done.

Maximum prime number checked in CPU test: 20000


Test execution summary:
    total time:                          1.3249s
    total number of events:              10000
    total time taken by event execution: 34.3279
    per-request statistics:
         min:                                  3.06ms
         avg:                                  3.43ms
         max:                                  5.19ms
         approx.  95 percentile:               3.91ms

Threads fairness:
    events (avg/stddev):           384.6154/7.04
    execution time (avg/stddev):   1.3203/0.01

sysbench 0.4.12:  multi-threaded system evaluation benchmark

Running the test with following options:
Number of threads: 28

Doing CPU performance benchmark

Threads started!
Done.

Maximum prime number checked in CPU test: 20000


Test execution summary:
    total time:                          1.2365s
    total number of events:              10000
    total time taken by event execution: 34.4428
    per-request statistics:
         min:                                  2.83ms
         avg:                                  3.44ms
         max:                                 18.26ms
         approx.  95 percentile:               3.74ms

Threads fairness:
    events (avg/stddev):           357.1429/7.21
    execution time (avg/stddev):   1.2301/0.01

sysbench 0.4.12:  multi-threaded system evaluation benchmark

Running the test with following options:
Number of threads: 28

Doing CPU performance benchmark

Threads started!
Done.

Maximum prime number checked in CPU test: 20000


Test execution summary:
    total time:                          1.2349s
    total number of events:              10000
    total time taken by event execution: 34.4338
    per-request statistics:
         min:                                  3.04ms
         avg:                                  3.44ms
         max:                                 19.46ms
         approx.  95 percentile:               3.66ms

Threads fairness:
    events (avg/stddev):           357.1429/5.34
    execution time (avg/stddev):   1.2298/0.01

sysbench 0.4.12:  multi-threaded system evaluation benchmark

Running the test with following options:
Number of threads: 28

Doing CPU performance benchmark

Threads started!
Done.

Maximum prime number checked in CPU test: 20000


Test execution summary:
    total time:                          1.2306s
    total number of events:              10000
    total time taken by event execution: 34.2902
    per-request statistics:
         min:                                  3.06ms
         avg:                                  3.43ms
         max:                                 17.45ms
         approx.  95 percentile:               3.70ms

Threads fairness:
    events (avg/stddev):           357.1429/2.96
    execution time (avg/stddev):   1.2246/0.01

sysbench 0.4.12:  multi-threaded system evaluation benchmark

Running the test with following options:
Number of threads: 28

Doing CPU performance benchmark

Threads started!
Done.

Maximum prime number checked in CPU test: 20000


Test execution summary:
    total time:                          1.2337s
    total number of events:              10000
    total time taken by event execution: 34.4060
    per-request statistics:
         min:                                  3.06ms
         avg:                                  3.44ms
         max:                                  8.99ms
         approx.  95 percentile:               3.70ms

Threads fairness:
    events (avg/stddev):           357.1429/8.15
    execution time (avg/stddev):   1.2288/0.00

sysbench 0.4.12:  multi-threaded system evaluation benchmark

Running the test with following options:
Number of threads: 28

Doing CPU performance benchmark

Threads started!
Done.

Maximum prime number checked in CPU test: 20000


Test execution summary:
    total time:                          1.2345s
    total number of events:              10000
    total time taken by event execution: 34.3529
    per-request statistics:
         min:                                  3.06ms
         avg:                                  3.44ms
         max:                                 25.43ms
         approx.  95 percentile:               3.67ms

Threads fairness:
    events (avg/stddev):           357.1429/6.12
    execution time (avg/stddev):   1.2269/0.01

sysbench 0.4.12:  multi-threaded system evaluation benchmark

Running the test with following options:
Number of threads: 30

Doing CPU performance benchmark

Threads started!
Done.

Maximum prime number checked in CPU test: 20000


Test execution summary:
    total time:                          1.1563s
    total number of events:              10000
    total time taken by event execution: 34.4616
    per-request statistics:
         min:                                  2.75ms
         avg:                                  3.45ms
         max:                                  6.43ms
         approx.  95 percentile:               3.64ms

Threads fairness:
    events (avg/stddev):           333.3333/3.87
    execution time (avg/stddev):   1.1487/0.01

sysbench 0.4.12:  multi-threaded system evaluation benchmark

Running the test with following options:
Number of threads: 30

Doing CPU performance benchmark

Threads started!
Done.

Maximum prime number checked in CPU test: 20000


Test execution summary:
    total time:                          1.1660s
    total number of events:              10000
    total time taken by event execution: 34.6390
    per-request statistics:
         min:                                  3.06ms
         avg:                                  3.46ms
         max:                                 31.42ms
         approx.  95 percentile:               3.64ms

Threads fairness:
    events (avg/stddev):           333.3333/7.98
    execution time (avg/stddev):   1.1546/0.01

sysbench 0.4.12:  multi-threaded system evaluation benchmark

Running the test with following options:
Number of threads: 30

Doing CPU performance benchmark

Threads started!
Done.

Maximum prime number checked in CPU test: 20000


Test execution summary:
    total time:                          1.1535s
    total number of events:              10000
    total time taken by event execution: 34.3624
    per-request statistics:
         min:                                  3.06ms
         avg:                                  3.44ms
         max:                                 21.44ms
         approx.  95 percentile:               3.60ms

Threads fairness:
    events (avg/stddev):           333.3333/5.75
    execution time (avg/stddev):   1.1454/0.01

sysbench 0.4.12:  multi-threaded system evaluation benchmark

Running the test with following options:
Number of threads: 30

Doing CPU performance benchmark

Threads started!
Done.

Maximum prime number checked in CPU test: 20000


Test execution summary:
    total time:                          1.1575s
    total number of events:              10000
    total time taken by event execution: 34.3846
    per-request statistics:
         min:                                  3.06ms
         avg:                                  3.44ms
         max:                                 22.47ms
         approx.  95 percentile:               3.60ms

Threads fairness:
    events (avg/stddev):           333.3333/6.60
    execution time (avg/stddev):   1.1462/0.01

sysbench 0.4.12:  multi-threaded system evaluation benchmark

Running the test with following options:
Number of threads: 30

Doing CPU performance benchmark

Threads started!
Done.

Maximum prime number checked in CPU test: 20000


Test execution summary:
    total time:                          1.1542s
    total number of events:              10000
    total time taken by event execution: 34.4442
    per-request statistics:
         min:                                  3.06ms
         avg:                                  3.44ms
         max:                                 20.71ms
         approx.  95 percentile:               3.60ms

Threads fairness:
    events (avg/stddev):           333.3333/4.72
    execution time (avg/stddev):   1.1481/0.01

sysbench 0.4.12:  multi-threaded system evaluation benchmark

Running the test with following options:
Number of threads: 32

Doing CPU performance benchmark

Threads started!
Done.

Maximum prime number checked in CPU test: 20000


Test execution summary:
    total time:                          1.0956s
    total number of events:              10000
    total time taken by event execution: 34.6076
    per-request statistics:
         min:                                  2.80ms
         avg:                                  3.46ms
         max:                                 28.46ms
         approx.  95 percentile:               3.49ms

Threads fairness:
    events (avg/stddev):           312.5000/4.78
    execution time (avg/stddev):   1.0815/0.01

sysbench 0.4.12:  multi-threaded system evaluation benchmark

Running the test with following options:
Number of threads: 32

Doing CPU performance benchmark

Threads started!
Done.

Maximum prime number checked in CPU test: 20000


Test execution summary:
    total time:                          1.0942s
    total number of events:              10000
    total time taken by event execution: 34.6489
    per-request statistics:
         min:                                  3.07ms
         avg:                                  3.46ms
         max:                                 18.44ms
         approx.  95 percentile:               3.49ms

Threads fairness:
    events (avg/stddev):           312.5000/5.01
    execution time (avg/stddev):   1.0828/0.01

sysbench 0.4.12:  multi-threaded system evaluation benchmark

Running the test with following options:
Number of threads: 32

Doing CPU performance benchmark

Threads started!
Done.

Maximum prime number checked in CPU test: 20000


Test execution summary:
    total time:                          1.0881s
    total number of events:              10000
    total time taken by event execution: 34.5313
    per-request statistics:
         min:                                  3.07ms
         avg:                                  3.45ms
         max:                                 16.80ms
         approx.  95 percentile:               3.48ms

Threads fairness:
    events (avg/stddev):           312.5000/3.96
    execution time (avg/stddev):   1.0791/0.01

sysbench 0.4.12:  multi-threaded system evaluation benchmark

Running the test with following options:
Number of threads: 32

Doing CPU performance benchmark

Threads started!
Done.

Maximum prime number checked in CPU test: 20000


Test execution summary:
    total time:                          1.1011s
    total number of events:              10000
    total time taken by event execution: 34.7070
    per-request statistics:
         min:                                  2.93ms
         avg:                                  3.47ms
         max:                                 30.43ms
         approx.  95 percentile:               3.50ms

Threads fairness:
    events (avg/stddev):           312.5000/5.35
    execution time (avg/stddev):   1.0846/0.02

sysbench 0.4.12:  multi-threaded system evaluation benchmark

Running the test with following options:
Number of threads: 32

Doing CPU performance benchmark

Threads started!
Done.

Maximum prime number checked in CPU test: 20000


Test execution summary:
    total time:                          1.0934s
    total number of events:              10000
    total time taken by event execution: 34.6812
    per-request statistics:
         min:                                  3.06ms
         avg:                                  3.47ms
         max:                                 31.02ms
         approx.  95 percentile:               3.49ms

Threads fairness:
    events (avg/stddev):           312.5000/5.85
    execution time (avg/stddev):   1.0838/0.01

sysbench 0.4.12:  multi-threaded system evaluation benchmark

Running the test with following options:
Number of threads: 34

Doing CPU performance benchmark

Threads started!
Done.

Maximum prime number checked in CPU test: 20000


Test execution summary:
    total time:                          1.0908s
    total number of events:              10000
    total time taken by event execution: 36.7024
    per-request statistics:
         min:                                  3.06ms
         avg:                                  3.67ms
         max:                                 50.49ms
         approx.  95 percentile:               3.50ms

Threads fairness:
    events (avg/stddev):           294.1176/24.98
    execution time (avg/stddev):   1.0795/0.01

sysbench 0.4.12:  multi-threaded system evaluation benchmark

Running the test with following options:
Number of threads: 34

Doing CPU performance benchmark

Threads started!
Done.

Maximum prime number checked in CPU test: 20000


Test execution summary:
    total time:                          1.0895s
    total number of events:              10000
    total time taken by event execution: 36.6150
    per-request statistics:
         min:                                  2.93ms
         avg:                                  3.66ms
         max:                                 23.65ms
         approx.  95 percentile:               3.53ms

Threads fairness:
    events (avg/stddev):           294.1176/33.24
    execution time (avg/stddev):   1.0769/0.01

sysbench 0.4.12:  multi-threaded system evaluation benchmark

Running the test with following options:
Number of threads: 34

Doing CPU performance benchmark

Threads started!
Done.

Maximum prime number checked in CPU test: 20000


Test execution summary:
    total time:                          1.0955s
    total number of events:              10000
    total time taken by event execution: 36.5580
    per-request statistics:
         min:                                  3.06ms
         avg:                                  3.66ms
         max:                                 26.44ms
         approx.  95 percentile:               3.49ms

Threads fairness:
    events (avg/stddev):           294.1176/35.83
    execution time (avg/stddev):   1.0752/0.02

sysbench 0.4.12:  multi-threaded system evaluation benchmark

Running the test with following options:
Number of threads: 34

Doing CPU performance benchmark

Threads started!
Done.

Maximum prime number checked in CPU test: 20000


Test execution summary:
    total time:                          1.0959s
    total number of events:              10000
    total time taken by event execution: 36.5857
    per-request statistics:
         min:                                  2.79ms
         avg:                                  3.66ms
         max:                                 26.45ms
         approx.  95 percentile:               3.49ms

Threads fairness:
    events (avg/stddev):           294.1176/29.23
    execution time (avg/stddev):   1.0761/0.02

sysbench 0.4.12:  multi-threaded system evaluation benchmark

Running the test with following options:
Number of threads: 34

Doing CPU performance benchmark

Threads started!
Done.

Maximum prime number checked in CPU test: 20000


Test execution summary:
    total time:                          1.0939s
    total number of events:              10000
    total time taken by event execution: 36.6736
    per-request statistics:
         min:                                  3.06ms
         avg:                                  3.67ms
         max:                                 54.42ms
         approx.  95 percentile:               3.55ms

Threads fairness:
    events (avg/stddev):           294.1176/35.91
    execution time (avg/stddev):   1.0786/0.02

Mon Jan  8 22:31:20 KST 2018