Tue Oct 24 20:33:27 KST 2017
sysbench 0.4.12:  multi-threaded system evaluation benchmark

Running the test with following options:
Number of threads: 1

Doing CPU performance benchmark

Threads started!
Done.

Maximum prime number checked in CPU test: 20000


Test execution summary:
    total time:                          24.9430s
    total number of events:              10000
    total time taken by event execution: 24.9420
    per-request statistics:
         min:                                  2.48ms
         avg:                                  2.49ms
         max:                                  6.60ms
         approx.  95 percentile:               2.49ms

Threads fairness:
    events (avg/stddev):           10000.0000/0.00
    execution time (avg/stddev):   24.9420/0.00

sysbench 0.4.12:  multi-threaded system evaluation benchmark

Running the test with following options:
Number of threads: 1

Doing CPU performance benchmark

Threads started!
Done.

Maximum prime number checked in CPU test: 20000


Test execution summary:
    total time:                          24.9341s
    total number of events:              10000
    total time taken by event execution: 24.9332
    per-request statistics:
         min:                                  2.48ms
         avg:                                  2.49ms
         max:                                  3.41ms
         approx.  95 percentile:               2.50ms

Threads fairness:
    events (avg/stddev):           10000.0000/0.00
    execution time (avg/stddev):   24.9332/0.00

sysbench 0.4.12:  multi-threaded system evaluation benchmark

Running the test with following options:
Number of threads: 1

Doing CPU performance benchmark

Threads started!
Done.

Maximum prime number checked in CPU test: 20000


Test execution summary:
    total time:                          24.9617s
    total number of events:              10000
    total time taken by event execution: 24.9609
    per-request statistics:
         min:                                  2.38ms
         avg:                                  2.50ms
         max:                                  3.32ms
         approx.  95 percentile:               2.50ms

Threads fairness:
    events (avg/stddev):           10000.0000/0.00
    execution time (avg/stddev):   24.9609/0.00

sysbench 0.4.12:  multi-threaded system evaluation benchmark

Running the test with following options:
Number of threads: 1

Doing CPU performance benchmark

Threads started!
Done.

Maximum prime number checked in CPU test: 20000


Test execution summary:
    total time:                          24.9539s
    total number of events:              10000
    total time taken by event execution: 24.9530
    per-request statistics:
         min:                                  2.48ms
         avg:                                  2.50ms
         max:                                  2.76ms
         approx.  95 percentile:               2.50ms

Threads fairness:
    events (avg/stddev):           10000.0000/0.00
    execution time (avg/stddev):   24.9530/0.00

sysbench 0.4.12:  multi-threaded system evaluation benchmark

Running the test with following options:
Number of threads: 1

Doing CPU performance benchmark

Threads started!
Done.

Maximum prime number checked in CPU test: 20000


Test execution summary:
    total time:                          24.9796s
    total number of events:              10000
    total time taken by event execution: 24.9788
    per-request statistics:
         min:                                  2.40ms
         avg:                                  2.50ms
         max:                                  6.43ms
         approx.  95 percentile:               2.50ms

Threads fairness:
    events (avg/stddev):           10000.0000/0.00
    execution time (avg/stddev):   24.9788/0.00

sysbench 0.4.12:  multi-threaded system evaluation benchmark

Running the test with following options:
Number of threads: 2

Doing CPU performance benchmark

Threads started!
Done.

Maximum prime number checked in CPU test: 20000


Test execution summary:
    total time:                          12.4893s
    total number of events:              10000
    total time taken by event execution: 24.9740
    per-request statistics:
         min:                                  2.39ms
         avg:                                  2.50ms
         max:                                  7.18ms
         approx.  95 percentile:               2.50ms

Threads fairness:
    events (avg/stddev):           5000.0000/1.00
    execution time (avg/stddev):   12.4870/0.00

sysbench 0.4.12:  multi-threaded system evaluation benchmark

Running the test with following options:
Number of threads: 2

Doing CPU performance benchmark

Threads started!
Done.

Maximum prime number checked in CPU test: 20000


Test execution summary:
    total time:                          12.4937s
    total number of events:              10000
    total time taken by event execution: 24.9824
    per-request statistics:
         min:                                  2.44ms
         avg:                                  2.50ms
         max:                                  3.12ms
         approx.  95 percentile:               2.50ms

Threads fairness:
    events (avg/stddev):           5000.0000/3.00
    execution time (avg/stddev):   12.4912/0.00

sysbench 0.4.12:  multi-threaded system evaluation benchmark

Running the test with following options:
Number of threads: 2

Doing CPU performance benchmark

Threads started!
Done.

Maximum prime number checked in CPU test: 20000


Test execution summary:
    total time:                          12.4858s
    total number of events:              10000
    total time taken by event execution: 24.9664
    per-request statistics:
         min:                                  2.48ms
         avg:                                  2.50ms
         max:                                  2.88ms
         approx.  95 percentile:               2.50ms

Threads fairness:
    events (avg/stddev):           5000.0000/0.00
    execution time (avg/stddev):   12.4832/0.00

sysbench 0.4.12:  multi-threaded system evaluation benchmark

Running the test with following options:
Number of threads: 2

Doing CPU performance benchmark

Threads started!
Done.

Maximum prime number checked in CPU test: 20000


Test execution summary:
    total time:                          12.4948s
    total number of events:              10000
    total time taken by event execution: 24.9856
    per-request statistics:
         min:                                  2.48ms
         avg:                                  2.50ms
         max:                                  6.44ms
         approx.  95 percentile:               2.50ms

Threads fairness:
    events (avg/stddev):           5000.0000/6.00
    execution time (avg/stddev):   12.4928/0.00

sysbench 0.4.12:  multi-threaded system evaluation benchmark

Running the test with following options:
Number of threads: 2

Doing CPU performance benchmark

Threads started!
Done.

Maximum prime number checked in CPU test: 20000


Test execution summary:
    total time:                          12.4982s
    total number of events:              10000
    total time taken by event execution: 24.9934
    per-request statistics:
         min:                                  2.43ms
         avg:                                  2.50ms
         max:                                  6.00ms
         approx.  95 percentile:               2.50ms

Threads fairness:
    events (avg/stddev):           5000.0000/6.00
    execution time (avg/stddev):   12.4967/0.00

sysbench 0.4.12:  multi-threaded system evaluation benchmark

Running the test with following options:
Number of threads: 4

Doing CPU performance benchmark

Threads started!
Done.

Maximum prime number checked in CPU test: 20000


Test execution summary:
    total time:                          6.5281s
    total number of events:              10000
    total time taken by event execution: 26.1046
    per-request statistics:
         min:                                  2.49ms
         avg:                                  2.61ms
         max:                                  6.55ms
         approx.  95 percentile:               2.68ms

Threads fairness:
    events (avg/stddev):           2500.0000/64.03
    execution time (avg/stddev):   6.5261/0.00

sysbench 0.4.12:  multi-threaded system evaluation benchmark

Running the test with following options:
Number of threads: 4

Doing CPU performance benchmark

Threads started!
Done.

Maximum prime number checked in CPU test: 20000


Test execution summary:
    total time:                          6.5094s
    total number of events:              10000
    total time taken by event execution: 26.0301
    per-request statistics:
         min:                                  2.49ms
         avg:                                  2.60ms
         max:                                  3.00ms
         approx.  95 percentile:               2.68ms

Threads fairness:
    events (avg/stddev):           2500.0000/16.00
    execution time (avg/stddev):   6.5075/0.00

sysbench 0.4.12:  multi-threaded system evaluation benchmark

Running the test with following options:
Number of threads: 4

Doing CPU performance benchmark

Threads started!
Done.

Maximum prime number checked in CPU test: 20000


Test execution summary:
    total time:                          6.4464s
    total number of events:              10000
    total time taken by event execution: 25.7749
    per-request statistics:
         min:                                  2.49ms
         avg:                                  2.58ms
         max:                                  6.52ms
         approx.  95 percentile:               2.68ms

Threads fairness:
    events (avg/stddev):           2500.0000/46.62
    execution time (avg/stddev):   6.4437/0.00

sysbench 0.4.12:  multi-threaded system evaluation benchmark

Running the test with following options:
Number of threads: 4

Doing CPU performance benchmark

Threads started!
Done.

Maximum prime number checked in CPU test: 20000


Test execution summary:
    total time:                          6.4924s
    total number of events:              10000
    total time taken by event execution: 25.9649
    per-request statistics:
         min:                                  2.38ms
         avg:                                  2.60ms
         max:                                  6.57ms
         approx.  95 percentile:               2.68ms

Threads fairness:
    events (avg/stddev):           2500.0000/62.75
    execution time (avg/stddev):   6.4912/0.00

sysbench 0.4.12:  multi-threaded system evaluation benchmark

Running the test with following options:
Number of threads: 4

Doing CPU performance benchmark

Threads started!
Done.

Maximum prime number checked in CPU test: 20000


Test execution summary:
    total time:                          6.4914s
    total number of events:              10000
    total time taken by event execution: 25.9592
    per-request statistics:
         min:                                  2.49ms
         avg:                                  2.60ms
         max:                                  6.50ms
         approx.  95 percentile:               2.96ms

Threads fairness:
    events (avg/stddev):           2500.0000/70.98
    execution time (avg/stddev):   6.4898/0.00

sysbench 0.4.12:  multi-threaded system evaluation benchmark

Running the test with following options:
Number of threads: 6

Doing CPU performance benchmark

Threads started!
Done.

Maximum prime number checked in CPU test: 20000


Test execution summary:
    total time:                          4.4784s
    total number of events:              10000
    total time taken by event execution: 26.8604
    per-request statistics:
         min:                                  2.49ms
         avg:                                  2.69ms
         max:                                  6.30ms
         approx.  95 percentile:               2.68ms

Threads fairness:
    events (avg/stddev):           1666.6667/6.55
    execution time (avg/stddev):   4.4767/0.00

sysbench 0.4.12:  multi-threaded system evaluation benchmark

Running the test with following options:
Number of threads: 6

Doing CPU performance benchmark

Threads started!
Done.

Maximum prime number checked in CPU test: 20000


Test execution summary:
    total time:                          4.4719s
    total number of events:              10000
    total time taken by event execution: 26.8225
    per-request statistics:
         min:                                  2.62ms
         avg:                                  2.68ms
         max:                                  6.34ms
         approx.  95 percentile:               2.68ms

Threads fairness:
    events (avg/stddev):           1666.6667/1.25
    execution time (avg/stddev):   4.4704/0.00

sysbench 0.4.12:  multi-threaded system evaluation benchmark

Running the test with following options:
Number of threads: 6

Doing CPU performance benchmark

Threads started!
Done.

Maximum prime number checked in CPU test: 20000


Test execution summary:
    total time:                          4.4801s
    total number of events:              10000
    total time taken by event execution: 26.8670
    per-request statistics:
         min:                                  2.66ms
         avg:                                  2.69ms
         max:                                  6.33ms
         approx.  95 percentile:               2.71ms

Threads fairness:
    events (avg/stddev):           1666.6667/4.64
    execution time (avg/stddev):   4.4778/0.00

sysbench 0.4.12:  multi-threaded system evaluation benchmark

Running the test with following options:
Number of threads: 6

Doing CPU performance benchmark

Threads started!
Done.

Maximum prime number checked in CPU test: 20000


Test execution summary:
    total time:                          4.4702s
    total number of events:              10000
    total time taken by event execution: 26.8131
    per-request statistics:
         min:                                  2.55ms
         avg:                                  2.68ms
         max:                                  3.71ms
         approx.  95 percentile:               2.68ms

Threads fairness:
    events (avg/stddev):           1666.6667/2.92
    execution time (avg/stddev):   4.4688/0.00

sysbench 0.4.12:  multi-threaded system evaluation benchmark

Running the test with following options:
Number of threads: 6

Doing CPU performance benchmark

Threads started!
Done.

Maximum prime number checked in CPU test: 20000


Test execution summary:
    total time:                          4.4896s
    total number of events:              10000
    total time taken by event execution: 26.9293
    per-request statistics:
         min:                                  2.39ms
         avg:                                  2.69ms
         max:                                  7.06ms
         approx.  95 percentile:               2.77ms

Threads fairness:
    events (avg/stddev):           1666.6667/10.43
    execution time (avg/stddev):   4.4882/0.00

sysbench 0.4.12:  multi-threaded system evaluation benchmark

Running the test with following options:
Number of threads: 8

Doing CPU performance benchmark

Threads started!
Done.

Maximum prime number checked in CPU test: 20000


Test execution summary:
    total time:                          3.5718s
    total number of events:              10000
    total time taken by event execution: 28.5567
    per-request statistics:
         min:                                  2.54ms
         avg:                                  2.86ms
         max:                                  6.53ms
         approx.  95 percentile:               3.12ms

Threads fairness:
    events (avg/stddev):           1250.0000/71.84
    execution time (avg/stddev):   3.5696/0.00

sysbench 0.4.12:  multi-threaded system evaluation benchmark

Running the test with following options:
Number of threads: 8

Doing CPU performance benchmark

Threads started!
Done.

Maximum prime number checked in CPU test: 20000


Test execution summary:
    total time:                          3.5919s
    total number of events:              10000
    total time taken by event execution: 28.7184
    per-request statistics:
         min:                                  2.48ms
         avg:                                  2.87ms
         max:                                  6.28ms
         approx.  95 percentile:               3.12ms

Threads fairness:
    events (avg/stddev):           1250.0000/74.33
    execution time (avg/stddev):   3.5898/0.00

sysbench 0.4.12:  multi-threaded system evaluation benchmark

Running the test with following options:
Number of threads: 8

Doing CPU performance benchmark

Threads started!
Done.

Maximum prime number checked in CPU test: 20000


Test execution summary:
    total time:                          3.4013s
    total number of events:              10000
    total time taken by event execution: 27.1987
    per-request statistics:
         min:                                  2.63ms
         avg:                                  2.72ms
         max:                                  6.50ms
         approx.  95 percentile:               3.12ms

Threads fairness:
    events (avg/stddev):           1250.0000/7.92
    execution time (avg/stddev):   3.3998/0.00

sysbench 0.4.12:  multi-threaded system evaluation benchmark

Running the test with following options:
Number of threads: 8

Doing CPU performance benchmark

Threads started!
Done.

Maximum prime number checked in CPU test: 20000


Test execution summary:
    total time:                          3.5946s
    total number of events:              10000
    total time taken by event execution: 28.7442
    per-request statistics:
         min:                                  2.47ms
         avg:                                  2.87ms
         max:                                  6.31ms
         approx.  95 percentile:               3.12ms

Threads fairness:
    events (avg/stddev):           1250.0000/77.34
    execution time (avg/stddev):   3.5930/0.00

sysbench 0.4.12:  multi-threaded system evaluation benchmark

Running the test with following options:
Number of threads: 8

Doing CPU performance benchmark

Threads started!
Done.

Maximum prime number checked in CPU test: 20000


Test execution summary:
    total time:                          3.3965s
    total number of events:              10000
    total time taken by event execution: 27.1583
    per-request statistics:
         min:                                  2.55ms
         avg:                                  2.72ms
         max:                                  7.08ms
         approx.  95 percentile:               3.10ms

Threads fairness:
    events (avg/stddev):           1250.0000/6.48
    execution time (avg/stddev):   3.3948/0.00

sysbench 0.4.12:  multi-threaded system evaluation benchmark

Running the test with following options:
Number of threads: 10

Doing CPU performance benchmark

Threads started!
Done.

Maximum prime number checked in CPU test: 20000


Test execution summary:
    total time:                          3.1198s
    total number of events:              10000
    total time taken by event execution: 31.1771
    per-request statistics:
         min:                                  2.63ms
         avg:                                  3.12ms
         max:                                  7.18ms
         approx.  95 percentile:               3.12ms

Threads fairness:
    events (avg/stddev):           1000.0000/5.62
    execution time (avg/stddev):   3.1177/0.00

sysbench 0.4.12:  multi-threaded system evaluation benchmark

Running the test with following options:
Number of threads: 10

Doing CPU performance benchmark

Threads started!
Done.

Maximum prime number checked in CPU test: 20000


Test execution summary:
    total time:                          3.1110s
    total number of events:              10000
    total time taken by event execution: 31.0891
    per-request statistics:
         min:                                  2.47ms
         avg:                                  3.11ms
         max:                                  6.47ms
         approx.  95 percentile:               3.13ms

Threads fairness:
    events (avg/stddev):           1000.0000/12.66
    execution time (avg/stddev):   3.1089/0.00

sysbench 0.4.12:  multi-threaded system evaluation benchmark

Running the test with following options:
Number of threads: 10

Doing CPU performance benchmark

Threads started!
Done.

Maximum prime number checked in CPU test: 20000


Test execution summary:
    total time:                          3.1220s
    total number of events:              10000
    total time taken by event execution: 31.1975
    per-request statistics:
         min:                                  2.67ms
         avg:                                  3.12ms
         max:                                  7.18ms
         approx.  95 percentile:               3.13ms

Threads fairness:
    events (avg/stddev):           1000.0000/8.33
    execution time (avg/stddev):   3.1198/0.00

sysbench 0.4.12:  multi-threaded system evaluation benchmark

Running the test with following options:
Number of threads: 10

Doing CPU performance benchmark

Threads started!
Done.

Maximum prime number checked in CPU test: 20000


Test execution summary:
    total time:                          3.1419s
    total number of events:              10000
    total time taken by event execution: 31.4018
    per-request statistics:
         min:                                  3.00ms
         avg:                                  3.14ms
         max:                                  6.99ms
         approx.  95 percentile:               3.13ms

Threads fairness:
    events (avg/stddev):           1000.0000/11.90
    execution time (avg/stddev):   3.1402/0.00

sysbench 0.4.12:  multi-threaded system evaluation benchmark

Running the test with following options:
Number of threads: 10

Doing CPU performance benchmark

Threads started!
Done.

Maximum prime number checked in CPU test: 20000


Test execution summary:
    total time:                          3.1130s
    total number of events:              10000
    total time taken by event execution: 31.1120
    per-request statistics:
         min:                                  2.67ms
         avg:                                  3.11ms
         max:                                  6.54ms
         approx.  95 percentile:               3.13ms

Threads fairness:
    events (avg/stddev):           1000.0000/7.62
    execution time (avg/stddev):   3.1112/0.00

sysbench 0.4.12:  multi-threaded system evaluation benchmark

Running the test with following options:
Number of threads: 12

Doing CPU performance benchmark

Threads started!
Done.

Maximum prime number checked in CPU test: 20000


Test execution summary:
    total time:                          2.5993s
    total number of events:              10000
    total time taken by event execution: 31.1686
    per-request statistics:
         min:                                  2.65ms
         avg:                                  3.12ms
         max:                                  6.90ms
         approx.  95 percentile:               3.13ms

Threads fairness:
    events (avg/stddev):           833.3333/4.66
    execution time (avg/stddev):   2.5974/0.00

sysbench 0.4.12:  multi-threaded system evaluation benchmark

Running the test with following options:
Number of threads: 12

Doing CPU performance benchmark

Threads started!
Done.

Maximum prime number checked in CPU test: 20000


Test execution summary:
    total time:                          2.5972s
    total number of events:              10000
    total time taken by event execution: 31.1378
    per-request statistics:
         min:                                  2.67ms
         avg:                                  3.11ms
         max:                                  7.00ms
         approx.  95 percentile:               3.13ms

Threads fairness:
    events (avg/stddev):           833.3333/11.83
    execution time (avg/stddev):   2.5948/0.00

sysbench 0.4.12:  multi-threaded system evaluation benchmark

Running the test with following options:
Number of threads: 12

Doing CPU performance benchmark

Threads started!
Done.

Maximum prime number checked in CPU test: 20000


Test execution summary:
    total time:                          2.6074s
    total number of events:              10000
    total time taken by event execution: 31.2658
    per-request statistics:
         min:                                  2.99ms
         avg:                                  3.13ms
         max:                                  7.26ms
         approx.  95 percentile:               3.13ms

Threads fairness:
    events (avg/stddev):           833.3333/0.75
    execution time (avg/stddev):   2.6055/0.00

sysbench 0.4.12:  multi-threaded system evaluation benchmark

Running the test with following options:
Number of threads: 12

Doing CPU performance benchmark

Threads started!
Done.

Maximum prime number checked in CPU test: 20000


Test execution summary:
    total time:                          2.5951s
    total number of events:              10000
    total time taken by event execution: 31.1181
    per-request statistics:
         min:                                  2.49ms
         avg:                                  3.11ms
         max:                                  6.38ms
         approx.  95 percentile:               3.13ms

Threads fairness:
    events (avg/stddev):           833.3333/11.48
    execution time (avg/stddev):   2.5932/0.00

sysbench 0.4.12:  multi-threaded system evaluation benchmark

Running the test with following options:
Number of threads: 12

Doing CPU performance benchmark

Threads started!
Done.

Maximum prime number checked in CPU test: 20000


Test execution summary:
    total time:                          2.6043s
    total number of events:              10000
    total time taken by event execution: 31.2326
    per-request statistics:
         min:                                  2.99ms
         avg:                                  3.12ms
         max:                                  6.50ms
         approx.  95 percentile:               3.13ms

Threads fairness:
    events (avg/stddev):           833.3333/2.13
    execution time (avg/stddev):   2.6027/0.00

sysbench 0.4.12:  multi-threaded system evaluation benchmark

Running the test with following options:
Number of threads: 14

Doing CPU performance benchmark

Threads started!
Done.

Maximum prime number checked in CPU test: 20000


Test execution summary:
    total time:                          2.2406s
    total number of events:              10000
    total time taken by event execution: 31.3381
    per-request statistics:
         min:                                  2.66ms
         avg:                                  3.13ms
         max:                                  6.29ms
         approx.  95 percentile:               3.13ms

Threads fairness:
    events (avg/stddev):           714.2857/3.67
    execution time (avg/stddev):   2.2384/0.00

sysbench 0.4.12:  multi-threaded system evaluation benchmark

Running the test with following options:
Number of threads: 14

Doing CPU performance benchmark

Threads started!
Done.

Maximum prime number checked in CPU test: 20000


Test execution summary:
    total time:                          2.2337s
    total number of events:              10000
    total time taken by event execution: 31.2409
    per-request statistics:
         min:                                  2.99ms
         avg:                                  3.12ms
         max:                                  6.30ms
         approx.  95 percentile:               3.13ms

Threads fairness:
    events (avg/stddev):           714.2857/1.48
    execution time (avg/stddev):   2.2315/0.00

sysbench 0.4.12:  multi-threaded system evaluation benchmark

Running the test with following options:
Number of threads: 14

Doing CPU performance benchmark

Threads started!
Done.

Maximum prime number checked in CPU test: 20000


Test execution summary:
    total time:                          2.2414s
    total number of events:              10000
    total time taken by event execution: 31.3485
    per-request statistics:
         min:                                  2.66ms
         avg:                                  3.13ms
         max:                                  8.74ms
         approx.  95 percentile:               3.15ms

Threads fairness:
    events (avg/stddev):           714.2857/7.06
    execution time (avg/stddev):   2.2392/0.00

sysbench 0.4.12:  multi-threaded system evaluation benchmark

Running the test with following options:
Number of threads: 14

Doing CPU performance benchmark

Threads started!
Done.

Maximum prime number checked in CPU test: 20000


Test execution summary:
    total time:                          2.2400s
    total number of events:              10000
    total time taken by event execution: 31.3253
    per-request statistics:
         min:                                  3.01ms
         avg:                                  3.13ms
         max:                                  6.96ms
         approx.  95 percentile:               3.13ms

Threads fairness:
    events (avg/stddev):           714.2857/2.34
    execution time (avg/stddev):   2.2375/0.00

sysbench 0.4.12:  multi-threaded system evaluation benchmark

Running the test with following options:
Number of threads: 14

Doing CPU performance benchmark

Threads started!
Done.

Maximum prime number checked in CPU test: 20000


Test execution summary:
    total time:                          2.2427s
    total number of events:              10000
    total time taken by event execution: 31.3656
    per-request statistics:
         min:                                  2.63ms
         avg:                                  3.14ms
         max:                                 12.07ms
         approx.  95 percentile:               3.41ms

Threads fairness:
    events (avg/stddev):           714.2857/9.95
    execution time (avg/stddev):   2.2404/0.00

sysbench 0.4.12:  multi-threaded system evaluation benchmark

Running the test with following options:
Number of threads: 16

Doing CPU performance benchmark

Threads started!
Done.

Maximum prime number checked in CPU test: 20000


Test execution summary:
    total time:                          1.9613s
    total number of events:              10000
    total time taken by event execution: 31.3459
    per-request statistics:
         min:                                  3.00ms
         avg:                                  3.13ms
         max:                                  6.40ms
         approx.  95 percentile:               3.13ms

Threads fairness:
    events (avg/stddev):           625.0000/2.69
    execution time (avg/stddev):   1.9591/0.00

sysbench 0.4.12:  multi-threaded system evaluation benchmark

Running the test with following options:
Number of threads: 16

Doing CPU performance benchmark

Threads started!
Done.

Maximum prime number checked in CPU test: 20000


Test execution summary:
    total time:                          1.9521s
    total number of events:              10000
    total time taken by event execution: 31.2050
    per-request statistics:
         min:                                  3.00ms
         avg:                                  3.12ms
         max:                                  6.25ms
         approx.  95 percentile:               3.13ms

Threads fairness:
    events (avg/stddev):           625.0000/1.73
    execution time (avg/stddev):   1.9503/0.00

sysbench 0.4.12:  multi-threaded system evaluation benchmark

Running the test with following options:
Number of threads: 16

Doing CPU performance benchmark

Threads started!
Done.

Maximum prime number checked in CPU test: 20000


Test execution summary:
    total time:                          1.9526s
    total number of events:              10000
    total time taken by event execution: 31.2107
    per-request statistics:
         min:                                  2.99ms
         avg:                                  3.12ms
         max:                                  6.25ms
         approx.  95 percentile:               3.13ms

Threads fairness:
    events (avg/stddev):           625.0000/2.09
    execution time (avg/stddev):   1.9507/0.00

sysbench 0.4.12:  multi-threaded system evaluation benchmark

Running the test with following options:
Number of threads: 16

Doing CPU performance benchmark

Threads started!
Done.

Maximum prime number checked in CPU test: 20000


Test execution summary:
    total time:                          1.9588s
    total number of events:              10000
    total time taken by event execution: 31.2999
    per-request statistics:
         min:                                  3.00ms
         avg:                                  3.13ms
         max:                                  7.80ms
         approx.  95 percentile:               3.13ms

Threads fairness:
    events (avg/stddev):           625.0000/4.53
    execution time (avg/stddev):   1.9562/0.00

sysbench 0.4.12:  multi-threaded system evaluation benchmark

Running the test with following options:
Number of threads: 16

Doing CPU performance benchmark

Threads started!
Done.

Maximum prime number checked in CPU test: 20000


Test execution summary:
    total time:                          1.9556s
    total number of events:              10000
    total time taken by event execution: 31.2594
    per-request statistics:
         min:                                  2.99ms
         avg:                                  3.13ms
         max:                                  6.27ms
         approx.  95 percentile:               3.13ms

Threads fairness:
    events (avg/stddev):           625.0000/1.66
    execution time (avg/stddev):   1.9537/0.00

sysbench 0.4.12:  multi-threaded system evaluation benchmark

Running the test with following options:
Number of threads: 18

Doing CPU performance benchmark

Threads started!
Done.

Maximum prime number checked in CPU test: 20000


Test execution summary:
    total time:                          1.7893s
    total number of events:              10000
    total time taken by event execution: 32.1685
    per-request statistics:
         min:                                  2.99ms
         avg:                                  3.22ms
         max:                                  9.32ms
         approx.  95 percentile:               3.42ms

Threads fairness:
    events (avg/stddev):           555.5556/6.00
    execution time (avg/stddev):   1.7871/0.00

sysbench 0.4.12:  multi-threaded system evaluation benchmark

Running the test with following options:
Number of threads: 18

Doing CPU performance benchmark

Threads started!
Done.

Maximum prime number checked in CPU test: 20000


Test execution summary:
    total time:                          1.7882s
    total number of events:              10000
    total time taken by event execution: 32.1477
    per-request statistics:
         min:                                  3.00ms
         avg:                                  3.21ms
         max:                                  6.24ms
         approx.  95 percentile:               3.42ms

Threads fairness:
    events (avg/stddev):           555.5556/8.26
    execution time (avg/stddev):   1.7860/0.00

sysbench 0.4.12:  multi-threaded system evaluation benchmark

Running the test with following options:
Number of threads: 18

Doing CPU performance benchmark

Threads started!
Done.

Maximum prime number checked in CPU test: 20000


Test execution summary:
    total time:                          1.7802s
    total number of events:              10000
    total time taken by event execution: 32.0043
    per-request statistics:
         min:                                  3.00ms
         avg:                                  3.20ms
         max:                                  6.26ms
         approx.  95 percentile:               3.43ms

Threads fairness:
    events (avg/stddev):           555.5556/4.60
    execution time (avg/stddev):   1.7780/0.00

sysbench 0.4.12:  multi-threaded system evaluation benchmark

Running the test with following options:
Number of threads: 18

Doing CPU performance benchmark

Threads started!
Done.

Maximum prime number checked in CPU test: 20000


Test execution summary:
    total time:                          1.7906s
    total number of events:              10000
    total time taken by event execution: 32.1984
    per-request statistics:
         min:                                  3.01ms
         avg:                                  3.22ms
         max:                                  6.98ms
         approx.  95 percentile:               3.42ms

Threads fairness:
    events (avg/stddev):           555.5556/6.84
    execution time (avg/stddev):   1.7888/0.00

sysbench 0.4.12:  multi-threaded system evaluation benchmark

Running the test with following options:
Number of threads: 18

Doing CPU performance benchmark

Threads started!
Done.

Maximum prime number checked in CPU test: 20000


Test execution summary:
    total time:                          1.7855s
    total number of events:              10000
    total time taken by event execution: 32.1004
    per-request statistics:
         min:                                  2.98ms
         avg:                                  3.21ms
         max:                                  6.25ms
         approx.  95 percentile:               3.42ms

Threads fairness:
    events (avg/stddev):           555.5556/4.75
    execution time (avg/stddev):   1.7834/0.00

sysbench 0.4.12:  multi-threaded system evaluation benchmark

Running the test with following options:
Number of threads: 20

Doing CPU performance benchmark

Threads started!
Done.

Maximum prime number checked in CPU test: 20000


Test execution summary:
    total time:                          1.6334s
    total number of events:              10000
    total time taken by event execution: 32.5990
    per-request statistics:
         min:                                  3.03ms
         avg:                                  3.26ms
         max:                                 10.98ms
         approx.  95 percentile:               3.42ms

Threads fairness:
    events (avg/stddev):           500.0000/6.47
    execution time (avg/stddev):   1.6300/0.00

sysbench 0.4.12:  multi-threaded system evaluation benchmark

Running the test with following options:
Number of threads: 20

Doing CPU performance benchmark

Threads started!
Done.

Maximum prime number checked in CPU test: 20000


Test execution summary:
    total time:                          1.6300s
    total number of events:              10000
    total time taken by event execution: 32.5567
    per-request statistics:
         min:                                  3.01ms
         avg:                                  3.26ms
         max:                                  6.25ms
         approx.  95 percentile:               3.45ms

Threads fairness:
    events (avg/stddev):           500.0000/9.48
    execution time (avg/stddev):   1.6278/0.00

sysbench 0.4.12:  multi-threaded system evaluation benchmark

Running the test with following options:
Number of threads: 20

Doing CPU performance benchmark

Threads started!
Done.

Maximum prime number checked in CPU test: 20000


Test execution summary:
    total time:                          1.6319s
    total number of events:              10000
    total time taken by event execution: 32.5969
    per-request statistics:
         min:                                  2.99ms
         avg:                                  3.26ms
         max:                                 11.23ms
         approx.  95 percentile:               3.44ms

Threads fairness:
    events (avg/stddev):           500.0000/6.33
    execution time (avg/stddev):   1.6298/0.00

sysbench 0.4.12:  multi-threaded system evaluation benchmark

Running the test with following options:
Number of threads: 20

Doing CPU performance benchmark

Threads started!
Done.

Maximum prime number checked in CPU test: 20000


Test execution summary:
    total time:                          1.6324s
    total number of events:              10000
    total time taken by event execution: 32.5925
    per-request statistics:
         min:                                  3.05ms
         avg:                                  3.26ms
         max:                                  6.25ms
         approx.  95 percentile:               3.42ms

Threads fairness:
    events (avg/stddev):           500.0000/9.32
    execution time (avg/stddev):   1.6296/0.00

sysbench 0.4.12:  multi-threaded system evaluation benchmark

Running the test with following options:
Number of threads: 20

Doing CPU performance benchmark

Threads started!
Done.

Maximum prime number checked in CPU test: 20000


Test execution summary:
    total time:                          1.6380s
    total number of events:              10000
    total time taken by event execution: 32.6977
    per-request statistics:
         min:                                  3.04ms
         avg:                                  3.27ms
         max:                                 13.84ms
         approx.  95 percentile:               3.43ms

Threads fairness:
    events (avg/stddev):           500.0000/8.41
    execution time (avg/stddev):   1.6349/0.00

sysbench 0.4.12:  multi-threaded system evaluation benchmark

Running the test with following options:
Number of threads: 22

Doing CPU performance benchmark

Threads started!
Done.

Maximum prime number checked in CPU test: 20000


Test execution summary:
    total time:                          1.5142s
    total number of events:              10000
    total time taken by event execution: 33.1240
    per-request statistics:
         min:                                  3.05ms
         avg:                                  3.31ms
         max:                                 16.42ms
         approx.  95 percentile:               3.42ms

Threads fairness:
    events (avg/stddev):           454.5455/10.56
    execution time (avg/stddev):   1.5056/0.01

sysbench 0.4.12:  multi-threaded system evaluation benchmark

Running the test with following options:
Number of threads: 22

Doing CPU performance benchmark

Threads started!
Done.

Maximum prime number checked in CPU test: 20000


Test execution summary:
    total time:                          1.4997s
    total number of events:              10000
    total time taken by event execution: 32.9298
    per-request statistics:
         min:                                  3.05ms
         avg:                                  3.29ms
         max:                                 16.42ms
         approx.  95 percentile:               3.42ms

Threads fairness:
    events (avg/stddev):           454.5455/10.04
    execution time (avg/stddev):   1.4968/0.00

sysbench 0.4.12:  multi-threaded system evaluation benchmark

Running the test with following options:
Number of threads: 22

Doing CPU performance benchmark

Threads started!
Done.

Maximum prime number checked in CPU test: 20000


Test execution summary:
    total time:                          1.5035s
    total number of events:              10000
    total time taken by event execution: 33.0073
    per-request statistics:
         min:                                  2.99ms
         avg:                                  3.30ms
         max:                                 16.01ms
         approx.  95 percentile:               3.43ms

Threads fairness:
    events (avg/stddev):           454.5455/6.68
    execution time (avg/stddev):   1.5003/0.00

sysbench 0.4.12:  multi-threaded system evaluation benchmark

Running the test with following options:
Number of threads: 22

Doing CPU performance benchmark

Threads started!
Done.

Maximum prime number checked in CPU test: 20000


Test execution summary:
    total time:                          1.5007s
    total number of events:              10000
    total time taken by event execution: 32.9479
    per-request statistics:
         min:                                  3.05ms
         avg:                                  3.29ms
         max:                                  6.24ms
         approx.  95 percentile:               3.43ms

Threads fairness:
    events (avg/stddev):           454.5455/6.85
    execution time (avg/stddev):   1.4976/0.00

sysbench 0.4.12:  multi-threaded system evaluation benchmark

Running the test with following options:
Number of threads: 22

Doing CPU performance benchmark

Threads started!
Done.

Maximum prime number checked in CPU test: 20000


Test execution summary:
    total time:                          1.5028s
    total number of events:              10000
    total time taken by event execution: 32.9502
    per-request statistics:
         min:                                  2.99ms
         avg:                                  3.30ms
         max:                                 15.49ms
         approx.  95 percentile:               3.46ms

Threads fairness:
    events (avg/stddev):           454.5455/10.91
    execution time (avg/stddev):   1.4977/0.01

sysbench 0.4.12:  multi-threaded system evaluation benchmark

Running the test with following options:
Number of threads: 24

Doing CPU performance benchmark

Threads started!
Done.

Maximum prime number checked in CPU test: 20000


Test execution summary:
    total time:                          1.3899s
    total number of events:              10000
    total time taken by event execution: 33.2244
    per-request statistics:
         min:                                  3.01ms
         avg:                                  3.32ms
         max:                                  6.40ms
         approx.  95 percentile:               3.42ms

Threads fairness:
    events (avg/stddev):           416.6667/4.78
    execution time (avg/stddev):   1.3844/0.01

sysbench 0.4.12:  multi-threaded system evaluation benchmark

Running the test with following options:
Number of threads: 24

Doing CPU performance benchmark

Threads started!
Done.

Maximum prime number checked in CPU test: 20000


Test execution summary:
    total time:                          1.3900s
    total number of events:              10000
    total time taken by event execution: 33.2796
    per-request statistics:
         min:                                  2.99ms
         avg:                                  3.33ms
         max:                                 16.89ms
         approx.  95 percentile:               3.43ms

Threads fairness:
    events (avg/stddev):           416.6667/6.52
    execution time (avg/stddev):   1.3866/0.00

sysbench 0.4.12:  multi-threaded system evaluation benchmark

Running the test with following options:
Number of threads: 24

Doing CPU performance benchmark

Threads started!
Done.

Maximum prime number checked in CPU test: 20000


Test execution summary:
    total time:                          1.3996s
    total number of events:              10000
    total time taken by event execution: 33.4757
    per-request statistics:
         min:                                  3.03ms
         avg:                                  3.35ms
         max:                                 22.58ms
         approx.  95 percentile:               3.46ms

Threads fairness:
    events (avg/stddev):           416.6667/8.32
    execution time (avg/stddev):   1.3948/0.01

sysbench 0.4.12:  multi-threaded system evaluation benchmark

Running the test with following options:
Number of threads: 24

Doing CPU performance benchmark

Threads started!
Done.

Maximum prime number checked in CPU test: 20000


Test execution summary:
    total time:                          1.3905s
    total number of events:              10000
    total time taken by event execution: 33.2995
    per-request statistics:
         min:                                  3.00ms
         avg:                                  3.33ms
         max:                                 16.45ms
         approx.  95 percentile:               3.42ms

Threads fairness:
    events (avg/stddev):           416.6667/5.67
    execution time (avg/stddev):   1.3875/0.00

sysbench 0.4.12:  multi-threaded system evaluation benchmark

Running the test with following options:
Number of threads: 24

Doing CPU performance benchmark

Threads started!
Done.

Maximum prime number checked in CPU test: 20000


Test execution summary:
    total time:                          1.3952s
    total number of events:              10000
    total time taken by event execution: 33.3667
    per-request statistics:
         min:                                  3.06ms
         avg:                                  3.34ms
         max:                                 24.54ms
         approx.  95 percentile:               3.43ms

Threads fairness:
    events (avg/stddev):           416.6667/5.81
    execution time (avg/stddev):   1.3903/0.01

sysbench 0.4.12:  multi-threaded system evaluation benchmark

Running the test with following options:
Number of threads: 26

Doing CPU performance benchmark

Threads started!
Done.

Maximum prime number checked in CPU test: 20000


Test execution summary:
    total time:                          1.2965s
    total number of events:              10000
    total time taken by event execution: 33.5750
    per-request statistics:
         min:                                  2.99ms
         avg:                                  3.36ms
         max:                                 19.44ms
         approx.  95 percentile:               3.45ms

Threads fairness:
    events (avg/stddev):           384.6154/5.75
    execution time (avg/stddev):   1.2913/0.01

sysbench 0.4.12:  multi-threaded system evaluation benchmark

Running the test with following options:
Number of threads: 26

Doing CPU performance benchmark

Threads started!
Done.

Maximum prime number checked in CPU test: 20000


Test execution summary:
    total time:                          1.2968s
    total number of events:              10000
    total time taken by event execution: 33.5575
    per-request statistics:
         min:                                  3.06ms
         avg:                                  3.36ms
         max:                                 18.56ms
         approx.  95 percentile:               3.45ms

Threads fairness:
    events (avg/stddev):           384.6154/3.76
    execution time (avg/stddev):   1.2907/0.01

sysbench 0.4.12:  multi-threaded system evaluation benchmark

Running the test with following options:
Number of threads: 26

Doing CPU performance benchmark

Threads started!
Done.

Maximum prime number checked in CPU test: 20000


Test execution summary:
    total time:                          1.2961s
    total number of events:              10000
    total time taken by event execution: 33.5309
    per-request statistics:
         min:                                  3.06ms
         avg:                                  3.35ms
         max:                                 14.53ms
         approx.  95 percentile:               3.44ms

Threads fairness:
    events (avg/stddev):           384.6154/5.25
    execution time (avg/stddev):   1.2897/0.01

sysbench 0.4.12:  multi-threaded system evaluation benchmark

Running the test with following options:
Number of threads: 26

Doing CPU performance benchmark

Threads started!
Done.

Maximum prime number checked in CPU test: 20000


Test execution summary:
    total time:                          1.2987s
    total number of events:              10000
    total time taken by event execution: 33.6330
    per-request statistics:
         min:                                  3.01ms
         avg:                                  3.36ms
         max:                                 29.98ms
         approx.  95 percentile:               3.46ms

Threads fairness:
    events (avg/stddev):           384.6154/8.33
    execution time (avg/stddev):   1.2936/0.01

sysbench 0.4.12:  multi-threaded system evaluation benchmark

Running the test with following options:
Number of threads: 26

Doing CPU performance benchmark

Threads started!
Done.

Maximum prime number checked in CPU test: 20000


Test execution summary:
    total time:                          1.2971s
    total number of events:              10000
    total time taken by event execution: 33.6001
    per-request statistics:
         min:                                  3.01ms
         avg:                                  3.36ms
         max:                                 15.03ms
         approx.  95 percentile:               3.46ms

Threads fairness:
    events (avg/stddev):           384.6154/3.88
    execution time (avg/stddev):   1.2923/0.00

sysbench 0.4.12:  multi-threaded system evaluation benchmark

Running the test with following options:
Number of threads: 28

Doing CPU performance benchmark

Threads started!
Done.

Maximum prime number checked in CPU test: 20000


Test execution summary:
    total time:                          1.2190s
    total number of events:              10000
    total time taken by event execution: 33.7674
    per-request statistics:
         min:                                  2.98ms
         avg:                                  3.38ms
         max:                                 19.41ms
         approx.  95 percentile:               3.45ms

Threads fairness:
    events (avg/stddev):           357.1429/7.08
    execution time (avg/stddev):   1.2060/0.02

sysbench 0.4.12:  multi-threaded system evaluation benchmark

Running the test with following options:
Number of threads: 28

Doing CPU performance benchmark

Threads started!
Done.

Maximum prime number checked in CPU test: 20000


Test execution summary:
    total time:                          1.2152s
    total number of events:              10000
    total time taken by event execution: 33.8427
    per-request statistics:
         min:                                  3.06ms
         avg:                                  3.38ms
         max:                                 20.47ms
         approx.  95 percentile:               3.46ms

Threads fairness:
    events (avg/stddev):           357.1429/7.38
    execution time (avg/stddev):   1.2087/0.01

sysbench 0.4.12:  multi-threaded system evaluation benchmark

Running the test with following options:
Number of threads: 28

Doing CPU performance benchmark

Threads started!
Done.

Maximum prime number checked in CPU test: 20000


Test execution summary:
    total time:                          1.2149s
    total number of events:              10000
    total time taken by event execution: 33.7742
    per-request statistics:
         min:                                  3.07ms
         avg:                                  3.38ms
         max:                                 16.75ms
         approx.  95 percentile:               3.45ms

Threads fairness:
    events (avg/stddev):           357.1429/3.52
    execution time (avg/stddev):   1.2062/0.01

sysbench 0.4.12:  multi-threaded system evaluation benchmark

Running the test with following options:
Number of threads: 28

Doing CPU performance benchmark

Threads started!
Done.

Maximum prime number checked in CPU test: 20000


Test execution summary:
    total time:                          1.2140s
    total number of events:              10000
    total time taken by event execution: 33.7881
    per-request statistics:
         min:                                  3.05ms
         avg:                                  3.38ms
         max:                                 20.55ms
         approx.  95 percentile:               3.45ms

Threads fairness:
    events (avg/stddev):           357.1429/5.23
    execution time (avg/stddev):   1.2067/0.01

sysbench 0.4.12:  multi-threaded system evaluation benchmark

Running the test with following options:
Number of threads: 28

Doing CPU performance benchmark

Threads started!
Done.

Maximum prime number checked in CPU test: 20000


Test execution summary:
    total time:                          1.2137s
    total number of events:              10000
    total time taken by event execution: 33.7906
    per-request statistics:
         min:                                  3.06ms
         avg:                                  3.38ms
         max:                                 31.50ms
         approx.  95 percentile:               3.42ms

Threads fairness:
    events (avg/stddev):           357.1429/5.69
    execution time (avg/stddev):   1.2068/0.01

sysbench 0.4.12:  multi-threaded system evaluation benchmark

Running the test with following options:
Number of threads: 30

Doing CPU performance benchmark

Threads started!
Done.

Maximum prime number checked in CPU test: 20000


Test execution summary:
    total time:                          1.1474s
    total number of events:              10000
    total time taken by event execution: 34.0699
    per-request statistics:
         min:                                  3.09ms
         avg:                                  3.41ms
         max:                                 19.41ms
         approx.  95 percentile:               3.46ms

Threads fairness:
    events (avg/stddev):           333.3333/6.48
    execution time (avg/stddev):   1.1357/0.01

sysbench 0.4.12:  multi-threaded system evaluation benchmark

Running the test with following options:
Number of threads: 30

Doing CPU performance benchmark

Threads started!
Done.

Maximum prime number checked in CPU test: 20000


Test execution summary:
    total time:                          1.1441s
    total number of events:              10000
    total time taken by event execution: 34.0655
    per-request statistics:
         min:                                  3.09ms
         avg:                                  3.41ms
         max:                                 21.44ms
         approx.  95 percentile:               3.46ms

Threads fairness:
    events (avg/stddev):           333.3333/4.52
    execution time (avg/stddev):   1.1355/0.01

sysbench 0.4.12:  multi-threaded system evaluation benchmark

Running the test with following options:
Number of threads: 30

Doing CPU performance benchmark

Threads started!
Done.

Maximum prime number checked in CPU test: 20000


Test execution summary:
    total time:                          1.1531s
    total number of events:              10000
    total time taken by event execution: 34.0976
    per-request statistics:
         min:                                  3.08ms
         avg:                                  3.41ms
         max:                                 16.41ms
         approx.  95 percentile:               3.46ms

Threads fairness:
    events (avg/stddev):           333.3333/5.73
    execution time (avg/stddev):   1.1366/0.01

sysbench 0.4.12:  multi-threaded system evaluation benchmark

Running the test with following options:
Number of threads: 30

Doing CPU performance benchmark

Threads started!
Done.

Maximum prime number checked in CPU test: 20000


Test execution summary:
    total time:                          1.1433s
    total number of events:              10000
    total time taken by event execution: 34.1350
    per-request statistics:
         min:                                  3.09ms
         avg:                                  3.41ms
         max:                                 31.83ms
         approx.  95 percentile:               3.46ms

Threads fairness:
    events (avg/stddev):           333.3333/4.25
    execution time (avg/stddev):   1.1378/0.01

sysbench 0.4.12:  multi-threaded system evaluation benchmark

Running the test with following options:
Number of threads: 30

Doing CPU performance benchmark

Threads started!
Done.

Maximum prime number checked in CPU test: 20000


Test execution summary:
    total time:                          1.1414s
    total number of events:              10000
    total time taken by event execution: 34.0647
    per-request statistics:
         min:                                  3.09ms
         avg:                                  3.41ms
         max:                                 22.99ms
         approx.  95 percentile:               3.46ms

Threads fairness:
    events (avg/stddev):           333.3333/2.36
    execution time (avg/stddev):   1.1355/0.01

sysbench 0.4.12:  multi-threaded system evaluation benchmark

Running the test with following options:
Number of threads: 32

Doing CPU performance benchmark

Threads started!
Done.

Maximum prime number checked in CPU test: 20000


Test execution summary:
    total time:                          1.0830s
    total number of events:              10000
    total time taken by event execution: 34.3130
    per-request statistics:
         min:                                  3.10ms
         avg:                                  3.43ms
         max:                                 32.39ms
         approx.  95 percentile:               3.46ms

Threads fairness:
    events (avg/stddev):           312.5000/4.53
    execution time (avg/stddev):   1.0723/0.01

sysbench 0.4.12:  multi-threaded system evaluation benchmark

Running the test with following options:
Number of threads: 32

Doing CPU performance benchmark

Threads started!
Done.

Maximum prime number checked in CPU test: 20000


Test execution summary:
    total time:                          1.0874s
    total number of events:              10000
    total time taken by event execution: 34.3544
    per-request statistics:
         min:                                  3.10ms
         avg:                                  3.44ms
         max:                                 19.47ms
         approx.  95 percentile:               3.46ms

Threads fairness:
    events (avg/stddev):           312.5000/6.81
    execution time (avg/stddev):   1.0736/0.02

sysbench 0.4.12:  multi-threaded system evaluation benchmark

Running the test with following options:
Number of threads: 32

Doing CPU performance benchmark

Threads started!
Done.

Maximum prime number checked in CPU test: 20000


Test execution summary:
    total time:                          1.0869s
    total number of events:              10000
    total time taken by event execution: 34.4340
    per-request statistics:
         min:                                  3.09ms
         avg:                                  3.44ms
         max:                                 34.42ms
         approx.  95 percentile:               3.46ms

Threads fairness:
    events (avg/stddev):           312.5000/5.11
    execution time (avg/stddev):   1.0761/0.01

sysbench 0.4.12:  multi-threaded system evaluation benchmark

Running the test with following options:
Number of threads: 32

Doing CPU performance benchmark

Threads started!
Done.

Maximum prime number checked in CPU test: 20000


Test execution summary:
    total time:                          1.0873s
    total number of events:              10000
    total time taken by event execution: 34.4705
    per-request statistics:
         min:                                  3.10ms
         avg:                                  3.45ms
         max:                                 28.01ms
         approx.  95 percentile:               3.46ms

Threads fairness:
    events (avg/stddev):           312.5000/4.07
    execution time (avg/stddev):   1.0772/0.01

sysbench 0.4.12:  multi-threaded system evaluation benchmark

Running the test with following options:
Number of threads: 32

Doing CPU performance benchmark

Threads started!
Done.

Maximum prime number checked in CPU test: 20000


Test execution summary:
    total time:                          1.0832s
    total number of events:              10000
    total time taken by event execution: 34.3503
    per-request statistics:
         min:                                  3.09ms
         avg:                                  3.44ms
         max:                                 26.87ms
         approx.  95 percentile:               3.46ms

Threads fairness:
    events (avg/stddev):           312.5000/4.10
    execution time (avg/stddev):   1.0734/0.01

sysbench 0.4.12:  multi-threaded system evaluation benchmark

Running the test with following options:
Number of threads: 34

Doing CPU performance benchmark

Threads started!
Done.

Maximum prime number checked in CPU test: 20000


Test execution summary:
    total time:                          1.0879s
    total number of events:              10000
    total time taken by event execution: 36.3757
    per-request statistics:
         min:                                  3.10ms
         avg:                                  3.64ms
         max:                                 36.42ms
         approx.  95 percentile:               3.42ms

Threads fairness:
    events (avg/stddev):           294.1176/36.05
    execution time (avg/stddev):   1.0699/0.02

sysbench 0.4.12:  multi-threaded system evaluation benchmark

Running the test with following options:
Number of threads: 34

Doing CPU performance benchmark

Threads started!
Done.

Maximum prime number checked in CPU test: 20000


Test execution summary:
    total time:                          1.0822s
    total number of events:              10000
    total time taken by event execution: 36.2857
    per-request statistics:
         min:                                  3.05ms
         avg:                                  3.63ms
         max:                                 38.37ms
         approx.  95 percentile:               3.42ms

Threads fairness:
    events (avg/stddev):           294.1176/29.51
    execution time (avg/stddev):   1.0672/0.02

sysbench 0.4.12:  multi-threaded system evaluation benchmark

Running the test with following options:
Number of threads: 34

Doing CPU performance benchmark

Threads started!
Done.

Maximum prime number checked in CPU test: 20000


Test execution summary:
    total time:                          1.0826s
    total number of events:              10000
    total time taken by event execution: 36.2941
    per-request statistics:
         min:                                  3.10ms
         avg:                                  3.63ms
         max:                                 29.42ms
         approx.  95 percentile:               3.46ms

Threads fairness:
    events (avg/stddev):           294.1176/24.42
    execution time (avg/stddev):   1.0675/0.02

sysbench 0.4.12:  multi-threaded system evaluation benchmark

Running the test with following options:
Number of threads: 34

Doing CPU performance benchmark

Threads started!
Done.

Maximum prime number checked in CPU test: 20000


Test execution summary:
    total time:                          1.0994s
    total number of events:              10000
    total time taken by event execution: 36.4934
    per-request statistics:
         min:                                  3.06ms
         avg:                                  3.65ms
         max:                                 47.41ms
         approx.  95 percentile:               3.47ms

Threads fairness:
    events (avg/stddev):           294.1176/30.06
    execution time (avg/stddev):   1.0733/0.03

sysbench 0.4.12:  multi-threaded system evaluation benchmark

Running the test with following options:
Number of threads: 34

Doing CPU performance benchmark

Threads started!
Done.

Maximum prime number checked in CPU test: 20000


Test execution summary:
    total time:                          1.0779s
    total number of events:              10000
    total time taken by event execution: 36.3913
    per-request statistics:
         min:                                  3.10ms
         avg:                                  3.64ms
         max:                                 29.42ms
         approx.  95 percentile:               3.46ms

Threads fairness:
    events (avg/stddev):           294.1176/33.51
    execution time (avg/stddev):   1.0703/0.01

Tue Oct 24 20:39:37 KST 2017
