Sun Oct 15 23:45:41 KST 2017
4k100: (g=0): rw=randrw, bs=4K-4K/4K-4K/4K-4K, ioengine=libaio, iodepth=16
...
fio-2.2.8
Starting 16 processes

4k100: (groupid=0, jobs=16): err= 0: pid=25637: Sun Oct 15 23:46:42 2017
  read : io=47837MB, bw=816412KB/s, iops=204102, runt= 60001msec
    slat (usec): min=3, max=2907, avg=77.06, stdev=35.03
    clat (usec): min=39, max=7609, avg=1175.96, stdev=317.12
     lat (usec): min=74, max=7876, avg=1253.11, stdev=337.67
    clat percentiles (usec):
     |  1.00th=[  732],  5.00th=[  772], 10.00th=[  804], 20.00th=[  868],
     | 30.00th=[  908], 40.00th=[ 1032], 50.00th=[ 1240], 60.00th=[ 1288],
     | 70.00th=[ 1368], 80.00th=[ 1432], 90.00th=[ 1480], 95.00th=[ 1560],
     | 99.00th=[ 2384], 99.50th=[ 2480], 99.90th=[ 2704], 99.95th=[ 2832],
     | 99.99th=[ 3664]
    bw (KB  /s): min=21400, max=78696, per=6.25%, avg=51028.84, stdev=13045.47
    lat (usec) : 50=0.01%, 100=0.01%, 250=0.01%, 500=0.03%, 750=2.15%
    lat (usec) : 1000=36.10%
    lat (msec) : 2=59.81%, 4=1.87%, 10=0.01%
  cpu          : usr=0.93%, sys=98.87%, ctx=51499, majf=0, minf=4423
  IO depths    : 1=0.1%, 2=0.1%, 4=0.1%, 8=0.1%, 16=100.0%, 32=0.0%, >=64=0.0%
     submit    : 0=0.0%, 4=100.0%, 8=0.0%, 16=0.0%, 32=0.0%, 64=0.0%, >=64=0.0%
     complete  : 0=0.0%, 4=100.0%, 8=0.0%, 16=0.1%, 32=0.0%, 64=0.0%, >=64=0.0%
     issued    : total=r=12246383/w=0/d=0, short=r=0/w=0/d=0, drop=r=0/w=0/d=0
     latency   : target=0, window=0, percentile=100.00%, depth=16

Run status group 0 (all jobs):
   READ: io=47837MB, aggrb=816411KB/s, minb=816411KB/s, maxb=816411KB/s, mint=60001msec, maxt=60001msec

Disk stats (read/write):
  sdb: ios=12230365/12, merge=0/5, ticks=1621589/19, in_queue=1629934, util=100.00%
4k0: (g=0): rw=randrw, bs=4K-4K/4K-4K/4K-4K, ioengine=libaio, iodepth=16
...
fio-2.2.8
Starting 16 processes

4k0: (groupid=0, jobs=16): err= 0: pid=25717: Sun Oct 15 23:47:43 2017
  write: io=12625MB, bw=215449KB/s, iops=53862, runt= 60005msec
    slat (usec): min=1, max=10630, avg=185.14, stdev=925.78
    clat (usec): min=217, max=23121, avg=4563.91, stdev=2388.12
     lat (usec): min=254, max=24811, avg=4749.17, stdev=2491.45
    clat percentiles (usec):
     |  1.00th=[  924],  5.00th=[ 1448], 10.00th=[ 1816], 20.00th=[ 2320],
     | 30.00th=[ 2800], 40.00th=[ 3280], 50.00th=[ 4016], 60.00th=[ 5152],
     | 70.00th=[ 6112], 80.00th=[ 6880], 90.00th=[ 7776], 95.00th=[ 8512],
     | 99.00th=[10432], 99.50th=[11328], 99.90th=[13632], 99.95th=[14400],
     | 99.99th=[15808]
    bw (KB  /s): min=12263, max=14570, per=6.25%, avg=13475.95, stdev=355.22
    lat (usec) : 250=0.01%, 500=0.03%, 750=0.36%, 1000=0.98%
    lat (msec) : 2=11.85%, 4=36.72%, 10=48.62%, 20=1.45%, 50=0.01%
  cpu          : usr=1.60%, sys=5.55%, ctx=1420115, majf=0, minf=1441
  IO depths    : 1=0.1%, 2=0.1%, 4=0.1%, 8=0.1%, 16=100.0%, 32=0.0%, >=64=0.0%
     submit    : 0=0.0%, 4=100.0%, 8=0.0%, 16=0.0%, 32=0.0%, 64=0.0%, >=64=0.0%
     complete  : 0=0.0%, 4=100.0%, 8=0.0%, 16=0.1%, 32=0.0%, 64=0.0%, >=64=0.0%
     issued    : total=r=0/w=3232004/d=0, short=r=0/w=0/d=0, drop=r=0/w=0/d=0
     latency   : target=0, window=0, percentile=100.00%, depth=16

Run status group 0 (all jobs):
  WRITE: io=12625MB, aggrb=215448KB/s, minb=215448KB/s, maxb=215448KB/s, mint=60005msec, maxt=60005msec

Disk stats (read/write):
  sdb: ios=0/3228402, merge=0/1, ticks=0/8897135, in_queue=8902995, util=99.94%
4k70: (g=0): rw=randrw, bs=4K-4K/4K-4K/4K-4K, ioengine=libaio, iodepth=16
...
fio-2.2.8
Starting 16 processes

4k70: (groupid=0, jobs=16): err= 0: pid=25795: Sun Oct 15 23:48:43 2017
  read : io=19841MB, bw=338600KB/s, iops=84649, runt= 60002msec
    slat (usec): min=1, max=5799, avg=113.38, stdev=281.32
    clat (usec): min=0, max=9529, avg=1570.33, stdev=907.46
     lat (usec): min=72, max=10081, avg=1683.87, stdev=947.40
    clat percentiles (usec):
     |  1.00th=[  310],  5.00th=[  486], 10.00th=[  612], 20.00th=[  796],
     | 30.00th=[  964], 40.00th=[ 1160], 50.00th=[ 1368], 60.00th=[ 1608],
     | 70.00th=[ 1896], 80.00th=[ 2288], 90.00th=[ 2864], 95.00th=[ 3344],
     | 99.00th=[ 4320], 99.50th=[ 4704], 99.90th=[ 5536], 99.95th=[ 5920],
     | 99.99th=[ 6688]
    bw (KB  /s): min=19368, max=23552, per=6.25%, avg=21170.70, stdev=589.53
  write: io=8516.1MB, bw=145351KB/s, iops=36337, runt= 60002msec
    slat (usec): min=1, max=5946, avg=113.64, stdev=281.05
    clat (usec): min=219, max=12536, avg=3001.88, stdev=1102.33
     lat (usec): min=303, max=12588, avg=3115.67, stdev=1122.33
    clat percentiles (usec):
     |  1.00th=[ 1064],  5.00th=[ 1416], 10.00th=[ 1672], 20.00th=[ 2040],
     | 30.00th=[ 2320], 40.00th=[ 2608], 50.00th=[ 2896], 60.00th=[ 3184],
     | 70.00th=[ 3504], 80.00th=[ 3888], 90.00th=[ 4512], 95.00th=[ 4960],
     | 99.00th=[ 6048], 99.50th=[ 6432], 99.90th=[ 7392], 99.95th=[ 7776],
     | 99.99th=[ 8640]
    bw (KB  /s): min= 8000, max=10043, per=6.25%, avg=9087.70, stdev=298.37
    lat (usec) : 2=0.01%, 20=0.01%, 50=0.01%, 100=0.01%, 250=0.27%
    lat (usec) : 500=3.57%, 750=8.36%, 1000=10.31%
    lat (msec) : 2=34.43%, 4=36.47%, 10=6.59%, 20=0.01%
  cpu          : usr=1.36%, sys=54.30%, ctx=1223091, majf=0, minf=7533
  IO depths    : 1=0.1%, 2=0.1%, 4=0.1%, 8=0.1%, 16=100.0%, 32=0.0%, >=64=0.0%
     submit    : 0=0.0%, 4=100.0%, 8=0.0%, 16=0.0%, 32=0.0%, 64=0.0%, >=64=0.0%
     complete  : 0=0.0%, 4=100.0%, 8=0.0%, 16=0.1%, 32=0.0%, 64=0.0%, >=64=0.0%
     issued    : total=r=5079169/w=2180340/d=0, short=r=0/w=0/d=0, drop=r=0/w=0/d=0
     latency   : target=0, window=0, percentile=100.00%, depth=16

Run status group 0 (all jobs):
   READ: io=19841MB, aggrb=338599KB/s, minb=338599KB/s, maxb=338599KB/s, mint=60002msec, maxt=60002msec
  WRITE: io=8516.1MB, aggrb=145351KB/s, minb=145351KB/s, maxb=145351KB/s, mint=60002msec, maxt=60002msec

Disk stats (read/write):
  sdb: ios=5073170/2177791, merge=0/0, ticks=4130280/4514518, in_queue=8671549, util=100.00%
8k100: (g=0): rw=randrw, bs=8K-8K/8K-8K/8K-8K, ioengine=libaio, iodepth=16
...
fio-2.2.8
Starting 16 processes

8k100: (groupid=0, jobs=16): err= 0: pid=25872: Sun Oct 15 23:49:44 2017
  read : io=84483MB, bw=1407.1MB/s, iops=180218, runt= 60004msec
    slat (usec): min=2, max=3742, avg=87.22, stdev=74.34
    clat (usec): min=43, max=8766, avg=1332.10, stdev=461.61
     lat (usec): min=65, max=8999, avg=1419.44, stdev=476.33
    clat percentiles (usec):
     |  1.00th=[  474],  5.00th=[  652], 10.00th=[  772], 20.00th=[  948],
     | 30.00th=[ 1080], 40.00th=[ 1192], 50.00th=[ 1288], 60.00th=[ 1400],
     | 70.00th=[ 1528], 80.00th=[ 1672], 90.00th=[ 1912], 95.00th=[ 2128],
     | 99.00th=[ 2672], 99.50th=[ 2928], 99.90th=[ 3568], 99.95th=[ 3856],
     | 99.99th=[ 4576]
    bw (KB  /s): min=52816, max=139040, per=6.25%, avg=90126.31, stdev=13211.14
    lat (usec) : 50=0.01%, 100=0.01%, 250=0.02%, 500=1.29%, 750=7.63%
    lat (usec) : 1000=14.49%
    lat (msec) : 2=68.86%, 4=7.66%, 10=0.04%
  cpu          : usr=0.86%, sys=98.43%, ctx=69394, majf=0, minf=9346
  IO depths    : 1=0.1%, 2=0.1%, 4=0.1%, 8=0.1%, 16=100.0%, 32=0.0%, >=64=0.0%
     submit    : 0=0.0%, 4=100.0%, 8=0.0%, 16=0.0%, 32=0.0%, 64=0.0%, >=64=0.0%
     complete  : 0=0.0%, 4=100.0%, 8=0.0%, 16=0.1%, 32=0.0%, 64=0.0%, >=64=0.0%
     issued    : total=r=10813848/w=0/d=0, short=r=0/w=0/d=0, drop=r=0/w=0/d=0
     latency   : target=0, window=0, percentile=100.00%, depth=16

Run status group 0 (all jobs):
   READ: io=84483MB, aggrb=1407.1MB/s, minb=1407.1MB/s, maxb=1407.1MB/s, mint=60004msec, maxt=60004msec

Disk stats (read/write):
  sdb: ios=10801273/4, merge=0/0, ticks=6243681/10, in_queue=6278497, util=100.00%
8k0: (g=0): rw=randrw, bs=8K-8K/8K-8K/8K-8K, ioengine=libaio, iodepth=16
...
fio-2.2.8
Starting 16 processes

8k0: (groupid=0, jobs=16): err= 0: pid=25951: Sun Oct 15 23:50:44 2017
  write: io=18264MB, bw=311679KB/s, iops=38959, runt= 60006msec
    slat (usec): min=1, max=14085, avg=252.08, stdev=1295.73
    clat (usec): min=300, max=26862, avg=6312.90, stdev=3281.07
     lat (usec): min=343, max=31506, avg=6565.09, stdev=3433.14
    clat percentiles (usec):
     |  1.00th=[ 1320],  5.00th=[ 2024], 10.00th=[ 2512], 20.00th=[ 3216],
     | 30.00th=[ 3824], 40.00th=[ 4512], 50.00th=[ 5600], 60.00th=[ 7264],
     | 70.00th=[ 8512], 80.00th=[ 9536], 90.00th=[10688], 95.00th=[11712],
     | 99.00th=[14272], 99.50th=[15296], 99.90th=[18304], 99.95th=[19328],
     | 99.99th=[21632]
    bw (KB  /s): min=17813, max=21712, per=6.26%, avg=19496.36, stdev=582.01
    lat (usec) : 500=0.01%, 750=0.04%, 1000=0.23%
    lat (msec) : 2=4.56%, 4=27.74%, 10=52.05%, 20=15.35%, 50=0.03%
  cpu          : usr=1.68%, sys=3.23%, ctx=1047124, majf=0, minf=1226
  IO depths    : 1=0.1%, 2=0.1%, 4=0.1%, 8=0.1%, 16=100.0%, 32=0.0%, >=64=0.0%
     submit    : 0=0.0%, 4=100.0%, 8=0.0%, 16=0.0%, 32=0.0%, 64=0.0%, >=64=0.0%
     complete  : 0=0.0%, 4=100.0%, 8=0.0%, 16=0.1%, 32=0.0%, 64=0.0%, >=64=0.0%
     issued    : total=r=0/w=2337823/d=0, short=r=0/w=0/d=0, drop=r=0/w=0/d=0
     latency   : target=0, window=0, percentile=100.00%, depth=16

Run status group 0 (all jobs):
  WRITE: io=18264MB, aggrb=311678KB/s, minb=311678KB/s, maxb=311678KB/s, mint=60006msec, maxt=60006msec

Disk stats (read/write):
  sdb: ios=0/2335206, merge=0/1, ticks=0/8890550, in_queue=8893787, util=99.90%
8k70: (g=0): rw=randrw, bs=8K-8K/8K-8K/8K-8K, ioengine=libaio, iodepth=16
...
fio-2.2.8
Starting 16 processes

8k70: (groupid=0, jobs=16): err= 0: pid=26031: Sun Oct 15 23:51:45 2017
  read : io=28332MB, bw=483489KB/s, iops=60436, runt= 60005msec
    slat (usec): min=2, max=6952, avg=152.51, stdev=424.21
    clat (usec): min=1, max=12265, avg=2238.04, stdev=1348.80
     lat (usec): min=111, max=14119, avg=2390.75, stdev=1404.16
    clat percentiles (usec):
     |  1.00th=[  406],  5.00th=[  644], 10.00th=[  820], 20.00th=[ 1080],
     | 30.00th=[ 1304], 40.00th=[ 1576], 50.00th=[ 1896], 60.00th=[ 2288],
     | 70.00th=[ 2768], 80.00th=[ 3344], 90.00th=[ 4192], 95.00th=[ 4832],
     | 99.00th=[ 6176], 99.50th=[ 6688], 99.90th=[ 7904], 99.95th=[ 8384],
     | 99.99th=[ 9408]
    bw (KB  /s): min=26928, max=33792, per=6.25%, avg=30234.54, stdev=951.80
  write: io=12146MB, bw=207277KB/s, iops=25909, runt= 60005msec
    slat (usec): min=2, max=6567, avg=154.26, stdev=428.64
    clat (usec): min=152, max=14995, avg=4138.78, stdev=1609.40
     lat (usec): min=511, max=15706, avg=4293.26, stdev=1644.42
    clat percentiles (usec):
     |  1.00th=[ 1240],  5.00th=[ 1768], 10.00th=[ 2128], 20.00th=[ 2704],
     | 30.00th=[ 3152], 40.00th=[ 3600], 50.00th=[ 4016], 60.00th=[ 4448],
     | 70.00th=[ 4896], 80.00th=[ 5472], 90.00th=[ 6304], 95.00th=[ 7008],
     | 99.00th=[ 8384], 99.50th=[ 9024], 99.90th=[10304], 99.95th=[10816],
     | 99.99th=[11840]
    bw (KB  /s): min=11168, max=14592, per=6.25%, avg=12961.12, stdev=488.85
    lat (usec) : 2=0.01%, 4=0.01%, 50=0.01%, 100=0.01%, 250=0.07%
    lat (usec) : 500=1.45%, 750=3.96%, 1000=6.34%
    lat (msec) : 2=27.60%, 4=37.22%, 10=23.32%, 20=0.05%
  cpu          : usr=1.55%, sys=46.29%, ctx=1094762, majf=0, minf=11018
  IO depths    : 1=0.1%, 2=0.1%, 4=0.1%, 8=0.1%, 16=100.0%, 32=0.0%, >=64=0.0%
     submit    : 0=0.0%, 4=100.0%, 8=0.0%, 16=0.0%, 32=0.0%, 64=0.0%, >=64=0.0%
     complete  : 0=0.0%, 4=100.0%, 8=0.0%, 16=0.1%, 32=0.0%, 64=0.0%, >=64=0.0%
     issued    : total=r=3626473/w=1554709/d=0, short=r=0/w=0/d=0, drop=r=0/w=0/d=0
     latency   : target=0, window=0, percentile=100.00%, depth=16

Run status group 0 (all jobs):
   READ: io=28332MB, aggrb=483489KB/s, minb=483489KB/s, maxb=483489KB/s, mint=60005msec, maxt=60005msec
  WRITE: io=12146MB, aggrb=207277KB/s, minb=207277KB/s, maxb=207277KB/s, mint=60005msec, maxt=60005msec

Disk stats (read/write):
  sdb: ios=3622580/1553014, merge=1/1, ticks=4422977/4434069, in_queue=8886892, util=100.00%
16k100: (g=0): rw=randrw, bs=16K-16K/16K-16K/16K-16K, ioengine=libaio, iodepth=16
...
fio-2.2.8
Starting 16 processes

16k100: (groupid=0, jobs=16): err= 0: pid=26110: Sun Oct 15 23:52:46 2017
  read : io=99990MB, bw=1666.5MB/s, iops=106650, runt= 60003msec
    slat (usec): min=2, max=7449, avg=123.18, stdev=363.39
    clat (usec): min=40, max=14257, avg=2275.64, stdev=1228.61
     lat (usec): min=112, max=14278, avg=2399.00, stdev=1256.13
    clat percentiles (usec):
     |  1.00th=[  458],  5.00th=[  708], 10.00th=[  892], 20.00th=[ 1160],
     | 30.00th=[ 1432], 40.00th=[ 1704], 50.00th=[ 2024], 60.00th=[ 2384],
     | 70.00th=[ 2832], 80.00th=[ 3376], 90.00th=[ 4048], 95.00th=[ 4576],
     | 99.00th=[ 5536], 99.50th=[ 5984], 99.90th=[ 6944], 99.95th=[ 7392],
     | 99.99th=[ 8384]
    bw (KB  /s): min=98944, max=115456, per=6.25%, avg=106698.07, stdev=2499.39
    lat (usec) : 50=0.01%, 100=0.01%, 250=0.06%, 500=1.35%, 750=4.59%
    lat (usec) : 1000=7.81%
    lat (msec) : 2=35.60%, 4=40.15%, 10=10.43%, 20=0.01%
  cpu          : usr=0.95%, sys=48.47%, ctx=1494816, majf=0, minf=16509
  IO depths    : 1=0.1%, 2=0.1%, 4=0.1%, 8=0.1%, 16=100.0%, 32=0.0%, >=64=0.0%
     submit    : 0=0.0%, 4=100.0%, 8=0.0%, 16=0.0%, 32=0.0%, 64=0.0%, >=64=0.0%
     complete  : 0=0.0%, 4=100.0%, 8=0.0%, 16=0.1%, 32=0.0%, 64=0.0%, >=64=0.0%
     issued    : total=r=6399335/w=0/d=0, short=r=0/w=0/d=0, drop=r=0/w=0/d=0
     latency   : target=0, window=0, percentile=100.00%, depth=16

Run status group 0 (all jobs):
   READ: io=99990MB, aggrb=1666.5MB/s, minb=1666.5MB/s, maxb=1666.5MB/s, mint=60003msec, maxt=60003msec

Disk stats (read/write):
  sdb: ios=6392153/5, merge=1/1, ticks=8234371/25, in_queue=8265774, util=100.00%
16k0: (g=0): rw=randrw, bs=16K-16K/16K-16K/16K-16K, ioengine=libaio, iodepth=16
...
fio-2.2.8
Starting 16 processes

16k0: (groupid=0, jobs=16): err= 0: pid=26187: Sun Oct 15 23:53:46 2017
  write: io=22415MB, bw=382495KB/s, iops=23905, runt= 60008msec
    slat (usec): min=2, max=19125, avg=398.90, stdev=2164.61
    clat (usec): min=491, max=40185, avg=10299.98, stdev=5383.48
     lat (usec): min=537, max=47371, avg=10699.00, stdev=5579.20
    clat percentiles (usec):
     |  1.00th=[ 2224],  5.00th=[ 3344], 10.00th=[ 4080], 20.00th=[ 5152],
     | 30.00th=[ 6048], 40.00th=[ 7008], 50.00th=[ 8640], 60.00th=[12608],
     | 70.00th=[14400], 80.00th=[15808], 90.00th=[17280], 95.00th=[18816],
     | 99.00th=[22400], 99.50th=[23424], 99.90th=[25984], 99.95th=[27520],
     | 99.99th=[30848]
    bw (KB  /s): min=21952, max=26496, per=6.25%, avg=23924.38, stdev=630.59
    lat (usec) : 500=0.01%, 750=0.01%, 1000=0.01%
    lat (msec) : 2=0.60%, 4=8.75%, 10=44.07%, 20=43.69%, 50=2.88%
  cpu          : usr=1.70%, sys=1.76%, ctx=716952, majf=0, minf=1715
  IO depths    : 1=0.1%, 2=0.1%, 4=0.1%, 8=0.1%, 16=100.0%, 32=0.0%, >=64=0.0%
     submit    : 0=0.0%, 4=100.0%, 8=0.0%, 16=0.0%, 32=0.0%, 64=0.0%, >=64=0.0%
     complete  : 0=0.0%, 4=100.0%, 8=0.0%, 16=0.1%, 32=0.0%, 64=0.0%, >=64=0.0%
     issued    : total=r=0/w=1434549/d=0, short=r=0/w=0/d=0, drop=r=0/w=0/d=0
     latency   : target=0, window=0, percentile=100.00%, depth=16

Run status group 0 (all jobs):
  WRITE: io=22415MB, aggrb=382495KB/s, minb=382495KB/s, maxb=382495KB/s, mint=60008msec, maxt=60008msec

Disk stats (read/write):
  sdb: ios=0/1432820, merge=0/2, ticks=0/8695293, in_queue=8696798, util=99.89%
16k70: (g=0): rw=randrw, bs=16K-16K/16K-16K/16K-16K, ioengine=libaio, iodepth=16
...
fio-2.2.8
Starting 16 processes

16k70: (groupid=0, jobs=16): err= 0: pid=26265: Sun Oct 15 23:54:47 2017
  read : io=34385MB, bw=586771KB/s, iops=36673, runt= 60006msec
    slat (usec): min=2, max=11303, avg=203.33, stdev=915.96
    clat (usec): min=83, max=20516, avg=3692.01, stdev=2437.07
     lat (usec): min=142, max=23504, avg=3895.48, stdev=2583.04
    clat percentiles (usec):
     |  1.00th=[  556],  5.00th=[  876], 10.00th=[ 1128], 20.00th=[ 1528],
     | 30.00th=[ 1896], 40.00th=[ 2320], 50.00th=[ 2928], 60.00th=[ 3856],
     | 70.00th=[ 4896], 80.00th=[ 5984], 90.00th=[ 7200], 95.00th=[ 8160],
     | 99.00th=[10304], 99.50th=[11456], 99.90th=[13760], 99.95th=[14400],
     | 99.99th=[15936]
    bw (KB  /s): min=31460, max=41760, per=6.26%, avg=36702.85, stdev=1562.10
  write: io=14738MB, bw=251507KB/s, iops=15719, runt= 60006msec
    slat (usec): min=2, max=10898, avg=223.19, stdev=970.65
    clat (usec): min=684, max=24809, avg=6960.85, stdev=2748.91
     lat (usec): min=689, max=27237, avg=7184.19, stdev=2906.00
    clat percentiles (usec):
     |  1.00th=[ 1864],  5.00th=[ 2736], 10.00th=[ 3408], 20.00th=[ 4448],
     | 30.00th=[ 5408], 40.00th=[ 6176], 50.00th=[ 6880], 60.00th=[ 7520],
     | 70.00th=[ 8256], 80.00th=[ 9152], 90.00th=[10432], 95.00th=[11712],
     | 99.00th=[14400], 99.50th=[15296], 99.90th=[17280], 99.95th=[18048],
     | 99.99th=[20096]
    bw (KB  /s): min=13312, max=18299, per=6.25%, avg=15730.22, stdev=754.06
    lat (usec) : 100=0.01%, 250=0.01%, 500=0.45%, 750=1.67%, 1000=2.98%
    lat (msec) : 2=18.36%, 4=24.05%, 10=47.69%, 20=4.79%, 50=0.01%
  cpu          : usr=1.69%, sys=8.42%, ctx=1261077, majf=0, minf=4355
  IO depths    : 1=0.1%, 2=0.1%, 4=0.1%, 8=0.1%, 16=100.0%, 32=0.0%, >=64=0.0%
     submit    : 0=0.0%, 4=100.0%, 8=0.0%, 16=0.0%, 32=0.0%, 64=0.0%, >=64=0.0%
     complete  : 0=0.0%, 4=100.0%, 8=0.0%, 16=0.1%, 32=0.0%, 64=0.0%, >=64=0.0%
     issued    : total=r=2200612/w=943247/d=0, short=r=0/w=0/d=0, drop=r=0/w=0/d=0
     latency   : target=0, window=0, percentile=100.00%, depth=16

Run status group 0 (all jobs):
   READ: io=34385MB, aggrb=586771KB/s, minb=586771KB/s, maxb=586771KB/s, mint=60006msec, maxt=60006msec
  WRITE: io=14738MB, aggrb=251507KB/s, minb=251507KB/s, maxb=251507KB/s, mint=60006msec, maxt=60006msec

Disk stats (read/write):
  sdb: ios=2198128/942131, merge=0/1, ticks=4602955/4481675, in_queue=9092257, util=99.96%
32k100: (g=0): rw=randrw, bs=32K-32K/32K-32K/32K-32K, ioengine=libaio, iodepth=16
...
fio-2.2.8
Starting 16 processes

32k100: (groupid=0, jobs=16): err= 0: pid=26344: Sun Oct 15 23:55:48 2017
  read : io=110629MB, bw=1843.8MB/s, iops=58998, runt= 60004msec
    slat (usec): min=3, max=11909, avg=170.88, stdev=875.02
    clat (usec): min=154, max=17061, avg=4166.59, stdev=2385.48
     lat (usec): min=187, max=20967, avg=4337.61, stdev=2459.94
    clat percentiles (usec):
     |  1.00th=[  780],  5.00th=[ 1176], 10.00th=[ 1432], 20.00th=[ 1832],
     | 30.00th=[ 2224], 40.00th=[ 2672], 50.00th=[ 3376], 60.00th=[ 5280],
     | 70.00th=[ 5984], 80.00th=[ 6560], 90.00th=[ 7264], 95.00th=[ 8096],
     | 99.00th=[ 9408], 99.50th=[ 9792], 99.90th=[11200], 99.95th=[12224],
     | 99.99th=[13760]
    bw (KB  /s): min=110371, max=126218, per=6.25%, avg=118076.46, stdev=1941.38
    lat (usec) : 250=0.01%, 500=0.13%, 750=0.71%, 1000=1.90%
    lat (msec) : 2=21.57%, 4=29.17%, 10=46.16%, 20=0.36%
  cpu          : usr=0.91%, sys=7.15%, ctx=1759217, majf=0, minf=5983
  IO depths    : 1=0.1%, 2=0.1%, 4=0.1%, 8=0.1%, 16=100.0%, 32=0.0%, >=64=0.0%
     submit    : 0=0.0%, 4=100.0%, 8=0.0%, 16=0.0%, 32=0.0%, 64=0.0%, >=64=0.0%
     complete  : 0=0.0%, 4=100.0%, 8=0.0%, 16=0.1%, 32=0.0%, 64=0.0%, >=64=0.0%
     issued    : total=r=3540126/w=0/d=0, short=r=0/w=0/d=0, drop=r=0/w=0/d=0
     latency   : target=0, window=0, percentile=100.00%, depth=16

Run status group 0 (all jobs):
   READ: io=110629MB, aggrb=1843.8MB/s, minb=1843.8MB/s, maxb=1843.8MB/s, mint=60004msec, maxt=60004msec

Disk stats (read/write):
  sdb: ios=3535956/3, merge=6/1, ticks=8543248/14, in_queue=8554114, util=100.00%
32k0: (g=0): rw=randrw, bs=32K-32K/32K-32K/32K-32K, ioengine=libaio, iodepth=16
...
fio-2.2.8
Starting 16 processes

32k0: (groupid=0, jobs=16): err= 0: pid=26423: Sun Oct 15 23:56:48 2017
  write: io=24804MB, bw=423234KB/s, iops=13226, runt= 60012msec
    slat (usec): min=3, max=33253, avg=716.79, stdev=3969.88
    clat (usec): min=894, max=62434, avg=18620.23, stdev=9764.55
     lat (usec): min=904, max=74756, avg=19337.15, stdev=10059.40
    clat percentiles (usec):
     |  1.00th=[ 4192],  5.00th=[ 6112], 10.00th=[ 7392], 20.00th=[ 9152],
     | 30.00th=[10688], 40.00th=[12224], 50.00th=[14656], 60.00th=[24192],
     | 70.00th=[26752], 80.00th=[28544], 90.00th=[31104], 95.00th=[33024],
     | 99.00th=[39168], 99.50th=[41216], 99.90th=[43776], 99.95th=[44800],
     | 99.99th=[47872]
    bw (KB  /s): min=23843, max=29269, per=6.25%, avg=26473.14, stdev=811.69
    lat (usec) : 1000=0.01%
    lat (msec) : 2=0.02%, 4=0.78%, 10=24.82%, 20=28.45%, 50=45.93%
    lat (msec) : 100=0.01%
  cpu          : usr=1.64%, sys=0.97%, ctx=427969, majf=0, minf=2737
  IO depths    : 1=0.1%, 2=0.1%, 4=0.1%, 8=0.1%, 16=100.0%, 32=0.0%, >=64=0.0%
     submit    : 0=0.0%, 4=100.0%, 8=0.0%, 16=0.0%, 32=0.0%, 64=0.0%, >=64=0.0%
     complete  : 0=0.0%, 4=100.0%, 8=0.0%, 16=0.1%, 32=0.0%, 64=0.0%, >=64=0.0%
     issued    : total=r=0/w=793723/d=0, short=r=0/w=0/d=0, drop=r=0/w=0/d=0
     latency   : target=0, window=0, percentile=100.00%, depth=16

Run status group 0 (all jobs):
  WRITE: io=24804MB, aggrb=423234KB/s, minb=423234KB/s, maxb=423234KB/s, mint=60012msec, maxt=60012msec

Disk stats (read/write):
  sdb: ios=0/792694, merge=0/2, ticks=0/8484776, in_queue=8485956, util=99.88%
32k70: (g=0): rw=randrw, bs=32K-32K/32K-32K/32K-32K, ioengine=libaio, iodepth=16
...
fio-2.2.8
Starting 16 processes

32k70: (groupid=0, jobs=16): err= 0: pid=26506: Sun Oct 15 23:57:49 2017
  read : io=37764MB, bw=644437KB/s, iops=20138, runt= 60007msec
    slat (usec): min=3, max=17928, avg=341.76, stdev=1819.76
    clat (usec): min=149, max=31386, avg=6645.84, stdev=4655.31
     lat (usec): min=185, max=37414, avg=6987.73, stdev=4868.22
    clat percentiles (usec):
     |  1.00th=[  988],  5.00th=[ 1576], 10.00th=[ 1992], 20.00th=[ 2640],
     | 30.00th=[ 3184], 40.00th=[ 3760], 50.00th=[ 4512], 60.00th=[ 5984],
     | 70.00th=[ 9792], 80.00th=[11840], 90.00th=[13632], 95.00th=[14912],
     | 99.00th=[17536], 99.50th=[18560], 99.90th=[21376], 99.95th=[22912],
     | 99.99th=[25984]
    bw (KB  /s): min=34897, max=46123, per=6.26%, avg=40310.78, stdev=1714.88
  write: io=16189MB, bw=276256KB/s, iops=8633, runt= 60007msec
    slat (usec): min=3, max=17937, avg=368.25, stdev=1898.29
    clat (msec): min=1, max=40, avg=12.96, stdev= 4.75
     lat (msec): min=1, max=44, avg=13.33, stdev= 5.09
    clat percentiles (usec):
     |  1.00th=[ 3440],  5.00th=[ 4896], 10.00th=[ 5984], 20.00th=[ 8032],
     | 30.00th=[10816], 40.00th=[12224], 50.00th=[13376], 60.00th=[14528],
     | 70.00th=[15808], 80.00th=[17024], 90.00th=[18816], 95.00th=[19840],
     | 99.00th=[23168], 99.50th=[25216], 99.90th=[29056], 99.95th=[30080],
     | 99.99th=[32384]
    bw (KB  /s): min=14371, max=20439, per=6.25%, avg=17278.43, stdev=916.84
    lat (usec) : 250=0.01%, 500=0.03%, 750=0.19%, 1000=0.50%
    lat (msec) : 2=6.39%, 4=24.06%, 10=26.13%, 20=41.11%, 50=1.59%
  cpu          : usr=1.48%, sys=2.90%, ctx=840755, majf=0, minf=2763
  IO depths    : 1=0.1%, 2=0.1%, 4=0.1%, 8=0.1%, 16=100.0%, 32=0.0%, >=64=0.0%
     submit    : 0=0.0%, 4=100.0%, 8=0.0%, 16=0.0%, 32=0.0%, 64=0.0%, >=64=0.0%
     complete  : 0=0.0%, 4=100.0%, 8=0.0%, 16=0.1%, 32=0.0%, 64=0.0%, >=64=0.0%
     issued    : total=r=1208460/w=518041/d=0, short=r=0/w=0/d=0, drop=r=0/w=0/d=0
     latency   : target=0, window=0, percentile=100.00%, depth=16

Run status group 0 (all jobs):
   READ: io=37764MB, aggrb=644436KB/s, minb=644436KB/s, maxb=644436KB/s, mint=60007msec, maxt=60007msec
  WRITE: io=16189MB, aggrb=276256KB/s, minb=276256KB/s, maxb=276256KB/s, mint=60007msec, maxt=60007msec

Disk stats (read/write):
  sdb: ios=1207095/517413, merge=0/1, ticks=4494436/4330434, in_queue=8826373, util=99.89%
