-------------------------------------------------------------
STREAM version $Revision: 5.9 $
-------------------------------------------------------------
This system uses 8 bytes per DOUBLE PRECISION word.
-------------------------------------------------------------
Array size = 32000000, Offset = 0
Total memory required = 732.4 MB.
Each test is run 10 times, but only
the *best* time for each is used.
-------------------------------------------------------------
Number of Threads requested = 10
-------------------------------------------------------------
Printing one line per active thread....
Printing one line per active thread....
Printing one line per active thread....
Printing one line per active thread....
Printing one line per active thread....
Printing one line per active thread....
Printing one line per active thread....
Printing one line per active thread....
Printing one line per active thread....
Printing one line per active thread....
-------------------------------------------------------------
Your clock granularity/precision appears to be 1 microseconds.
Each test below will take on the order of 21859 microseconds.
   (= 21859 clock ticks)
Increase the size of the arrays if this shows that
you are not getting at least 20 clock ticks per test.
-------------------------------------------------------------
WARNING -- The above is only a rough guideline.
For best results, please be sure you know the
precision of your system timer.
-------------------------------------------------------------
Function      Rate (MB/s)   Avg time     Min time     Max time
Copy:       41880.8731       0.0122       0.0122       0.0122
Scale:      43812.7848       0.0117       0.0117       0.0117
Add:        57147.3641       0.0135       0.0134       0.0135
Triad:      57757.0371       0.0133       0.0133       0.0134
-------------------------------------------------------------
Solution Validates
-------------------------------------------------------------
-------------------------------------------------------------
STREAM version $Revision: 5.9 $
-------------------------------------------------------------
This system uses 8 bytes per DOUBLE PRECISION word.
-------------------------------------------------------------
Array size = 32000000, Offset = 0
Total memory required = 732.4 MB.
Each test is run 10 times, but only
the *best* time for each is used.
-------------------------------------------------------------
Number of Threads requested = 10
-------------------------------------------------------------
Printing one line per active thread....
Printing one line per active thread....
Printing one line per active thread....
Printing one line per active thread....
Printing one line per active thread....
Printing one line per active thread....
Printing one line per active thread....
Printing one line per active thread....
Printing one line per active thread....
Printing one line per active thread....
-------------------------------------------------------------
Your clock granularity/precision appears to be 1 microseconds.
Each test below will take on the order of 21089 microseconds.
   (= 21089 clock ticks)
Increase the size of the arrays if this shows that
you are not getting at least 20 clock ticks per test.
-------------------------------------------------------------
WARNING -- The above is only a rough guideline.
For best results, please be sure you know the
precision of your system timer.
-------------------------------------------------------------
Function      Rate (MB/s)   Avg time     Min time     Max time
Copy:       41860.4637       0.0122       0.0122       0.0123
Scale:      43730.7033       0.0117       0.0117       0.0117
Add:        56817.7492       0.0135       0.0135       0.0136
Triad:      57588.7275       0.0134       0.0133       0.0134
-------------------------------------------------------------
Solution Validates
-------------------------------------------------------------
-------------------------------------------------------------
STREAM version $Revision: 5.9 $
-------------------------------------------------------------
This system uses 8 bytes per DOUBLE PRECISION word.
-------------------------------------------------------------
Array size = 32000000, Offset = 0
Total memory required = 732.4 MB.
Each test is run 10 times, but only
the *best* time for each is used.
-------------------------------------------------------------
Number of Threads requested = 10
-------------------------------------------------------------
Printing one line per active thread....
Printing one line per active thread....
Printing one line per active thread....
Printing one line per active thread....
Printing one line per active thread....
Printing one line per active thread....
Printing one line per active thread....
Printing one line per active thread....
Printing one line per active thread....
Printing one line per active thread....
-------------------------------------------------------------
Your clock granularity/precision appears to be 1 microseconds.
Each test below will take on the order of 20855 microseconds.
   (= 20855 clock ticks)
Increase the size of the arrays if this shows that
you are not getting at least 20 clock ticks per test.
-------------------------------------------------------------
WARNING -- The above is only a rough guideline.
For best results, please be sure you know the
precision of your system timer.
-------------------------------------------------------------
Function      Rate (MB/s)   Avg time     Min time     Max time
Copy:       41768.4609       0.0123       0.0123       0.0123
Scale:      43712.0104       0.0117       0.0117       0.0118
Add:        56362.4278       0.0137       0.0136       0.0137
Triad:      56833.7886       0.0135       0.0135       0.0136
-------------------------------------------------------------
Solution Validates
-------------------------------------------------------------
-------------------------------------------------------------
STREAM version $Revision: 5.9 $
-------------------------------------------------------------
This system uses 8 bytes per DOUBLE PRECISION word.
-------------------------------------------------------------
Array size = 32000000, Offset = 0
Total memory required = 732.4 MB.
Each test is run 10 times, but only
the *best* time for each is used.
-------------------------------------------------------------
Number of Threads requested = 10
-------------------------------------------------------------
Printing one line per active thread....
Printing one line per active thread....
Printing one line per active thread....
Printing one line per active thread....
Printing one line per active thread....
Printing one line per active thread....
Printing one line per active thread....
Printing one line per active thread....
Printing one line per active thread....
Printing one line per active thread....
-------------------------------------------------------------
Your clock granularity/precision appears to be 1 microseconds.
Each test below will take on the order of 20685 microseconds.
   (= 20685 clock ticks)
Increase the size of the arrays if this shows that
you are not getting at least 20 clock ticks per test.
-------------------------------------------------------------
WARNING -- The above is only a rough guideline.
For best results, please be sure you know the
precision of your system timer.
-------------------------------------------------------------
Function      Rate (MB/s)   Avg time     Min time     Max time
Copy:       41847.4121       0.0122       0.0122       0.0123
Scale:      43708.4517       0.0117       0.0117       0.0118
Add:        56494.8871       0.0136       0.0136       0.0137
Triad:      57159.5328       0.0135       0.0134       0.0135
-------------------------------------------------------------
Solution Validates
-------------------------------------------------------------
-------------------------------------------------------------
STREAM version $Revision: 5.9 $
-------------------------------------------------------------
This system uses 8 bytes per DOUBLE PRECISION word.
-------------------------------------------------------------
Array size = 32000000, Offset = 0
Total memory required = 732.4 MB.
Each test is run 10 times, but only
the *best* time for each is used.
-------------------------------------------------------------
Number of Threads requested = 10
-------------------------------------------------------------
Printing one line per active thread....
Printing one line per active thread....
Printing one line per active thread....
Printing one line per active thread....
Printing one line per active thread....
Printing one line per active thread....
Printing one line per active thread....
Printing one line per active thread....
Printing one line per active thread....
Printing one line per active thread....
-------------------------------------------------------------
Your clock granularity/precision appears to be 1 microseconds.
Each test below will take on the order of 20159 microseconds.
   (= 20159 clock ticks)
Increase the size of the arrays if this shows that
you are not getting at least 20 clock ticks per test.
-------------------------------------------------------------
WARNING -- The above is only a rough guideline.
For best results, please be sure you know the
precision of your system timer.
-------------------------------------------------------------
Function      Rate (MB/s)   Avg time     Min time     Max time
Copy:       41929.9369       0.0122       0.0122       0.0122
Scale:      43768.1371       0.0117       0.0117       0.0117
Add:        57066.3715       0.0135       0.0135       0.0135
Triad:      57618.6004       0.0134       0.0133       0.0134
-------------------------------------------------------------
Solution Validates
-------------------------------------------------------------
