-------------------------------------------------------------
STREAM version $Revision: 5.9 $
-------------------------------------------------------------
This system uses 8 bytes per DOUBLE PRECISION word.
-------------------------------------------------------------
Array size = 32000000, Offset = 0
Total memory required = 732.4 MB.
Each test is run 10 times, but only
the *best* time for each is used.
-------------------------------------------------------------
Number of Threads requested = 8
-------------------------------------------------------------
Printing one line per active thread....
Printing one line per active thread....
Printing one line per active thread....
Printing one line per active thread....
Printing one line per active thread....
Printing one line per active thread....
Printing one line per active thread....
Printing one line per active thread....
-------------------------------------------------------------
Your clock granularity/precision appears to be 1 microseconds.
Each test below will take on the order of 23034 microseconds.
   (= 23034 clock ticks)
Increase the size of the arrays if this shows that
you are not getting at least 20 clock ticks per test.
-------------------------------------------------------------
WARNING -- The above is only a rough guideline.
For best results, please be sure you know the
precision of your system timer.
-------------------------------------------------------------
Function      Rate (MB/s)   Avg time     Min time     Max time
Copy:       28830.3147       0.0178       0.0178       0.0178
Scale:      30360.8501       0.0169       0.0169       0.0169
Add:        41210.5862       0.0186       0.0186       0.0187
Triad:      42654.5038       0.0180       0.0180       0.0180
-------------------------------------------------------------
Solution Validates
-------------------------------------------------------------
-------------------------------------------------------------
STREAM version $Revision: 5.9 $
-------------------------------------------------------------
This system uses 8 bytes per DOUBLE PRECISION word.
-------------------------------------------------------------
Array size = 32000000, Offset = 0
Total memory required = 732.4 MB.
Each test is run 10 times, but only
the *best* time for each is used.
-------------------------------------------------------------
Number of Threads requested = 8
-------------------------------------------------------------
Printing one line per active thread....
Printing one line per active thread....
Printing one line per active thread....
Printing one line per active thread....
Printing one line per active thread....
Printing one line per active thread....
Printing one line per active thread....
Printing one line per active thread....
-------------------------------------------------------------
Your clock granularity/precision appears to be 1 microseconds.
Each test below will take on the order of 23293 microseconds.
   (= 23293 clock ticks)
Increase the size of the arrays if this shows that
you are not getting at least 20 clock ticks per test.
-------------------------------------------------------------
WARNING -- The above is only a rough guideline.
For best results, please be sure you know the
precision of your system timer.
-------------------------------------------------------------
Function      Rate (MB/s)   Avg time     Min time     Max time
Copy:       28757.7321       0.0178       0.0178       0.0178
Scale:      30304.7239       0.0169       0.0169       0.0169
Add:        41065.0605       0.0187       0.0187       0.0187
Triad:      42571.6368       0.0181       0.0180       0.0181
-------------------------------------------------------------
Solution Validates
-------------------------------------------------------------
-------------------------------------------------------------
STREAM version $Revision: 5.9 $
-------------------------------------------------------------
This system uses 8 bytes per DOUBLE PRECISION word.
-------------------------------------------------------------
Array size = 32000000, Offset = 0
Total memory required = 732.4 MB.
Each test is run 10 times, but only
the *best* time for each is used.
-------------------------------------------------------------
Number of Threads requested = 8
-------------------------------------------------------------
Printing one line per active thread....
Printing one line per active thread....
Printing one line per active thread....
Printing one line per active thread....
Printing one line per active thread....
Printing one line per active thread....
Printing one line per active thread....
Printing one line per active thread....
-------------------------------------------------------------
Your clock granularity/precision appears to be 1 microseconds.
Each test below will take on the order of 24840 microseconds.
   (= 24840 clock ticks)
Increase the size of the arrays if this shows that
you are not getting at least 20 clock ticks per test.
-------------------------------------------------------------
WARNING -- The above is only a rough guideline.
For best results, please be sure you know the
precision of your system timer.
-------------------------------------------------------------
Function      Rate (MB/s)   Avg time     Min time     Max time
Copy:       28770.8317       0.0178       0.0178       0.0178
Scale:      30345.8342       0.0169       0.0169       0.0169
Add:        41071.8672       0.0187       0.0187       0.0187
Triad:      42584.0182       0.0181       0.0180       0.0181
-------------------------------------------------------------
Solution Validates
-------------------------------------------------------------
-------------------------------------------------------------
STREAM version $Revision: 5.9 $
-------------------------------------------------------------
This system uses 8 bytes per DOUBLE PRECISION word.
-------------------------------------------------------------
Array size = 32000000, Offset = 0
Total memory required = 732.4 MB.
Each test is run 10 times, but only
the *best* time for each is used.
-------------------------------------------------------------
Number of Threads requested = 8
-------------------------------------------------------------
Printing one line per active thread....
Printing one line per active thread....
Printing one line per active thread....
Printing one line per active thread....
Printing one line per active thread....
Printing one line per active thread....
Printing one line per active thread....
Printing one line per active thread....
-------------------------------------------------------------
Your clock granularity/precision appears to be 1 microseconds.
Each test below will take on the order of 23705 microseconds.
   (= 23705 clock ticks)
Increase the size of the arrays if this shows that
you are not getting at least 20 clock ticks per test.
-------------------------------------------------------------
WARNING -- The above is only a rough guideline.
For best results, please be sure you know the
precision of your system timer.
-------------------------------------------------------------
Function      Rate (MB/s)   Avg time     Min time     Max time
Copy:       28780.0856       0.0178       0.0178       0.0178
Scale:      30383.6167       0.0169       0.0169       0.0169
Add:        41122.2023       0.0187       0.0187       0.0187
Triad:      42668.6289       0.0180       0.0180       0.0180
-------------------------------------------------------------
Solution Validates
-------------------------------------------------------------
-------------------------------------------------------------
STREAM version $Revision: 5.9 $
-------------------------------------------------------------
This system uses 8 bytes per DOUBLE PRECISION word.
-------------------------------------------------------------
Array size = 32000000, Offset = 0
Total memory required = 732.4 MB.
Each test is run 10 times, but only
the *best* time for each is used.
-------------------------------------------------------------
Number of Threads requested = 8
-------------------------------------------------------------
Printing one line per active thread....
Printing one line per active thread....
Printing one line per active thread....
Printing one line per active thread....
Printing one line per active thread....
Printing one line per active thread....
Printing one line per active thread....
Printing one line per active thread....
-------------------------------------------------------------
Your clock granularity/precision appears to be 1 microseconds.
Each test below will take on the order of 24459 microseconds.
   (= 24459 clock ticks)
Increase the size of the arrays if this shows that
you are not getting at least 20 clock ticks per test.
-------------------------------------------------------------
WARNING -- The above is only a rough guideline.
For best results, please be sure you know the
precision of your system timer.
-------------------------------------------------------------
Function      Rate (MB/s)   Avg time     Min time     Max time
Copy:       28801.3150       0.0178       0.0178       0.0178
Scale:      30367.7194       0.0169       0.0169       0.0169
Add:        41188.4546       0.0187       0.0186       0.0187
Triad:      42635.8729       0.0180       0.0180       0.0180
-------------------------------------------------------------
Solution Validates
-------------------------------------------------------------
