"stride=512
0.00049 1.338
0.00098 1.338
0.00195 1.338
0.00293 1.338
0.00391 1.338
0.00586 1.338
0.00781 1.338
0.01172 1.340
0.01562 1.338
0.02344 1.338
0.03125 1.338
0.04688 4.683
0.06250 4.683
0.09375 4.683
0.12500 4.683
0.18750 4.683
0.25000 4.690
0.37500 5.059
0.50000 5.059
0.75000 5.060
1.00000 8.953
1.50000 21.431
2.00000 23.853
3.00000 23.357
4.00000 23.415
6.00000 23.710
8.00000 23.844
12.00000 30.409
16.00000 44.271
24.00000 56.447
32.00000 63.380
48.00000 70.578
64.00000 74.232
96.00000 77.972
128.00000 79.636
192.00000 81.653
256.00000 82.978

"stride=512
0.00049 1.338
0.00098 1.338
0.00195 1.338
0.00293 1.338
0.00391 1.340
0.00586 1.338
0.00781 1.338
0.01172 1.340
0.01562 1.338
0.02344 1.338
0.03125 1.340
0.04688 4.714
0.06250 4.689
0.09375 4.689
0.12500 4.683
0.18750 4.687
0.25000 4.685
0.37500 5.059
0.50000 5.094
0.75000 5.519
1.00000 7.664
1.50000 21.682
2.00000 23.499
3.00000 23.481
4.00000 23.316
6.00000 23.796
8.00000 24.010
12.00000 30.953
16.00000 44.082
24.00000 56.785
32.00000 63.308
48.00000 70.450
64.00000 74.070
96.00000 77.861
128.00000 79.626
192.00000 81.909
256.00000 82.837

"stride=512
0.00049 1.340
0.00098 1.342
0.00195 1.339
0.00293 1.338
0.00391 1.339
0.00586 1.338
0.00781 1.340
0.01172 1.339
0.01562 1.338
0.02344 1.340
0.03125 1.341
0.04688 4.684
0.06250 4.683
0.09375 4.683
0.12500 4.683
0.18750 4.684
0.25000 4.694
0.37500 5.059
0.50000 5.066
0.75000 5.977
1.00000 8.569
1.50000 21.434
2.00000 23.606
3.00000 23.767
4.00000 23.529
6.00000 23.791
8.00000 23.834
12.00000 30.718
16.00000 44.122
24.00000 56.586
32.00000 63.032
48.00000 70.375
64.00000 73.738
96.00000 78.006
128.00000 79.669
192.00000 81.834
256.00000 82.682

"stride=512
0.00049 1.338
0.00098 1.339
0.00195 1.338
0.00293 1.338
0.00391 1.338
0.00586 1.340
0.00781 1.340
0.01172 1.338
0.01562 1.338
0.02344 1.338
0.03125 1.339
0.04688 4.686
0.06250 4.683
0.09375 4.683
0.12500 4.693
0.18750 4.687
0.25000 4.683
0.37500 5.059
0.50000 5.059
0.75000 5.373
1.00000 10.255
1.50000 21.686
2.00000 23.541
3.00000 23.619
4.00000 23.817
6.00000 23.254
8.00000 23.342
12.00000 30.757
16.00000 45.109
24.00000 56.397
32.00000 63.211
48.00000 70.605
64.00000 74.245
96.00000 78.110
128.00000 79.971
192.00000 81.880
256.00000 82.780

"stride=512
0.00049 1.338
0.00098 1.342
0.00195 1.342
0.00293 1.338
0.00391 1.340
0.00586 1.338
0.00781 1.340
0.01172 1.338
0.01562 1.340
0.02344 1.339
0.03125 1.340
0.04688 4.695
0.06250 4.683
0.09375 4.688
0.12500 4.683
0.18750 4.689
0.25000 4.719
0.37500 5.075
0.50000 5.059
0.75000 5.406
1.00000 7.862
1.50000 22.075
2.00000 23.626
3.00000 23.530
4.00000 23.843
6.00000 23.757
8.00000 23.821
12.00000 30.298
16.00000 43.913
24.00000 56.648
32.00000 63.294
48.00000 70.646
64.00000 74.241
96.00000 78.088
128.00000 80.116
192.00000 81.889
256.00000 82.687

