"stride=512
0.00049 1.338
0.00098 1.338
0.00195 1.338
0.00293 1.338
0.00391 1.338
0.00586 1.338
0.00781 1.340
0.01172 1.338
0.01562 1.338
0.02344 1.338
0.03125 1.338
0.04688 4.683
0.06250 4.693
0.09375 4.683
0.12500 4.690
0.18750 4.683
0.25000 4.711
0.37500 5.059
0.50000 5.059
0.75000 5.060
1.00000 8.860
1.50000 21.538
2.00000 23.441
3.00000 23.641
4.00000 23.871
6.00000 23.758
8.00000 23.847
12.00000 30.369
16.00000 44.683
24.00000 56.618
32.00000 62.954
48.00000 70.360
64.00000 74.065
96.00000 77.583
128.00000 79.817
192.00000 81.544
256.00000 82.578

"stride=512
0.00049 1.338
0.00098 1.338
0.00195 1.341
0.00293 1.338
0.00391 1.340
0.00586 1.338
0.00781 1.338
0.01172 1.338
0.01562 1.338
0.02344 1.338
0.03125 1.339
0.04688 4.683
0.06250 4.683
0.09375 4.690
0.12500 4.683
0.18750 4.683
0.25000 4.684
0.37500 4.860
0.50000 4.816
0.75000 4.772
1.00000 6.994
1.50000 21.959
2.00000 23.316
3.00000 23.231
4.00000 23.799
6.00000 23.324
8.00000 23.313
12.00000 30.050
16.00000 43.865
24.00000 56.548
32.00000 63.534
48.00000 70.396
64.00000 74.037
96.00000 77.801
128.00000 79.801
192.00000 81.700
256.00000 82.711

"stride=512
0.00049 1.338
0.00098 1.338
0.00195 1.338
0.00293 1.338
0.00391 1.340
0.00586 1.338
0.00781 1.341
0.01172 1.338
0.01562 1.339
0.02344 1.338
0.03125 1.338
0.04688 4.683
0.06250 4.683
0.09375 4.690
0.12500 4.683
0.18750 4.683
0.25000 4.683
0.37500 4.683
0.50000 4.683
0.75000 4.683
1.00000 6.300
1.50000 22.079
2.00000 23.878
3.00000 23.860
4.00000 23.356
6.00000 23.837
8.00000 23.832
12.00000 30.020
16.00000 44.046
24.00000 56.984
32.00000 63.520
48.00000 70.454
64.00000 74.293
96.00000 78.114
128.00000 79.706
192.00000 81.679
256.00000 82.527

"stride=512
0.00049 1.338
0.00098 1.338
0.00195 1.338
0.00293 1.338
0.00391 1.338
0.00586 1.340
0.00781 1.338
0.01172 1.338
0.01562 1.340
0.02344 1.341
0.03125 1.338
0.04688 4.694
0.06250 4.683
0.09375 4.683
0.12500 4.697
0.18750 4.683
0.25000 4.684
0.37500 5.067
0.50000 5.030
0.75000 4.921
1.00000 8.226
1.50000 21.934
2.00000 23.764
3.00000 23.451
4.00000 23.656
6.00000 23.802
8.00000 23.890
12.00000 30.604
16.00000 45.045
24.00000 56.287
32.00000 63.504
48.00000 71.007
64.00000 74.383
96.00000 77.909
128.00000 79.889
192.00000 81.602
256.00000 82.631

"stride=512
0.00049 1.338
0.00098 1.338
0.00195 1.341
0.00293 1.338
0.00391 1.338
0.00586 1.338
0.00781 1.338
0.01172 1.340
0.01562 1.338
0.02344 1.340
0.03125 1.339
0.04688 4.684
0.06250 4.683
0.09375 4.693
0.12500 4.683
0.18750 4.697
0.25000 4.684
0.37500 5.059
0.50000 5.059
0.75000 5.632
1.00000 9.497
1.50000 21.062
2.00000 23.697
3.00000 23.376
4.00000 23.425
6.00000 23.301
8.00000 23.916
12.00000 31.701
16.00000 44.401
24.00000 56.427
32.00000 63.053
48.00000 70.386
64.00000 74.254
96.00000 77.796
128.00000 79.907
192.00000 81.590
256.00000 82.671

