"stride=512
0.00049 1.254
0.00098 1.254
0.00195 1.260
0.00293 1.255
0.00391 1.259
0.00586 1.254
0.00781 1.254
0.01172 1.254
0.01562 1.254
0.02344 1.254
0.03125 1.254
0.04688 4.390
0.06250 4.390
0.09375 4.400
0.12500 4.390
0.18750 4.390
0.25000 4.390
0.37500 4.742
0.50000 4.742
0.75000 5.231
1.00000 9.472
1.50000 20.705
2.00000 22.878
3.00000 22.557
4.00000 22.909
6.00000 22.758
8.00000 22.525
12.00000 22.425
16.00000 23.032
24.00000 37.028
32.00000 45.604
48.00000 53.636
64.00000 58.004
96.00000 62.394
128.00000 64.227
192.00000 66.469
256.00000 67.421

"stride=512
0.00049 1.254
0.00098 1.255
0.00195 1.256
0.00293 1.254
0.00391 1.256
0.00586 1.255
0.00781 1.254
0.01172 1.254
0.01562 1.255
0.02344 1.255
0.03125 1.255
0.04688 4.396
0.06250 4.390
0.09375 4.393
0.12500 4.390
0.18750 4.390
0.25000 4.390
0.37500 4.744
0.50000 5.196
0.75000 5.067
1.00000 9.394
1.50000 19.470
2.00000 22.913
3.00000 22.957
4.00000 22.838
6.00000 22.494
8.00000 22.719
12.00000 22.949
16.00000 23.494
24.00000 37.959
32.00000 46.736
48.00000 54.153
64.00000 58.691
96.00000 62.596
128.00000 64.704
192.00000 66.645
256.00000 67.359

"stride=512
0.00049 1.254
0.00098 1.256
0.00195 1.254
0.00293 1.254
0.00391 1.255
0.00586 1.255
0.00781 1.255
0.01172 1.254
0.01562 1.258
0.02344 1.255
0.03125 1.255
0.04688 4.390
0.06250 4.390
0.09375 4.393
0.12500 4.390
0.18750 4.406
0.25000 4.392
0.37500 4.771
0.50000 4.744
0.75000 5.360
1.00000 9.784
1.50000 19.767
2.00000 22.514
3.00000 22.505
4.00000 22.898
6.00000 22.951
8.00000 22.611
12.00000 23.227
16.00000 24.910
24.00000 37.419
32.00000 46.478
48.00000 54.375
64.00000 58.530
96.00000 62.489
128.00000 64.440
192.00000 66.670
256.00000 67.389

"stride=512
0.00049 1.254
0.00098 1.254
0.00195 1.255
0.00293 1.259
0.00391 1.256
0.00586 1.261
0.00781 1.271
0.01172 1.266
0.01562 1.265
0.02344 1.265
0.03125 1.266
0.04688 4.431
0.06250 4.429
0.09375 4.429
0.12500 4.434
0.18750 4.430
0.25000 4.432
0.37500 4.791
0.50000 5.269
0.75000 5.935
1.00000 11.261
1.50000 19.610
2.00000 22.763
3.00000 22.996
4.00000 22.589
6.00000 23.011
8.00000 22.987
12.00000 22.632
16.00000 24.507
24.00000 37.100
32.00000 45.313
48.00000 53.952
64.00000 58.276
96.00000 62.835
128.00000 64.484
192.00000 66.525
256.00000 67.730

"stride=512
0.00049 1.254
0.00098 1.254
0.00195 1.255
0.00293 1.254
0.00391 1.256
0.00586 1.254
0.00781 1.254
0.01172 1.256
0.01562 1.256
0.02344 1.254
0.03125 1.255
0.04688 4.393
0.06250 4.395
0.09375 4.395
0.12500 4.390
0.18750 4.390
0.25000 4.394
0.37500 4.744
0.50000 4.742
0.75000 4.993
1.00000 9.105
1.50000 20.677
2.00000 22.949
3.00000 22.708
4.00000 22.923
6.00000 22.423
8.00000 22.862
12.00000 22.890
16.00000 23.202
24.00000 36.619
32.00000 45.471
48.00000 53.509
64.00000 57.990
96.00000 62.385
128.00000 64.417
192.00000 66.497
256.00000 67.501

