"stride=512
0.00049 1.338
0.00098 1.339
0.00195 1.338
0.00293 1.338
0.00391 1.339
0.00586 1.340
0.00781 1.338
0.01172 1.338
0.01562 1.340
0.02344 1.339
0.03125 1.338
0.04688 4.682
0.06250 4.683
0.09375 4.686
0.12500 4.683
0.18750 4.694
0.25000 4.689
0.37500 5.073
0.50000 5.067
0.75000 5.720
1.00000 8.821
1.50000 21.500
2.00000 24.016
3.00000 23.957
4.00000 23.744
6.00000 23.955
8.00000 23.772
12.00000 24.523
16.00000 34.670
24.00000 49.372
32.00000 58.240
48.00000 67.332
64.00000 72.072
96.00000 77.547
128.00000 80.081
192.00000 82.384
256.00000 83.745

"stride=512
0.00049 1.338
0.00098 1.339
0.00195 1.338
0.00293 1.338
0.00391 1.338
0.00586 1.340
0.00781 1.340
0.01172 1.338
0.01562 1.340
0.02344 1.338
0.03125 1.339
0.04688 4.683
0.06250 4.683
0.09375 4.683
0.12500 4.689
0.18750 4.683
0.25000 4.684
0.37500 5.027
0.50000 4.940
0.75000 4.853
1.00000 7.977
1.50000 21.783
2.00000 23.934
3.00000 23.955
4.00000 23.959
6.00000 23.906
8.00000 23.753
12.00000 23.932
16.00000 35.492
24.00000 49.333
32.00000 57.959
48.00000 67.761
64.00000 72.870
96.00000 77.170
128.00000 79.972
192.00000 82.216
256.00000 83.717

"stride=512
0.00049 1.338
0.00098 1.339
0.00195 1.340
0.00293 1.340
0.00391 1.339
0.00586 1.338
0.00781 1.338
0.01172 1.338
0.01562 1.338
0.02344 1.342
0.03125 1.340
0.04688 4.690
0.06250 4.687
0.09375 4.683
0.12500 4.683
0.18750 4.692
0.25000 4.684
0.37500 5.066
0.50000 5.061
0.75000 5.395
1.00000 9.790
1.50000 22.164
2.00000 24.110
3.00000 23.835
4.00000 24.051
6.00000 24.045
8.00000 24.102
12.00000 25.421
16.00000 35.738
24.00000 49.952
32.00000 58.278
48.00000 67.596
64.00000 72.197
96.00000 77.000
128.00000 80.241
192.00000 82.325
256.00000 83.651

"stride=512
0.00049 1.338
0.00098 1.340
0.00195 1.339
0.00293 1.339
0.00391 1.338
0.00586 1.338
0.00781 1.340
0.01172 1.340
0.01562 1.338
0.02344 1.338
0.03125 1.341
0.04688 4.691
0.06250 4.683
0.09375 4.683
0.12500 4.683
0.18750 4.691
0.25000 4.684
0.37500 5.060
0.50000 5.059
0.75000 5.667
1.00000 9.975
1.50000 21.750
2.00000 23.994
3.00000 23.971
4.00000 24.124
6.00000 23.898
8.00000 23.973
12.00000 25.642
16.00000 36.015
24.00000 49.203
32.00000 58.283
48.00000 67.976
64.00000 72.923
96.00000 77.499
128.00000 79.708
192.00000 82.681
256.00000 83.844

"stride=512
0.00049 1.338
0.00098 1.338
0.00195 1.338
0.00293 1.338
0.00391 1.338
0.00586 1.338
0.00781 1.338
0.01172 1.340
0.01562 1.340
0.02344 1.338
0.03125 1.338
0.04688 4.684
0.06250 4.683
0.09375 4.683
0.12500 4.683
0.18750 4.684
0.25000 4.684
0.37500 5.067
0.50000 5.060
0.75000 5.384
1.00000 9.726
1.50000 21.665
2.00000 24.143
3.00000 24.198
4.00000 23.980
6.00000 23.909
8.00000 24.018
12.00000 25.809
16.00000 36.895
24.00000 49.290
32.00000 58.810
48.00000 67.895
64.00000 72.426
96.00000 77.719
128.00000 80.116
192.00000 82.661
256.00000 83.700

